#
# A fatal error has been detected by the Java Runtime Environment:
#
#  EXCEPTION_ACCESS_VIOLATION (0xc0000005) at pc=0x000001ec0fcc35e7, pid=1968, tid=12020
#
# JRE version: OpenJDK Runtime Environment (15.0.2+7) (build 15.0.2+7-27)
# Java VM: OpenJDK 64-Bit Server VM (15.0.2+7-27, mixed mode, sharing, tiered, compressed oops, g1 gc, windows-amd64)
# Problematic frame:
# J 1538 c2 Neighbours.satisfied([[LNeighbours$Actor;IID)Z (112 bytes) @ 0x000001ec0fcc35e7 [0x000001ec0fcc3420+0x00000000000001c7]
#
# No core dump will be written. Minidumps are not enabled by default on client versions of Windows
#
# If you would like to submit a bug report, please visit:
#   https://bugreport.java.com/bugreport/crash.jsp
#

---------------  S U M M A R Y ------------

Command Line: --module-path=C:\Users\lehun\javafx-sdk-15.0.1\lib --add-modules=javafx.base,javafx.controls,javafx.fxml,javafx.graphics,javafx.media -javaagent:C:\Program Files\JetBrains\IntelliJ IDEA Community Edition 2020.3.1\lib\idea_rt.jar=50681:C:\Program Files\JetBrains\IntelliJ IDEA Community Edition 2020.3.1\bin -Dfile.encoding=UTF-8 Neighbours

Host: Intel(R) Core(TM) i7-10510U CPU @ 1.80GHz, 8 cores, 15G,  Windows 10 , 64 bit Build 18362 (10.0.18362.1316)
Time: Mon Feb  1 15:11:36 2021 Västeuropa, normaltid elapsed time: 15.392302 seconds (0d 0h 0m 15s)

---------------  T H R E A D  ---------------

Current thread (0x000001ec253909a0):  JavaThread "JavaFX Application Thread" [_thread_in_Java, id=12020, stack(0x00000026ecb00000,0x00000026ecc00000)]

Stack: [0x00000026ecb00000,0x00000026ecc00000],  sp=0x00000026ecbfdf20,  free space=1015k
Native frames: (J=compiled Java code, j=interpreted, Vv=VM code, C=native code)
C  0x000001ec0fcc35e7


siginfo: EXCEPTION_ACCESS_VIOLATION (0xc0000005), reading address 0x0000000b118b154c


Register to memory mapping:

RIP=0x000001ec0fcc35e7 is at entry_point+455 in (nmethod*)0x000001ec0fcc3290
RAX=0x0 is NULL
RBX=3794887353 is a compressed pointer to object: javafx.scene.paint.Color 
{0x00000007118b15c8} - klass: 'javafx/scene/paint/Color'
RCX=0x0000000711807af8 is an oop: Neighbours 
{0x0000000711807af8} - klass: 'Neighbours'
RDX=0x000000000000000a is an unknown value
RSP=0x00000026ecbfdf20 is pointing into the stack for thread: 0x000001ec253909a0
RBP=0x00000026ecbfdff8 is pointing into the stack for thread: 0x000001ec253909a0
RSI=0x00000000ffffffff is an unknown value
RDI=0x0000000000000001 is an unknown value
R8 =0x00000007118b1540 is an oop: [[LNeighbours$Actor; 
{0x00000007118b1540} - klass: 'Neighbours$Actor'[][]
 - length: 10
R9 =0x0 is NULL
R10=0x0000000000000002 is an unknown value
R11=0x0 is NULL
R12=0x0 is NULL
R13=0x00000026ecbfdf80 is pointing into the stack for thread: 0x000001ec253909a0
R14=0x0000000000000003 is an unknown value
R15=0x000001ec253909a0 is a thread


Registers:
RAX=0x0000000000000000, RBX=0x00000000e23162b9, RCX=0x0000000711807af8, RDX=0x000000000000000a
RSP=0x00000026ecbfdf20, RBP=0x00000026ecbfdff8, RSI=0x00000000ffffffff, RDI=0x0000000000000001
R8 =0x00000007118b1540, R9 =0x0000000000000000, R10=0x0000000000000002, R11=0x0000000000000000
R12=0x0000000000000000, R13=0x00000026ecbfdf80, R14=0x0000000000000003, R15=0x000001ec253909a0
RIP=0x000001ec0fcc35e7, EFLAGS=0x0000000000010293

Top of Stack: (sp=0x00000026ecbfdf20)
0x00000026ecbfdf20:   0000000200000000 000001ec253909a0
0x00000026ecbfdf30:   000001ec25944e01 000001ec253909a0
0x00000026ecbfdf40:   0000000711807af8 00007ff9d49cba35
0x00000026ecbfdf50:   000001ec253909a0 00000026ecbfdff8
0x00000026ecbfdf60:   00000026ecbfdff8 000001ec08189950
0x00000026ecbfdf70:   0000000711807af8 000001ec08189950
0x00000026ecbfdf80:   3fe8000000000000 0000000711807af8
0x00000026ecbfdf90:   0000000000000001 0000000000000000
0x00000026ecbfdfa0:   00000007118b1540 0000000711807af8
0x00000026ecbfdfb0:   00000026ecbfdfb0 000001ec241907f0
0x00000026ecbfdfc0:   00000026ecbfe050 000001ec24359b40
0x00000026ecbfdfd0:   0000000000000000 0000000711800690
0x00000026ecbfdfe0:   000001ec24190930 00000026ecbfdf80
0x00000026ecbfdff0:   00000026ecbfe038 00000026ecbfe0a8
0x00000026ecbfe000:   000001ec08189f00 0000000000000001
0x00000026ecbfe010:   0000000000000000 0000000000000000 

Instructions: (pc=0x000001ec0fcc35e7)
0x000001ec0fcc34e7:   44 89 04 24 e9 e3 00 00 00 ff c0 44 8b e9 41 ff
0x000001ec0fcc34f7:   c5 44 3b ea 73 2c 66 66 90 41 3b f1 75 05 44 3b
0x000001ec0fcc3507:   ef 74 1f 4c 63 e9 46 8b 6c ad 14 41 ff c3 45 85
0x000001ec0fcc3517:   ed 74 0f 66 0f 1f 44 00 00 43 3b 5c ec 10 75 02
0x000001ec0fcc3527:   ff c0 83 c1 02 41 3b c8 0f 8c 45 01 00 00 4d 8b
0x000001ec0fcc3537:   87 10 01 00 00 41 85 00 90 41 3b ca 0f 8c 0f 01
0x000001ec0fcc3547:   00 00 41 3b ce 0f 8d 30 00 00 00 3b ca 73 1f 41
0x000001ec0fcc3557:   3b f1 75 04 3b cf 74 16 44 8b 44 8d 10 41 ff c3
0x000001ec0fcc3567:   45 85 c0 74 09 43 3b 5c c4 10 75 02 ff c0 ff c1
0x000001ec0fcc3577:   41 3b ce 66 0f 1f 44 00 00 7c d0 4d 8b 87 10 01
0x000001ec0fcc3587:   00 00 ff c6 41 85 00 3b 74 24 04 7c 3f 45 85 db
0x000001ec0fcc3597:   0f 84 73 01 00 00 3d 00 00 00 80 75 08 33 d2 41
0x000001ec0fcc35a7:   83 fb ff 74 04 99 41 f7 fb c5 f3 2a c8 c5 f9 2e
0x000001ec0fcc35b7:   c1 0f 86 46 01 00 00 b8 01 00 00 00 48 83 c4 40
0x000001ec0fcc35c7:   5d 4d 8b 97 10 01 00 00 41 85 02 c3 c4 c1 79 7e
0x000001ec0fcc35d7:   d8 45 3b c6 0f 1f 44 00 00 7d a0 c4 c1 f9 7e c8
0x000001ec0fcc35e7:   41 8b 4c b0 10 41 8b 6c cc 0c 4c 63 c5 c4 c1 f9
0x000001ec0fcc35f7:   7e e5 4d 3b e8 0f 1f 40 00 0f 83 c3 00 00 00 3b
0x000001ec0fcc3607:   f2 0f 83 ab 00 00 00 c4 c1 79 7e d8 44 3b c5 0f
0x000001ec0fcc3617:   83 ad 00 00 00 49 8d 2c cc c5 f9 7e d9 3b ca 73
0x000001ec0fcc3627:   21 41 3b f1 75 04 3b cf 74 18 44 8b 6c 8d 10 41
0x000001ec0fcc3637:   ff c3 45 85 ed 74 0b 66 90 43 3b 5c ec 10 75 02
0x000001ec0fcc3647:   ff c0 ff c1 3b cf 7c d5 41 3b ca 0f 8d f1 fe ff
0x000001ec0fcc3657:   ff 45 8b c2 44 2b c1 44 3b d1 44 0f 4c 04 24 41
0x000001ec0fcc3667:   81 f8 d0 07 00 00 41 bd d0 07 00 00 45 0f 47 c5
0x000001ec0fcc3677:   44 03 c1 3b ca 0f 1f 40 00 0f 83 6c fe ff ff 41
0x000001ec0fcc3687:   3b f1 75 08 3b cf 0f 84 5f fe ff ff 44 8b 6c 8d
0x000001ec0fcc3697:   10 41 ff c3 0f 1f 44 00 00 45 85 ed 0f 84 49 fe
0x000001ec0fcc36a7:   ff ff 43 3b 5c ec 10 0f 84 3c fe ff ff e9 39 fe
0x000001ec0fcc36b7:   ff ff c4 c1 79 7e d8 66 90 44 3b c5 0f 82 b9 fe
0x000001ec0fcc36c7:   ff ff ba be ff ff ff c4 e1 f9 7e d5 c5 fb 11 0c
0x000001ec0fcc36d7:   24 44 89 4c 24 08 89 7c 24 0c c5 fb 11 44 24 10 


Stack slot to memory mapping:
stack at sp + 0 slots: 0x0000000200000000 is an unknown value
stack at sp + 1 slots: 0x000001ec253909a0 is a thread
stack at sp + 2 slots: 0x000001ec25944e01 points into unknown readable memory: 00 00 00 00 00 00 00
stack at sp + 3 slots: 0x000001ec253909a0 is a thread
stack at sp + 4 slots: 0x0000000711807af8 is an oop: Neighbours 
{0x0000000711807af8} - klass: 'Neighbours'
stack at sp + 5 slots: 0x00007ff9d49cba35 jvm.dll
stack at sp + 6 slots: 0x000001ec253909a0 is a thread
stack at sp + 7 slots: 0x00000026ecbfdff8 is pointing into the stack for thread: 0x000001ec253909a0

--------------------------------------------------------------------------------
[Constant Pool (empty)]

--------------------------------------------------------------------------------

[MachCode]
  0x000001ec0fcc3420: 448b 5208 | 49c1 e203 | 49bb 0000 | 0000 0800 | 0000 4d03 | d349 3bc2 | 0f85 c28f | 50f8 6690 
  0x000001ec0fcc3440: 8984 2400 | 90ff ff55 | 4883 ec40 | c4e1 f96e | d241 8bf1 | ffce 458b | d141 83c2 | 0266 6690 
  0x000001ec0fcc3460: 413b f20f | 8da3 0200 | 0041 8b50 | 0c44 3bca | 0f83 a602 | 0000 478b | 5c88 100f | 1f44 0000 
  0x000001ec0fcc3480: 438b 5cdc | 0c3b fb0f | 838f 0200 | 0049 c1e3 | 0345 8b5c | bb10 6666 | 0f1f 8400 | 0000 0000 
  0x000001ec0fcc34a0: 438b 5cdc | 1044 8954 | 2404 c4c1 | f96e c844 | 8bd7 41ff | c244 8bc7 | 41ff c8c4 | c179 6ed8 
  0x000001ec0fcc34c0: 448b f741 | 83c6 024d | 63de 49ff | cbc4 c1f9 | 6ee3 41b8 | 0000 0080 | 453b f245 | 0f4c d045 
  0x000001ec0fcc34e0: 33db 33c0 | 4533 c044 | 8904 24e9 | e300 0000 | ffc0 448b | e941 ffc5 | 443b ea73 | 2c66 6690 
  0x000001ec0fcc3500: 413b f175 | 0544 3bef | 741f 4c63 | e946 8b6c | ad14 41ff | c345 85ed | 740f 660f | 1f44 0000 
  0x000001ec0fcc3520: 433b 5cec | 1075 02ff | c083 c102 | 413b c80f | 8c45 0100 | 004d 8b87 | 1001 0000 | 4185 0090 
  0x000001ec0fcc3540: 413b ca0f | 8c0f 0100 | 0041 3bce | 0f8d 3000 | 0000 3bca | 731f 413b | f175 043b | cf74 1644 
  0x000001ec0fcc3560: 8b44 8d10 | 41ff c345 | 85c0 7409 | 433b 5cc4 | 1075 02ff | c0ff c141 | 3bce 660f | 1f44 0000 
  0x000001ec0fcc3580: 7cd0 4d8b | 8710 0100 | 00ff c641 | 8500 3b74 | 2404 7c3f | 4585 db0f | 8473 0100 | 003d 0000 
  0x000001ec0fcc35a0: 0080 7508 | 33d2 4183 | fbff 7404 | 9941 f7fb | c5f3 2ac8 | c5f9 2ec1 | 0f86 4601 | 0000 b801 
  0x000001ec0fcc35c0: 0000 0048 | 83c4 405d | 4d8b 9710 | 0100 0041 | 8502 c3c4 | c179 7ed8 | 453b c60f | 1f44 0000 
  0x000001ec0fcc35e0: 7da0 c4c1 | f97e c841 | 8b4c b010 | 418b 6ccc | 0c4c 63c5 | c4c1 f97e | e54d 3be8 | 0f1f 4000 
  0x000001ec0fcc3600: 0f83 c300 | 0000 3bf2 | 0f83 ab00 | 0000 c4c1 | 797e d844 | 3bc5 0f83 | ad00 0000 | 498d 2ccc 
  0x000001ec0fcc3620: c5f9 7ed9 | 3bca 7321 | 413b f175 | 043b cf74 | 1844 8b6c | 8d10 41ff | c345 85ed | 740b 6690 
  0x000001ec0fcc3640: 433b 5cec | 1075 02ff | c0ff c13b | cf7c d541 | 3bca 0f8d | f1fe ffff | 458b c244 | 2bc1 443b 
  0x000001ec0fcc3660: d144 0f4c | 0424 4181 | f8d0 0700 | 0041 bdd0 | 0700 0045 | 0f47 c544 | 03c1 3bca | 0f1f 4000 
  0x000001ec0fcc3680: 0f83 6cfe | ffff 413b | f175 083b | cf0f 845f | feff ff44 | 8b6c 8d10 | 41ff c30f | 1f44 0000 
  0x000001ec0fcc36a0: 4585 ed0f | 8449 feff | ff43 3b5c | ec10 0f84 | 3cfe ffff | e939 feff | ffc4 c179 | 7ed8 6690 
  0x000001ec0fcc36c0: 443b c50f | 82b9 feff | ffba beff | ffff c4e1 | f97e d5c5 | fb11 0c24 | 4489 4c24 | 0889 7c24 
  0x000001ec0fcc36e0: 0cc5 fb11 | 4424 1044 | 895c 2418 | 8944 241c | 8974 2420 | c5fa 115c | 2428 4489 | 7424 2ce8 
  0x000001ec0fcc3700: 7cac 50f8 | 8b04 24e9 | b7fe ffff | 33ed eb02 | 8be8 ba86 | ffff ffe8 | 64ac 50f8 | babe ffff 
  0x000001ec0fcc3720: ffc4 e1f9 | 7ed5 4c89 | 0424 4489 | 4c24 0889 | 7c24 0cc5 | fb11 4424 | 1089 7424 | 1c44 8954 
  0x000001ec0fcc3740: 2420 90e8 | 38ac 50f8 | f4f4 f4f4 | f4f4 f4f4 | f4f4 f4f4 | f4f4 f4f4 | f4f4 f4f4 | f4f4 f4f4 
  0x000001ec0fcc3760: e91b 495b | f8e8 0000 | 0000 4883 | 2c24 05e9 | 2ca8 50f8 | f4f4 f4f4 
[/MachCode]
--------------------------------------------------------------------------------


---------------  P R O C E S S  ---------------

Threads class SMR info:
_java_thread_list=0x000001ec2545e0d0, length=17, elements={
0x000001ec7d244840, 0x000001ec245802c0, 0x000001ec24580ca0, 0x000001ec24595800,
0x000001ec245980d0, 0x000001ec24598a90, 0x000001ec2459a840, 0x000001ec2459e7f0,
0x000001ec245a1200, 0x000001ec7d30e920, 0x000001ec24fdaae0, 0x000001ec24fdafb0,
0x000001ec255eacd0, 0x000001ec2590a150, 0x000001ec253909a0, 0x000001ec25391340,
0x000001ec25393020
}

Java Threads: ( => current thread )
  0x000001ec7d244840 JavaThread "main" [_thread_blocked, id=7468, stack(0x00000026eb400000,0x00000026eb500000)]
  0x000001ec245802c0 JavaThread "Reference Handler" daemon [_thread_blocked, id=16960, stack(0x00000026ebb00000,0x00000026ebc00000)]
  0x000001ec24580ca0 JavaThread "Finalizer" daemon [_thread_blocked, id=17576, stack(0x00000026ebc00000,0x00000026ebd00000)]
  0x000001ec24595800 JavaThread "Signal Dispatcher" daemon [_thread_blocked, id=15192, stack(0x00000026ebd00000,0x00000026ebe00000)]
  0x000001ec245980d0 JavaThread "Attach Listener" daemon [_thread_blocked, id=8080, stack(0x00000026ebe00000,0x00000026ebf00000)]
  0x000001ec24598a90 JavaThread "Service Thread" daemon [_thread_blocked, id=14628, stack(0x00000026ebf00000,0x00000026ec000000)]
  0x000001ec2459a840 JavaThread "C2 CompilerThread0" daemon [_thread_blocked, id=9752, stack(0x00000026ec000000,0x00000026ec100000)]
  0x000001ec2459e7f0 JavaThread "C1 CompilerThread0" daemon [_thread_blocked, id=10096, stack(0x00000026ec100000,0x00000026ec200000)]
  0x000001ec245a1200 JavaThread "Sweeper thread" daemon [_thread_blocked, id=8600, stack(0x00000026ec200000,0x00000026ec300000)]
  0x000001ec7d30e920 JavaThread "Common-Cleaner" daemon [_thread_blocked, id=17448, stack(0x00000026ec300000,0x00000026ec400000)]
  0x000001ec24fdaae0 JavaThread "Monitor Ctrl-Break" daemon [_thread_in_native, id=15764, stack(0x00000026ec600000,0x00000026ec700000)]
  0x000001ec24fdafb0 JavaThread "Notification Thread" daemon [_thread_blocked, id=14324, stack(0x00000026ec700000,0x00000026ec800000)]
  0x000001ec255eacd0 JavaThread "QuantumRenderer-0" daemon [_thread_blocked, id=15808, stack(0x00000026ec900000,0x00000026eca00000)]
  0x000001ec2590a150 JavaThread "InvokeLaterDispatcher" daemon [_thread_blocked, id=10008, stack(0x00000026eca00000,0x00000026ecb00000)]
=>0x000001ec253909a0 JavaThread "JavaFX Application Thread" [_thread_in_Java, id=12020, stack(0x00000026ecb00000,0x00000026ecc00000)]
  0x000001ec25391340 JavaThread "JavaFX-Launcher" [_thread_blocked, id=10692, stack(0x00000026ed000000,0x00000026ed100000)]
  0x000001ec25393020 JavaThread "Thread-2" daemon [_thread_in_native, id=11584, stack(0x00000026ecf00000,0x00000026ed000000)]

Other Threads:
  0x000001ec23d77560 VMThread "VM Thread" [stack: 0x00000026eba00000,0x00000026ebb00000] [id=15304]
  0x000001ec24d5dcc0 WatcherThread [stack: 0x00000026ec800000,0x00000026ec900000] [id=17980]
  0x000001ec7d291a20 GCTaskThread "GC Thread#0" [stack: 0x00000026eb500000,0x00000026eb600000] [id=14684]
  0x000001ec24b81490 GCTaskThread "GC Thread#1" [stack: 0x00000026ed100000,0x00000026ed200000] [id=6688]
  0x000001ec24b817c0 GCTaskThread "GC Thread#2" [stack: 0x00000026ed200000,0x00000026ed300000] [id=684]
  0x000001ec25531e70 GCTaskThread "GC Thread#3" [stack: 0x00000026ed300000,0x00000026ed400000] [id=6360]
  0x000001ec25532b30 GCTaskThread "GC Thread#4" [stack: 0x00000026ed400000,0x00000026ed500000] [id=16272]
  0x000001ec255314e0 GCTaskThread "GC Thread#5" [stack: 0x00000026ed500000,0x00000026ed600000] [id=16832]
  0x000001ec7d2a4770 ConcurrentGCThread "G1 Main Marker" [stack: 0x00000026eb600000,0x00000026eb700000] [id=13108]
  0x000001ec7d2a5a10 ConcurrentGCThread "G1 Conc#0" [stack: 0x00000026eb700000,0x00000026eb800000] [id=840]
  0x000001ec23c040e0 ConcurrentGCThread "G1 Refine#0" [stack: 0x00000026eb800000,0x00000026eb900000] [id=17540]
  0x000001ec23c04af0 ConcurrentGCThread "G1 Young RemSet Sampling" [stack: 0x00000026eb900000,0x00000026eba00000] [id=5940]

Threads with active compile tasks:

VM state: not at safepoint (normal execution)

VM Mutex/Monitor currently owned by a thread: None

Heap address: 0x0000000703200000, size: 4046 MB, Compressed Oops mode: Zero based, Oop shift amount: 3
CDS archive(s) mapped at: [0x0000000800000000-0x0000000800b50000-0x0000000800b50000), size 11862016, SharedBaseAddress: 0x0000000800000000, ArchiveRelocationMode: 0.
Compressed class space mapped at: 0x0000000800b50000-0x0000000840b50000, size: 1073741824
Narrow klass base: 0x0000000800000000, Narrow klass shift: 3, Narrow klass range: 0x100000000

GC Precious Log:
 CPUs: 8 total, 8 available
 Memory: 16180M
 Large Page Support: Disabled
 NUMA Support: Disabled
 Compressed Oops: Enabled (Zero based)
 Heap Region Size: 2M
 Heap Min Capacity: 8M
 Heap Initial Capacity: 254M
 Heap Max Capacity: 4046M
 Pre-touch: Disabled
 Parallel Workers: 8
 Concurrent Workers: 2
 Concurrent Refinement Workers: 8
 Periodic GC: Disabled

Heap:
 garbage-first heap   total 260096K, used 13364K [0x0000000703200000, 0x0000000800000000)
  region size 2048K, 8 young (16384K), 2 survivors (4096K)
 Metaspace       used 8569K, capacity 10619K, committed 10752K, reserved 1058816K
  class space    used 1033K, capacity 1251K, committed 1280K, reserved 1048576K

Heap Regions: E=young(eden), S=young(survivor), O=old, HS=humongous(starts), HC=humongous(continues), CS=collection set, F=free, OA=open archive, CA=closed archive, TAMS=top-at-mark-start (previous, next)
|   0|0x0000000703200000, 0x0000000703200000, 0x0000000703400000|  0%| F|  |TAMS 0x0000000703200000, 0x0000000703200000| Untracked 
|   1|0x0000000703400000, 0x0000000703400000, 0x0000000703600000|  0%| F|  |TAMS 0x0000000703400000, 0x0000000703400000| Untracked 
|   2|0x0000000703600000, 0x0000000703600000, 0x0000000703800000|  0%| F|  |TAMS 0x0000000703600000, 0x0000000703600000| Untracked 
|   3|0x0000000703800000, 0x0000000703800000, 0x0000000703a00000|  0%| F|  |TAMS 0x0000000703800000, 0x0000000703800000| Untracked 
|   4|0x0000000703a00000, 0x0000000703a00000, 0x0000000703c00000|  0%| F|  |TAMS 0x0000000703a00000, 0x0000000703a00000| Untracked 
|   5|0x0000000703c00000, 0x0000000703c00000, 0x0000000703e00000|  0%| F|  |TAMS 0x0000000703c00000, 0x0000000703c00000| Untracked 
|   6|0x0000000703e00000, 0x0000000703e00000, 0x0000000704000000|  0%| F|  |TAMS 0x0000000703e00000, 0x0000000703e00000| Untracked 
|   7|0x0000000704000000, 0x0000000704000000, 0x0000000704200000|  0%| F|  |TAMS 0x0000000704000000, 0x0000000704000000| Untracked 
|   8|0x0000000704200000, 0x0000000704200000, 0x0000000704400000|  0%| F|  |TAMS 0x0000000704200000, 0x0000000704200000| Untracked 
|   9|0x0000000704400000, 0x0000000704400000, 0x0000000704600000|  0%| F|  |TAMS 0x0000000704400000, 0x0000000704400000| Untracked 
|  10|0x0000000704600000, 0x0000000704600000, 0x0000000704800000|  0%| F|  |TAMS 0x0000000704600000, 0x0000000704600000| Untracked 
|  11|0x0000000704800000, 0x0000000704800000, 0x0000000704a00000|  0%| F|  |TAMS 0x0000000704800000, 0x0000000704800000| Untracked 
|  12|0x0000000704a00000, 0x0000000704a00000, 0x0000000704c00000|  0%| F|  |TAMS 0x0000000704a00000, 0x0000000704a00000| Untracked 
|  13|0x0000000704c00000, 0x0000000704c00000, 0x0000000704e00000|  0%| F|  |TAMS 0x0000000704c00000, 0x0000000704c00000| Untracked 
|  14|0x0000000704e00000, 0x0000000704e00000, 0x0000000705000000|  0%| F|  |TAMS 0x0000000704e00000, 0x0000000704e00000| Untracked 
|  15|0x0000000705000000, 0x0000000705000000, 0x0000000705200000|  0%| F|  |TAMS 0x0000000705000000, 0x0000000705000000| Untracked 
|  16|0x0000000705200000, 0x0000000705200000, 0x0000000705400000|  0%| F|  |TAMS 0x0000000705200000, 0x0000000705200000| Untracked 
|  17|0x0000000705400000, 0x0000000705400000, 0x0000000705600000|  0%| F|  |TAMS 0x0000000705400000, 0x0000000705400000| Untracked 
|  18|0x0000000705600000, 0x0000000705600000, 0x0000000705800000|  0%| F|  |TAMS 0x0000000705600000, 0x0000000705600000| Untracked 
|  19|0x0000000705800000, 0x0000000705800000, 0x0000000705a00000|  0%| F|  |TAMS 0x0000000705800000, 0x0000000705800000| Untracked 
|  20|0x0000000705a00000, 0x0000000705a00000, 0x0000000705c00000|  0%| F|  |TAMS 0x0000000705a00000, 0x0000000705a00000| Untracked 
|  21|0x0000000705c00000, 0x0000000705c00000, 0x0000000705e00000|  0%| F|  |TAMS 0x0000000705c00000, 0x0000000705c00000| Untracked 
|  22|0x0000000705e00000, 0x0000000705e00000, 0x0000000706000000|  0%| F|  |TAMS 0x0000000705e00000, 0x0000000705e00000| Untracked 
|  23|0x0000000706000000, 0x0000000706000000, 0x0000000706200000|  0%| F|  |TAMS 0x0000000706000000, 0x0000000706000000| Untracked 
|  24|0x0000000706200000, 0x0000000706200000, 0x0000000706400000|  0%| F|  |TAMS 0x0000000706200000, 0x0000000706200000| Untracked 
|  25|0x0000000706400000, 0x0000000706400000, 0x0000000706600000|  0%| F|  |TAMS 0x0000000706400000, 0x0000000706400000| Untracked 
|  26|0x0000000706600000, 0x0000000706600000, 0x0000000706800000|  0%| F|  |TAMS 0x0000000706600000, 0x0000000706600000| Untracked 
|  27|0x0000000706800000, 0x0000000706800000, 0x0000000706a00000|  0%| F|  |TAMS 0x0000000706800000, 0x0000000706800000| Untracked 
|  28|0x0000000706a00000, 0x0000000706a00000, 0x0000000706c00000|  0%| F|  |TAMS 0x0000000706a00000, 0x0000000706a00000| Untracked 
|  29|0x0000000706c00000, 0x0000000706c00000, 0x0000000706e00000|  0%| F|  |TAMS 0x0000000706c00000, 0x0000000706c00000| Untracked 
|  30|0x0000000706e00000, 0x0000000706e00000, 0x0000000707000000|  0%| F|  |TAMS 0x0000000706e00000, 0x0000000706e00000| Untracked 
|  31|0x0000000707000000, 0x0000000707000000, 0x0000000707200000|  0%| F|  |TAMS 0x0000000707000000, 0x0000000707000000| Untracked 
|  32|0x0000000707200000, 0x0000000707200000, 0x0000000707400000|  0%| F|  |TAMS 0x0000000707200000, 0x0000000707200000| Untracked 
|  33|0x0000000707400000, 0x0000000707400000, 0x0000000707600000|  0%| F|  |TAMS 0x0000000707400000, 0x0000000707400000| Untracked 
|  34|0x0000000707600000, 0x0000000707600000, 0x0000000707800000|  0%| F|  |TAMS 0x0000000707600000, 0x0000000707600000| Untracked 
|  35|0x0000000707800000, 0x0000000707800000, 0x0000000707a00000|  0%| F|  |TAMS 0x0000000707800000, 0x0000000707800000| Untracked 
|  36|0x0000000707a00000, 0x0000000707a00000, 0x0000000707c00000|  0%| F|  |TAMS 0x0000000707a00000, 0x0000000707a00000| Untracked 
|  37|0x0000000707c00000, 0x0000000707c00000, 0x0000000707e00000|  0%| F|  |TAMS 0x0000000707c00000, 0x0000000707c00000| Untracked 
|  38|0x0000000707e00000, 0x0000000707e00000, 0x0000000708000000|  0%| F|  |TAMS 0x0000000707e00000, 0x0000000707e00000| Untracked 
|  39|0x0000000708000000, 0x0000000708000000, 0x0000000708200000|  0%| F|  |TAMS 0x0000000708000000, 0x0000000708000000| Untracked 
|  40|0x0000000708200000, 0x0000000708200000, 0x0000000708400000|  0%| F|  |TAMS 0x0000000708200000, 0x0000000708200000| Untracked 
|  41|0x0000000708400000, 0x0000000708400000, 0x0000000708600000|  0%| F|  |TAMS 0x0000000708400000, 0x0000000708400000| Untracked 
|  42|0x0000000708600000, 0x0000000708600000, 0x0000000708800000|  0%| F|  |TAMS 0x0000000708600000, 0x0000000708600000| Untracked 
|  43|0x0000000708800000, 0x0000000708800000, 0x0000000708a00000|  0%| F|  |TAMS 0x0000000708800000, 0x0000000708800000| Untracked 
|  44|0x0000000708a00000, 0x0000000708a00000, 0x0000000708c00000|  0%| F|  |TAMS 0x0000000708a00000, 0x0000000708a00000| Untracked 
|  45|0x0000000708c00000, 0x0000000708c00000, 0x0000000708e00000|  0%| F|  |TAMS 0x0000000708c00000, 0x0000000708c00000| Untracked 
|  46|0x0000000708e00000, 0x0000000708e00000, 0x0000000709000000|  0%| F|  |TAMS 0x0000000708e00000, 0x0000000708e00000| Untracked 
|  47|0x0000000709000000, 0x0000000709000000, 0x0000000709200000|  0%| F|  |TAMS 0x0000000709000000, 0x0000000709000000| Untracked 
|  48|0x0000000709200000, 0x0000000709200000, 0x0000000709400000|  0%| F|  |TAMS 0x0000000709200000, 0x0000000709200000| Untracked 
|  49|0x0000000709400000, 0x0000000709400000, 0x0000000709600000|  0%| F|  |TAMS 0x0000000709400000, 0x0000000709400000| Untracked 
|  50|0x0000000709600000, 0x0000000709600000, 0x0000000709800000|  0%| F|  |TAMS 0x0000000709600000, 0x0000000709600000| Untracked 
|  51|0x0000000709800000, 0x0000000709800000, 0x0000000709a00000|  0%| F|  |TAMS 0x0000000709800000, 0x0000000709800000| Untracked 
|  52|0x0000000709a00000, 0x0000000709a00000, 0x0000000709c00000|  0%| F|  |TAMS 0x0000000709a00000, 0x0000000709a00000| Untracked 
|  53|0x0000000709c00000, 0x0000000709c00000, 0x0000000709e00000|  0%| F|  |TAMS 0x0000000709c00000, 0x0000000709c00000| Untracked 
|  54|0x0000000709e00000, 0x0000000709e00000, 0x000000070a000000|  0%| F|  |TAMS 0x0000000709e00000, 0x0000000709e00000| Untracked 
|  55|0x000000070a000000, 0x000000070a000000, 0x000000070a200000|  0%| F|  |TAMS 0x000000070a000000, 0x000000070a000000| Untracked 
|  56|0x000000070a200000, 0x000000070a200000, 0x000000070a400000|  0%| F|  |TAMS 0x000000070a200000, 0x000000070a200000| Untracked 
|  57|0x000000070a400000, 0x000000070a400000, 0x000000070a600000|  0%| F|  |TAMS 0x000000070a400000, 0x000000070a400000| Untracked 
|  58|0x000000070a600000, 0x000000070a600000, 0x000000070a800000|  0%| F|  |TAMS 0x000000070a600000, 0x000000070a600000| Untracked 
|  59|0x000000070a800000, 0x000000070a800000, 0x000000070aa00000|  0%| F|  |TAMS 0x000000070a800000, 0x000000070a800000| Untracked 
|  60|0x000000070aa00000, 0x000000070aa00000, 0x000000070ac00000|  0%| F|  |TAMS 0x000000070aa00000, 0x000000070aa00000| Untracked 
|  61|0x000000070ac00000, 0x000000070ac00000, 0x000000070ae00000|  0%| F|  |TAMS 0x000000070ac00000, 0x000000070ac00000| Untracked 
|  62|0x000000070ae00000, 0x000000070ae00000, 0x000000070b000000|  0%| F|  |TAMS 0x000000070ae00000, 0x000000070ae00000| Untracked 
|  63|0x000000070b000000, 0x000000070b000000, 0x000000070b200000|  0%| F|  |TAMS 0x000000070b000000, 0x000000070b000000| Untracked 
|  64|0x000000070b200000, 0x000000070b200000, 0x000000070b400000|  0%| F|  |TAMS 0x000000070b200000, 0x000000070b200000| Untracked 
|  65|0x000000070b400000, 0x000000070b400000, 0x000000070b600000|  0%| F|  |TAMS 0x000000070b400000, 0x000000070b400000| Untracked 
|  66|0x000000070b600000, 0x000000070b600000, 0x000000070b800000|  0%| F|  |TAMS 0x000000070b600000, 0x000000070b600000| Untracked 
|  67|0x000000070b800000, 0x000000070b800000, 0x000000070ba00000|  0%| F|  |TAMS 0x000000070b800000, 0x000000070b800000| Untracked 
|  68|0x000000070ba00000, 0x000000070ba00000, 0x000000070bc00000|  0%| F|  |TAMS 0x000000070ba00000, 0x000000070ba00000| Untracked 
|  69|0x000000070bc00000, 0x000000070bc00000, 0x000000070be00000|  0%| F|  |TAMS 0x000000070bc00000, 0x000000070bc00000| Untracked 
|  70|0x000000070be00000, 0x000000070be00000, 0x000000070c000000|  0%| F|  |TAMS 0x000000070be00000, 0x000000070be00000| Untracked 
|  71|0x000000070c000000, 0x000000070c000000, 0x000000070c200000|  0%| F|  |TAMS 0x000000070c000000, 0x000000070c000000| Untracked 
|  72|0x000000070c200000, 0x000000070c200000, 0x000000070c400000|  0%| F|  |TAMS 0x000000070c200000, 0x000000070c200000| Untracked 
|  73|0x000000070c400000, 0x000000070c400000, 0x000000070c600000|  0%| F|  |TAMS 0x000000070c400000, 0x000000070c400000| Untracked 
|  74|0x000000070c600000, 0x000000070c600000, 0x000000070c800000|  0%| F|  |TAMS 0x000000070c600000, 0x000000070c600000| Untracked 
|  75|0x000000070c800000, 0x000000070c800000, 0x000000070ca00000|  0%| F|  |TAMS 0x000000070c800000, 0x000000070c800000| Untracked 
|  76|0x000000070ca00000, 0x000000070ca00000, 0x000000070cc00000|  0%| F|  |TAMS 0x000000070ca00000, 0x000000070ca00000| Untracked 
|  77|0x000000070cc00000, 0x000000070cc00000, 0x000000070ce00000|  0%| F|  |TAMS 0x000000070cc00000, 0x000000070cc00000| Untracked 
|  78|0x000000070ce00000, 0x000000070ce00000, 0x000000070d000000|  0%| F|  |TAMS 0x000000070ce00000, 0x000000070ce00000| Untracked 
|  79|0x000000070d000000, 0x000000070d000000, 0x000000070d200000|  0%| F|  |TAMS 0x000000070d000000, 0x000000070d000000| Untracked 
|  80|0x000000070d200000, 0x000000070d200000, 0x000000070d400000|  0%| F|  |TAMS 0x000000070d200000, 0x000000070d200000| Untracked 
|  81|0x000000070d400000, 0x000000070d400000, 0x000000070d600000|  0%| F|  |TAMS 0x000000070d400000, 0x000000070d400000| Untracked 
|  82|0x000000070d600000, 0x000000070d600000, 0x000000070d800000|  0%| F|  |TAMS 0x000000070d600000, 0x000000070d600000| Untracked 
|  83|0x000000070d800000, 0x000000070d800000, 0x000000070da00000|  0%| F|  |TAMS 0x000000070d800000, 0x000000070d800000| Untracked 
|  84|0x000000070da00000, 0x000000070da00000, 0x000000070dc00000|  0%| F|  |TAMS 0x000000070da00000, 0x000000070da00000| Untracked 
|  85|0x000000070dc00000, 0x000000070dc00000, 0x000000070de00000|  0%| F|  |TAMS 0x000000070dc00000, 0x000000070dc00000| Untracked 
|  86|0x000000070de00000, 0x000000070de00000, 0x000000070e000000|  0%| F|  |TAMS 0x000000070de00000, 0x000000070de00000| Untracked 
|  87|0x000000070e000000, 0x000000070e000000, 0x000000070e200000|  0%| F|  |TAMS 0x000000070e000000, 0x000000070e000000| Untracked 
|  88|0x000000070e200000, 0x000000070e200000, 0x000000070e400000|  0%| F|  |TAMS 0x000000070e200000, 0x000000070e200000| Untracked 
|  89|0x000000070e400000, 0x000000070e400000, 0x000000070e600000|  0%| F|  |TAMS 0x000000070e400000, 0x000000070e400000| Untracked 
|  90|0x000000070e600000, 0x000000070e600000, 0x000000070e800000|  0%| F|  |TAMS 0x000000070e600000, 0x000000070e600000| Untracked 
|  91|0x000000070e800000, 0x000000070e800000, 0x000000070ea00000|  0%| F|  |TAMS 0x000000070e800000, 0x000000070e800000| Untracked 
|  92|0x000000070ea00000, 0x000000070ea00000, 0x000000070ec00000|  0%| F|  |TAMS 0x000000070ea00000, 0x000000070ea00000| Untracked 
|  93|0x000000070ec00000, 0x000000070ec00000, 0x000000070ee00000|  0%| F|  |TAMS 0x000000070ec00000, 0x000000070ec00000| Untracked 
|  94|0x000000070ee00000, 0x000000070ee00000, 0x000000070f000000|  0%| F|  |TAMS 0x000000070ee00000, 0x000000070ee00000| Untracked 
|  95|0x000000070f000000, 0x000000070f000000, 0x000000070f200000|  0%| F|  |TAMS 0x000000070f000000, 0x000000070f000000| Untracked 
|  96|0x000000070f200000, 0x000000070f200000, 0x000000070f400000|  0%| F|  |TAMS 0x000000070f200000, 0x000000070f200000| Untracked 
|  97|0x000000070f400000, 0x000000070f400000, 0x000000070f600000|  0%| F|  |TAMS 0x000000070f400000, 0x000000070f400000| Untracked 
|  98|0x000000070f600000, 0x000000070f600000, 0x000000070f800000|  0%| F|  |TAMS 0x000000070f600000, 0x000000070f600000| Untracked 
|  99|0x000000070f800000, 0x000000070f800000, 0x000000070fa00000|  0%| F|  |TAMS 0x000000070f800000, 0x000000070f800000| Untracked 
| 100|0x000000070fa00000, 0x000000070fa00000, 0x000000070fc00000|  0%| F|  |TAMS 0x000000070fa00000, 0x000000070fa00000| Untracked 
| 101|0x000000070fc00000, 0x000000070fc00000, 0x000000070fe00000|  0%| F|  |TAMS 0x000000070fc00000, 0x000000070fc00000| Untracked 
| 102|0x000000070fe00000, 0x000000070fe00000, 0x0000000710000000|  0%| F|  |TAMS 0x000000070fe00000, 0x000000070fe00000| Untracked 
| 103|0x0000000710000000, 0x0000000710000000, 0x0000000710200000|  0%| F|  |TAMS 0x0000000710000000, 0x0000000710000000| Untracked 
| 104|0x0000000710200000, 0x0000000710200000, 0x0000000710400000|  0%| F|  |TAMS 0x0000000710200000, 0x0000000710200000| Untracked 
| 105|0x0000000710400000, 0x0000000710400000, 0x0000000710600000|  0%| F|  |TAMS 0x0000000710400000, 0x0000000710400000| Untracked 
| 106|0x0000000710600000, 0x0000000710600000, 0x0000000710800000|  0%| F|  |TAMS 0x0000000710600000, 0x0000000710600000| Untracked 
| 107|0x0000000710800000, 0x0000000710800000, 0x0000000710a00000|  0%| F|  |TAMS 0x0000000710800000, 0x0000000710800000| Untracked 
| 108|0x0000000710a00000, 0x0000000710a00000, 0x0000000710c00000|  0%| F|  |TAMS 0x0000000710a00000, 0x0000000710a00000| Untracked 
| 109|0x0000000710c00000, 0x0000000710c00000, 0x0000000710e00000|  0%| F|  |TAMS 0x0000000710c00000, 0x0000000710c00000| Untracked 
| 110|0x0000000710e00000, 0x0000000710e00000, 0x0000000711000000|  0%| F|  |TAMS 0x0000000710e00000, 0x0000000710e00000| Untracked 
| 111|0x0000000711000000, 0x0000000711000000, 0x0000000711200000|  0%| F|  |TAMS 0x0000000711000000, 0x0000000711000000| Untracked 
| 112|0x0000000711200000, 0x0000000711200000, 0x0000000711400000|  0%| F|  |TAMS 0x0000000711200000, 0x0000000711200000| Untracked 
| 113|0x0000000711400000, 0x0000000711400000, 0x0000000711600000|  0%| F|  |TAMS 0x0000000711400000, 0x0000000711400000| Untracked 
| 114|0x0000000711600000, 0x000000071170d098, 0x0000000711800000| 52%| S|CS|TAMS 0x0000000711600000, 0x0000000711600000| Complete 
| 115|0x0000000711800000, 0x0000000711a00000, 0x0000000711a00000|100%| S|CS|TAMS 0x0000000711800000, 0x0000000711800000| Complete 
| 116|0x0000000711a00000, 0x0000000711a00000, 0x0000000711c00000|  0%| F|  |TAMS 0x0000000711a00000, 0x0000000711a00000| Untracked 
| 117|0x0000000711c00000, 0x0000000711c00000, 0x0000000711e00000|  0%| F|  |TAMS 0x0000000711c00000, 0x0000000711c00000| Untracked 
| 118|0x0000000711e00000, 0x0000000711e00000, 0x0000000712000000|  0%| F|  |TAMS 0x0000000711e00000, 0x0000000711e00000| Untracked 
| 119|0x0000000712000000, 0x0000000712000000, 0x0000000712200000|  0%| F|  |TAMS 0x0000000712000000, 0x0000000712000000| Untracked 
| 120|0x0000000712200000, 0x0000000712200000, 0x0000000712400000|  0%| F|  |TAMS 0x0000000712200000, 0x0000000712200000| Untracked 
| 121|0x0000000712400000, 0x00000007125a8a78, 0x0000000712600000| 82%| E|  |TAMS 0x0000000712400000, 0x0000000712400000| Complete 
| 122|0x0000000712600000, 0x0000000712800000, 0x0000000712800000|100%| E|CS|TAMS 0x0000000712600000, 0x0000000712600000| Complete 
| 123|0x0000000712800000, 0x0000000712a00000, 0x0000000712a00000|100%| E|CS|TAMS 0x0000000712800000, 0x0000000712800000| Complete 
| 124|0x0000000712a00000, 0x0000000712c00000, 0x0000000712c00000|100%| E|CS|TAMS 0x0000000712a00000, 0x0000000712a00000| Complete 
| 125|0x0000000712c00000, 0x0000000712e00000, 0x0000000712e00000|100%| E|CS|TAMS 0x0000000712c00000, 0x0000000712c00000| Complete 
| 126|0x0000000712e00000, 0x0000000713000000, 0x0000000713000000|100%| E|CS|TAMS 0x0000000712e00000, 0x0000000712e00000| Complete 

Card table byte_map: [0x000001ec18400000,0x000001ec18bf0000] _byte_map_base: 0x000001ec14be7000

Marking Bits (Prev, Next): (CMBitMap*) 0x000001ec7d294140, (CMBitMap*) 0x000001ec7d294180
 Prev Bits: [0x000001ec193e0000, 0x000001ec1d318000)
 Next Bits: [0x000001ec1d320000, 0x000001ec21258000)

Polling page: 0x000001ec00000000

Metaspace:

Usage:
  Non-class:      9.15 MB capacity,     7.36 MB ( 80%) used,     1.78 MB ( 19%) free+waste,    13.25 KB ( <1%) overhead. 
      Class:      1.22 MB capacity,     1.01 MB ( 83%) used,   212.04 KB ( 17%) free+waste,     5.50 KB ( <1%) overhead. 
       Both:     10.37 MB capacity,     8.37 MB ( 81%) used,     1.98 MB ( 19%) free+waste,    18.75 KB ( <1%) overhead. 

Virtual space:
  Non-class space:       10.00 MB reserved,       9.25 MB ( 93%) committed 
      Class space:        1.00 GB reserved,       1.25 MB ( <1%) committed 
             Both:        1.01 GB reserved,      10.50 MB (  1%) committed 

Chunk freelists:
   Non-Class:  40.00 KB
       Class:  29.00 KB
        Both:  69.00 KB

MaxMetaspaceSize: 17179869184.00 GB
CompressedClassSpaceSize: 1.00 GB

CodeHeap 'non-profiled nmethods': size=120000Kb used=464Kb max_used=464Kb free=119535Kb
 bounds [0x000001ec0fc50000, 0x000001ec0fec0000, 0x000001ec17180000]
CodeHeap 'profiled nmethods': size=120000Kb used=2704Kb max_used=2704Kb free=117295Kb
 bounds [0x000001ec08720000, 0x000001ec089d0000, 0x000001ec0fc50000]
CodeHeap 'non-nmethods': size=5760Kb used=1345Kb max_used=1363Kb free=4414Kb
 bounds [0x000001ec08180000, 0x000001ec083f0000, 0x000001ec08720000]
 total_blobs=2194 nmethods=1542 adapters=565
 compilation: enabled
              stopped_count=0, restarted_count=0
 full_count=0

Compilation events (20 events):
Event: 14.722 Thread 0x000001ec2459e7f0 1532       3       javafx.scene.canvas.Canvas::doComputeContains (58 bytes)
Event: 14.722 Thread 0x000001ec2459e7f0 nmethod 1532 0x000001ec089c2e10 code [0x000001ec089c3000, 0x000001ec089c3978]
Event: 14.722 Thread 0x000001ec2459e7f0 1535       3       javafx.scene.Scene$MouseHandler::updateCursor (36 bytes)
Event: 14.722 Thread 0x000001ec2459e7f0 nmethod 1535 0x000001ec089c3b90 code [0x000001ec089c3d60, 0x000001ec089c4118]
Event: 14.783 Thread 0x000001ec2459a840 1536       4       javafx.scene.Node::updateLocalToParentTransform (442 bytes)
Event: 14.783 Thread 0x000001ec2459a840 nmethod 1536 0x000001ec0fcc2390 code [0x000001ec0fcc2500, 0x000001ec0fcc2578]
Event: 14.848 Thread 0x000001ec2459a840 1537       4       com.sun.glass.ui.Application::checkEventThread (35 bytes)
Event: 14.848 Thread 0x000001ec2459a840 nmethod 1537 0x000001ec0fcc2690 code [0x000001ec0fcc2800, 0x000001ec0fcc2878]
Event: 14.917 Thread 0x000001ec2459a840 1538       4       Neighbours::satisfied (112 bytes)
Event: 14.917 Thread 0x000001ec2459e7f0 1539       1       com.sun.prism.impl.BaseContext::getPerspectiveTransformNoClone (5 bytes)
Event: 14.917 Thread 0x000001ec2459e7f0 nmethod 1539 0x000001ec0fcc2990 code [0x000001ec0fcc2b20, 0x000001ec0fcc2bd8]
Event: 14.917 Thread 0x000001ec2459e7f0 1540       1       com.sun.javafx.geom.transform.GeneralTransform3D::isIdentity (5 bytes)
Event: 14.917 Thread 0x000001ec2459e7f0 nmethod 1540 0x000001ec0fcc2c90 code [0x000001ec0fcc2e20, 0x000001ec0fcc2ed8]
Event: 14.917 Thread 0x000001ec2459e7f0 1541       1       com.sun.prism.impl.BaseGraphics::setDepthTest (6 bytes)
Event: 14.917 Thread 0x000001ec2459e7f0 nmethod 1541 0x000001ec0fcc2f90 code [0x000001ec0fcc3120, 0x000001ec0fcc31d8]
Event: 14.921 Thread 0x000001ec2459a840 nmethod 1538 0x000001ec0fcc3290 code [0x000001ec0fcc3420, 0x000001ec0fcc3778]
Event: 15.010 Thread 0x000001ec2459a840 1542       4       java.lang.ThreadLocal::get (38 bytes)
Event: 15.011 Thread 0x000001ec2459a840 nmethod 1542 0x000001ec0fcc3910 code [0x000001ec0fcc3aa0, 0x000001ec0fcc3c68]
Event: 15.164 Thread 0x000001ec2459a840 1543       4       com.sun.javafx.geom.transform.Identity::transform (20 bytes)
Event: 15.164 Thread 0x000001ec2459a840 nmethod 1543 0x000001ec0fcc3e10 code [0x000001ec0fcc3f80, 0x000001ec0fcc4038]

GC Heap History (2 events):
Event: 0.431 GC heap before
{Heap before GC invocations=0 (full 0):
 garbage-first heap   total 260096K, used 22528K [0x0000000703200000, 0x0000000800000000)
  region size 2048K, 11 young (22528K), 0 survivors (0K)
 Metaspace       used 5396K, capacity 8053K, committed 8064K, reserved 1056768K
  class space    used 648K, capacity 890K, committed 896K, reserved 1048576K
}
Event: 0.433 GC heap after
{Heap after GC invocations=1 (full 0):
 garbage-first heap   total 260096K, used 3124K [0x0000000703200000, 0x0000000800000000)
  region size 2048K, 2 young (4096K), 2 survivors (4096K)
 Metaspace       used 5396K, capacity 8053K, committed 8064K, reserved 1056768K
  class space    used 648K, capacity 890K, committed 896K, reserved 1048576K
}

Deoptimization events (20 events):
Event: 0.135 Thread 0x000001ec7d244840 Uncommon trap: trap_request=0xffffffde fr.pc=0x000001ec0fc71b48 relative=0x0000000000000128
Event: 0.135 Thread 0x000001ec7d244840 Uncommon trap: reason=class_check action=maybe_recompile pc=0x000001ec0fc71b48 method=jdk.internal.misc.Unsafe.allocateUninitializedArray(Ljava/lang/Class;I)Ljava/lang/Object; @ 51 c2
Event: 0.135 Thread 0x000001ec7d244840 DEOPT PACKING pc=0x000001ec0fc71b48 sp=0x00000026eb4fe080
Event: 0.135 Thread 0x000001ec7d244840 DEOPT UNPACKING pc=0x000001ec081ce42f sp=0x00000026eb4fe008 mode 2
Event: 0.146 Thread 0x000001ec7d244840 Uncommon trap: trap_request=0xffffff45 fr.pc=0x000001ec0fc587a8 relative=0x0000000000000088
Event: 0.146 Thread 0x000001ec7d244840 Uncommon trap: reason=unstable_if action=reinterpret pc=0x000001ec0fc587a8 method=java.lang.String.charAt(I)C @ 4 c2
Event: 0.146 Thread 0x000001ec7d244840 DEOPT PACKING pc=0x000001ec0fc587a8 sp=0x00000026eb4fec60
Event: 0.146 Thread 0x000001ec7d244840 DEOPT UNPACKING pc=0x000001ec081ce42f sp=0x00000026eb4fec00 mode 2
Event: 0.188 Thread 0x000001ec7d244840 Uncommon trap: trap_request=0xffffff45 fr.pc=0x000001ec0fc74328 relative=0x0000000000000188
Event: 0.188 Thread 0x000001ec7d244840 Uncommon trap: reason=unstable_if action=reinterpret pc=0x000001ec0fc74328 method=java.lang.String.startsWith(Ljava/lang/String;I)Z @ 14 c2
Event: 0.189 Thread 0x000001ec7d244840 DEOPT PACKING pc=0x000001ec0fc74328 sp=0x00000026eb4fc440
Event: 0.189 Thread 0x000001ec7d244840 DEOPT UNPACKING pc=0x000001ec081ce42f sp=0x00000026eb4fc3b8 mode 2
Event: 0.262 Thread 0x000001ec7d244840 Uncommon trap: trap_request=0xffffff45 fr.pc=0x000001ec0fc63cc4 relative=0x0000000000000804
Event: 0.262 Thread 0x000001ec7d244840 Uncommon trap: reason=unstable_if action=reinterpret pc=0x000001ec0fc63cc4 method=java.lang.String.isEmpty()Z @ 5 c2
Event: 0.262 Thread 0x000001ec7d244840 DEOPT PACKING pc=0x000001ec0fc63cc4 sp=0x00000026eb4fe0a0
Event: 0.262 Thread 0x000001ec7d244840 DEOPT UNPACKING pc=0x000001ec081ce42f sp=0x00000026eb4fdfe0 mode 2
Event: 0.472 Thread 0x000001ec253909a0 Uncommon trap: trap_request=0xffffff45 fr.pc=0x000001ec0fc71f34 relative=0x0000000000000034
Event: 0.472 Thread 0x000001ec253909a0 Uncommon trap: reason=unstable_if action=reinterpret pc=0x000001ec0fc71f34 method=java.lang.StringLatin1.canEncode(I)Z @ 4 c2
Event: 0.472 Thread 0x000001ec253909a0 DEOPT PACKING pc=0x000001ec0fc71f34 sp=0x00000026ecbfb910
Event: 0.472 Thread 0x000001ec253909a0 DEOPT UNPACKING pc=0x000001ec081ce42f sp=0x00000026ecbfb8a0 mode 2

Classes unloaded (0 events):
No events

Classes redefined (0 events):
No events

Internal exceptions (20 events):
Event: 0.149 Thread 0x000001ec24fdaae0 Exception <a 'java/lang/NoSuchMethodError'{0x00000007129eba18}: 'java.lang.Object java.lang.invoke.DirectMethodHandle$Holder.invokeStaticInit(java.lang.Object)'> (0x00000007129eba18) 
thrown [./open/src/hotspot/share/interpreter/linkResolver.cpp, line 782]
Event: 0.154 Thread 0x000001ec24fdaae0 Exception <a 'java/lang/NoSuchMethodError'{0x00000007129f8f18}: 'void java.lang.invoke.DirectMethodHandle$Holder.invokeStatic(java.lang.Object, java.lang.Object)'> (0x00000007129f8f18) 
thrown [./open/src/hotspot/share/interpreter/linkResolver.cpp, line 782]
Event: 0.280 Thread 0x000001ec7d244840 Exception <a 'java/lang/NoSuchMethodError'{0x00000007125a25b8}: 'void java.lang.invoke.DirectMethodHandle$Holder.invokeSpecial(java.lang.Object, java.lang.Object, java.lang.Object)'> (0x00000007125a25b8) 
thrown [./open/src/hotspot/share/interpreter/linkResolver.cpp, line 782]
Event: 0.286 Thread 0x000001ec7d244840 Exception <a 'java/lang/NoSuchMethodError'{0x00000007125d9f70}: 'void java.lang.invoke.DirectMethodHandle$Holder.invokeStatic(java.lang.Object, java.lang.Object, java.lang.Object)'> (0x00000007125d9f70) 
thrown [./open/src/hotspot/share/interpreter/linkResolver.cpp, line 782]
Event: 0.307 Thread 0x000001ec7d244840 Exception <a 'java/lang/NoSuchMethodError'{0x00000007125f6488}: 'int java.lang.invoke.DirectMethodHandle$Holder.invokeStaticInit(java.lang.Object, java.lang.Object, java.lang.Object)'> (0x00000007125f6488) 
thrown [./open/src/hotspot/share/interpreter/linkResolver.cpp, line 782]
Event: 0.323 Thread 0x000001ec7d244840 Exception <a 'java/lang/NoSuchMethodError'{0x000000071231bf68}: 'java.lang.Object java.lang.invoke.DirectMethodHandle$Holder.newInvokeSpecial(java.lang.Object, java.lang.Object, int, java.lang.Object)'> (0x000000071231bf68) 
thrown [./open/src/hotspot/share/interpreter/linkResolver.cpp, line 782]
Event: 0.324 Thread 0x000001ec7d244840 Exception <a 'java/lang/NoSuchMethodError'{0x0000000712320450}: 'java.lang.Object java.lang.invoke.DirectMethodHandle$Holder.invokeSpecial(java.lang.Object, java.lang.Object, java.lang.Object, int, java.lang.Object)'> (0x0000000712320450) 
thrown [./open/src/hotspot/share/interpreter/linkResolver.cpp, line 782]
Event: 0.369 Thread 0x000001ec253909a0 Exception <a 'java/lang/NoSuchMethodError'{0x0000000711e3d5c0}: 'void java.lang.invoke.DirectMethodHandle$Holder.invokeStaticInit(java.lang.Object)'> (0x0000000711e3d5c0) 
thrown [./open/src/hotspot/share/interpreter/linkResolver.cpp, line 782]
Event: 0.372 Thread 0x000001ec7d244840 Exception <a 'java/lang/NoSuchMethodError'{0x0000000712336738}: 'java.lang.Object java.lang.invoke.DirectMethodHandle$Holder.newInvokeSpecial(java.lang.Object, java.lang.Object, java.lang.Object, java.lang.Object, java.lang.Object, java.lang.Object)'> (0x0000000712336738) 
thrown [./open/src/hotspot/share/interpreter/linkResolver.cpp, line 782]
Event: 0.380 Thread 0x000001ec7d244840 Exception <a 'java/lang/NoSuchMethodError'{0x0000000711f09f30}: 'java.lang.Object java.lang.invoke.DirectMethodHandle$Holder.newInvokeSpecial(java.lang.Object, java.lang.Object, java.lang.Object, java.lang.Object, java.lang.Object)'> (0x0000000711f09f30) 
thrown [./open/src/hotspot/share/interpreter/linkResolver.cpp, line 782]
Event: 0.381 Thread 0x000001ec25391340 Exception <a 'java/lang/NoSuchMethodError'{0x0000000711f60968}: 'void java.lang.invoke.DirectMethodHandle$Holder.invokeStatic(java.lang.Object, java.lang.Object, java.lang.Object, java.lang.Object)'> (0x0000000711f60968) 
thrown [./open/src/hotspot/share/interpreter/linkResolver.cpp, line 782]
Event: 0.411 Thread 0x000001ec253909a0 Exception <a 'java/lang/NoSuchMethodError'{0x0000000711a7c360}: 'java.lang.Object java.lang.invoke.DirectMethodHandle$Holder.invokeStaticInit(java.lang.Object, java.lang.Object, java.lang.Object, java.lang.Object)'> (0x0000000711a7c360) 
thrown [./open/src/hotspot/share/interpreter/linkResolver.cpp, line 782]
Event: 0.411 Thread 0x000001ec253909a0 Exception <a 'java/lang/NullPointerException'{0x0000000711a882a0}> (0x0000000711a882a0) 
thrown [./open/src/hotspot/share/interpreter/linkResolver.cpp, line 1374]
Event: 0.413 Thread 0x000001ec253909a0 Exception <a 'java/lang/NoSuchMethodError'{0x0000000711aa4348}: 'void java.lang.invoke.DirectMethodHandle$Holder.invokeSpecial(java.lang.Object, java.lang.Object, java.lang.Object, java.lang.Object, java.lang.Object)'> (0x0000000711aa4348) 
thrown [./open/src/hotspot/share/interpreter/linkResolver.cpp, line 782]
Event: 0.532 Thread 0x000001ec253909a0 Exception <a 'java/lang/NoSuchMethodError'{0x000000071282a4a8}: 'java.lang.Object java.lang.invoke.DirectMethodHandle$Holder.newInvokeSpecial(java.lang.Object, java.lang.Object, int)'> (0x000000071282a4a8) 
thrown [./open/src/hotspot/share/interpreter/linkResolver.cpp, line 782]
Event: 0.540 Thread 0x000001ec253909a0 Exception <a 'java/lang/NoSuchMethodError'{0x000000071284e660}: 'long java.lang.invoke.DirectMethodHandle$Holder.invokeStatic(java.lang.Object, java.lang.Object, java.lang.Object)'> (0x000000071284e660) 
thrown [./open/src/hotspot/share/interpreter/linkResolver.cpp, line 782]
Event: 0.540 Thread 0x000001ec253909a0 Exception <a 'java/lang/NoSuchMethodError'{0x0000000712852010}: 'long java.lang.invoke.DirectMethodHandle$Holder.invokeStaticInit(java.lang.Object, java.lang.Object, java.lang.Object)'> (0x0000000712852010) 
thrown [./open/src/hotspot/share/interpreter/linkResolver.cpp, line 782]
Event: 0.543 Thread 0x000001ec253909a0 Exception <a 'java/lang/NoSuchMethodError'{0x000000071286a500}: 'java.lang.Object java.lang.invoke.DirectMethodHandle$Holder.newInvokeSpecial(java.lang.Object, java.lang.Object, long)'> (0x000000071286a500) 
thrown [./open/src/hotspot/share/interpreter/linkResolver.cpp, line 782]
Event: 0.544 Thread 0x000001ec253909a0 Exception <a 'java/lang/NoSuchMethodError'{0x000000071291c660}: 'java.lang.Object java.lang.invoke.Invokers$Holder.linkToTargetMethod(java.lang.Object, long, java.lang.Object)'> (0x000000071291c660) 
thrown [./open/src/hotspot/share/interpreter/linkResolver.cpp, line 782]
Event: 0.563 Thread 0x000001ec255eacd0 Exception <a 'java/lang/NoSuchMethodError'{0x0000000712608118}: 'int java.lang.invoke.DirectMethodHandle$Holder.invokeStaticInit(java.lang.Object, java.lang.Object)'> (0x0000000712608118) 
thrown [./open/src/hotspot/share/interpreter/linkResolver.cpp, line 782]

Events (20 events):
Event: 3.434 Executing VM operation: HandshakeAllThreads
Event: 3.434 Executing VM operation: HandshakeAllThreads done
Event: 4.435 Executing VM operation: HandshakeAllThreads
Event: 4.435 Executing VM operation: HandshakeAllThreads done
Event: 5.435 Executing VM operation: HandshakeAllThreads
Event: 5.435 Executing VM operation: HandshakeAllThreads done
Event: 6.436 Executing VM operation: HandshakeAllThreads
Event: 6.436 Executing VM operation: HandshakeAllThreads done
Event: 7.437 Executing VM operation: HandshakeAllThreads
Event: 7.437 Executing VM operation: HandshakeAllThreads done
Event: 8.437 Executing VM operation: HandshakeAllThreads
Event: 8.437 Executing VM operation: HandshakeAllThreads done
Event: 9.438 Executing VM operation: HandshakeAllThreads
Event: 9.438 Executing VM operation: HandshakeAllThreads done
Event: 10.439 Executing VM operation: HandshakeAllThreads
Event: 10.439 Executing VM operation: HandshakeAllThreads done
Event: 11.440 Executing VM operation: HandshakeAllThreads
Event: 11.440 Executing VM operation: HandshakeAllThreads done
Event: 14.441 Executing VM operation: HandshakeAllThreads
Event: 14.441 Executing VM operation: HandshakeAllThreads done


Dynamic libraries:
0x00007ff650810000 - 0x00007ff65081d000 	C:\Users\lehun\jdk-15.0.2\bin\java.exe
0x00007ffa32c40000 - 0x00007ffa32e30000 	C:\Windows\SYSTEM32\ntdll.dll
0x00007ffa317b0000 - 0x00007ffa31862000 	C:\Windows\System32\KERNEL32.DLL
0x00007ffa309c0000 - 0x00007ffa30c65000 	C:\Windows\System32\KERNELBASE.dll
0x00007ffa2fbc0000 - 0x00007ffa2fcba000 	C:\Windows\System32\ucrtbase.dll
0x00007ffa2c3a0000 - 0x00007ffa2c3b8000 	C:\Users\lehun\jdk-15.0.2\bin\jli.dll
0x00007ffa2c3c0000 - 0x00007ffa2c3d9000 	C:\Users\lehun\jdk-15.0.2\bin\VCRUNTIME140.dll
0x00007ffa32300000 - 0x00007ffa32494000 	C:\Windows\System32\USER32.dll
0x00007ffa1b220000 - 0x00007ffa1b4a4000 	C:\Windows\WinSxS\amd64_microsoft.windows.common-controls_6595b64144ccf1df_6.0.18362.1316_none_9e7a364fe461dbd7\COMCTL32.dll
0x00007ffa30760000 - 0x00007ffa30781000 	C:\Windows\System32\win32u.dll
0x00007ffa31a90000 - 0x00007ffa31b2e000 	C:\Windows\System32\msvcrt.dll
0x00007ffa31890000 - 0x00007ffa318b6000 	C:\Windows\System32\GDI32.dll
0x00007ffa30790000 - 0x00007ffa30928000 	C:\Windows\System32\gdi32full.dll
0x00007ffa312a0000 - 0x00007ffa315d7000 	C:\Windows\System32\combase.dll
0x00007ffa304c0000 - 0x00007ffa3055e000 	C:\Windows\System32\msvcp_win.dll
0x00007ffa31c40000 - 0x00007ffa31d5f000 	C:\Windows\System32\RPCRT4.dll
0x00007ffa30930000 - 0x00007ffa309b1000 	C:\Windows\System32\bcryptPrimitives.dll
0x00007ffa31f90000 - 0x00007ffa31fbe000 	C:\Windows\System32\IMM32.DLL
0x00007ffa2c390000 - 0x00007ffa2c39c000 	C:\Users\lehun\jdk-15.0.2\bin\vcruntime140_1.dll
0x00007ff9f7300000 - 0x00007ff9f7391000 	C:\Users\lehun\jdk-15.0.2\bin\msvcp140.dll
0x00007ff9d4680000 - 0x00007ff9d51de000 	C:\Users\lehun\jdk-15.0.2\bin\server\jvm.dll
0x00007ffa315e0000 - 0x00007ffa31683000 	C:\Windows\System32\ADVAPI32.dll
0x00007ffa31690000 - 0x00007ffa31727000 	C:\Windows\System32\sechost.dll
0x00007ffa30dc0000 - 0x00007ffa30dc8000 	C:\Windows\System32\PSAPI.DLL
0x00007ffa0d890000 - 0x00007ffa0d899000 	C:\Windows\SYSTEM32\WSOCK32.dll
0x00007ffa2db90000 - 0x00007ffa2dbb4000 	C:\Windows\SYSTEM32\WINMM.dll
0x00007ffa28370000 - 0x00007ffa2837a000 	C:\Windows\SYSTEM32\VERSION.dll
0x00007ffa31ea0000 - 0x00007ffa31f0f000 	C:\Windows\System32\WS2_32.dll
0x00007ffa2db60000 - 0x00007ffa2db8d000 	C:\Windows\SYSTEM32\WINMMBASE.dll
0x00007ffa2fcc0000 - 0x00007ffa2fd0a000 	C:\Windows\System32\cfgmgr32.dll
0x00007ffa2fb00000 - 0x00007ffa2fb11000 	C:\Windows\System32\kernel.appcore.dll
0x00007ffa2c340000 - 0x00007ffa2c34a000 	C:\Users\lehun\jdk-15.0.2\bin\jimage.dll
0x00007ffa225d0000 - 0x00007ffa227c4000 	C:\Windows\SYSTEM32\DBGHELP.DLL
0x00007ffa12d30000 - 0x00007ffa12d5a000 	C:\Windows\SYSTEM32\dbgcore.DLL
0x00007ffa2c330000 - 0x00007ffa2c33e000 	C:\Users\lehun\jdk-15.0.2\bin\instrument.dll
0x00007ffa29980000 - 0x00007ffa299a5000 	C:\Users\lehun\jdk-15.0.2\bin\java.dll
0x00007ffa32510000 - 0x00007ffa32bf8000 	C:\Windows\System32\SHELL32.dll
0x00007ffa31b90000 - 0x00007ffa31c37000 	C:\Windows\System32\shcore.dll
0x00007ffa2fd40000 - 0x00007ffa304bb000 	C:\Windows\System32\windows.storage.dll
0x00007ffa2fb70000 - 0x00007ffa2fb93000 	C:\Windows\System32\profapi.dll
0x00007ffa2fb20000 - 0x00007ffa2fb6a000 	C:\Windows\System32\powrprof.dll
0x00007ffa2faf0000 - 0x00007ffa2fb00000 	C:\Windows\System32\UMPDC.dll
0x00007ffa31fc0000 - 0x00007ffa32012000 	C:\Windows\System32\shlwapi.dll
0x00007ffa30c70000 - 0x00007ffa30c87000 	C:\Windows\System32\cryptsp.dll
0x00007ffa29940000 - 0x00007ffa29959000 	C:\Users\lehun\jdk-15.0.2\bin\net.dll
0x00007ffa2abf0000 - 0x00007ffa2ace0000 	C:\Windows\SYSTEM32\WINHTTP.dll
0x00007ffa2f330000 - 0x00007ffa2f397000 	C:\Windows\system32\mswsock.dll
0x00007ffa062b0000 - 0x00007ffa062c2000 	C:\Users\lehun\jdk-15.0.2\bin\nio.dll
0x00007ffa06290000 - 0x00007ffa062a8000 	C:\Users\lehun\jdk-15.0.2\bin\zip.dll
0x00007ffa06230000 - 0x00007ffa0624a000 	C:\Program Files\JetBrains\IntelliJ IDEA Community Edition 2020.3.1\bin\breakgen64.dll
0x000001ec26270000 - 0x000001ec26273000 	C:\Users\lehun\javafx-sdk-15.0.1\bin\api-ms-win-core-console-l1-1-0.dll
0x000001ec26280000 - 0x000001ec26283000 	C:\Users\lehun\javafx-sdk-15.0.1\bin\api-ms-win-core-console-l1-2-0.dll
0x000001ec26290000 - 0x000001ec26293000 	C:\Users\lehun\javafx-sdk-15.0.1\bin\api-ms-win-core-datetime-l1-1-0.dll
0x000001ec262a0000 - 0x000001ec262a3000 	C:\Users\lehun\javafx-sdk-15.0.1\bin\api-ms-win-core-debug-l1-1-0.dll
0x000001ec262b0000 - 0x000001ec262b3000 	C:\Users\lehun\javafx-sdk-15.0.1\bin\api-ms-win-core-errorhandling-l1-1-0.dll
0x000001ec262c0000 - 0x000001ec262c4000 	C:\Users\lehun\javafx-sdk-15.0.1\bin\api-ms-win-core-file-l1-1-0.dll
0x000001ec262d0000 - 0x000001ec262d3000 	C:\Users\lehun\javafx-sdk-15.0.1\bin\api-ms-win-core-file-l1-2-0.dll
0x000001ec262e0000 - 0x000001ec262e3000 	C:\Users\lehun\javafx-sdk-15.0.1\bin\api-ms-win-core-file-l2-1-0.dll
0x000001ec262f0000 - 0x000001ec262f3000 	C:\Users\lehun\javafx-sdk-15.0.1\bin\api-ms-win-core-handle-l1-1-0.dll
0x000001ec26300000 - 0x000001ec26303000 	C:\Users\lehun\javafx-sdk-15.0.1\bin\api-ms-win-core-heap-l1-1-0.dll
0x000001ec26310000 - 0x000001ec26313000 	C:\Users\lehun\javafx-sdk-15.0.1\bin\api-ms-win-core-interlocked-l1-1-0.dll
0x000001ec26320000 - 0x000001ec26323000 	C:\Users\lehun\javafx-sdk-15.0.1\bin\api-ms-win-core-libraryloader-l1-1-0.dll
0x000001ec26330000 - 0x000001ec26333000 	C:\Users\lehun\javafx-sdk-15.0.1\bin\api-ms-win-core-localization-l1-2-0.dll
0x000001ec26690000 - 0x000001ec26693000 	C:\Users\lehun\javafx-sdk-15.0.1\bin\api-ms-win-core-memory-l1-1-0.dll
0x000001ec266a0000 - 0x000001ec266a3000 	C:\Users\lehun\javafx-sdk-15.0.1\bin\api-ms-win-core-namedpipe-l1-1-0.dll
0x000001ec266b0000 - 0x000001ec266b3000 	C:\Users\lehun\javafx-sdk-15.0.1\bin\api-ms-win-core-processenvironment-l1-1-0.dll
0x000001ec266c0000 - 0x000001ec266c3000 	C:\Users\lehun\javafx-sdk-15.0.1\bin\api-ms-win-core-processthreads-l1-1-0.dll
0x000001ec266d0000 - 0x000001ec266d3000 	C:\Users\lehun\javafx-sdk-15.0.1\bin\api-ms-win-core-processthreads-l1-1-1.dll
0x000001ec266e0000 - 0x000001ec266e3000 	C:\Users\lehun\javafx-sdk-15.0.1\bin\api-ms-win-core-profile-l1-1-0.dll
0x000001ec26340000 - 0x000001ec26343000 	C:\Users\lehun\javafx-sdk-15.0.1\bin\api-ms-win-core-rtlsupport-l1-1-0.dll
0x000001ec26350000 - 0x000001ec26353000 	C:\Users\lehun\javafx-sdk-15.0.1\bin\api-ms-win-core-string-l1-1-0.dll
0x000001ec26360000 - 0x000001ec26363000 	C:\Users\lehun\javafx-sdk-15.0.1\bin\api-ms-win-core-synch-l1-1-0.dll
0x000001ec26370000 - 0x000001ec26373000 	C:\Users\lehun\javafx-sdk-15.0.1\bin\api-ms-win-core-synch-l1-2-0.dll
0x000001ec26380000 - 0x000001ec26383000 	C:\Users\lehun\javafx-sdk-15.0.1\bin\api-ms-win-core-sysinfo-l1-1-0.dll
0x000001ec26390000 - 0x000001ec26393000 	C:\Users\lehun\javafx-sdk-15.0.1\bin\api-ms-win-core-timezone-l1-1-0.dll
0x000001ec263a0000 - 0x000001ec263a3000 	C:\Users\lehun\javafx-sdk-15.0.1\bin\api-ms-win-core-util-l1-1-0.dll
0x000001ec263b0000 - 0x000001ec263b3000 	C:\Users\lehun\javafx-sdk-15.0.1\bin\api-ms-win-crt-conio-l1-1-0.dll
0x000001ec263c0000 - 0x000001ec263c4000 	C:\Users\lehun\javafx-sdk-15.0.1\bin\api-ms-win-crt-convert-l1-1-0.dll
0x000001ec263d0000 - 0x000001ec263d3000 	C:\Users\lehun\javafx-sdk-15.0.1\bin\api-ms-win-crt-environment-l1-1-0.dll
0x000001ec263e0000 - 0x000001ec263e3000 	C:\Users\lehun\javafx-sdk-15.0.1\bin\api-ms-win-crt-filesystem-l1-1-0.dll
0x000001ec263f0000 - 0x000001ec263f3000 	C:\Users\lehun\javafx-sdk-15.0.1\bin\api-ms-win-crt-heap-l1-1-0.dll
0x000001ec26400000 - 0x000001ec26403000 	C:\Users\lehun\javafx-sdk-15.0.1\bin\api-ms-win-crt-locale-l1-1-0.dll
0x000001ec26410000 - 0x000001ec26415000 	C:\Users\lehun\javafx-sdk-15.0.1\bin\api-ms-win-crt-math-l1-1-0.dll
0x000001ec26420000 - 0x000001ec26425000 	C:\Users\lehun\javafx-sdk-15.0.1\bin\api-ms-win-crt-multibyte-l1-1-0.dll
0x000001ec26430000 - 0x000001ec26440000 	C:\Users\lehun\javafx-sdk-15.0.1\bin\api-ms-win-crt-private-l1-1-0.dll
0x000001ec26440000 - 0x000001ec26443000 	C:\Users\lehun\javafx-sdk-15.0.1\bin\api-ms-win-crt-process-l1-1-0.dll
0x000001ec26450000 - 0x000001ec26454000 	C:\Users\lehun\javafx-sdk-15.0.1\bin\api-ms-win-crt-runtime-l1-1-0.dll
0x000001ec26460000 - 0x000001ec26464000 	C:\Users\lehun\javafx-sdk-15.0.1\bin\api-ms-win-crt-stdio-l1-1-0.dll
0x000001ec26470000 - 0x000001ec26474000 	C:\Users\lehun\javafx-sdk-15.0.1\bin\api-ms-win-crt-string-l1-1-0.dll
0x000001ec26480000 - 0x000001ec26483000 	C:\Users\lehun\javafx-sdk-15.0.1\bin\api-ms-win-crt-time-l1-1-0.dll
0x000001ec26490000 - 0x000001ec26493000 	C:\Users\lehun\javafx-sdk-15.0.1\bin\api-ms-win-crt-utility-l1-1-0.dll
0x00007ff9ee2a0000 - 0x00007ff9ee39c000 	C:\Users\lehun\javafx-sdk-15.0.1\bin\ucrtbase.dll
0x00007ffa06160000 - 0x00007ffa06175000 	C:\Users\lehun\javafx-sdk-15.0.1\bin\vcruntime140.dll
0x00007ff9e7f90000 - 0x00007ff9e802b000 	C:\Users\lehun\javafx-sdk-15.0.1\bin\msvcp140.dll
0x00007ffa02870000 - 0x00007ffa02893000 	C:\Users\lehun\javafx-sdk-15.0.1\bin\prism_d3d.dll
0x00007ff9d8f30000 - 0x00007ff9d90f7000 	C:\Windows\system32\d3d9.dll
0x00007ffa2deb0000 - 0x00007ffa2dedd000 	C:\Windows\SYSTEM32\dwmapi.dll
0x00007ffa2e6f0000 - 0x00007ffa2e710000 	C:\Windows\SYSTEM32\dxcore.dll
0x00007ffa2ddc0000 - 0x00007ffa2de59000 	C:\Windows\system32\uxtheme.dll
0x00007ff9d7860000 - 0x00007ff9d79c3000 	C:\Windows\System32\DriverStore\FileRepository\iigd_dch.inf_amd64_a27adb6f3c75ef42\igdumdim64.dll
0x00007ff9b1560000 - 0x00007ff9b571f000 	C:\Windows\System32\DriverStore\FileRepository\iigd_dch.inf_amd64_a27adb6f3c75ef42\igd9dxva64.dll
0x00007ffa320f0000 - 0x00007ffa32247000 	C:\Windows\System32\ole32.dll
0x00007ffa30cf0000 - 0x00007ffa30db5000 	C:\Windows\System32\OLEAUT32.dll
0x00007ffa281c0000 - 0x00007ffa28363000 	C:\Windows\System32\DriverStore\FileRepository\iigd_dch.inf_amd64_a27adb6f3c75ef42\igdgmm64.dll
0x00007ffa012a0000 - 0x00007ffa012e5000 	C:\Users\lehun\javafx-sdk-15.0.1\bin\glass.dll
0x00007ffa32020000 - 0x00007ffa320f0000 	C:\Windows\System32\COMDLG32.dll
0x00007ffa31d60000 - 0x00007ffa31e95000 	C:\Windows\System32\MSCTF.dll
0x00007ffa1aca0000 - 0x00007ffa1acc6000 	C:\Windows\System32\DriverStore\FileRepository\iigd_dch.inf_amd64_a27adb6f3c75ef42\igdinfo64.dll
0x00007ffa23900000 - 0x00007ffa25d3d000 	C:\Windows\System32\DriverStore\FileRepository\iigd_dch.inf_amd64_a27adb6f3c75ef42\igc64.dll
0x00007ffa06060000 - 0x00007ffa06074000 	C:\Users\lehun\javafx-sdk-15.0.1\bin\javafx_font.dll
0x00007ffa1fc10000 - 0x00007ffa1ff0e000 	C:\Windows\SYSTEM32\dwrite.dll
0x00007ffa32250000 - 0x00007ffa322f2000 	C:\Windows\System32\clbcatq.dll
0x00007ffa2aa30000 - 0x00007ffa2abdf000 	C:\Windows\SYSTEM32\WindowsCodecs.dll
0x00007ff9f6660000 - 0x00007ff9f669b000 	C:\Windows\system32\dataexchange.dll
0x00007ffa2ce30000 - 0x00007ffa2d08b000 	C:\Windows\system32\d3d11.dll
0x00007ffa2d0a0000 - 0x00007ffa2d27d000 	C:\Windows\system32\dcomp.dll
0x00007ffa2e780000 - 0x00007ffa2e86b000 	C:\Windows\system32\dxgi.dll
0x00007ffa2dee0000 - 0x00007ffa2e13a000 	C:\Windows\system32\twinapi.appcore.dll
0x00007ffa2e3c0000 - 0x00007ffa2e3e9000 	C:\Windows\system32\RMCLIENT.dll
0x00007ffa011f0000 - 0x00007ffa01223000 	C:\Program Files\Common Files\Microsoft Shared\Ink\rtscom.dll
0x00007ffa21740000 - 0x00007ffa217dd000 	C:\Windows\System32\TextInputFramework.dll
0x00007ffa2b1e0000 - 0x00007ffa2b50a000 	C:\Windows\System32\CoreUIComponents.dll
0x00007ffa2d5f0000 - 0x00007ffa2d6c4000 	C:\Windows\System32\CoreMessaging.dll
0x00007ffa2baa0000 - 0x00007ffa2bbf2000 	C:\Windows\SYSTEM32\wintypes.dll
0x00007ffa2eb00000 - 0x00007ffa2eb31000 	C:\Windows\SYSTEM32\ntmarta.dll
0x00007ffa20210000 - 0x00007ffa204b7000 	C:\Windows\System32\iertutil.dll
0x00007ffa04510000 - 0x00007ffa04575000 	C:\Windows\system32\Oleacc.dll

dbghelp: loaded successfully - version: 4.0.5 - missing functions: none
symbol engine: initialized successfully - sym options: 0x614 - pdb path: .;C:\Users\lehun\jdk-15.0.2\bin;C:\Windows\SYSTEM32;C:\Windows\WinSxS\amd64_microsoft.windows.common-controls_6595b64144ccf1df_6.0.18362.1316_none_9e7a364fe461dbd7;C:\Users\lehun\jdk-15.0.2\bin\server;C:\Program Files\JetBrains\IntelliJ IDEA Community Edition 2020.3.1\bin;C:\Users\lehun\javafx-sdk-15.0.1\bin;C:\Windows\System32\DriverStore\FileRepository\iigd_dch.inf_amd64_a27adb6f3c75ef42;C:\Program Files\Common Files\Microsoft Shared\Ink

VM Arguments:
jvm_args: --module-path=C:\Users\lehun\javafx-sdk-15.0.1\lib --add-modules=javafx.base,javafx.controls,javafx.fxml,javafx.graphics,javafx.media -javaagent:C:\Program Files\JetBrains\IntelliJ IDEA Community Edition 2020.3.1\lib\idea_rt.jar=50681:C:\Program Files\JetBrains\IntelliJ IDEA Community Edition 2020.3.1\bin -Dfile.encoding=UTF-8 
java_command: Neighbours
java_class_path (initial): C:\Users\lehun\dat043\neighbours\out\production\neighbours;C:\Users\lehun\javafx-sdk-15.0.1\lib\src.zip;C:\Users\lehun\javafx-sdk-15.0.1\lib\javafx-swt.jar;C:\Users\lehun\javafx-sdk-15.0.1\lib\javafx.web.jar;C:\Users\lehun\javafx-sdk-15.0.1\lib\javafx.base.jar;C:\Users\lehun\javafx-sdk-15.0.1\lib\javafx.fxml.jar;C:\Users\lehun\javafx-sdk-15.0.1\lib\javafx.media.jar;C:\Users\lehun\javafx-sdk-15.0.1\lib\javafx.swing.jar;C:\Users\lehun\javafx-sdk-15.0.1\lib\javafx.controls.jar;C:\Users\lehun\javafx-sdk-15.0.1\lib\javafx.graphics.jar
Launcher Type: SUN_STANDARD

[Global flags]
     intx CICompilerCount                          = 4                                         {product} {ergonomic}
     uint ConcGCThreads                            = 2                                         {product} {ergonomic}
     uint G1ConcRefinementThreads                  = 8                                         {product} {ergonomic}
   size_t G1HeapRegionSize                         = 2097152                                   {product} {ergonomic}
    uintx GCDrainStackTargetSize                   = 64                                        {product} {ergonomic}
   size_t InitialHeapSize                          = 266338304                                 {product} {ergonomic}
   size_t MarkStackSize                            = 4194304                                   {product} {ergonomic}
   size_t MaxHeapSize                              = 4242538496                                {product} {ergonomic}
   size_t MaxNewSize                               = 2543845376                                {product} {ergonomic}
   size_t MinHeapDeltaBytes                        = 2097152                                   {product} {ergonomic}
   size_t MinHeapSize                              = 8388608                                   {product} {ergonomic}
    uintx NonNMethodCodeHeapSize                   = 5839372                                {pd product} {ergonomic}
    uintx NonProfiledCodeHeapSize                  = 122909434                              {pd product} {ergonomic}
    uintx ProfiledCodeHeapSize                     = 122909434                              {pd product} {ergonomic}
    uintx ReservedCodeCacheSize                    = 251658240                              {pd product} {ergonomic}
     bool SegmentedCodeCache                       = true                                      {product} {ergonomic}
   size_t SoftMaxHeapSize                          = 4242538496                             {manageable} {ergonomic}
     bool UseCompressedClassPointers               = true                                 {lp64_product} {ergonomic}
     bool UseCompressedOops                        = true                                 {lp64_product} {ergonomic}
     bool UseG1GC                                  = true                                      {product} {ergonomic}
     bool UseLargePagesIndividualAllocation        = false                                  {pd product} {ergonomic}

Logging:
Log output configuration:
 #0: stdout all=warning uptime,level,tags
 #1: stderr all=off uptime,level,tags

Environment Variables:
PATH=C:\Program Files (x86)\Common Files\Oracle\Java\javapath;C:\Windows\system32;C:\Windows;C:\Windows\System32\Wbem;C:\Windows\System32\WindowsPowerShell\v1.0\;C:\Windows\System32\OpenSSH\;C:\ProgramData\chocolatey\bin;C:\Program Files\MATLAB\R2020b\bin;C:\Program Files\Git\cmd;C:\Users\lehun\AppData\Local\Microsoft\WindowsApps;C:\Users\lehun\AppData\Roaming\cabal\bin;C:\ProgramData\chocolatey\lib\ghc\tools\ghc-8.10.2\bin;C:\tools\msys64;C:\Users\lehun\AppData\Local\Programs\Microsoft VS Code\bin
USERNAME=lehun
OS=Windows_NT
PROCESSOR_IDENTIFIER=Intel64 Family 6 Model 142 Stepping 12, GenuineIntel



---------------  S Y S T E M  ---------------

OS:
 Windows 10 , 64 bit Build 18362 (10.0.18362.1316)
OS uptime: 2 days 4:00 hours
HyperV virtualization detected

CPU: total 8 (initial active 8) (4 cores per cpu, 2 threads per core) family 6 model 142 stepping 12 microcode 0xd6, cmov, cx8, fxsr, mmx, sse, sse2, sse3, ssse3, sse4.1, sse4.2, popcnt, vzeroupper, avx, avx2, aes, clmul, erms, 3dnowpref, lzcnt, ht, tsc, tscinvbit, bmi1, bmi2, adx, fma, clflush, clflushopt

Memory: 4k page, system-wide physical 16180M (9188M free)
TotalPageFile size 18612M (AvailPageFile size 9781M)
current process WorkingSet (physical memory assigned to process): 126M, peak: 141M
current process commit charge ("private bytes"): 410M, peak: 424M

vm_info: OpenJDK 64-Bit Server VM (15.0.2+7-27) for windows-amd64 JRE (15.0.2+7-27), built on Dec  7 2020 20:02:38 by "mach5one" with unknown MS VC++:1925

END.
