#
# A fatal error has been detected by the Java Runtime Environment:
#
#  EXCEPTION_ACCESS_VIOLATION (0xc0000005) at pc=0x0000024d0fca1c27, pid=16232, tid=1484
#
# JRE version: OpenJDK Runtime Environment (15.0.2+7) (build 15.0.2+7-27)
# Java VM: OpenJDK 64-Bit Server VM (15.0.2+7-27, mixed mode, sharing, tiered, compressed oops, g1 gc, windows-amd64)
# Problematic frame:
# J 976 c2 Neighbours.aPercent([[LNeighbours$Actor;II)D (101 bytes) @ 0x0000024d0fca1c27 [0x0000024d0fca1aa0+0x0000000000000187]
#
# No core dump will be written. Minidumps are not enabled by default on client versions of Windows
#
# If you would like to submit a bug report, please visit:
#   https://bugreport.java.com/bugreport/crash.jsp
#

---------------  S U M M A R Y ------------

Command Line: --module-path=C:\Users\lehun\javafx-sdk-15.0.1\lib --add-modules=javafx.base,javafx.controls,javafx.fxml,javafx.graphics,javafx.media -javaagent:C:\Program Files\JetBrains\IntelliJ IDEA Community Edition 2020.3.1\lib\idea_rt.jar=50197:C:\Program Files\JetBrains\IntelliJ IDEA Community Edition 2020.3.1\bin -Dfile.encoding=UTF-8 Neighbours

Host: Intel(R) Core(TM) i7-10510U CPU @ 1.80GHz, 8 cores, 15G,  Windows 10 , 64 bit Build 18362 (10.0.18362.1316)
Time: Mon Feb  1 14:02:41 2021 Västeuropa, normaltid elapsed time: 0.691903 seconds (0d 0h 0m 0s)

---------------  T H R E A D  ---------------

Current thread (0x0000024d24e50690):  JavaThread "JavaFX Application Thread" [_thread_in_Java, id=1484, stack(0x000000c6c0c00000,0x000000c6c0d00000)]

Stack: [0x000000c6c0c00000,0x000000c6c0d00000],  sp=0x000000c6c0cfdbe0,  free space=1014k
Native frames: (J=compiled Java code, j=interpreted, Vv=VM code, C=native code)
C  0x0000024d0fca1c27


siginfo: EXCEPTION_ACCESS_VIOLATION (0xc0000005), reading address 0x0000000b1160e0d4


Register to memory mapping:

RIP=0x0000024d0fca1c27 is at entry_point+391 in (nmethod*)0x0000024d0fca1910
RAX=0x0 is NULL
RBX=3794851265 is a compressed pointer to object: javafx.scene.paint.Color 
{0x000000071186ae08} - klass: 'javafx/scene/paint/Color'
RCX=0x00000007118078d8 is an oop: Neighbours 
{0x00000007118078d8} - klass: 'Neighbours'
RDX=0x000000000000001e is an unknown value
RSP=0x000000c6c0cfdbe0 is pointing into the stack for thread: 0x0000024d24e50690
RBP=0x000000c6c0cfdca8 is pointing into the stack for thread: 0x0000024d24e50690
RSI=0x00000000ffffffff is an unknown value
RDI=0x0000000000000003 is an unknown value
R8 =0x000000071160e0c8 is an oop: [[LNeighbours$Actor; 
{0x000000071160e0c8} - klass: 'Neighbours$Actor'[][]
 - length: 30
R9 =0x0 is NULL
R10=0x0000000000000004 is an unknown value
R11=0x0 is NULL
R12=0x0 is NULL
R13=0x000000c6c0cfdc40 is pointing into the stack for thread: 0x0000024d24e50690
R14=0x0000000000000002 is an unknown value
R15=0x0000024d24e50690 is a thread


Registers:
RAX=0x0000000000000000, RBX=0x00000000e230d5c1, RCX=0x00000007118078d8, RDX=0x000000000000001e
RSP=0x000000c6c0cfdbe0, RBP=0x000000c6c0cfdca8, RSI=0x00000000ffffffff, RDI=0x0000000000000003
R8 =0x000000071160e0c8, R9 =0x0000000000000000, R10=0x0000000000000004, R11=0x0000000000000000
R12=0x0000000000000000, R13=0x000000c6c0cfdc40, R14=0x0000000000000002, R15=0x0000024d24e50690
RIP=0x0000024d0fca1c27, EFLAGS=0x0000000000010293

Top of Stack: (sp=0x000000c6c0cfdbe0)
0x000000c6c0cfdbe0:   0000000000000002 0000024d24e50690
0x000000c6c0cfdbf0:   0000024d23e79d50 00007ff9d211ba35
0x000000c6c0cfdc00:   0000000524e50690 000000c6c0cfdca8
0x000000c6c0cfdc10:   0000000800c6f6e8 000000c6c0cfdc90
0x000000c6c0cfdc20:   000000c6c0cfdca8 0000024d08189e30
0x000000c6c0cfdc30:   00000000000000bc 0000024d08189e30
0x000000c6c0cfdc40:   0000000000000003 0000000000000000
0x000000c6c0cfdc50:   000000071160e0c8 00000007118078d8
0x000000c6c0cfdc60:   000000c6c0cfdc60 0000024d24185d00
0x000000c6c0cfdc70:   000000c6c0cfdcf8 0000024d24356580
0x000000c6c0cfdc80:   0000000000000000 0000000711800690
0x000000c6c0cfdc90:   0000024d24185dd0 000000c6c0cfdc40
0x000000c6c0cfdca0:   000000c6c0cfdcf8 000000c6c0cfdd48
0x000000c6c0cfdcb0:   0000024d0818a1aa 0000000000000003
0x000000c6c0cfdcc0:   0000000000000000 0000000000000000
0x000000c6c0cfdcd0:   0000000000000003 0000000712869800 

Instructions: (pc=0x0000024d0fca1c27)
0x0000024d0fca1b27:   f9 6e c0 44 89 14 24 44 8b d7 41 ff c2 44 8b f7
0x0000024d0fca1b37:   41 ff ce 44 8b df 41 83 c3 02 4d 63 c3 49 ff c8
0x0000024d0fca1b47:   c4 c1 f9 6e d0 41 b8 00 00 00 80 45 3b da 44 89
0x0000024d0fca1b57:   5c 24 24 45 0f 4c d0 45 33 db 33 c0 45 33 c0 44
0x0000024d0fca1b67:   89 44 24 04 e9 a5 00 00 00 ff c0 83 c1 02 41 3b
0x0000024d0fca1b77:   c8 0f 8c 3d 01 00 00 4d 8b 87 10 01 00 00 41 85
0x0000024d0fca1b87:   00 41 3b ca 0f 8c 07 01 00 00 3b 4c 24 24 0f 8d
0x0000024d0fca1b97:   36 00 00 00 3b ca 73 2a 90 41 3b f1 75 04 3b cf
0x0000024d0fca1ba7:   74 20 44 8b 6c 8d 10 41 ff c3 45 85 ed 74 13 66
0x0000024d0fca1bb7:   66 0f 1f 84 00 00 00 00 00 43 3b 5c ec 10 75 02
0x0000024d0fca1bc7:   ff c0 ff c1 3b 4c 24 24 7c ca 4d 8b 87 10 01 00
0x0000024d0fca1bd7:   00 ff c6 41 85 00 66 66 90 3b 34 24 7c 30 45 85
0x0000024d0fca1be7:   db 0f 84 7f 01 00 00 3d 00 00 00 80 75 08 33 d2
0x0000024d0fca1bf7:   41 83 fb ff 74 04 99 41 f7 fb c5 fb 2a c0 48 83
0x0000024d0fca1c07:   c4 40 5d 4d 8b 97 10 01 00 00 41 85 02 c3 44 3b
0x0000024d0fca1c17:   74 24 24 66 0f 1f 44 00 00 7d af c4 c1 f9 7e c0
0x0000024d0fca1c27:   41 8b 4c b0 10 45 8b 6c cc 0c 4d 63 c5 c4 e1 f9
0x0000024d0fca1c37:   7e d5 49 3b e8 0f 1f 40 00 0f 83 f3 00 00 00 3b
0x0000024d0fca1c47:   f2 0f 83 e2 00 00 00 45 3b f5 0f 83 e2 00 00 00
0x0000024d0fca1c57:   49 8d 2c cc 41 8b ce 66 90 3b ca 73 25 41 3b f1
0x0000024d0fca1c67:   75 04 3b cf 74 1c 44 8b 44 8d 10 41 ff c3 45 85
0x0000024d0fca1c77:   c0 74 0f 66 0f 1f 44 00 00 43 3b 5c c4 10 75 02
0x0000024d0fca1c87:   ff c0 ff c1 3b cf 7c cf 41 3b ca 0f 8d f9 fe ff
0x0000024d0fca1c97:   ff 45 8b c2 44 2b c1 44 3b d1 44 0f 4c 44 24 04
0x0000024d0fca1ca7:   41 81 f8 d0 07 00 00 41 bd d0 07 00 00 45 0f 47
0x0000024d0fca1cb7:   c5 44 03 c1 3b ca 73 2a 90 41 3b f1 75 04 3b cf
0x0000024d0fca1cc7:   74 20 44 8b 6c 8d 10 41 ff c3 45 85 ed 74 13 66
0x0000024d0fca1cd7:   66 0f 1f 84 00 00 00 00 00 43 3b 5c ec 10 75 02
0x0000024d0fca1ce7:   ff c0 44 8b e9 41 ff c5 44 3b ea 0f 83 7a fe ff
0x0000024d0fca1cf7:   ff 41 3b f1 75 0c 66 66 90 44 3b ef 0f 84 69 fe
0x0000024d0fca1d07:   ff ff 4c 63 e9 46 8b 6c ad 14 41 ff c3 45 85 ed
0x0000024d0fca1d17:   0f 84 55 fe ff ff 66 66 90 43 3b 5c ec 10 0f 84 


Stack slot to memory mapping:
stack at sp + 0 slots: 0x0000000000000002 is an unknown value
stack at sp + 1 slots: 0x0000024d24e50690 is a thread
stack at sp + 2 slots: 0x0000024d23e79d50 is pointing into metadata
stack at sp + 3 slots: 0x00007ff9d211ba35 jvm.dll
stack at sp + 4 slots: 0x0000000524e50690 is an unknown value
stack at sp + 5 slots: 0x000000c6c0cfdca8 is pointing into the stack for thread: 0x0000024d24e50690
stack at sp + 6 slots: 0x0000000800c6f6e8 is a pointer to class: 
javafx.animation.AnimationTimer$AnimationTimerReceiver$$Lambda$154/0x0000000800c6f6e8 {0x0000000800c6f6f0}
stack at sp + 7 slots: 0x000000c6c0cfdc90 is pointing into the stack for thread: 0x0000024d24e50690

--------------------------------------------------------------------------------
[Constant Pool (empty)]

--------------------------------------------------------------------------------

[MachCode]
  0x0000024d0fca1aa0: 448b 5208 | 49c1 e203 | 49bb 0000 | 0000 0800 | 0000 4d03 | d349 3bc2 | 0f85 42a9 | 52f8 6690 
  0x0000024d0fca1ac0: 8984 2400 | 90ff ff55 | 4883 ec40 | c4e1 f96e | ca41 8bf1 | ffce 458b | d141 83c2 | 0266 6690 
  0x0000024d0fca1ae0: 413b f20f | 8d7f 0200 | 0041 8b50 | 0c44 3bca | 0f83 8a02 | 0000 478b | 5c88 100f | 1f44 0000 
  0x0000024d0fca1b00: 438b 5cdc | 0c3b fb0f | 8373 0200 | 0049 c1e3 | 0345 8b5c | bb10 6666 | 0f1f 8400 | 0000 0000 
  0x0000024d0fca1b20: 438b 5cdc | 10c4 c1f9 | 6ec0 4489 | 1424 448b | d741 ffc2 | 448b f741 | ffce 448b | df41 83c3 
  0x0000024d0fca1b40: 024d 63c3 | 49ff c8c4 | c1f9 6ed0 | 41b8 0000 | 0080 453b | da44 895c | 2424 450f | 4cd0 4533 
  0x0000024d0fca1b60: db33 c045 | 33c0 4489 | 4424 04e9 | a500 0000 | ffc0 83c1 | 0241 3bc8 | 0f8c 3d01 | 0000 4d8b 
  0x0000024d0fca1b80: 8710 0100 | 0041 8500 | 413b ca0f | 8c07 0100 | 003b 4c24 | 240f 8d36 | 0000 003b | ca73 2a90 
  0x0000024d0fca1ba0: 413b f175 | 043b cf74 | 2044 8b6c | 8d10 41ff | c345 85ed | 7413 6666 | 0f1f 8400 | 0000 0000 
  0x0000024d0fca1bc0: 433b 5cec | 1075 02ff | c0ff c13b | 4c24 247c | ca4d 8b87 | 1001 0000 | ffc6 4185 | 0066 6690 
  0x0000024d0fca1be0: 3b34 247c | 3045 85db | 0f84 7f01 | 0000 3d00 | 0000 8075 | 0833 d241 | 83fb ff74 | 0499 41f7 
  0x0000024d0fca1c00: fbc5 fb2a | c048 83c4 | 405d 4d8b | 9710 0100 | 0041 8502 | c344 3b74 | 2424 660f | 1f44 0000 
  0x0000024d0fca1c20: 7daf c4c1 | f97e c041 | 8b4c b010 | 458b 6ccc | 0c4d 63c5 | c4e1 f97e | d549 3be8 | 0f1f 4000 
  0x0000024d0fca1c40: 0f83 f300 | 0000 3bf2 | 0f83 e200 | 0000 453b | f50f 83e2 | 0000 0049 | 8d2c cc41 | 8bce 6690 
  0x0000024d0fca1c60: 3bca 7325 | 413b f175 | 043b cf74 | 1c44 8b44 | 8d10 41ff | c345 85c0 | 740f 660f | 1f44 0000 
  0x0000024d0fca1c80: 433b 5cc4 | 1075 02ff | c0ff c13b | cf7c cf41 | 3bca 0f8d | f9fe ffff | 458b c244 | 2bc1 443b 
  0x0000024d0fca1ca0: d144 0f4c | 4424 0441 | 81f8 d007 | 0000 41bd | d007 0000 | 450f 47c5 | 4403 c13b | ca73 2a90 
  0x0000024d0fca1cc0: 413b f175 | 043b cf74 | 2044 8b6c | 8d10 41ff | c345 85ed | 7413 6666 | 0f1f 8400 | 0000 0000 
  0x0000024d0fca1ce0: 433b 5cec | 1075 02ff | c044 8be9 | 41ff c544 | 3bea 0f83 | 7afe ffff | 413b f175 | 0c66 6690 
  0x0000024d0fca1d00: 443b ef0f | 8469 feff | ff4c 63e9 | 468b 6cad | 1441 ffc3 | 4585 ed0f | 8455 feff | ff66 6690 
  0x0000024d0fca1d20: 433b 5cec | 100f 8445 | feff ffe9 | 42fe ffff | 453b f50f | 8298 feff | ffba beff | ffff c4e1 
  0x0000024d0fca1d40: f97e cdc5 | fb11 0424 | 4489 4c24 | 0889 7c24 | 0c44 895c | 2410 8944 | 2414 8974 | 2418 4489 
  0x0000024d0fca1d60: 7424 20e8 | 18c6 52f8 | 4533 dbeb | 0344 8bd8 | ba86 ffff | ff41 8beb | 6666 90e8 | 00c6 52f8 
  0x0000024d0fca1d80: babe ffff | ffc4 e1f9 | 7ecd 4c89 | 0424 4489 | 4c24 0889 | 7c24 0c89 | 7424 1444 | 8954 2418 
  0x0000024d0fca1da0: 6666 90e8 | d8c5 52f8 | f4f4 f4f4 | f4f4 f4f4 | f4f4 f4f4 | f4f4 f4f4 | f4f4 f4f4 | f4f4 f4f4 
  0x0000024d0fca1dc0: e9bb 625d | f8e8 0000 | 0000 4883 | 2c24 05e9 | ccc1 52f8 | f4f4 f4f4 
[/MachCode]
--------------------------------------------------------------------------------


---------------  P R O C E S S  ---------------

Threads class SMR info:
_java_thread_list=0x0000024d2501a060, length=19, elements={
0x0000024d7c123bb0, 0x0000024d23d23fa0, 0x0000024d23d25220, 0x0000024d23d3a630,
0x0000024d23d3cf00, 0x0000024d23d3df60, 0x0000024d23d43c70, 0x0000024d23d47c20,
0x0000024d23d5adf0, 0x0000024d246d7c40, 0x0000024d246fee30, 0x0000024d248435b0,
0x0000024d24cf6ac0, 0x0000024d24dff190, 0x0000024d24f8b690, 0x0000024d24cfb6f0,
0x0000024d24e50690, 0x0000024d25428240, 0x0000024d25391d30
}

Java Threads: ( => current thread )
  0x0000024d7c123bb0 JavaThread "main" [_thread_blocked, id=11724, stack(0x000000c6bf500000,0x000000c6bf600000)]
  0x0000024d23d23fa0 JavaThread "Reference Handler" daemon [_thread_blocked, id=6140, stack(0x000000c6bfc00000,0x000000c6bfd00000)]
  0x0000024d23d25220 JavaThread "Finalizer" daemon [_thread_blocked, id=5528, stack(0x000000c6bfd00000,0x000000c6bfe00000)]
  0x0000024d23d3a630 JavaThread "Signal Dispatcher" daemon [_thread_blocked, id=3768, stack(0x000000c6bfe00000,0x000000c6bff00000)]
  0x0000024d23d3cf00 JavaThread "Attach Listener" daemon [_thread_blocked, id=13232, stack(0x000000c6bff00000,0x000000c6c0000000)]
  0x0000024d23d3df60 JavaThread "Service Thread" daemon [_thread_blocked, id=17444, stack(0x000000c6c0000000,0x000000c6c0100000)]
  0x0000024d23d43c70 JavaThread "C2 CompilerThread0" daemon [_thread_blocked, id=7316, stack(0x000000c6c0100000,0x000000c6c0200000)]
  0x0000024d23d47c20 JavaThread "C1 CompilerThread0" daemon [_thread_blocked, id=6796, stack(0x000000c6c0200000,0x000000c6c0300000)]
  0x0000024d23d5adf0 JavaThread "Sweeper thread" daemon [_thread_blocked, id=7500, stack(0x000000c6c0300000,0x000000c6c0400000)]
  0x0000024d246d7c40 JavaThread "Common-Cleaner" daemon [_thread_blocked, id=15404, stack(0x000000c6c0400000,0x000000c6c0500000)]
  0x0000024d246fee30 JavaThread "C2 CompilerThread1" daemon [_thread_blocked, id=14128, stack(0x000000c6c0500000,0x000000c6c0600000)]
  0x0000024d248435b0 JavaThread "C2 CompilerThread2" daemon [_thread_blocked, id=17952, stack(0x000000c6c0600000,0x000000c6c0700000)]
  0x0000024d24cf6ac0 JavaThread "Monitor Ctrl-Break" daemon [_thread_in_native, id=11564, stack(0x000000c6c0700000,0x000000c6c0800000)]
  0x0000024d24dff190 JavaThread "Notification Thread" daemon [_thread_blocked, id=17796, stack(0x000000c6c0800000,0x000000c6c0900000)]
  0x0000024d24f8b690 JavaThread "QuantumRenderer-0" daemon [_thread_blocked, id=15276, stack(0x000000c6c0a00000,0x000000c6c0b00000)]
  0x0000024d24cfb6f0 JavaThread "InvokeLaterDispatcher" daemon [_thread_blocked, id=16740, stack(0x000000c6c0b00000,0x000000c6c0c00000)]
=>0x0000024d24e50690 JavaThread "JavaFX Application Thread" [_thread_in_Java, id=1484, stack(0x000000c6c0c00000,0x000000c6c0d00000)]
  0x0000024d25428240 JavaThread "JavaFX-Launcher" [_thread_blocked, id=4688, stack(0x000000c6c1100000,0x000000c6c1200000)]
  0x0000024d25391d30 JavaThread "Thread-2" daemon [_thread_in_native, id=9044, stack(0x000000c6c1000000,0x000000c6c1100000)]

Other Threads:
  0x0000024d23d20060 VMThread "VM Thread" [stack: 0x000000c6bfb00000,0x000000c6bfc00000] [id=4036]
  0x0000024d24dff660 WatcherThread [stack: 0x000000c6c0900000,0x000000c6c0a00000] [id=7076]
  0x0000024d7c171da0 GCTaskThread "GC Thread#0" [stack: 0x000000c6bf600000,0x000000c6bf700000] [id=6732]
  0x0000024d24e0f870 GCTaskThread "GC Thread#1" [stack: 0x000000c6c1200000,0x000000c6c1300000] [id=2876]
  0x0000024d24e0d890 GCTaskThread "GC Thread#2" [stack: 0x000000c6c1300000,0x000000c6c1400000] [id=12920]
  0x0000024d24e0eee0 GCTaskThread "GC Thread#3" [stack: 0x000000c6c1400000,0x000000c6c1500000] [id=15848]
  0x0000024d24e0dbc0 GCTaskThread "GC Thread#4" [stack: 0x000000c6c1500000,0x000000c6c1600000] [id=12072]
  0x0000024d24e0fed0 GCTaskThread "GC Thread#5" [stack: 0x000000c6c1600000,0x000000c6c1700000] [id=11908]
  0x0000024d7c184af0 ConcurrentGCThread "G1 Main Marker" [stack: 0x000000c6bf700000,0x000000c6bf800000] [id=13620]
  0x0000024d7c185d90 ConcurrentGCThread "G1 Conc#0" [stack: 0x000000c6bf800000,0x000000c6bf900000] [id=13612]
  0x0000024d23c1a520 ConcurrentGCThread "G1 Refine#0" [stack: 0x000000c6bf900000,0x000000c6bfa00000] [id=3808]
  0x0000024d23c1b030 ConcurrentGCThread "G1 Young RemSet Sampling" [stack: 0x000000c6bfa00000,0x000000c6bfb00000] [id=15092]

Threads with active compile tasks:

VM state: not at safepoint (normal execution)

VM Mutex/Monitor currently owned by a thread: None

Heap address: 0x0000000703200000, size: 4046 MB, Compressed Oops mode: Zero based, Oop shift amount: 3
CDS archive(s) mapped at: [0x0000000800000000-0x0000000800b50000-0x0000000800b50000), size 11862016, SharedBaseAddress: 0x0000000800000000, ArchiveRelocationMode: 0.
Compressed class space mapped at: 0x0000000800b50000-0x0000000840b50000, size: 1073741824
Narrow klass base: 0x0000000800000000, Narrow klass shift: 3, Narrow klass range: 0x100000000

GC Precious Log:
 CPUs: 8 total, 8 available
 Memory: 16180M
 Large Page Support: Disabled
 NUMA Support: Disabled
 Compressed Oops: Enabled (Zero based)
 Heap Region Size: 2M
 Heap Min Capacity: 8M
 Heap Initial Capacity: 254M
 Heap Max Capacity: 4046M
 Pre-touch: Disabled
 Parallel Workers: 8
 Concurrent Workers: 2
 Concurrent Refinement Workers: 8
 Periodic GC: Disabled

Heap:
 garbage-first heap   total 260096K, used 9197K [0x0000000703200000, 0x0000000800000000)
  region size 2048K, 6 young (12288K), 2 survivors (4096K)
 Metaspace       used 7322K, capacity 9671K, committed 9856K, reserved 1058816K
  class space    used 942K, capacity 1152K, committed 1152K, reserved 1048576K

Heap Regions: E=young(eden), S=young(survivor), O=old, HS=humongous(starts), HC=humongous(continues), CS=collection set, F=free, OA=open archive, CA=closed archive, TAMS=top-at-mark-start (previous, next)
|   0|0x0000000703200000, 0x0000000703200000, 0x0000000703400000|  0%| F|  |TAMS 0x0000000703200000, 0x0000000703200000| Untracked 
|   1|0x0000000703400000, 0x0000000703400000, 0x0000000703600000|  0%| F|  |TAMS 0x0000000703400000, 0x0000000703400000| Untracked 
|   2|0x0000000703600000, 0x0000000703600000, 0x0000000703800000|  0%| F|  |TAMS 0x0000000703600000, 0x0000000703600000| Untracked 
|   3|0x0000000703800000, 0x0000000703800000, 0x0000000703a00000|  0%| F|  |TAMS 0x0000000703800000, 0x0000000703800000| Untracked 
|   4|0x0000000703a00000, 0x0000000703a00000, 0x0000000703c00000|  0%| F|  |TAMS 0x0000000703a00000, 0x0000000703a00000| Untracked 
|   5|0x0000000703c00000, 0x0000000703c00000, 0x0000000703e00000|  0%| F|  |TAMS 0x0000000703c00000, 0x0000000703c00000| Untracked 
|   6|0x0000000703e00000, 0x0000000703e00000, 0x0000000704000000|  0%| F|  |TAMS 0x0000000703e00000, 0x0000000703e00000| Untracked 
|   7|0x0000000704000000, 0x0000000704000000, 0x0000000704200000|  0%| F|  |TAMS 0x0000000704000000, 0x0000000704000000| Untracked 
|   8|0x0000000704200000, 0x0000000704200000, 0x0000000704400000|  0%| F|  |TAMS 0x0000000704200000, 0x0000000704200000| Untracked 
|   9|0x0000000704400000, 0x0000000704400000, 0x0000000704600000|  0%| F|  |TAMS 0x0000000704400000, 0x0000000704400000| Untracked 
|  10|0x0000000704600000, 0x0000000704600000, 0x0000000704800000|  0%| F|  |TAMS 0x0000000704600000, 0x0000000704600000| Untracked 
|  11|0x0000000704800000, 0x0000000704800000, 0x0000000704a00000|  0%| F|  |TAMS 0x0000000704800000, 0x0000000704800000| Untracked 
|  12|0x0000000704a00000, 0x0000000704a00000, 0x0000000704c00000|  0%| F|  |TAMS 0x0000000704a00000, 0x0000000704a00000| Untracked 
|  13|0x0000000704c00000, 0x0000000704c00000, 0x0000000704e00000|  0%| F|  |TAMS 0x0000000704c00000, 0x0000000704c00000| Untracked 
|  14|0x0000000704e00000, 0x0000000704e00000, 0x0000000705000000|  0%| F|  |TAMS 0x0000000704e00000, 0x0000000704e00000| Untracked 
|  15|0x0000000705000000, 0x0000000705000000, 0x0000000705200000|  0%| F|  |TAMS 0x0000000705000000, 0x0000000705000000| Untracked 
|  16|0x0000000705200000, 0x0000000705200000, 0x0000000705400000|  0%| F|  |TAMS 0x0000000705200000, 0x0000000705200000| Untracked 
|  17|0x0000000705400000, 0x0000000705400000, 0x0000000705600000|  0%| F|  |TAMS 0x0000000705400000, 0x0000000705400000| Untracked 
|  18|0x0000000705600000, 0x0000000705600000, 0x0000000705800000|  0%| F|  |TAMS 0x0000000705600000, 0x0000000705600000| Untracked 
|  19|0x0000000705800000, 0x0000000705800000, 0x0000000705a00000|  0%| F|  |TAMS 0x0000000705800000, 0x0000000705800000| Untracked 
|  20|0x0000000705a00000, 0x0000000705a00000, 0x0000000705c00000|  0%| F|  |TAMS 0x0000000705a00000, 0x0000000705a00000| Untracked 
|  21|0x0000000705c00000, 0x0000000705c00000, 0x0000000705e00000|  0%| F|  |TAMS 0x0000000705c00000, 0x0000000705c00000| Untracked 
|  22|0x0000000705e00000, 0x0000000705e00000, 0x0000000706000000|  0%| F|  |TAMS 0x0000000705e00000, 0x0000000705e00000| Untracked 
|  23|0x0000000706000000, 0x0000000706000000, 0x0000000706200000|  0%| F|  |TAMS 0x0000000706000000, 0x0000000706000000| Untracked 
|  24|0x0000000706200000, 0x0000000706200000, 0x0000000706400000|  0%| F|  |TAMS 0x0000000706200000, 0x0000000706200000| Untracked 
|  25|0x0000000706400000, 0x0000000706400000, 0x0000000706600000|  0%| F|  |TAMS 0x0000000706400000, 0x0000000706400000| Untracked 
|  26|0x0000000706600000, 0x0000000706600000, 0x0000000706800000|  0%| F|  |TAMS 0x0000000706600000, 0x0000000706600000| Untracked 
|  27|0x0000000706800000, 0x0000000706800000, 0x0000000706a00000|  0%| F|  |TAMS 0x0000000706800000, 0x0000000706800000| Untracked 
|  28|0x0000000706a00000, 0x0000000706a00000, 0x0000000706c00000|  0%| F|  |TAMS 0x0000000706a00000, 0x0000000706a00000| Untracked 
|  29|0x0000000706c00000, 0x0000000706c00000, 0x0000000706e00000|  0%| F|  |TAMS 0x0000000706c00000, 0x0000000706c00000| Untracked 
|  30|0x0000000706e00000, 0x0000000706e00000, 0x0000000707000000|  0%| F|  |TAMS 0x0000000706e00000, 0x0000000706e00000| Untracked 
|  31|0x0000000707000000, 0x0000000707000000, 0x0000000707200000|  0%| F|  |TAMS 0x0000000707000000, 0x0000000707000000| Untracked 
|  32|0x0000000707200000, 0x0000000707200000, 0x0000000707400000|  0%| F|  |TAMS 0x0000000707200000, 0x0000000707200000| Untracked 
|  33|0x0000000707400000, 0x0000000707400000, 0x0000000707600000|  0%| F|  |TAMS 0x0000000707400000, 0x0000000707400000| Untracked 
|  34|0x0000000707600000, 0x0000000707600000, 0x0000000707800000|  0%| F|  |TAMS 0x0000000707600000, 0x0000000707600000| Untracked 
|  35|0x0000000707800000, 0x0000000707800000, 0x0000000707a00000|  0%| F|  |TAMS 0x0000000707800000, 0x0000000707800000| Untracked 
|  36|0x0000000707a00000, 0x0000000707a00000, 0x0000000707c00000|  0%| F|  |TAMS 0x0000000707a00000, 0x0000000707a00000| Untracked 
|  37|0x0000000707c00000, 0x0000000707c00000, 0x0000000707e00000|  0%| F|  |TAMS 0x0000000707c00000, 0x0000000707c00000| Untracked 
|  38|0x0000000707e00000, 0x0000000707e00000, 0x0000000708000000|  0%| F|  |TAMS 0x0000000707e00000, 0x0000000707e00000| Untracked 
|  39|0x0000000708000000, 0x0000000708000000, 0x0000000708200000|  0%| F|  |TAMS 0x0000000708000000, 0x0000000708000000| Untracked 
|  40|0x0000000708200000, 0x0000000708200000, 0x0000000708400000|  0%| F|  |TAMS 0x0000000708200000, 0x0000000708200000| Untracked 
|  41|0x0000000708400000, 0x0000000708400000, 0x0000000708600000|  0%| F|  |TAMS 0x0000000708400000, 0x0000000708400000| Untracked 
|  42|0x0000000708600000, 0x0000000708600000, 0x0000000708800000|  0%| F|  |TAMS 0x0000000708600000, 0x0000000708600000| Untracked 
|  43|0x0000000708800000, 0x0000000708800000, 0x0000000708a00000|  0%| F|  |TAMS 0x0000000708800000, 0x0000000708800000| Untracked 
|  44|0x0000000708a00000, 0x0000000708a00000, 0x0000000708c00000|  0%| F|  |TAMS 0x0000000708a00000, 0x0000000708a00000| Untracked 
|  45|0x0000000708c00000, 0x0000000708c00000, 0x0000000708e00000|  0%| F|  |TAMS 0x0000000708c00000, 0x0000000708c00000| Untracked 
|  46|0x0000000708e00000, 0x0000000708e00000, 0x0000000709000000|  0%| F|  |TAMS 0x0000000708e00000, 0x0000000708e00000| Untracked 
|  47|0x0000000709000000, 0x0000000709000000, 0x0000000709200000|  0%| F|  |TAMS 0x0000000709000000, 0x0000000709000000| Untracked 
|  48|0x0000000709200000, 0x0000000709200000, 0x0000000709400000|  0%| F|  |TAMS 0x0000000709200000, 0x0000000709200000| Untracked 
|  49|0x0000000709400000, 0x0000000709400000, 0x0000000709600000|  0%| F|  |TAMS 0x0000000709400000, 0x0000000709400000| Untracked 
|  50|0x0000000709600000, 0x0000000709600000, 0x0000000709800000|  0%| F|  |TAMS 0x0000000709600000, 0x0000000709600000| Untracked 
|  51|0x0000000709800000, 0x0000000709800000, 0x0000000709a00000|  0%| F|  |TAMS 0x0000000709800000, 0x0000000709800000| Untracked 
|  52|0x0000000709a00000, 0x0000000709a00000, 0x0000000709c00000|  0%| F|  |TAMS 0x0000000709a00000, 0x0000000709a00000| Untracked 
|  53|0x0000000709c00000, 0x0000000709c00000, 0x0000000709e00000|  0%| F|  |TAMS 0x0000000709c00000, 0x0000000709c00000| Untracked 
|  54|0x0000000709e00000, 0x0000000709e00000, 0x000000070a000000|  0%| F|  |TAMS 0x0000000709e00000, 0x0000000709e00000| Untracked 
|  55|0x000000070a000000, 0x000000070a000000, 0x000000070a200000|  0%| F|  |TAMS 0x000000070a000000, 0x000000070a000000| Untracked 
|  56|0x000000070a200000, 0x000000070a200000, 0x000000070a400000|  0%| F|  |TAMS 0x000000070a200000, 0x000000070a200000| Untracked 
|  57|0x000000070a400000, 0x000000070a400000, 0x000000070a600000|  0%| F|  |TAMS 0x000000070a400000, 0x000000070a400000| Untracked 
|  58|0x000000070a600000, 0x000000070a600000, 0x000000070a800000|  0%| F|  |TAMS 0x000000070a600000, 0x000000070a600000| Untracked 
|  59|0x000000070a800000, 0x000000070a800000, 0x000000070aa00000|  0%| F|  |TAMS 0x000000070a800000, 0x000000070a800000| Untracked 
|  60|0x000000070aa00000, 0x000000070aa00000, 0x000000070ac00000|  0%| F|  |TAMS 0x000000070aa00000, 0x000000070aa00000| Untracked 
|  61|0x000000070ac00000, 0x000000070ac00000, 0x000000070ae00000|  0%| F|  |TAMS 0x000000070ac00000, 0x000000070ac00000| Untracked 
|  62|0x000000070ae00000, 0x000000070ae00000, 0x000000070b000000|  0%| F|  |TAMS 0x000000070ae00000, 0x000000070ae00000| Untracked 
|  63|0x000000070b000000, 0x000000070b000000, 0x000000070b200000|  0%| F|  |TAMS 0x000000070b000000, 0x000000070b000000| Untracked 
|  64|0x000000070b200000, 0x000000070b200000, 0x000000070b400000|  0%| F|  |TAMS 0x000000070b200000, 0x000000070b200000| Untracked 
|  65|0x000000070b400000, 0x000000070b400000, 0x000000070b600000|  0%| F|  |TAMS 0x000000070b400000, 0x000000070b400000| Untracked 
|  66|0x000000070b600000, 0x000000070b600000, 0x000000070b800000|  0%| F|  |TAMS 0x000000070b600000, 0x000000070b600000| Untracked 
|  67|0x000000070b800000, 0x000000070b800000, 0x000000070ba00000|  0%| F|  |TAMS 0x000000070b800000, 0x000000070b800000| Untracked 
|  68|0x000000070ba00000, 0x000000070ba00000, 0x000000070bc00000|  0%| F|  |TAMS 0x000000070ba00000, 0x000000070ba00000| Untracked 
|  69|0x000000070bc00000, 0x000000070bc00000, 0x000000070be00000|  0%| F|  |TAMS 0x000000070bc00000, 0x000000070bc00000| Untracked 
|  70|0x000000070be00000, 0x000000070be00000, 0x000000070c000000|  0%| F|  |TAMS 0x000000070be00000, 0x000000070be00000| Untracked 
|  71|0x000000070c000000, 0x000000070c000000, 0x000000070c200000|  0%| F|  |TAMS 0x000000070c000000, 0x000000070c000000| Untracked 
|  72|0x000000070c200000, 0x000000070c200000, 0x000000070c400000|  0%| F|  |TAMS 0x000000070c200000, 0x000000070c200000| Untracked 
|  73|0x000000070c400000, 0x000000070c400000, 0x000000070c600000|  0%| F|  |TAMS 0x000000070c400000, 0x000000070c400000| Untracked 
|  74|0x000000070c600000, 0x000000070c600000, 0x000000070c800000|  0%| F|  |TAMS 0x000000070c600000, 0x000000070c600000| Untracked 
|  75|0x000000070c800000, 0x000000070c800000, 0x000000070ca00000|  0%| F|  |TAMS 0x000000070c800000, 0x000000070c800000| Untracked 
|  76|0x000000070ca00000, 0x000000070ca00000, 0x000000070cc00000|  0%| F|  |TAMS 0x000000070ca00000, 0x000000070ca00000| Untracked 
|  77|0x000000070cc00000, 0x000000070cc00000, 0x000000070ce00000|  0%| F|  |TAMS 0x000000070cc00000, 0x000000070cc00000| Untracked 
|  78|0x000000070ce00000, 0x000000070ce00000, 0x000000070d000000|  0%| F|  |TAMS 0x000000070ce00000, 0x000000070ce00000| Untracked 
|  79|0x000000070d000000, 0x000000070d000000, 0x000000070d200000|  0%| F|  |TAMS 0x000000070d000000, 0x000000070d000000| Untracked 
|  80|0x000000070d200000, 0x000000070d200000, 0x000000070d400000|  0%| F|  |TAMS 0x000000070d200000, 0x000000070d200000| Untracked 
|  81|0x000000070d400000, 0x000000070d400000, 0x000000070d600000|  0%| F|  |TAMS 0x000000070d400000, 0x000000070d400000| Untracked 
|  82|0x000000070d600000, 0x000000070d600000, 0x000000070d800000|  0%| F|  |TAMS 0x000000070d600000, 0x000000070d600000| Untracked 
|  83|0x000000070d800000, 0x000000070d800000, 0x000000070da00000|  0%| F|  |TAMS 0x000000070d800000, 0x000000070d800000| Untracked 
|  84|0x000000070da00000, 0x000000070da00000, 0x000000070dc00000|  0%| F|  |TAMS 0x000000070da00000, 0x000000070da00000| Untracked 
|  85|0x000000070dc00000, 0x000000070dc00000, 0x000000070de00000|  0%| F|  |TAMS 0x000000070dc00000, 0x000000070dc00000| Untracked 
|  86|0x000000070de00000, 0x000000070de00000, 0x000000070e000000|  0%| F|  |TAMS 0x000000070de00000, 0x000000070de00000| Untracked 
|  87|0x000000070e000000, 0x000000070e000000, 0x000000070e200000|  0%| F|  |TAMS 0x000000070e000000, 0x000000070e000000| Untracked 
|  88|0x000000070e200000, 0x000000070e200000, 0x000000070e400000|  0%| F|  |TAMS 0x000000070e200000, 0x000000070e200000| Untracked 
|  89|0x000000070e400000, 0x000000070e400000, 0x000000070e600000|  0%| F|  |TAMS 0x000000070e400000, 0x000000070e400000| Untracked 
|  90|0x000000070e600000, 0x000000070e600000, 0x000000070e800000|  0%| F|  |TAMS 0x000000070e600000, 0x000000070e600000| Untracked 
|  91|0x000000070e800000, 0x000000070e800000, 0x000000070ea00000|  0%| F|  |TAMS 0x000000070e800000, 0x000000070e800000| Untracked 
|  92|0x000000070ea00000, 0x000000070ea00000, 0x000000070ec00000|  0%| F|  |TAMS 0x000000070ea00000, 0x000000070ea00000| Untracked 
|  93|0x000000070ec00000, 0x000000070ec00000, 0x000000070ee00000|  0%| F|  |TAMS 0x000000070ec00000, 0x000000070ec00000| Untracked 
|  94|0x000000070ee00000, 0x000000070ee00000, 0x000000070f000000|  0%| F|  |TAMS 0x000000070ee00000, 0x000000070ee00000| Untracked 
|  95|0x000000070f000000, 0x000000070f000000, 0x000000070f200000|  0%| F|  |TAMS 0x000000070f000000, 0x000000070f000000| Untracked 
|  96|0x000000070f200000, 0x000000070f200000, 0x000000070f400000|  0%| F|  |TAMS 0x000000070f200000, 0x000000070f200000| Untracked 
|  97|0x000000070f400000, 0x000000070f400000, 0x000000070f600000|  0%| F|  |TAMS 0x000000070f400000, 0x000000070f400000| Untracked 
|  98|0x000000070f600000, 0x000000070f600000, 0x000000070f800000|  0%| F|  |TAMS 0x000000070f600000, 0x000000070f600000| Untracked 
|  99|0x000000070f800000, 0x000000070f800000, 0x000000070fa00000|  0%| F|  |TAMS 0x000000070f800000, 0x000000070f800000| Untracked 
| 100|0x000000070fa00000, 0x000000070fa00000, 0x000000070fc00000|  0%| F|  |TAMS 0x000000070fa00000, 0x000000070fa00000| Untracked 
| 101|0x000000070fc00000, 0x000000070fc00000, 0x000000070fe00000|  0%| F|  |TAMS 0x000000070fc00000, 0x000000070fc00000| Untracked 
| 102|0x000000070fe00000, 0x000000070fe00000, 0x0000000710000000|  0%| F|  |TAMS 0x000000070fe00000, 0x000000070fe00000| Untracked 
| 103|0x0000000710000000, 0x0000000710000000, 0x0000000710200000|  0%| F|  |TAMS 0x0000000710000000, 0x0000000710000000| Untracked 
| 104|0x0000000710200000, 0x0000000710200000, 0x0000000710400000|  0%| F|  |TAMS 0x0000000710200000, 0x0000000710200000| Untracked 
| 105|0x0000000710400000, 0x0000000710400000, 0x0000000710600000|  0%| F|  |TAMS 0x0000000710400000, 0x0000000710400000| Untracked 
| 106|0x0000000710600000, 0x0000000710600000, 0x0000000710800000|  0%| F|  |TAMS 0x0000000710600000, 0x0000000710600000| Untracked 
| 107|0x0000000710800000, 0x0000000710800000, 0x0000000710a00000|  0%| F|  |TAMS 0x0000000710800000, 0x0000000710800000| Untracked 
| 108|0x0000000710a00000, 0x0000000710a00000, 0x0000000710c00000|  0%| F|  |TAMS 0x0000000710a00000, 0x0000000710a00000| Untracked 
| 109|0x0000000710c00000, 0x0000000710c00000, 0x0000000710e00000|  0%| F|  |TAMS 0x0000000710c00000, 0x0000000710c00000| Untracked 
| 110|0x0000000710e00000, 0x0000000710e00000, 0x0000000711000000|  0%| F|  |TAMS 0x0000000710e00000, 0x0000000710e00000| Untracked 
| 111|0x0000000711000000, 0x0000000711000000, 0x0000000711200000|  0%| F|  |TAMS 0x0000000711000000, 0x0000000711000000| Untracked 
| 112|0x0000000711200000, 0x0000000711200000, 0x0000000711400000|  0%| F|  |TAMS 0x0000000711200000, 0x0000000711200000| Untracked 
| 113|0x0000000711400000, 0x0000000711400000, 0x0000000711600000|  0%| F|  |TAMS 0x0000000711400000, 0x0000000711400000| Untracked 
| 114|0x0000000711600000, 0x00000007116fb410, 0x0000000711800000| 49%| S|CS|TAMS 0x0000000711600000, 0x0000000711600000| Complete 
| 115|0x0000000711800000, 0x0000000711a00000, 0x0000000711a00000|100%| S|CS|TAMS 0x0000000711800000, 0x0000000711800000| Complete 
| 116|0x0000000711a00000, 0x0000000711a00000, 0x0000000711c00000|  0%| F|  |TAMS 0x0000000711a00000, 0x0000000711a00000| Untracked 
| 117|0x0000000711c00000, 0x0000000711c00000, 0x0000000711e00000|  0%| F|  |TAMS 0x0000000711c00000, 0x0000000711c00000| Untracked 
| 118|0x0000000711e00000, 0x0000000711e00000, 0x0000000712000000|  0%| F|  |TAMS 0x0000000711e00000, 0x0000000711e00000| Untracked 
| 119|0x0000000712000000, 0x0000000712000000, 0x0000000712200000|  0%| F|  |TAMS 0x0000000712000000, 0x0000000712000000| Untracked 
| 120|0x0000000712200000, 0x0000000712200000, 0x0000000712400000|  0%| F|  |TAMS 0x0000000712200000, 0x0000000712200000| Untracked 
| 121|0x0000000712400000, 0x0000000712400000, 0x0000000712600000|  0%| F|  |TAMS 0x0000000712400000, 0x0000000712400000| Untracked 
| 122|0x0000000712600000, 0x0000000712600000, 0x0000000712800000|  0%| F|  |TAMS 0x0000000712600000, 0x0000000712600000| Untracked 
| 123|0x0000000712800000, 0x000000071291b4a0, 0x0000000712a00000| 55%| E|  |TAMS 0x0000000712800000, 0x0000000712800000| Complete 
| 124|0x0000000712a00000, 0x0000000712c00000, 0x0000000712c00000|100%| E|CS|TAMS 0x0000000712a00000, 0x0000000712a00000| Complete 
| 125|0x0000000712c00000, 0x0000000712e00000, 0x0000000712e00000|100%| E|CS|TAMS 0x0000000712c00000, 0x0000000712c00000| Complete 
| 126|0x0000000712e00000, 0x0000000713000000, 0x0000000713000000|100%| E|CS|TAMS 0x0000000712e00000, 0x0000000712e00000| Complete 

Card table byte_map: [0x0000024d18400000,0x0000024d18bf0000] _byte_map_base: 0x0000024d14be7000

Marking Bits (Prev, Next): (CMBitMap*) 0x0000024d7c1744c0, (CMBitMap*) 0x0000024d7c174500
 Prev Bits: [0x0000024d193e0000, 0x0000024d1d318000)
 Next Bits: [0x0000024d1d320000, 0x0000024d21258000)

Polling page: 0x0000024d00000000

Metaspace:

Usage:
  Non-class:      8.32 MB capacity,     6.23 MB ( 75%) used,     2.08 MB ( 25%) free+waste,    11.94 KB ( <1%) overhead. 
      Class:      1.13 MB capacity,   942.38 KB ( 82%) used,   204.43 KB ( 18%) free+waste,     5.19 KB ( <1%) overhead. 
       Both:      9.44 MB capacity,     7.15 MB ( 76%) used,     2.28 MB ( 24%) free+waste,    17.13 KB ( <1%) overhead. 

Virtual space:
  Non-class space:       10.00 MB reserved,       8.50 MB ( 85%) committed 
      Class space:        1.00 GB reserved,       1.13 MB ( <1%) committed 
             Both:        1.01 GB reserved,       9.63 MB ( <1%) committed 

Chunk freelists:
   Non-Class:  0 bytes
       Class:  0 bytes
        Both:  0 bytes

MaxMetaspaceSize: 17179869184.00 GB
CompressedClassSpaceSize: 1.00 GB

CodeHeap 'non-profiled nmethods': size=120000Kb used=327Kb max_used=327Kb free=119672Kb
 bounds [0x0000024d0fc50000, 0x0000024d0fec0000, 0x0000024d17180000]
CodeHeap 'profiled nmethods': size=120000Kb used=1522Kb max_used=1522Kb free=118477Kb
 bounds [0x0000024d08720000, 0x0000024d08990000, 0x0000024d0fc50000]
CodeHeap 'non-nmethods': size=5760Kb used=1307Kb max_used=1324Kb free=4452Kb
 bounds [0x0000024d08180000, 0x0000024d083f0000, 0x0000024d08720000]
 total_blobs=1583 nmethods=980 adapters=516
 compilation: enabled
              stopped_count=0, restarted_count=0
 full_count=0

Compilation events (20 events):
Event: 0.631 Thread 0x0000024d23d47c20  972       3       java.lang.Module::isNamed (13 bytes)
Event: 0.631 Thread 0x0000024d23d47c20 nmethod 972 0x0000024d0889a690 code [0x0000024d0889a820, 0x0000024d0889a978]
Event: 0.631 Thread 0x0000024d246fee30  973       4       java.lang.StringBuilder::append (8 bytes)
Event: 0.637 Thread 0x0000024d246fee30 nmethod 973 0x0000024d0fca0790 code [0x0000024d0fca0920, 0x0000024d0fca0f58]
Event: 0.659 Thread 0x0000024d23d47c20  974       3       java.lang.Class::cast (27 bytes)
Event: 0.659 Thread 0x0000024d23d47c20 nmethod 974 0x0000024d0889aa10 code [0x0000024d0889abc0, 0x0000024d0889ae78]
Event: 0.659 Thread 0x0000024d23d47c20  975       3       java.lang.Integer::getChars (131 bytes)
Event: 0.659 Thread 0x0000024d23d47c20 nmethod 975 0x0000024d0889af90 code [0x0000024d0889b160, 0x0000024d0889b598]
Event: 0.675 Thread 0x0000024d246fee30  976       4       Neighbours::aPercent (101 bytes)
Event: 0.675 Thread 0x0000024d23d47c20  977       1       java.lang.Module::getName (5 bytes)
Event: 0.675 Thread 0x0000024d23d47c20 nmethod 977 0x0000024d0fca1310 code [0x0000024d0fca14a0, 0x0000024d0fca1558]
Event: 0.675 Thread 0x0000024d23d47c20  978       3       java.lang.String::getChars (54 bytes)
Event: 0.675 Thread 0x0000024d23d43c70  980       4       java.lang.String::toString (2 bytes)
Event: 0.675 Thread 0x0000024d23d43c70 nmethod 980 0x0000024d0fca1610 code [0x0000024d0fca1780, 0x0000024d0fca17d8]
Event: 0.675 Thread 0x0000024d23d47c20 nmethod 978 0x0000024d0889b810 code [0x0000024d0889ba00, 0x0000024d0889be58]
Event: 0.675 Thread 0x0000024d23d47c20  979       3       java.lang.StringLatin1::getChars (12 bytes)
Event: 0.676 Thread 0x0000024d23d47c20 nmethod 979 0x0000024d0889c010 code [0x0000024d0889c1a0, 0x0000024d0889c2a8]
Event: 0.676 Thread 0x0000024d23d47c20  981       3       java.nio.CharBuffer::arrayOffset (35 bytes)
Event: 0.676 Thread 0x0000024d23d47c20 nmethod 981 0x0000024d0889c390 code [0x0000024d0889c560, 0x0000024d0889c838]
Event: 0.681 Thread 0x0000024d246fee30 nmethod 976 0x0000024d0fca1910 code [0x0000024d0fca1aa0, 0x0000024d0fca1dd8]

GC Heap History (2 events):
Event: 0.506 GC heap before
{Heap before GC invocations=0 (full 0):
 garbage-first heap   total 260096K, used 22528K [0x0000000703200000, 0x0000000800000000)
  region size 2048K, 11 young (22528K), 0 survivors (0K)
 Metaspace       used 5485K, capacity 8149K, committed 8448K, reserved 1056768K
  class space    used 675K, capacity 922K, committed 1024K, reserved 1048576K
}
Event: 0.508 GC heap after
{Heap after GC invocations=1 (full 0):
 garbage-first heap   total 260096K, used 3053K [0x0000000703200000, 0x0000000800000000)
  region size 2048K, 2 young (4096K), 2 survivors (4096K)
 Metaspace       used 5485K, capacity 8149K, committed 8448K, reserved 1056768K
  class space    used 675K, capacity 922K, committed 1024K, reserved 1048576K
}

Deoptimization events (20 events):
Event: 0.519 Thread 0x0000024d24e50690 Uncommon trap: trap_request=0xffffffde fr.pc=0x0000024d0fc98dc8 relative=0x0000000000000128
Event: 0.519 Thread 0x0000024d24e50690 Uncommon trap: reason=class_check action=maybe_recompile pc=0x0000024d0fc98dc8 method=jdk.internal.misc.Unsafe.allocateUninitializedArray(Ljava/lang/Class;I)Ljava/lang/Object; @ 51 c2
Event: 0.519 Thread 0x0000024d24e50690 DEOPT PACKING pc=0x0000024d0fc98dc8 sp=0x000000c6c0cfbc30
Event: 0.519 Thread 0x0000024d24e50690 DEOPT UNPACKING pc=0x0000024d081ce42f sp=0x000000c6c0cfbbb8 mode 2
Event: 0.520 Thread 0x0000024d24e50690 Uncommon trap: trap_request=0xffffffde fr.pc=0x0000024d0fc98dc8 relative=0x0000000000000128
Event: 0.520 Thread 0x0000024d24e50690 Uncommon trap: reason=class_check action=maybe_recompile pc=0x0000024d0fc98dc8 method=jdk.internal.misc.Unsafe.allocateUninitializedArray(Ljava/lang/Class;I)Ljava/lang/Object; @ 51 c2
Event: 0.520 Thread 0x0000024d24e50690 DEOPT PACKING pc=0x0000024d0fc98dc8 sp=0x000000c6c0cfbbd0
Event: 0.520 Thread 0x0000024d24e50690 DEOPT UNPACKING pc=0x0000024d081ce42f sp=0x000000c6c0cfbb58 mode 2
Event: 0.528 Thread 0x0000024d24e50690 Uncommon trap: trap_request=0xffffffde fr.pc=0x0000024d0fc98dc8 relative=0x0000000000000128
Event: 0.528 Thread 0x0000024d24e50690 Uncommon trap: reason=class_check action=maybe_recompile pc=0x0000024d0fc98dc8 method=jdk.internal.misc.Unsafe.allocateUninitializedArray(Ljava/lang/Class;I)Ljava/lang/Object; @ 51 c2
Event: 0.528 Thread 0x0000024d24e50690 DEOPT PACKING pc=0x0000024d0fc98dc8 sp=0x000000c6c0cfbfd0
Event: 0.528 Thread 0x0000024d24e50690 DEOPT UNPACKING pc=0x0000024d081ce42f sp=0x000000c6c0cfbf58 mode 2
Event: 0.528 Thread 0x0000024d24e50690 Uncommon trap: trap_request=0xffffffde fr.pc=0x0000024d0fc98dc8 relative=0x0000000000000128
Event: 0.528 Thread 0x0000024d24e50690 Uncommon trap: reason=class_check action=maybe_recompile pc=0x0000024d0fc98dc8 method=jdk.internal.misc.Unsafe.allocateUninitializedArray(Ljava/lang/Class;I)Ljava/lang/Object; @ 51 c2
Event: 0.528 Thread 0x0000024d24e50690 DEOPT PACKING pc=0x0000024d0fc98dc8 sp=0x000000c6c0cfbfd0
Event: 0.528 Thread 0x0000024d24e50690 DEOPT UNPACKING pc=0x0000024d081ce42f sp=0x000000c6c0cfbf58 mode 2
Event: 0.547 Thread 0x0000024d24e50690 Uncommon trap: trap_request=0xffffff45 fr.pc=0x0000024d0fc736b4 relative=0x0000000000000034
Event: 0.547 Thread 0x0000024d24e50690 Uncommon trap: reason=unstable_if action=reinterpret pc=0x0000024d0fc736b4 method=java.lang.StringLatin1.canEncode(I)Z @ 4 c2
Event: 0.547 Thread 0x0000024d24e50690 DEOPT PACKING pc=0x0000024d0fc736b4 sp=0x000000c6c0cfb6e0
Event: 0.547 Thread 0x0000024d24e50690 DEOPT UNPACKING pc=0x0000024d081ce42f sp=0x000000c6c0cfb670 mode 2

Classes unloaded (0 events):
No events

Classes redefined (0 events):
No events

Internal exceptions (20 events):
Event: 0.345 Thread 0x0000024d7c123bb0 Exception <a 'java/lang/NoSuchMethodError'{0x00000007125d8690}: 'void java.lang.invoke.DirectMethodHandle$Holder.invokeStatic(java.lang.Object, java.lang.Object, java.lang.Object)'> (0x00000007125d8690) 
thrown [./open/src/hotspot/share/interpreter/linkResolver.cpp, line 782]
Event: 0.368 Thread 0x0000024d7c123bb0 Exception <a 'java/lang/NoSuchMethodError'{0x00000007125f4ba8}: 'int java.lang.invoke.DirectMethodHandle$Holder.invokeStaticInit(java.lang.Object, java.lang.Object, java.lang.Object)'> (0x00000007125f4ba8) 
thrown [./open/src/hotspot/share/interpreter/linkResolver.cpp, line 782]
Event: 0.386 Thread 0x0000024d7c123bb0 Exception <a 'java/lang/NoSuchMethodError'{0x000000071231ae50}: 'java.lang.Object java.lang.invoke.DirectMethodHandle$Holder.newInvokeSpecial(java.lang.Object, java.lang.Object, int, java.lang.Object)'> (0x000000071231ae50) 
thrown [./open/src/hotspot/share/interpreter/linkResolver.cpp, line 782]
Event: 0.387 Thread 0x0000024d7c123bb0 Exception <a 'java/lang/NoSuchMethodError'{0x000000071231f338}: 'java.lang.Object java.lang.invoke.DirectMethodHandle$Holder.invokeSpecial(java.lang.Object, java.lang.Object, java.lang.Object, int, java.lang.Object)'> (0x000000071231f338) 
thrown [./open/src/hotspot/share/interpreter/linkResolver.cpp, line 782]
Event: 0.432 Thread 0x0000024d24e50690 Exception <a 'java/lang/NoSuchMethodError'{0x0000000711e44458}: 'void java.lang.invoke.DirectMethodHandle$Holder.invokeStaticInit(java.lang.Object)'> (0x0000000711e44458) 
thrown [./open/src/hotspot/share/interpreter/linkResolver.cpp, line 782]
Event: 0.434 Thread 0x0000024d7c123bb0 Exception <a 'java/lang/NoSuchMethodError'{0x0000000712335600}: 'java.lang.Object java.lang.invoke.DirectMethodHandle$Holder.newInvokeSpecial(java.lang.Object, java.lang.Object, java.lang.Object, java.lang.Object, java.lang.Object, java.lang.Object)'> (0x0000000712335600) 
thrown [./open/src/hotspot/share/interpreter/linkResolver.cpp, line 782]
Event: 0.443 Thread 0x0000024d7c123bb0 Exception <a 'java/lang/NoSuchMethodError'{0x0000000711efe208}: 'java.lang.Object java.lang.invoke.DirectMethodHandle$Holder.newInvokeSpecial(java.lang.Object, java.lang.Object, java.lang.Object, java.lang.Object, java.lang.Object)'> (0x0000000711efe208) 
thrown [./open/src/hotspot/share/interpreter/linkResolver.cpp, line 782]
Event: 0.444 Thread 0x0000024d25428240 Exception <a 'java/lang/NoSuchMethodError'{0x0000000711f5f378}: 'void java.lang.invoke.DirectMethodHandle$Holder.invokeStatic(java.lang.Object, java.lang.Object, java.lang.Object, java.lang.Object)'> (0x0000000711f5f378) 
thrown [./open/src/hotspot/share/interpreter/linkResolver.cpp, line 782]
Event: 0.478 Thread 0x0000024d24e50690 Exception <a 'java/lang/NoSuchMethodError'{0x0000000711a162f0}: 'java.lang.Object java.lang.invoke.DirectMethodHandle$Holder.invokeStaticInit(java.lang.Object, java.lang.Object, java.lang.Object, java.lang.Object)'> (0x0000000711a162f0) 
thrown [./open/src/hotspot/share/interpreter/linkResolver.cpp, line 782]
Event: 0.479 Thread 0x0000024d24e50690 Exception <a 'java/lang/NullPointerException'{0x0000000711a22230}> (0x0000000711a22230) 
thrown [./open/src/hotspot/share/interpreter/linkResolver.cpp, line 1374]
Event: 0.481 Thread 0x0000024d24e50690 Exception <a 'java/lang/NoSuchMethodError'{0x0000000711a3e2d8}: 'void java.lang.invoke.DirectMethodHandle$Holder.invokeSpecial(java.lang.Object, java.lang.Object, java.lang.Object, java.lang.Object, java.lang.Object)'> (0x0000000711a3e2d8) 
thrown [./open/src/hotspot/share/interpreter/linkResolver.cpp, line 782]
Event: 0.614 Thread 0x0000024d24e50690 Exception <a 'java/lang/NoSuchMethodError'{0x00000007128064c0}: 'java.lang.Object java.lang.invoke.DirectMethodHandle$Holder.newInvokeSpecial(java.lang.Object, java.lang.Object, int)'> (0x00000007128064c0) 
thrown [./open/src/hotspot/share/interpreter/linkResolver.cpp, line 782]
Event: 0.625 Thread 0x0000024d24e50690 Exception <a 'java/lang/NoSuchMethodError'{0x000000071282a678}: 'long java.lang.invoke.DirectMethodHandle$Holder.invokeStatic(java.lang.Object, java.lang.Object, java.lang.Object)'> (0x000000071282a678) 
thrown [./open/src/hotspot/share/interpreter/linkResolver.cpp, line 782]
Event: 0.625 Thread 0x0000024d24e50690 Exception <a 'java/lang/NoSuchMethodError'{0x000000071282e028}: 'long java.lang.invoke.DirectMethodHandle$Holder.invokeStaticInit(java.lang.Object, java.lang.Object, java.lang.Object)'> (0x000000071282e028) 
thrown [./open/src/hotspot/share/interpreter/linkResolver.cpp, line 782]
Event: 0.629 Thread 0x0000024d24e50690 Exception <a 'java/lang/NoSuchMethodError'{0x0000000712846518}: 'java.lang.Object java.lang.invoke.DirectMethodHandle$Holder.newInvokeSpecial(java.lang.Object, java.lang.Object, long)'> (0x0000000712846518) 
thrown [./open/src/hotspot/share/interpreter/linkResolver.cpp, line 782]
Event: 0.629 Thread 0x0000024d24e50690 Exception <a 'java/lang/NoSuchMethodError'{0x000000071284a288}: 'java.lang.Object java.lang.invoke.Invokers$Holder.linkToTargetMethod(java.lang.Object, long, java.lang.Object)'> (0x000000071284a288) 
thrown [./open/src/hotspot/share/interpreter/linkResolver.cpp, line 782]
Event: 0.630 Thread 0x0000024d24e50690 Exception <a 'java/lang/ArrayIndexOutOfBoundsException'{0x000000071284ee78}: Index 449 out of bounds for length 449> (0x000000071284ee78) 
thrown [./open/src/hotspot/share/interpreter/interpreterRuntime.cpp, line 443]
Event: 0.643 Thread 0x0000024d24e50690 Exception <a 'java/lang/ArrayIndexOutOfBoundsException'{0x00000007128564c0}: Index 449 out of bounds for length 449> (0x00000007128564c0) 
thrown [./open/src/hotspot/share/interpreter/interpreterRuntime.cpp, line 443]
Event: 0.659 Thread 0x0000024d24e50690 Exception <a 'java/lang/ArrayIndexOutOfBoundsException'{0x000000071285d4b8}: Index 449 out of bounds for length 449> (0x000000071285d4b8) 
thrown [./open/src/hotspot/share/interpreter/interpreterRuntime.cpp, line 443]
Event: 0.675 Thread 0x0000024d24e50690 Exception <a 'java/lang/ArrayIndexOutOfBoundsException'{0x00000007128644b0}: Index 449 out of bounds for length 449> (0x00000007128644b0) 
thrown [./open/src/hotspot/share/interpreter/interpreterRuntime.cpp, line 443]

Events (20 events):
Event: 0.552 loading class java/lang/NoSuchFieldError
Event: 0.552 loading class java/lang/NoSuchFieldError done
Event: 0.569 loading class java/lang/StrictMath
Event: 0.570 loading class java/lang/StrictMath done
Event: 0.596 loading class jdk/jfr/FlightRecorder
Event: 0.596 loading class jdk/jfr/FlightRecorder done
Event: 0.620 loading class java/util/WeakHashMap$EntrySet
Event: 0.620 loading class java/util/WeakHashMap$EntrySet done
Event: 0.620 loading class java/util/WeakHashMap$EntryIterator
Event: 0.620 loading class java/util/WeakHashMap$EntryIterator done
Event: 0.623 loading class java/util/ConcurrentModificationException
Event: 0.623 loading class java/util/ConcurrentModificationException done
Event: 0.624 loading class java/util/concurrent/ConcurrentLinkedQueue
Event: 0.624 loading class java/util/concurrent/ConcurrentLinkedQueue done
Event: 0.624 loading class java/util/concurrent/ConcurrentLinkedQueue$Node
Event: 0.624 loading class java/util/concurrent/ConcurrentLinkedQueue$Node done
Event: 0.630 loading class java/lang/Throwable$WrappedPrintStream
Event: 0.631 loading class java/lang/Throwable$PrintStreamOrWriter
Event: 0.631 loading class java/lang/Throwable$PrintStreamOrWriter done
Event: 0.631 loading class java/lang/Throwable$WrappedPrintStream done


Dynamic libraries:
0x00007ff650810000 - 0x00007ff65081d000 	C:\Users\lehun\jdk-15.0.2\bin\java.exe
0x00007ffa32c40000 - 0x00007ffa32e30000 	C:\Windows\SYSTEM32\ntdll.dll
0x00007ffa317b0000 - 0x00007ffa31862000 	C:\Windows\System32\KERNEL32.DLL
0x00007ffa309c0000 - 0x00007ffa30c65000 	C:\Windows\System32\KERNELBASE.dll
0x00007ffa2fbc0000 - 0x00007ffa2fcba000 	C:\Windows\System32\ucrtbase.dll
0x00007ffa062b0000 - 0x00007ffa062c9000 	C:\Users\lehun\jdk-15.0.2\bin\VCRUNTIME140.dll
0x00007ffa06290000 - 0x00007ffa062a8000 	C:\Users\lehun\jdk-15.0.2\bin\jli.dll
0x00007ffa32300000 - 0x00007ffa32494000 	C:\Windows\System32\USER32.dll
0x00007ffa1b220000 - 0x00007ffa1b4a4000 	C:\Windows\WinSxS\amd64_microsoft.windows.common-controls_6595b64144ccf1df_6.0.18362.1316_none_9e7a364fe461dbd7\COMCTL32.dll
0x00007ffa30760000 - 0x00007ffa30781000 	C:\Windows\System32\win32u.dll
0x00007ffa31a90000 - 0x00007ffa31b2e000 	C:\Windows\System32\msvcrt.dll
0x00007ffa31890000 - 0x00007ffa318b6000 	C:\Windows\System32\GDI32.dll
0x00007ffa312a0000 - 0x00007ffa315d7000 	C:\Windows\System32\combase.dll
0x00007ffa30790000 - 0x00007ffa30928000 	C:\Windows\System32\gdi32full.dll
0x00007ffa31c40000 - 0x00007ffa31d5f000 	C:\Windows\System32\RPCRT4.dll
0x00007ffa304c0000 - 0x00007ffa3055e000 	C:\Windows\System32\msvcp_win.dll
0x00007ffa30930000 - 0x00007ffa309b1000 	C:\Windows\System32\bcryptPrimitives.dll
0x00007ffa31f90000 - 0x00007ffa31fbe000 	C:\Windows\System32\IMM32.DLL
0x00007ffa2c390000 - 0x00007ffa2c39c000 	C:\Users\lehun\jdk-15.0.2\bin\vcruntime140_1.dll
0x00007ff9ee300000 - 0x00007ff9ee391000 	C:\Users\lehun\jdk-15.0.2\bin\msvcp140.dll
0x00007ff9d1dd0000 - 0x00007ff9d292e000 	C:\Users\lehun\jdk-15.0.2\bin\server\jvm.dll
0x00007ffa315e0000 - 0x00007ffa31683000 	C:\Windows\System32\ADVAPI32.dll
0x00007ffa31690000 - 0x00007ffa31727000 	C:\Windows\System32\sechost.dll
0x00007ffa30dc0000 - 0x00007ffa30dc8000 	C:\Windows\System32\PSAPI.DLL
0x00007ffa0d890000 - 0x00007ffa0d899000 	C:\Windows\SYSTEM32\WSOCK32.dll
0x00007ffa2db90000 - 0x00007ffa2dbb4000 	C:\Windows\SYSTEM32\WINMM.dll
0x00007ffa28370000 - 0x00007ffa2837a000 	C:\Windows\SYSTEM32\VERSION.dll
0x00007ffa31ea0000 - 0x00007ffa31f0f000 	C:\Windows\System32\WS2_32.dll
0x00007ffa2db60000 - 0x00007ffa2db8d000 	C:\Windows\SYSTEM32\WINMMBASE.dll
0x00007ffa2fcc0000 - 0x00007ffa2fd0a000 	C:\Windows\System32\cfgmgr32.dll
0x00007ffa2fb00000 - 0x00007ffa2fb11000 	C:\Windows\System32\kernel.appcore.dll
0x00007ffa2c330000 - 0x00007ffa2c33a000 	C:\Users\lehun\jdk-15.0.2\bin\jimage.dll
0x00007ffa225d0000 - 0x00007ffa227c4000 	C:\Windows\SYSTEM32\DBGHELP.DLL
0x00007ffa12d30000 - 0x00007ffa12d5a000 	C:\Windows\SYSTEM32\dbgcore.DLL
0x00007ffa29980000 - 0x00007ffa2998e000 	C:\Users\lehun\jdk-15.0.2\bin\instrument.dll
0x00007ffa06220000 - 0x00007ffa06245000 	C:\Users\lehun\jdk-15.0.2\bin\java.dll
0x00007ffa32510000 - 0x00007ffa32bf8000 	C:\Windows\System32\SHELL32.dll
0x00007ffa31b90000 - 0x00007ffa31c37000 	C:\Windows\System32\shcore.dll
0x00007ffa2fd40000 - 0x00007ffa304bb000 	C:\Windows\System32\windows.storage.dll
0x00007ffa2fb70000 - 0x00007ffa2fb93000 	C:\Windows\System32\profapi.dll
0x00007ffa2fb20000 - 0x00007ffa2fb6a000 	C:\Windows\System32\powrprof.dll
0x00007ffa2faf0000 - 0x00007ffa2fb00000 	C:\Windows\System32\UMPDC.dll
0x00007ffa31fc0000 - 0x00007ffa32012000 	C:\Windows\System32\shlwapi.dll
0x00007ffa30c70000 - 0x00007ffa30c87000 	C:\Windows\System32\cryptsp.dll
0x00007ffa06160000 - 0x00007ffa06179000 	C:\Users\lehun\jdk-15.0.2\bin\net.dll
0x00007ffa2abf0000 - 0x00007ffa2ace0000 	C:\Windows\SYSTEM32\WINHTTP.dll
0x00007ffa2f330000 - 0x00007ffa2f397000 	C:\Windows\system32\mswsock.dll
0x00007ffa06060000 - 0x00007ffa06072000 	C:\Users\lehun\jdk-15.0.2\bin\nio.dll
0x00007ffa036a0000 - 0x00007ffa036b8000 	C:\Users\lehun\jdk-15.0.2\bin\zip.dll
0x00007ffa03680000 - 0x00007ffa0369a000 	C:\Program Files\JetBrains\IntelliJ IDEA Community Edition 2020.3.1\bin\breakgen64.dll
0x0000024d26270000 - 0x0000024d26273000 	C:\Users\lehun\javafx-sdk-15.0.1\bin\api-ms-win-core-console-l1-1-0.dll
0x0000024d26280000 - 0x0000024d26283000 	C:\Users\lehun\javafx-sdk-15.0.1\bin\api-ms-win-core-console-l1-2-0.dll
0x0000024d26290000 - 0x0000024d26293000 	C:\Users\lehun\javafx-sdk-15.0.1\bin\api-ms-win-core-datetime-l1-1-0.dll
0x0000024d262a0000 - 0x0000024d262a3000 	C:\Users\lehun\javafx-sdk-15.0.1\bin\api-ms-win-core-debug-l1-1-0.dll
0x0000024d262b0000 - 0x0000024d262b3000 	C:\Users\lehun\javafx-sdk-15.0.1\bin\api-ms-win-core-errorhandling-l1-1-0.dll
0x0000024d262c0000 - 0x0000024d262c4000 	C:\Users\lehun\javafx-sdk-15.0.1\bin\api-ms-win-core-file-l1-1-0.dll
0x0000024d262d0000 - 0x0000024d262d3000 	C:\Users\lehun\javafx-sdk-15.0.1\bin\api-ms-win-core-file-l1-2-0.dll
0x0000024d262e0000 - 0x0000024d262e3000 	C:\Users\lehun\javafx-sdk-15.0.1\bin\api-ms-win-core-file-l2-1-0.dll
0x0000024d262f0000 - 0x0000024d262f3000 	C:\Users\lehun\javafx-sdk-15.0.1\bin\api-ms-win-core-handle-l1-1-0.dll
0x0000024d26300000 - 0x0000024d26303000 	C:\Users\lehun\javafx-sdk-15.0.1\bin\api-ms-win-core-heap-l1-1-0.dll
0x0000024d26310000 - 0x0000024d26313000 	C:\Users\lehun\javafx-sdk-15.0.1\bin\api-ms-win-core-interlocked-l1-1-0.dll
0x0000024d26680000 - 0x0000024d26683000 	C:\Users\lehun\javafx-sdk-15.0.1\bin\api-ms-win-core-libraryloader-l1-1-0.dll
0x0000024d26690000 - 0x0000024d26693000 	C:\Users\lehun\javafx-sdk-15.0.1\bin\api-ms-win-core-localization-l1-2-0.dll
0x0000024d266a0000 - 0x0000024d266a3000 	C:\Users\lehun\javafx-sdk-15.0.1\bin\api-ms-win-core-memory-l1-1-0.dll
0x0000024d266b0000 - 0x0000024d266b3000 	C:\Users\lehun\javafx-sdk-15.0.1\bin\api-ms-win-core-namedpipe-l1-1-0.dll
0x0000024d266c0000 - 0x0000024d266c3000 	C:\Users\lehun\javafx-sdk-15.0.1\bin\api-ms-win-core-processenvironment-l1-1-0.dll
0x0000024d266d0000 - 0x0000024d266d3000 	C:\Users\lehun\javafx-sdk-15.0.1\bin\api-ms-win-core-processthreads-l1-1-0.dll
0x0000024d26320000 - 0x0000024d26323000 	C:\Users\lehun\javafx-sdk-15.0.1\bin\api-ms-win-core-processthreads-l1-1-1.dll
0x0000024d26330000 - 0x0000024d26333000 	C:\Users\lehun\javafx-sdk-15.0.1\bin\api-ms-win-core-profile-l1-1-0.dll
0x0000024d26340000 - 0x0000024d26343000 	C:\Users\lehun\javafx-sdk-15.0.1\bin\api-ms-win-core-rtlsupport-l1-1-0.dll
0x0000024d26350000 - 0x0000024d26353000 	C:\Users\lehun\javafx-sdk-15.0.1\bin\api-ms-win-core-string-l1-1-0.dll
0x0000024d26360000 - 0x0000024d26363000 	C:\Users\lehun\javafx-sdk-15.0.1\bin\api-ms-win-core-synch-l1-1-0.dll
0x0000024d26370000 - 0x0000024d26373000 	C:\Users\lehun\javafx-sdk-15.0.1\bin\api-ms-win-core-synch-l1-2-0.dll
0x0000024d26380000 - 0x0000024d26383000 	C:\Users\lehun\javafx-sdk-15.0.1\bin\api-ms-win-core-sysinfo-l1-1-0.dll
0x0000024d26390000 - 0x0000024d26393000 	C:\Users\lehun\javafx-sdk-15.0.1\bin\api-ms-win-core-timezone-l1-1-0.dll
0x0000024d263a0000 - 0x0000024d263a3000 	C:\Users\lehun\javafx-sdk-15.0.1\bin\api-ms-win-core-util-l1-1-0.dll
0x0000024d263b0000 - 0x0000024d263b3000 	C:\Users\lehun\javafx-sdk-15.0.1\bin\api-ms-win-crt-conio-l1-1-0.dll
0x0000024d263c0000 - 0x0000024d263c4000 	C:\Users\lehun\javafx-sdk-15.0.1\bin\api-ms-win-crt-convert-l1-1-0.dll
0x0000024d263d0000 - 0x0000024d263d3000 	C:\Users\lehun\javafx-sdk-15.0.1\bin\api-ms-win-crt-environment-l1-1-0.dll
0x0000024d263e0000 - 0x0000024d263e3000 	C:\Users\lehun\javafx-sdk-15.0.1\bin\api-ms-win-crt-filesystem-l1-1-0.dll
0x0000024d263f0000 - 0x0000024d263f3000 	C:\Users\lehun\javafx-sdk-15.0.1\bin\api-ms-win-crt-heap-l1-1-0.dll
0x0000024d26400000 - 0x0000024d26403000 	C:\Users\lehun\javafx-sdk-15.0.1\bin\api-ms-win-crt-locale-l1-1-0.dll
0x0000024d26410000 - 0x0000024d26415000 	C:\Users\lehun\javafx-sdk-15.0.1\bin\api-ms-win-crt-math-l1-1-0.dll
0x0000024d26420000 - 0x0000024d26425000 	C:\Users\lehun\javafx-sdk-15.0.1\bin\api-ms-win-crt-multibyte-l1-1-0.dll
0x0000024d26430000 - 0x0000024d26440000 	C:\Users\lehun\javafx-sdk-15.0.1\bin\api-ms-win-crt-private-l1-1-0.dll
0x0000024d26440000 - 0x0000024d26443000 	C:\Users\lehun\javafx-sdk-15.0.1\bin\api-ms-win-crt-process-l1-1-0.dll
0x0000024d26450000 - 0x0000024d26454000 	C:\Users\lehun\javafx-sdk-15.0.1\bin\api-ms-win-crt-runtime-l1-1-0.dll
0x0000024d26460000 - 0x0000024d26464000 	C:\Users\lehun\javafx-sdk-15.0.1\bin\api-ms-win-crt-stdio-l1-1-0.dll
0x0000024d26470000 - 0x0000024d26474000 	C:\Users\lehun\javafx-sdk-15.0.1\bin\api-ms-win-crt-string-l1-1-0.dll
0x0000024d26480000 - 0x0000024d26483000 	C:\Users\lehun\javafx-sdk-15.0.1\bin\api-ms-win-crt-time-l1-1-0.dll
0x0000024d26490000 - 0x0000024d26493000 	C:\Users\lehun\javafx-sdk-15.0.1\bin\api-ms-win-crt-utility-l1-1-0.dll
0x00007ff9e7f30000 - 0x00007ff9e802c000 	C:\Users\lehun\javafx-sdk-15.0.1\bin\ucrtbase.dll
0x00007ffa29940000 - 0x00007ffa29955000 	C:\Users\lehun\javafx-sdk-15.0.1\bin\vcruntime140.dll
0x00007ff9e4950000 - 0x00007ff9e49eb000 	C:\Users\lehun\javafx-sdk-15.0.1\bin\msvcp140.dll
0x00007ffa02870000 - 0x00007ffa02893000 	C:\Users\lehun\javafx-sdk-15.0.1\bin\prism_d3d.dll
0x00007ff9d8f30000 - 0x00007ff9d90f7000 	C:\Windows\system32\d3d9.dll
0x00007ffa2deb0000 - 0x00007ffa2dedd000 	C:\Windows\SYSTEM32\dwmapi.dll
0x00007ffa2e6f0000 - 0x00007ffa2e710000 	C:\Windows\SYSTEM32\dxcore.dll
0x00007ffa2ddc0000 - 0x00007ffa2de59000 	C:\Windows\system32\uxtheme.dll
0x00007ff9d7860000 - 0x00007ff9d79c3000 	C:\Windows\System32\DriverStore\FileRepository\iigd_dch.inf_amd64_a27adb6f3c75ef42\igdumdim64.dll
0x00007ff9b1560000 - 0x00007ff9b571f000 	C:\Windows\System32\DriverStore\FileRepository\iigd_dch.inf_amd64_a27adb6f3c75ef42\igd9dxva64.dll
0x00007ffa320f0000 - 0x00007ffa32247000 	C:\Windows\System32\ole32.dll
0x00007ffa30cf0000 - 0x00007ffa30db5000 	C:\Windows\System32\OLEAUT32.dll
0x00007ffa281c0000 - 0x00007ffa28363000 	C:\Windows\System32\DriverStore\FileRepository\iigd_dch.inf_amd64_a27adb6f3c75ef42\igdgmm64.dll
0x00007ffa012a0000 - 0x00007ffa012e5000 	C:\Users\lehun\javafx-sdk-15.0.1\bin\glass.dll
0x00007ffa32020000 - 0x00007ffa320f0000 	C:\Windows\System32\COMDLG32.dll
0x00007ffa31d60000 - 0x00007ffa31e95000 	C:\Windows\System32\MSCTF.dll
0x00007ffa1aca0000 - 0x00007ffa1acc6000 	C:\Windows\System32\DriverStore\FileRepository\iigd_dch.inf_amd64_a27adb6f3c75ef42\igdinfo64.dll
0x00007ffa23900000 - 0x00007ffa25d3d000 	C:\Windows\System32\DriverStore\FileRepository\iigd_dch.inf_amd64_a27adb6f3c75ef42\igc64.dll
0x00007ffa03580000 - 0x00007ffa03594000 	C:\Users\lehun\javafx-sdk-15.0.1\bin\javafx_font.dll
0x00007ffa1fc10000 - 0x00007ffa1ff0e000 	C:\Windows\SYSTEM32\dwrite.dll
0x00007ffa32250000 - 0x00007ffa322f2000 	C:\Windows\System32\clbcatq.dll
0x00007ffa2aa30000 - 0x00007ffa2abdf000 	C:\Windows\SYSTEM32\WindowsCodecs.dll
0x00007ff9f6660000 - 0x00007ff9f669b000 	C:\Windows\system32\dataexchange.dll
0x00007ffa2ce30000 - 0x00007ffa2d08b000 	C:\Windows\system32\d3d11.dll
0x00007ffa2d0a0000 - 0x00007ffa2d27d000 	C:\Windows\system32\dcomp.dll
0x00007ffa2e780000 - 0x00007ffa2e86b000 	C:\Windows\system32\dxgi.dll
0x00007ffa2dee0000 - 0x00007ffa2e13a000 	C:\Windows\system32\twinapi.appcore.dll
0x00007ffa2e3c0000 - 0x00007ffa2e3e9000 	C:\Windows\system32\RMCLIENT.dll
0x00007ffa01260000 - 0x00007ffa01293000 	C:\Program Files\Common Files\Microsoft Shared\Ink\rtscom.dll
0x00007ffa21740000 - 0x00007ffa217dd000 	C:\Windows\System32\TextInputFramework.dll
0x00007ffa2b1e0000 - 0x00007ffa2b50a000 	C:\Windows\System32\CoreUIComponents.dll
0x00007ffa2d5f0000 - 0x00007ffa2d6c4000 	C:\Windows\System32\CoreMessaging.dll
0x00007ffa2eb00000 - 0x00007ffa2eb31000 	C:\Windows\SYSTEM32\ntmarta.dll
0x00007ffa2baa0000 - 0x00007ffa2bbf2000 	C:\Windows\SYSTEM32\wintypes.dll
0x00007ffa20210000 - 0x00007ffa204b7000 	C:\Windows\System32\iertutil.dll
0x00007ffa04510000 - 0x00007ffa04575000 	C:\Windows\system32\Oleacc.dll

dbghelp: loaded successfully - version: 4.0.5 - missing functions: none
symbol engine: initialized successfully - sym options: 0x614 - pdb path: .;C:\Users\lehun\jdk-15.0.2\bin;C:\Windows\SYSTEM32;C:\Windows\WinSxS\amd64_microsoft.windows.common-controls_6595b64144ccf1df_6.0.18362.1316_none_9e7a364fe461dbd7;C:\Users\lehun\jdk-15.0.2\bin\server;C:\Program Files\JetBrains\IntelliJ IDEA Community Edition 2020.3.1\bin;C:\Users\lehun\javafx-sdk-15.0.1\bin;C:\Windows\System32\DriverStore\FileRepository\iigd_dch.inf_amd64_a27adb6f3c75ef42;C:\Program Files\Common Files\Microsoft Shared\Ink

VM Arguments:
jvm_args: --module-path=C:\Users\lehun\javafx-sdk-15.0.1\lib --add-modules=javafx.base,javafx.controls,javafx.fxml,javafx.graphics,javafx.media -javaagent:C:\Program Files\JetBrains\IntelliJ IDEA Community Edition 2020.3.1\lib\idea_rt.jar=50197:C:\Program Files\JetBrains\IntelliJ IDEA Community Edition 2020.3.1\bin -Dfile.encoding=UTF-8 
java_command: Neighbours
java_class_path (initial): C:\Users\lehun\dat043\neighbours\out\production\neighbours;C:\Users\lehun\javafx-sdk-15.0.1\lib\src.zip;C:\Users\lehun\javafx-sdk-15.0.1\lib\javafx-swt.jar;C:\Users\lehun\javafx-sdk-15.0.1\lib\javafx.web.jar;C:\Users\lehun\javafx-sdk-15.0.1\lib\javafx.base.jar;C:\Users\lehun\javafx-sdk-15.0.1\lib\javafx.fxml.jar;C:\Users\lehun\javafx-sdk-15.0.1\lib\javafx.media.jar;C:\Users\lehun\javafx-sdk-15.0.1\lib\javafx.swing.jar;C:\Users\lehun\javafx-sdk-15.0.1\lib\javafx.controls.jar;C:\Users\lehun\javafx-sdk-15.0.1\lib\javafx.graphics.jar
Launcher Type: SUN_STANDARD

[Global flags]
     intx CICompilerCount                          = 4                                         {product} {ergonomic}
     uint ConcGCThreads                            = 2                                         {product} {ergonomic}
     uint G1ConcRefinementThreads                  = 8                                         {product} {ergonomic}
   size_t G1HeapRegionSize                         = 2097152                                   {product} {ergonomic}
    uintx GCDrainStackTargetSize                   = 64                                        {product} {ergonomic}
   size_t InitialHeapSize                          = 266338304                                 {product} {ergonomic}
   size_t MarkStackSize                            = 4194304                                   {product} {ergonomic}
   size_t MaxHeapSize                              = 4242538496                                {product} {ergonomic}
   size_t MaxNewSize                               = 2543845376                                {product} {ergonomic}
   size_t MinHeapDeltaBytes                        = 2097152                                   {product} {ergonomic}
   size_t MinHeapSize                              = 8388608                                   {product} {ergonomic}
    uintx NonNMethodCodeHeapSize                   = 5839372                                {pd product} {ergonomic}
    uintx NonProfiledCodeHeapSize                  = 122909434                              {pd product} {ergonomic}
    uintx ProfiledCodeHeapSize                     = 122909434                              {pd product} {ergonomic}
    uintx ReservedCodeCacheSize                    = 251658240                              {pd product} {ergonomic}
     bool SegmentedCodeCache                       = true                                      {product} {ergonomic}
   size_t SoftMaxHeapSize                          = 4242538496                             {manageable} {ergonomic}
     bool UseCompressedClassPointers               = true                                 {lp64_product} {ergonomic}
     bool UseCompressedOops                        = true                                 {lp64_product} {ergonomic}
     bool UseG1GC                                  = true                                      {product} {ergonomic}
     bool UseLargePagesIndividualAllocation        = false                                  {pd product} {ergonomic}

Logging:
Log output configuration:
 #0: stdout all=warning uptime,level,tags
 #1: stderr all=off uptime,level,tags

Environment Variables:
PATH=C:\Program Files (x86)\Common Files\Oracle\Java\javapath;C:\Windows\system32;C:\Windows;C:\Windows\System32\Wbem;C:\Windows\System32\WindowsPowerShell\v1.0\;C:\Windows\System32\OpenSSH\;C:\ProgramData\chocolatey\bin;C:\Program Files\MATLAB\R2020b\bin;C:\Program Files\Git\cmd;C:\Users\lehun\AppData\Local\Microsoft\WindowsApps;C:\Users\lehun\AppData\Roaming\cabal\bin;C:\ProgramData\chocolatey\lib\ghc\tools\ghc-8.10.2\bin;C:\tools\msys64;C:\Users\lehun\AppData\Local\Programs\Microsoft VS Code\bin
USERNAME=lehun
OS=Windows_NT
PROCESSOR_IDENTIFIER=Intel64 Family 6 Model 142 Stepping 12, GenuineIntel



---------------  S Y S T E M  ---------------

OS:
 Windows 10 , 64 bit Build 18362 (10.0.18362.1316)
OS uptime: 2 days 2:51 hours
HyperV virtualization detected

CPU: total 8 (initial active 8) (4 cores per cpu, 2 threads per core) family 6 model 142 stepping 12 microcode 0xd6, cmov, cx8, fxsr, mmx, sse, sse2, sse3, ssse3, sse4.1, sse4.2, popcnt, vzeroupper, avx, avx2, aes, clmul, erms, 3dnowpref, lzcnt, ht, tsc, tscinvbit, bmi1, bmi2, adx, fma, clflush, clflushopt

Memory: 4k page, system-wide physical 16180M (8965M free)
TotalPageFile size 18612M (AvailPageFile size 9564M)
current process WorkingSet (physical memory assigned to process): 112M, peak: 112M
current process commit charge ("private bytes"): 398M, peak: 398M

vm_info: OpenJDK 64-Bit Server VM (15.0.2+7-27) for windows-amd64 JRE (15.0.2+7-27), built on Dec  7 2020 20:02:38 by "mach5one" with unknown MS VC++:1925

END.
