#
# A fatal error has been detected by the Java Runtime Environment:
#
#  EXCEPTION_ACCESS_VIOLATION (0xc0000005) at pc=0x0000016f3a54f1aa, pid=3868, tid=15152
#
# JRE version: OpenJDK Runtime Environment (15.0.2+7) (build 15.0.2+7-27)
# Java VM: OpenJDK 64-Bit Server VM (15.0.2+7-27, mixed mode, sharing, tiered, compressed oops, g1 gc, windows-amd64)
# Problematic frame:
# J 984 c2 Neighbours.aPercent([[LNeighbours$Actor;II)D (101 bytes) @ 0x0000016f3a54f1aa [0x0000016f3a54f020+0x000000000000018a]
#
# No core dump will be written. Minidumps are not enabled by default on client versions of Windows
#
# If you would like to submit a bug report, please visit:
#   https://bugreport.java.com/bugreport/crash.jsp
#

---------------  S U M M A R Y ------------

Command Line: --module-path=C:\Users\lehun\javafx-sdk-15.0.1\lib --add-modules=javafx.base,javafx.controls,javafx.fxml,javafx.graphics,javafx.media -javaagent:C:\Program Files\JetBrains\IntelliJ IDEA Community Edition 2020.3.1\lib\idea_rt.jar=50214:C:\Program Files\JetBrains\IntelliJ IDEA Community Edition 2020.3.1\bin -Dfile.encoding=UTF-8 Neighbours

Host: Intel(R) Core(TM) i7-10510U CPU @ 1.80GHz, 8 cores, 15G,  Windows 10 , 64 bit Build 18362 (10.0.18362.1316)
Time: Mon Feb  1 14:03:56 2021 Västeuropa, normaltid elapsed time: 0.702927 seconds (0d 0h 0m 0s)

---------------  T H R E A D  ---------------

Current thread (0x0000016f50010460):  JavaThread "JavaFX Application Thread" [_thread_in_Java, id=15152, stack(0x00000008c3500000,0x00000008c3600000)]

Stack: [0x00000008c3500000,0x00000008c3600000],  sp=0x00000008c35fe050,  free space=1016k
Native frames: (J=compiled Java code, j=interpreted, Vv=VM code, C=native code)
C  0x0000016f3a54f1aa


siginfo: EXCEPTION_ACCESS_VIOLATION (0xc0000005), reading address 0x0000000b116280d4


Register to memory mapping:

RIP=0x0000016f3a54f1aa is at entry_point+394 in (nmethod*)0x0000016f3a54ee90
RAX=0x0 is NULL
RBX=3794798289 is a compressed pointer to object: javafx.scene.paint.Color 
{0x0000000711803688} - klass: 'javafx/scene/paint/Color'
RCX=0x0000000711809778 is an oop: Neighbours 
{0x0000000711809778} - klass: 'Neighbours'
RDX=0x000000000000001e is an unknown value
RSP=0x00000008c35fe050 is pointing into the stack for thread: 0x0000016f50010460
RBP=0x00000008c35fe118 is pointing into the stack for thread: 0x0000016f50010460
RSI=0x00000000ffffffff is an unknown value
RDI=0x0000000000000001 is an unknown value
R8 =0x00000007116280c8 is an oop: [[LNeighbours$Actor; 
{0x00000007116280c8} - klass: 'Neighbours$Actor'[][]
 - length: 30
R9 =0x0 is NULL
R10=0x0000000000000002 is an unknown value
R11=0x0 is NULL
R12=0x0 is NULL
R13=0x00000008c35fe0b0 is pointing into the stack for thread: 0x0000016f50010460
R14=0x0000000000000003 is an unknown value
R15=0x0000016f50010460 is a thread


Registers:
RAX=0x0000000000000000, RBX=0x00000000e23006d1, RCX=0x0000000711809778, RDX=0x000000000000001e
RSP=0x00000008c35fe050, RBP=0x00000008c35fe118, RSI=0x00000000ffffffff, RDI=0x0000000000000001
R8 =0x00000007116280c8, R9 =0x0000000000000000, R10=0x0000000000000002, R11=0x0000000000000000
R12=0x0000000000000000, R13=0x00000008c35fe0b0, R14=0x0000000000000003, R15=0x0000016f50010460
RIP=0x0000016f3a54f1aa, EFLAGS=0x0000000000010293

Top of Stack: (sp=0x00000008c35fe050)
0x00000008c35fe050:   0000000000000002 0000016f50010460
0x00000008c35fe060:   0000016f4e655448 00007ff9d211ba35
0x00000008c35fe070:   0000016f50010460 00000008c35fe118
0x00000008c35fe080:   0000000800c6fb08 00000008c35fe100
0x00000008c35fe090:   00000008c35fe118 0000016f32a39e30
0x00000008c35fe0a0:   00000000000000bc 0000016f32a39e30
0x00000008c35fe0b0:   0000000000000001 0000000000000000
0x00000008c35fe0c0:   00000007116280c8 0000000711809778
0x00000008c35fe0d0:   00000008c35fe0d0 0000016f4e9f5d00
0x00000008c35fe0e0:   00000008c35fe168 0000016f4ebc6580
0x00000008c35fe0f0:   0000000000000000 0000000711800690
0x00000008c35fe100:   0000016f4e9f5dc8 00000008c35fe0b0
0x00000008c35fe110:   00000008c35fe168 00000008c35fe1b8
0x00000008c35fe120:   0000016f32a3a1aa 0000000000000001
0x00000008c35fe130:   0000000000000000 0000000000000000
0x00000008c35fe140:   0000000000000001 000000071290e560 

Instructions: (pc=0x0000016f3a54f1aa)
0x0000016f3a54f0aa:   c1 f9 6e c0 44 8b d7 41 ff c2 44 8b c7 41 ff c8
0x0000016f3a54f0ba:   c4 c1 79 6e d0 44 8b f7 41 83 c6 02 4d 63 de 49
0x0000016f3a54f0ca:   ff cb c4 c1 f9 6e db 41 b8 00 00 00 80 45 3b f2
0x0000016f3a54f0da:   45 0f 4c d0 45 33 db 33 c0 45 33 c0 44 89 44 24
0x0000016f3a54f0ea:   04 e9 a5 00 00 00 ff c0 83 c1 02 41 3b c8 0f 8c
0x0000016f3a54f0fa:   42 01 00 00 4d 8b 87 10 01 00 00 41 85 00 41 3b
0x0000016f3a54f10a:   ca 0f 8c 0c 01 00 00 41 3b ce 0f 8d 36 00 00 00
0x0000016f3a54f11a:   3b ca 73 2b 66 90 41 3b f1 75 04 3b cf 74 20 44
0x0000016f3a54f12a:   8b 6c 8d 10 41 ff c3 45 85 ed 74 13 66 66 0f 1f
0x0000016f3a54f13a:   84 00 00 00 00 00 43 3b 5c ec 10 75 02 ff c0 ff
0x0000016f3a54f14a:   c1 41 3b ce 7c ca 4d 8b 87 10 01 00 00 ff c6 41
0x0000016f3a54f15a:   85 00 0f 1f 40 00 3b 34 24 7c 30 45 85 db 0f 84
0x0000016f3a54f16a:   8b 01 00 00 3d 00 00 00 80 75 08 33 d2 41 83 fb
0x0000016f3a54f17a:   ff 74 04 99 41 f7 fb c5 fb 2a c0 48 83 c4 40 5d
0x0000016f3a54f18a:   4d 8b 97 10 01 00 00 41 85 02 c3 c4 c1 79 7e d0
0x0000016f3a54f19a:   66 0f 1f 44 00 00 45 3b c6 7d ab c4 c1 f9 7e c0
0x0000016f3a54f1aa:   41 8b 4c b0 10 45 8b 44 cc 0c 49 63 e8 c4 c1 f9
0x0000016f3a54f1ba:   7e dd 0f 1f 40 00 4c 3b ed 0f 83 f4 00 00 00 3b
0x0000016f3a54f1ca:   f2 0f 83 df 00 00 00 c5 f9 7e d5 41 3b e8 0f 83
0x0000016f3a54f1da:   df 00 00 00 49 8d 2c cc c5 f9 7e d1 3b ca 73 24
0x0000016f3a54f1ea:   41 3b f1 75 04 3b cf 74 1b 44 8b 44 8d 10 41 ff
0x0000016f3a54f1fa:   c3 0f 1f 44 00 00 45 85 c0 74 09 43 3b 5c c4 10
0x0000016f3a54f20a:   75 02 ff c0 ff c1 3b cf 7c d2 41 3b ca 0f 8d f4
0x0000016f3a54f21a:   fe ff ff 45 8b c2 44 2b c1 44 3b d1 44 0f 4c 44
0x0000016f3a54f22a:   24 04 41 81 f8 d0 07 00 00 41 bd d0 07 00 00 45
0x0000016f3a54f23a:   0f 47 c5 44 03 c1 3b ca 73 25 41 3b f1 75 04 3b
0x0000016f3a54f24a:   cf 74 1c 44 8b 6c 8d 10 41 ff c3 45 85 ed 74 0f
0x0000016f3a54f25a:   66 0f 1f 44 00 00 43 3b 5c ec 10 75 02 ff c0 44
0x0000016f3a54f26a:   8b e9 41 ff c5 44 3b ea 0f 83 7a fe ff ff 41 3b
0x0000016f3a54f27a:   f1 75 0c 66 66 90 44 3b ef 0f 84 69 fe ff ff 4c
0x0000016f3a54f28a:   63 e9 46 8b 6c ad 14 41 ff c3 45 85 ed 0f 84 55
0x0000016f3a54f29a:   fe ff ff 66 66 90 43 3b 5c ec 10 0f 84 45 fe ff 


Stack slot to memory mapping:
stack at sp + 0 slots: 0x0000000000000002 is an unknown value
stack at sp + 1 slots: 0x0000016f50010460 is a thread
stack at sp + 2 slots: 0x0000016f4e655448 is pointing into metadata
stack at sp + 3 slots: 0x00007ff9d211ba35 jvm.dll
stack at sp + 4 slots: 0x0000016f50010460 is a thread
stack at sp + 5 slots: 0x00000008c35fe118 is pointing into the stack for thread: 0x0000016f50010460
stack at sp + 6 slots: 0x0000000800c6fb08 is a pointer to class: 
javafx.animation.AnimationTimer$AnimationTimerReceiver$$Lambda$154/0x0000000800c6fb08 {0x0000000800c6fb10}
stack at sp + 7 slots: 0x00000008c35fe100 is pointing into the stack for thread: 0x0000016f50010460

--------------------------------------------------------------------------------
[Constant Pool (empty)]

--------------------------------------------------------------------------------

[MachCode]
  0x0000016f3a54f020: 448b 5208 | 49c1 e203 | 49bb 0000 | 0000 0800 | 0000 4d03 | d349 3bc2 | 0f85 c2d3 | 52f8 6690 
  0x0000016f3a54f040: 8984 2400 | 90ff ff55 | 4883 ec40 | c4e1 f96e | ca41 8bf1 | ffce 458b | d141 83c2 | 0266 6690 
  0x0000016f3a54f060: 413b f20f | 8d8b 0200 | 0041 8b50 | 0c44 3bca | 0f83 9602 | 0000 478b | 5c88 100f | 1f44 0000 
  0x0000016f3a54f080: 438b 5cdc | 0c3b fb0f | 837f 0200 | 0049 c1e3 | 0345 8b5c | bb10 6666 | 0f1f 8400 | 0000 0000 
  0x0000016f3a54f0a0: 438b 5cdc | 1044 8914 | 24c4 c1f9 | 6ec0 448b | d741 ffc2 | 448b c741 | ffc8 c4c1 | 796e d044 
  0x0000016f3a54f0c0: 8bf7 4183 | c602 4d63 | de49 ffcb | c4c1 f96e | db41 b800 | 0000 8045 | 3bf2 450f | 4cd0 4533 
  0x0000016f3a54f0e0: db33 c045 | 33c0 4489 | 4424 04e9 | a500 0000 | ffc0 83c1 | 0241 3bc8 | 0f8c 4201 | 0000 4d8b 
  0x0000016f3a54f100: 8710 0100 | 0041 8500 | 413b ca0f | 8c0c 0100 | 0041 3bce | 0f8d 3600 | 0000 3bca | 732b 6690 
  0x0000016f3a54f120: 413b f175 | 043b cf74 | 2044 8b6c | 8d10 41ff | c345 85ed | 7413 6666 | 0f1f 8400 | 0000 0000 
  0x0000016f3a54f140: 433b 5cec | 1075 02ff | c0ff c141 | 3bce 7cca | 4d8b 8710 | 0100 00ff | c641 8500 | 0f1f 4000 
  0x0000016f3a54f160: 3b34 247c | 3045 85db | 0f84 8b01 | 0000 3d00 | 0000 8075 | 0833 d241 | 83fb ff74 | 0499 41f7 
  0x0000016f3a54f180: fbc5 fb2a | c048 83c4 | 405d 4d8b | 9710 0100 | 0041 8502 | c3c4 c179 | 7ed0 660f | 1f44 0000 
  0x0000016f3a54f1a0: 453b c67d | abc4 c1f9 | 7ec0 418b | 4cb0 1045 | 8b44 cc0c | 4963 e8c4 | c1f9 7edd | 0f1f 4000 
  0x0000016f3a54f1c0: 4c3b ed0f | 83f4 0000 | 003b f20f | 83df 0000 | 00c5 f97e | d541 3be8 | 0f83 df00 | 0000 498d 
  0x0000016f3a54f1e0: 2ccc c5f9 | 7ed1 3bca | 7324 413b | f175 043b | cf74 1b44 | 8b44 8d10 | 41ff c30f | 1f44 0000 
  0x0000016f3a54f200: 4585 c074 | 0943 3b5c | c410 7502 | ffc0 ffc1 | 3bcf 7cd2 | 413b ca0f | 8df4 feff | ff45 8bc2 
  0x0000016f3a54f220: 442b c144 | 3bd1 440f | 4c44 2404 | 4181 f8d0 | 0700 0041 | bdd0 0700 | 0045 0f47 | c544 03c1 
  0x0000016f3a54f240: 3bca 7325 | 413b f175 | 043b cf74 | 1c44 8b6c | 8d10 41ff | c345 85ed | 740f 660f | 1f44 0000 
  0x0000016f3a54f260: 433b 5cec | 1075 02ff | c044 8be9 | 41ff c544 | 3bea 0f83 | 7afe ffff | 413b f175 | 0c66 6690 
  0x0000016f3a54f280: 443b ef0f | 8469 feff | ff4c 63e9 | 468b 6cad | 1441 ffc3 | 4585 ed0f | 8455 feff | ff66 6690 
  0x0000016f3a54f2a0: 433b 5cec | 100f 8445 | feff ffe9 | 42fe ffff | c5f9 7ed1 | 413b c80f | 8293 feff | ffba beff 
  0x0000016f3a54f2c0: ffff c4e1 | f97e cdc5 | fb11 0424 | 4489 4c24 | 0889 7c24 | 0c44 895c | 2410 8944 | 2414 8974 
  0x0000016f3a54f2e0: 2418 c5fa | 1154 2420 | 4489 7424 | 2466 90e8 | 8cf0 52f8 | 4533 d2eb | 0344 8bd0 | ba86 ffff 
  0x0000016f3a54f300: ff41 8bea | 6666 90e8 | 74f0 52f8 | babe ffff | ffc4 e1f9 | 7ecd 4c89 | 0424 4489 | 4c24 0889 
  0x0000016f3a54f320: 7c24 0c89 | 7424 1444 | 8954 2418 | 6666 90e8 | 4cf0 52f8 | f4f4 f4f4 | f4f4 f4f4 | f4f4 f4f4 
  0x0000016f3a54f340: e9bb bf54 | f8e8 0000 | 0000 4883 | 2c24 05e9 | 4cec 52f8 | f4f4 f4f4 
[/MachCode]
--------------------------------------------------------------------------------


---------------  P R O C E S S  ---------------

Threads class SMR info:
_java_thread_list=0x0000016f4fe7bf80, length=18, elements={
0x0000016f29013bb0, 0x0000016f4e5a0ee0, 0x0000016f4e5a28b0, 0x0000016f4e5af980,
0x0000016f4e5bafc0, 0x0000016f4e5bb880, 0x0000016f4e5bd480, 0x0000016f4e5d9e50,
0x0000016f4e5e4850, 0x0000016f4e588b90, 0x0000016f4efeac30, 0x0000016f4f1ee940,
0x0000016f4f517d80, 0x0000016f4fc2fa80, 0x0000016f4f9c39d0, 0x0000016f50010460,
0x0000016f4fa487e0, 0x0000016f4fe0c930
}

Java Threads: ( => current thread )
  0x0000016f29013bb0 JavaThread "main" [_thread_blocked, id=10504, stack(0x00000008c1e00000,0x00000008c1f00000)]
  0x0000016f4e5a0ee0 JavaThread "Reference Handler" daemon [_thread_blocked, id=3816, stack(0x00000008c2500000,0x00000008c2600000)]
  0x0000016f4e5a28b0 JavaThread "Finalizer" daemon [_thread_blocked, id=17648, stack(0x00000008c2600000,0x00000008c2700000)]
  0x0000016f4e5af980 JavaThread "Signal Dispatcher" daemon [_thread_blocked, id=3836, stack(0x00000008c2700000,0x00000008c2800000)]
  0x0000016f4e5bafc0 JavaThread "Attach Listener" daemon [_thread_blocked, id=16360, stack(0x00000008c2800000,0x00000008c2900000)]
  0x0000016f4e5bb880 JavaThread "Service Thread" daemon [_thread_blocked, id=3560, stack(0x00000008c2900000,0x00000008c2a00000)]
  0x0000016f4e5bd480 JavaThread "C2 CompilerThread0" daemon [_thread_blocked, id=4472, stack(0x00000008c2a00000,0x00000008c2b00000)]
  0x0000016f4e5d9e50 JavaThread "C1 CompilerThread0" daemon [_thread_blocked, id=15872, stack(0x00000008c2b00000,0x00000008c2c00000)]
  0x0000016f4e5e4850 JavaThread "Sweeper thread" daemon [_thread_blocked, id=1480, stack(0x00000008c2c00000,0x00000008c2d00000)]
  0x0000016f4e588b90 JavaThread "Common-Cleaner" daemon [_thread_blocked, id=17128, stack(0x00000008c2d00000,0x00000008c2e00000)]
  0x0000016f4efeac30 JavaThread "C2 CompilerThread1" daemon [_thread_blocked, id=17656, stack(0x00000008c2e00000,0x00000008c2f00000)]
  0x0000016f4f1ee940 JavaThread "Monitor Ctrl-Break" daemon [_thread_in_native, id=4684, stack(0x00000008c3000000,0x00000008c3100000)]
  0x0000016f4f517d80 JavaThread "Notification Thread" daemon [_thread_blocked, id=16124, stack(0x00000008c3100000,0x00000008c3200000)]
  0x0000016f4fc2fa80 JavaThread "QuantumRenderer-0" daemon [_thread_blocked, id=11672, stack(0x00000008c3300000,0x00000008c3400000)]
  0x0000016f4f9c39d0 JavaThread "InvokeLaterDispatcher" daemon [_thread_blocked, id=17364, stack(0x00000008c3400000,0x00000008c3500000)]
=>0x0000016f50010460 JavaThread "JavaFX Application Thread" [_thread_in_Java, id=15152, stack(0x00000008c3500000,0x00000008c3600000)]
  0x0000016f4fa487e0 JavaThread "JavaFX-Launcher" [_thread_blocked, id=15860, stack(0x00000008c3a00000,0x00000008c3b00000)]
  0x0000016f4fe0c930 JavaThread "Thread-2" daemon [_thread_in_native, id=18204, stack(0x00000008c3900000,0x00000008c3a00000)]

Other Threads:
  0x0000016f4e59d740 VMThread "VM Thread" [stack: 0x00000008c2400000,0x00000008c2500000] [id=16580]
  0x0000016f4f82d5a0 WatcherThread [stack: 0x00000008c3200000,0x00000008c3300000] [id=13764]
  0x0000016f29061da0 GCTaskThread "GC Thread#0" [stack: 0x00000008c1f00000,0x00000008c2000000] [id=16156]
  0x0000016f4f55faa0 GCTaskThread "GC Thread#1" [stack: 0x00000008c3b00000,0x00000008c3c00000] [id=15672]
  0x0000016f4f55fdd0 GCTaskThread "GC Thread#2" [stack: 0x00000008c3c00000,0x00000008c3d00000] [id=17768]
  0x0000016f4fddd870 GCTaskThread "GC Thread#3" [stack: 0x00000008c3d00000,0x00000008c3e00000] [id=16948]
  0x0000016f4fddc220 GCTaskThread "GC Thread#4" [stack: 0x00000008c3e00000,0x00000008c3f00000] [id=16900]
  0x0000016f4fddcbb0 GCTaskThread "GC Thread#5" [stack: 0x00000008c3f00000,0x00000008c4000000] [id=16832]
  0x0000016f29074af0 ConcurrentGCThread "G1 Main Marker" [stack: 0x00000008c2000000,0x00000008c2100000] [id=10784]
  0x0000016f290755f0 ConcurrentGCThread "G1 Conc#0" [stack: 0x00000008c2100000,0x00000008c2200000] [id=14516]
  0x0000016f290dea00 ConcurrentGCThread "G1 Refine#0" [stack: 0x00000008c2200000,0x00000008c2300000] [id=16304]
  0x0000016f4e4956e0 ConcurrentGCThread "G1 Young RemSet Sampling" [stack: 0x00000008c2300000,0x00000008c2400000] [id=5256]

Threads with active compile tasks:

VM state: not at safepoint (normal execution)

VM Mutex/Monitor currently owned by a thread: None

Heap address: 0x0000000703200000, size: 4046 MB, Compressed Oops mode: Zero based, Oop shift amount: 3
CDS archive(s) mapped at: [0x0000000800000000-0x0000000800b50000-0x0000000800b50000), size 11862016, SharedBaseAddress: 0x0000000800000000, ArchiveRelocationMode: 0.
Compressed class space mapped at: 0x0000000800b50000-0x0000000840b50000, size: 1073741824
Narrow klass base: 0x0000000800000000, Narrow klass shift: 3, Narrow klass range: 0x100000000

GC Precious Log:
 CPUs: 8 total, 8 available
 Memory: 16180M
 Large Page Support: Disabled
 NUMA Support: Disabled
 Compressed Oops: Enabled (Zero based)
 Heap Region Size: 2M
 Heap Min Capacity: 8M
 Heap Initial Capacity: 254M
 Heap Max Capacity: 4046M
 Pre-touch: Disabled
 Parallel Workers: 8
 Concurrent Workers: 2
 Concurrent Refinement Workers: 8
 Periodic GC: Disabled

Heap:
 garbage-first heap   total 260096K, used 9209K [0x0000000703200000, 0x0000000800000000)
  region size 2048K, 6 young (12288K), 2 survivors (4096K)
 Metaspace       used 7452K, capacity 9831K, committed 9984K, reserved 1058816K
  class space    used 963K, capacity 1184K, committed 1280K, reserved 1048576K

Heap Regions: E=young(eden), S=young(survivor), O=old, HS=humongous(starts), HC=humongous(continues), CS=collection set, F=free, OA=open archive, CA=closed archive, TAMS=top-at-mark-start (previous, next)
|   0|0x0000000703200000, 0x0000000703200000, 0x0000000703400000|  0%| F|  |TAMS 0x0000000703200000, 0x0000000703200000| Untracked 
|   1|0x0000000703400000, 0x0000000703400000, 0x0000000703600000|  0%| F|  |TAMS 0x0000000703400000, 0x0000000703400000| Untracked 
|   2|0x0000000703600000, 0x0000000703600000, 0x0000000703800000|  0%| F|  |TAMS 0x0000000703600000, 0x0000000703600000| Untracked 
|   3|0x0000000703800000, 0x0000000703800000, 0x0000000703a00000|  0%| F|  |TAMS 0x0000000703800000, 0x0000000703800000| Untracked 
|   4|0x0000000703a00000, 0x0000000703a00000, 0x0000000703c00000|  0%| F|  |TAMS 0x0000000703a00000, 0x0000000703a00000| Untracked 
|   5|0x0000000703c00000, 0x0000000703c00000, 0x0000000703e00000|  0%| F|  |TAMS 0x0000000703c00000, 0x0000000703c00000| Untracked 
|   6|0x0000000703e00000, 0x0000000703e00000, 0x0000000704000000|  0%| F|  |TAMS 0x0000000703e00000, 0x0000000703e00000| Untracked 
|   7|0x0000000704000000, 0x0000000704000000, 0x0000000704200000|  0%| F|  |TAMS 0x0000000704000000, 0x0000000704000000| Untracked 
|   8|0x0000000704200000, 0x0000000704200000, 0x0000000704400000|  0%| F|  |TAMS 0x0000000704200000, 0x0000000704200000| Untracked 
|   9|0x0000000704400000, 0x0000000704400000, 0x0000000704600000|  0%| F|  |TAMS 0x0000000704400000, 0x0000000704400000| Untracked 
|  10|0x0000000704600000, 0x0000000704600000, 0x0000000704800000|  0%| F|  |TAMS 0x0000000704600000, 0x0000000704600000| Untracked 
|  11|0x0000000704800000, 0x0000000704800000, 0x0000000704a00000|  0%| F|  |TAMS 0x0000000704800000, 0x0000000704800000| Untracked 
|  12|0x0000000704a00000, 0x0000000704a00000, 0x0000000704c00000|  0%| F|  |TAMS 0x0000000704a00000, 0x0000000704a00000| Untracked 
|  13|0x0000000704c00000, 0x0000000704c00000, 0x0000000704e00000|  0%| F|  |TAMS 0x0000000704c00000, 0x0000000704c00000| Untracked 
|  14|0x0000000704e00000, 0x0000000704e00000, 0x0000000705000000|  0%| F|  |TAMS 0x0000000704e00000, 0x0000000704e00000| Untracked 
|  15|0x0000000705000000, 0x0000000705000000, 0x0000000705200000|  0%| F|  |TAMS 0x0000000705000000, 0x0000000705000000| Untracked 
|  16|0x0000000705200000, 0x0000000705200000, 0x0000000705400000|  0%| F|  |TAMS 0x0000000705200000, 0x0000000705200000| Untracked 
|  17|0x0000000705400000, 0x0000000705400000, 0x0000000705600000|  0%| F|  |TAMS 0x0000000705400000, 0x0000000705400000| Untracked 
|  18|0x0000000705600000, 0x0000000705600000, 0x0000000705800000|  0%| F|  |TAMS 0x0000000705600000, 0x0000000705600000| Untracked 
|  19|0x0000000705800000, 0x0000000705800000, 0x0000000705a00000|  0%| F|  |TAMS 0x0000000705800000, 0x0000000705800000| Untracked 
|  20|0x0000000705a00000, 0x0000000705a00000, 0x0000000705c00000|  0%| F|  |TAMS 0x0000000705a00000, 0x0000000705a00000| Untracked 
|  21|0x0000000705c00000, 0x0000000705c00000, 0x0000000705e00000|  0%| F|  |TAMS 0x0000000705c00000, 0x0000000705c00000| Untracked 
|  22|0x0000000705e00000, 0x0000000705e00000, 0x0000000706000000|  0%| F|  |TAMS 0x0000000705e00000, 0x0000000705e00000| Untracked 
|  23|0x0000000706000000, 0x0000000706000000, 0x0000000706200000|  0%| F|  |TAMS 0x0000000706000000, 0x0000000706000000| Untracked 
|  24|0x0000000706200000, 0x0000000706200000, 0x0000000706400000|  0%| F|  |TAMS 0x0000000706200000, 0x0000000706200000| Untracked 
|  25|0x0000000706400000, 0x0000000706400000, 0x0000000706600000|  0%| F|  |TAMS 0x0000000706400000, 0x0000000706400000| Untracked 
|  26|0x0000000706600000, 0x0000000706600000, 0x0000000706800000|  0%| F|  |TAMS 0x0000000706600000, 0x0000000706600000| Untracked 
|  27|0x0000000706800000, 0x0000000706800000, 0x0000000706a00000|  0%| F|  |TAMS 0x0000000706800000, 0x0000000706800000| Untracked 
|  28|0x0000000706a00000, 0x0000000706a00000, 0x0000000706c00000|  0%| F|  |TAMS 0x0000000706a00000, 0x0000000706a00000| Untracked 
|  29|0x0000000706c00000, 0x0000000706c00000, 0x0000000706e00000|  0%| F|  |TAMS 0x0000000706c00000, 0x0000000706c00000| Untracked 
|  30|0x0000000706e00000, 0x0000000706e00000, 0x0000000707000000|  0%| F|  |TAMS 0x0000000706e00000, 0x0000000706e00000| Untracked 
|  31|0x0000000707000000, 0x0000000707000000, 0x0000000707200000|  0%| F|  |TAMS 0x0000000707000000, 0x0000000707000000| Untracked 
|  32|0x0000000707200000, 0x0000000707200000, 0x0000000707400000|  0%| F|  |TAMS 0x0000000707200000, 0x0000000707200000| Untracked 
|  33|0x0000000707400000, 0x0000000707400000, 0x0000000707600000|  0%| F|  |TAMS 0x0000000707400000, 0x0000000707400000| Untracked 
|  34|0x0000000707600000, 0x0000000707600000, 0x0000000707800000|  0%| F|  |TAMS 0x0000000707600000, 0x0000000707600000| Untracked 
|  35|0x0000000707800000, 0x0000000707800000, 0x0000000707a00000|  0%| F|  |TAMS 0x0000000707800000, 0x0000000707800000| Untracked 
|  36|0x0000000707a00000, 0x0000000707a00000, 0x0000000707c00000|  0%| F|  |TAMS 0x0000000707a00000, 0x0000000707a00000| Untracked 
|  37|0x0000000707c00000, 0x0000000707c00000, 0x0000000707e00000|  0%| F|  |TAMS 0x0000000707c00000, 0x0000000707c00000| Untracked 
|  38|0x0000000707e00000, 0x0000000707e00000, 0x0000000708000000|  0%| F|  |TAMS 0x0000000707e00000, 0x0000000707e00000| Untracked 
|  39|0x0000000708000000, 0x0000000708000000, 0x0000000708200000|  0%| F|  |TAMS 0x0000000708000000, 0x0000000708000000| Untracked 
|  40|0x0000000708200000, 0x0000000708200000, 0x0000000708400000|  0%| F|  |TAMS 0x0000000708200000, 0x0000000708200000| Untracked 
|  41|0x0000000708400000, 0x0000000708400000, 0x0000000708600000|  0%| F|  |TAMS 0x0000000708400000, 0x0000000708400000| Untracked 
|  42|0x0000000708600000, 0x0000000708600000, 0x0000000708800000|  0%| F|  |TAMS 0x0000000708600000, 0x0000000708600000| Untracked 
|  43|0x0000000708800000, 0x0000000708800000, 0x0000000708a00000|  0%| F|  |TAMS 0x0000000708800000, 0x0000000708800000| Untracked 
|  44|0x0000000708a00000, 0x0000000708a00000, 0x0000000708c00000|  0%| F|  |TAMS 0x0000000708a00000, 0x0000000708a00000| Untracked 
|  45|0x0000000708c00000, 0x0000000708c00000, 0x0000000708e00000|  0%| F|  |TAMS 0x0000000708c00000, 0x0000000708c00000| Untracked 
|  46|0x0000000708e00000, 0x0000000708e00000, 0x0000000709000000|  0%| F|  |TAMS 0x0000000708e00000, 0x0000000708e00000| Untracked 
|  47|0x0000000709000000, 0x0000000709000000, 0x0000000709200000|  0%| F|  |TAMS 0x0000000709000000, 0x0000000709000000| Untracked 
|  48|0x0000000709200000, 0x0000000709200000, 0x0000000709400000|  0%| F|  |TAMS 0x0000000709200000, 0x0000000709200000| Untracked 
|  49|0x0000000709400000, 0x0000000709400000, 0x0000000709600000|  0%| F|  |TAMS 0x0000000709400000, 0x0000000709400000| Untracked 
|  50|0x0000000709600000, 0x0000000709600000, 0x0000000709800000|  0%| F|  |TAMS 0x0000000709600000, 0x0000000709600000| Untracked 
|  51|0x0000000709800000, 0x0000000709800000, 0x0000000709a00000|  0%| F|  |TAMS 0x0000000709800000, 0x0000000709800000| Untracked 
|  52|0x0000000709a00000, 0x0000000709a00000, 0x0000000709c00000|  0%| F|  |TAMS 0x0000000709a00000, 0x0000000709a00000| Untracked 
|  53|0x0000000709c00000, 0x0000000709c00000, 0x0000000709e00000|  0%| F|  |TAMS 0x0000000709c00000, 0x0000000709c00000| Untracked 
|  54|0x0000000709e00000, 0x0000000709e00000, 0x000000070a000000|  0%| F|  |TAMS 0x0000000709e00000, 0x0000000709e00000| Untracked 
|  55|0x000000070a000000, 0x000000070a000000, 0x000000070a200000|  0%| F|  |TAMS 0x000000070a000000, 0x000000070a000000| Untracked 
|  56|0x000000070a200000, 0x000000070a200000, 0x000000070a400000|  0%| F|  |TAMS 0x000000070a200000, 0x000000070a200000| Untracked 
|  57|0x000000070a400000, 0x000000070a400000, 0x000000070a600000|  0%| F|  |TAMS 0x000000070a400000, 0x000000070a400000| Untracked 
|  58|0x000000070a600000, 0x000000070a600000, 0x000000070a800000|  0%| F|  |TAMS 0x000000070a600000, 0x000000070a600000| Untracked 
|  59|0x000000070a800000, 0x000000070a800000, 0x000000070aa00000|  0%| F|  |TAMS 0x000000070a800000, 0x000000070a800000| Untracked 
|  60|0x000000070aa00000, 0x000000070aa00000, 0x000000070ac00000|  0%| F|  |TAMS 0x000000070aa00000, 0x000000070aa00000| Untracked 
|  61|0x000000070ac00000, 0x000000070ac00000, 0x000000070ae00000|  0%| F|  |TAMS 0x000000070ac00000, 0x000000070ac00000| Untracked 
|  62|0x000000070ae00000, 0x000000070ae00000, 0x000000070b000000|  0%| F|  |TAMS 0x000000070ae00000, 0x000000070ae00000| Untracked 
|  63|0x000000070b000000, 0x000000070b000000, 0x000000070b200000|  0%| F|  |TAMS 0x000000070b000000, 0x000000070b000000| Untracked 
|  64|0x000000070b200000, 0x000000070b200000, 0x000000070b400000|  0%| F|  |TAMS 0x000000070b200000, 0x000000070b200000| Untracked 
|  65|0x000000070b400000, 0x000000070b400000, 0x000000070b600000|  0%| F|  |TAMS 0x000000070b400000, 0x000000070b400000| Untracked 
|  66|0x000000070b600000, 0x000000070b600000, 0x000000070b800000|  0%| F|  |TAMS 0x000000070b600000, 0x000000070b600000| Untracked 
|  67|0x000000070b800000, 0x000000070b800000, 0x000000070ba00000|  0%| F|  |TAMS 0x000000070b800000, 0x000000070b800000| Untracked 
|  68|0x000000070ba00000, 0x000000070ba00000, 0x000000070bc00000|  0%| F|  |TAMS 0x000000070ba00000, 0x000000070ba00000| Untracked 
|  69|0x000000070bc00000, 0x000000070bc00000, 0x000000070be00000|  0%| F|  |TAMS 0x000000070bc00000, 0x000000070bc00000| Untracked 
|  70|0x000000070be00000, 0x000000070be00000, 0x000000070c000000|  0%| F|  |TAMS 0x000000070be00000, 0x000000070be00000| Untracked 
|  71|0x000000070c000000, 0x000000070c000000, 0x000000070c200000|  0%| F|  |TAMS 0x000000070c000000, 0x000000070c000000| Untracked 
|  72|0x000000070c200000, 0x000000070c200000, 0x000000070c400000|  0%| F|  |TAMS 0x000000070c200000, 0x000000070c200000| Untracked 
|  73|0x000000070c400000, 0x000000070c400000, 0x000000070c600000|  0%| F|  |TAMS 0x000000070c400000, 0x000000070c400000| Untracked 
|  74|0x000000070c600000, 0x000000070c600000, 0x000000070c800000|  0%| F|  |TAMS 0x000000070c600000, 0x000000070c600000| Untracked 
|  75|0x000000070c800000, 0x000000070c800000, 0x000000070ca00000|  0%| F|  |TAMS 0x000000070c800000, 0x000000070c800000| Untracked 
|  76|0x000000070ca00000, 0x000000070ca00000, 0x000000070cc00000|  0%| F|  |TAMS 0x000000070ca00000, 0x000000070ca00000| Untracked 
|  77|0x000000070cc00000, 0x000000070cc00000, 0x000000070ce00000|  0%| F|  |TAMS 0x000000070cc00000, 0x000000070cc00000| Untracked 
|  78|0x000000070ce00000, 0x000000070ce00000, 0x000000070d000000|  0%| F|  |TAMS 0x000000070ce00000, 0x000000070ce00000| Untracked 
|  79|0x000000070d000000, 0x000000070d000000, 0x000000070d200000|  0%| F|  |TAMS 0x000000070d000000, 0x000000070d000000| Untracked 
|  80|0x000000070d200000, 0x000000070d200000, 0x000000070d400000|  0%| F|  |TAMS 0x000000070d200000, 0x000000070d200000| Untracked 
|  81|0x000000070d400000, 0x000000070d400000, 0x000000070d600000|  0%| F|  |TAMS 0x000000070d400000, 0x000000070d400000| Untracked 
|  82|0x000000070d600000, 0x000000070d600000, 0x000000070d800000|  0%| F|  |TAMS 0x000000070d600000, 0x000000070d600000| Untracked 
|  83|0x000000070d800000, 0x000000070d800000, 0x000000070da00000|  0%| F|  |TAMS 0x000000070d800000, 0x000000070d800000| Untracked 
|  84|0x000000070da00000, 0x000000070da00000, 0x000000070dc00000|  0%| F|  |TAMS 0x000000070da00000, 0x000000070da00000| Untracked 
|  85|0x000000070dc00000, 0x000000070dc00000, 0x000000070de00000|  0%| F|  |TAMS 0x000000070dc00000, 0x000000070dc00000| Untracked 
|  86|0x000000070de00000, 0x000000070de00000, 0x000000070e000000|  0%| F|  |TAMS 0x000000070de00000, 0x000000070de00000| Untracked 
|  87|0x000000070e000000, 0x000000070e000000, 0x000000070e200000|  0%| F|  |TAMS 0x000000070e000000, 0x000000070e000000| Untracked 
|  88|0x000000070e200000, 0x000000070e200000, 0x000000070e400000|  0%| F|  |TAMS 0x000000070e200000, 0x000000070e200000| Untracked 
|  89|0x000000070e400000, 0x000000070e400000, 0x000000070e600000|  0%| F|  |TAMS 0x000000070e400000, 0x000000070e400000| Untracked 
|  90|0x000000070e600000, 0x000000070e600000, 0x000000070e800000|  0%| F|  |TAMS 0x000000070e600000, 0x000000070e600000| Untracked 
|  91|0x000000070e800000, 0x000000070e800000, 0x000000070ea00000|  0%| F|  |TAMS 0x000000070e800000, 0x000000070e800000| Untracked 
|  92|0x000000070ea00000, 0x000000070ea00000, 0x000000070ec00000|  0%| F|  |TAMS 0x000000070ea00000, 0x000000070ea00000| Untracked 
|  93|0x000000070ec00000, 0x000000070ec00000, 0x000000070ee00000|  0%| F|  |TAMS 0x000000070ec00000, 0x000000070ec00000| Untracked 
|  94|0x000000070ee00000, 0x000000070ee00000, 0x000000070f000000|  0%| F|  |TAMS 0x000000070ee00000, 0x000000070ee00000| Untracked 
|  95|0x000000070f000000, 0x000000070f000000, 0x000000070f200000|  0%| F|  |TAMS 0x000000070f000000, 0x000000070f000000| Untracked 
|  96|0x000000070f200000, 0x000000070f200000, 0x000000070f400000|  0%| F|  |TAMS 0x000000070f200000, 0x000000070f200000| Untracked 
|  97|0x000000070f400000, 0x000000070f400000, 0x000000070f600000|  0%| F|  |TAMS 0x000000070f400000, 0x000000070f400000| Untracked 
|  98|0x000000070f600000, 0x000000070f600000, 0x000000070f800000|  0%| F|  |TAMS 0x000000070f600000, 0x000000070f600000| Untracked 
|  99|0x000000070f800000, 0x000000070f800000, 0x000000070fa00000|  0%| F|  |TAMS 0x000000070f800000, 0x000000070f800000| Untracked 
| 100|0x000000070fa00000, 0x000000070fa00000, 0x000000070fc00000|  0%| F|  |TAMS 0x000000070fa00000, 0x000000070fa00000| Untracked 
| 101|0x000000070fc00000, 0x000000070fc00000, 0x000000070fe00000|  0%| F|  |TAMS 0x000000070fc00000, 0x000000070fc00000| Untracked 
| 102|0x000000070fe00000, 0x000000070fe00000, 0x0000000710000000|  0%| F|  |TAMS 0x000000070fe00000, 0x000000070fe00000| Untracked 
| 103|0x0000000710000000, 0x0000000710000000, 0x0000000710200000|  0%| F|  |TAMS 0x0000000710000000, 0x0000000710000000| Untracked 
| 104|0x0000000710200000, 0x0000000710200000, 0x0000000710400000|  0%| F|  |TAMS 0x0000000710200000, 0x0000000710200000| Untracked 
| 105|0x0000000710400000, 0x0000000710400000, 0x0000000710600000|  0%| F|  |TAMS 0x0000000710400000, 0x0000000710400000| Untracked 
| 106|0x0000000710600000, 0x0000000710600000, 0x0000000710800000|  0%| F|  |TAMS 0x0000000710600000, 0x0000000710600000| Untracked 
| 107|0x0000000710800000, 0x0000000710800000, 0x0000000710a00000|  0%| F|  |TAMS 0x0000000710800000, 0x0000000710800000| Untracked 
| 108|0x0000000710a00000, 0x0000000710a00000, 0x0000000710c00000|  0%| F|  |TAMS 0x0000000710a00000, 0x0000000710a00000| Untracked 
| 109|0x0000000710c00000, 0x0000000710c00000, 0x0000000710e00000|  0%| F|  |TAMS 0x0000000710c00000, 0x0000000710c00000| Untracked 
| 110|0x0000000710e00000, 0x0000000710e00000, 0x0000000711000000|  0%| F|  |TAMS 0x0000000710e00000, 0x0000000710e00000| Untracked 
| 111|0x0000000711000000, 0x0000000711000000, 0x0000000711200000|  0%| F|  |TAMS 0x0000000711000000, 0x0000000711000000| Untracked 
| 112|0x0000000711200000, 0x0000000711200000, 0x0000000711400000|  0%| F|  |TAMS 0x0000000711200000, 0x0000000711200000| Untracked 
| 113|0x0000000711400000, 0x0000000711400000, 0x0000000711600000|  0%| F|  |TAMS 0x0000000711400000, 0x0000000711400000| Untracked 
| 114|0x0000000711600000, 0x00000007116fe5d0, 0x0000000711800000| 49%| S|CS|TAMS 0x0000000711600000, 0x0000000711600000| Complete 
| 115|0x0000000711800000, 0x0000000711a00000, 0x0000000711a00000|100%| S|CS|TAMS 0x0000000711800000, 0x0000000711800000| Complete 
| 116|0x0000000711a00000, 0x0000000711a00000, 0x0000000711c00000|  0%| F|  |TAMS 0x0000000711a00000, 0x0000000711a00000| Untracked 
| 117|0x0000000711c00000, 0x0000000711c00000, 0x0000000711e00000|  0%| F|  |TAMS 0x0000000711c00000, 0x0000000711c00000| Untracked 
| 118|0x0000000711e00000, 0x0000000711e00000, 0x0000000712000000|  0%| F|  |TAMS 0x0000000711e00000, 0x0000000711e00000| Untracked 
| 119|0x0000000712000000, 0x0000000712000000, 0x0000000712200000|  0%| F|  |TAMS 0x0000000712000000, 0x0000000712000000| Untracked 
| 120|0x0000000712200000, 0x0000000712200000, 0x0000000712400000|  0%| F|  |TAMS 0x0000000712200000, 0x0000000712200000| Untracked 
| 121|0x0000000712400000, 0x0000000712400000, 0x0000000712600000|  0%| F|  |TAMS 0x0000000712400000, 0x0000000712400000| Untracked 
| 122|0x0000000712600000, 0x0000000712600000, 0x0000000712800000|  0%| F|  |TAMS 0x0000000712600000, 0x0000000712600000| Untracked 
| 123|0x0000000712800000, 0x0000000712931910, 0x0000000712a00000| 59%| E|  |TAMS 0x0000000712800000, 0x0000000712800000| Complete 
| 124|0x0000000712a00000, 0x0000000712c00000, 0x0000000712c00000|100%| E|CS|TAMS 0x0000000712a00000, 0x0000000712a00000| Complete 
| 125|0x0000000712c00000, 0x0000000712e00000, 0x0000000712e00000|100%| E|CS|TAMS 0x0000000712c00000, 0x0000000712c00000| Complete 
| 126|0x0000000712e00000, 0x0000000713000000, 0x0000000713000000|100%| E|CS|TAMS 0x0000000712e00000, 0x0000000712e00000| Complete 

Card table byte_map: [0x0000016f42c80000,0x0000016f43470000] _byte_map_base: 0x0000016f3f467000

Marking Bits (Prev, Next): (CMBitMap*) 0x0000016f290644c0, (CMBitMap*) 0x0000016f29064500
 Prev Bits: [0x0000016f43c60000, 0x0000016f47b98000)
 Next Bits: [0x0000016f47ba0000, 0x0000016f4bad8000)

Polling page: 0x0000016f28ea0000

Metaspace:

Usage:
  Non-class:      8.44 MB capacity,     6.34 MB ( 75%) used,     2.10 MB ( 25%) free+waste,    12.06 KB ( <1%) overhead. 
      Class:      1.16 MB capacity,   963.24 KB ( 81%) used,   215.51 KB ( 18%) free+waste,     5.25 KB ( <1%) overhead. 
       Both:      9.60 MB capacity,     7.28 MB ( 76%) used,     2.31 MB ( 24%) free+waste,    17.31 KB ( <1%) overhead. 

Virtual space:
  Non-class space:       10.00 MB reserved,       8.50 MB ( 85%) committed 
      Class space:        1.00 GB reserved,       1.25 MB ( <1%) committed 
             Both:        1.01 GB reserved,       9.75 MB ( <1%) committed 

Chunk freelists:
   Non-Class:  57.00 KB
       Class:  0 bytes
        Both:  57.00 KB

MaxMetaspaceSize: 17179869184.00 GB
CompressedClassSpaceSize: 1.00 GB

CodeHeap 'non-profiled nmethods': size=120000Kb used=317Kb max_used=317Kb free=119682Kb
 bounds [0x0000016f3a500000, 0x0000016f3a770000, 0x0000016f41a30000]
CodeHeap 'profiled nmethods': size=120000Kb used=1524Kb max_used=1524Kb free=118476Kb
 bounds [0x0000016f32fd0000, 0x0000016f33240000, 0x0000016f3a500000]
CodeHeap 'non-nmethods': size=5760Kb used=1314Kb max_used=1330Kb free=4445Kb
 bounds [0x0000016f32a30000, 0x0000016f32ca0000, 0x0000016f32fd0000]
 total_blobs=1601 nmethods=987 adapters=527
 compilation: enabled
              stopped_count=0, restarted_count=0
 full_count=0

Compilation events (20 events):
Event: 0.639 Thread 0x0000016f4e5d9e50  979       3       java.util.ArrayList::iterator (9 bytes)
Event: 0.639 Thread 0x0000016f4e5d9e50 nmethod 979 0x0000016f3314a790 code [0x0000016f3314a940, 0x0000016f3314abd8]
Event: 0.639 Thread 0x0000016f4e5d9e50  980       3       java.util.ArrayList$Itr::<init> (26 bytes)
Event: 0.639 Thread 0x0000016f4e5d9e50 nmethod 980 0x0000016f3314ad10 code [0x0000016f3314aec0, 0x0000016f3314b098]
Event: 0.645 Thread 0x0000016f4e5bd480  981       4       java.lang.String::toString (2 bytes)
Event: 0.645 Thread 0x0000016f4e5bd480 nmethod 981 0x0000016f3a54e890 code [0x0000016f3a54ea00, 0x0000016f3a54ea58]
Event: 0.660 Thread 0x0000016f4e5d9e50  982       3       java.lang.Integer::stringSize (47 bytes)
Event: 0.661 Thread 0x0000016f4e5d9e50 nmethod 982 0x0000016f3314b190 code [0x0000016f3314b340, 0x0000016f3314b578]
Event: 0.661 Thread 0x0000016f4e5d9e50  983       3       java.lang.Integer::getChars (131 bytes)
Event: 0.661 Thread 0x0000016f4e5d9e50 nmethod 983 0x0000016f3314b610 code [0x0000016f3314b7e0, 0x0000016f3314bc18]
Event: 0.676 Thread 0x0000016f4efeac30  984       4       Neighbours::aPercent (101 bytes)
Event: 0.676 Thread 0x0000016f4e5d9e50  985       1       java.lang.Module::getName (5 bytes)
Event: 0.676 Thread 0x0000016f4e5d9e50 nmethod 985 0x0000016f3a54eb90 code [0x0000016f3a54ed20, 0x0000016f3a54edd8]
Event: 0.677 Thread 0x0000016f4e5d9e50  986       3       java.lang.String::getChars (54 bytes)
Event: 0.677 Thread 0x0000016f4e5d9e50 nmethod 986 0x0000016f3314be90 code [0x0000016f3314c080, 0x0000016f3314c4d8]
Event: 0.677 Thread 0x0000016f4e5d9e50  987       3       java.lang.StringLatin1::getChars (12 bytes)
Event: 0.677 Thread 0x0000016f4e5d9e50 nmethod 987 0x0000016f3314c690 code [0x0000016f3314c820, 0x0000016f3314c928]
Event: 0.677 Thread 0x0000016f4e5d9e50  988       3       java.nio.CharBuffer::arrayOffset (35 bytes)
Event: 0.677 Thread 0x0000016f4e5d9e50 nmethod 988 0x0000016f3314ca10 code [0x0000016f3314cbe0, 0x0000016f3314ceb8]
Event: 0.680 Thread 0x0000016f4efeac30 nmethod 984 0x0000016f3a54ee90 code [0x0000016f3a54f020, 0x0000016f3a54f358]

GC Heap History (2 events):
Event: 0.511 GC heap before
{Heap before GC invocations=0 (full 0):
 garbage-first heap   total 260096K, used 22528K [0x0000000703200000, 0x0000000800000000)
  region size 2048K, 11 young (22528K), 0 survivors (0K)
 Metaspace       used 5445K, capacity 8149K, committed 8448K, reserved 1056768K
  class space    used 662K, capacity 922K, committed 1024K, reserved 1048576K
}
Event: 0.513 GC heap after
{Heap after GC invocations=1 (full 0):
 garbage-first heap   total 260096K, used 3065K [0x0000000703200000, 0x0000000800000000)
  region size 2048K, 2 young (4096K), 2 survivors (4096K)
 Metaspace       used 5445K, capacity 8149K, committed 8448K, reserved 1056768K
  class space    used 662K, capacity 922K, committed 1024K, reserved 1048576K
}

Deoptimization events (20 events):
Event: 0.148 Thread 0x0000016f29013bb0 Uncommon trap: trap_request=0xffffff45 fr.pc=0x0000016f3a516120 relative=0x0000000000000380
Event: 0.148 Thread 0x0000016f29013bb0 Uncommon trap: reason=unstable_if action=reinterpret pc=0x0000016f3a516120 method=java.lang.StringLatin1.newString([BII)Ljava/lang/String; @ 1 c2
Event: 0.148 Thread 0x0000016f29013bb0 DEOPT PACKING pc=0x0000016f3a516120 sp=0x00000008c1efec50
Event: 0.148 Thread 0x0000016f29013bb0 DEOPT UNPACKING pc=0x0000016f32a7e42f sp=0x00000008c1efec30 mode 2
Event: 0.149 Thread 0x0000016f29013bb0 Uncommon trap: trap_request=0xffffff45 fr.pc=0x0000016f3a518c34 relative=0x0000000000000cb4
Event: 0.149 Thread 0x0000016f29013bb0 Uncommon trap: reason=unstable_if action=reinterpret pc=0x0000016f3a518c34 method=java.util.HashMap.putVal(ILjava/lang/Object;Ljava/lang/Object;ZZ)Ljava/lang/Object; @ 81 c2
Event: 0.149 Thread 0x0000016f29013bb0 DEOPT PACKING pc=0x0000016f3a518c34 sp=0x00000008c1efeec0
Event: 0.149 Thread 0x0000016f29013bb0 DEOPT UNPACKING pc=0x0000016f32a7e42f sp=0x00000008c1efee70 mode 2
Event: 0.175 Thread 0x0000016f29013bb0 Uncommon trap: trap_request=0xffffff45 fr.pc=0x0000016f3a508fa8 relative=0x0000000000000088
Event: 0.175 Thread 0x0000016f29013bb0 Uncommon trap: reason=unstable_if action=reinterpret pc=0x0000016f3a508fa8 method=java.lang.String.charAt(I)C @ 4 c2
Event: 0.175 Thread 0x0000016f29013bb0 DEOPT PACKING pc=0x0000016f3a508fa8 sp=0x00000008c1eff060
Event: 0.175 Thread 0x0000016f29013bb0 DEOPT UNPACKING pc=0x0000016f32a7e42f sp=0x00000008c1eff000 mode 2
Event: 0.312 Thread 0x0000016f29013bb0 Uncommon trap: trap_request=0xffffff45 fr.pc=0x0000016f3a5134dc relative=0x000000000000081c
Event: 0.312 Thread 0x0000016f29013bb0 Uncommon trap: reason=unstable_if action=reinterpret pc=0x0000016f3a5134dc method=java.lang.String.isEmpty()Z @ 5 c2
Event: 0.312 Thread 0x0000016f29013bb0 DEOPT PACKING pc=0x0000016f3a5134dc sp=0x00000008c1efe4a0
Event: 0.312 Thread 0x0000016f29013bb0 DEOPT UNPACKING pc=0x0000016f32a7e42f sp=0x00000008c1efe3e0 mode 2
Event: 0.554 Thread 0x0000016f50010460 Uncommon trap: trap_request=0xffffff45 fr.pc=0x0000016f3a5219b4 relative=0x0000000000000034
Event: 0.554 Thread 0x0000016f50010460 Uncommon trap: reason=unstable_if action=reinterpret pc=0x0000016f3a5219b4 method=java.lang.StringLatin1.canEncode(I)Z @ 4 c2
Event: 0.554 Thread 0x0000016f50010460 DEOPT PACKING pc=0x0000016f3a5219b4 sp=0x00000008c35fbb50
Event: 0.554 Thread 0x0000016f50010460 DEOPT UNPACKING pc=0x0000016f32a7e42f sp=0x00000008c35fbae0 mode 2

Classes unloaded (0 events):
No events

Classes redefined (0 events):
No events

Internal exceptions (20 events):
Event: 0.344 Thread 0x0000016f29013bb0 Exception <a 'java/lang/NoSuchMethodError'{0x00000007125d8f68}: 'void java.lang.invoke.DirectMethodHandle$Holder.invokeStatic(java.lang.Object, java.lang.Object, java.lang.Object)'> (0x00000007125d8f68) 
thrown [./open/src/hotspot/share/interpreter/linkResolver.cpp, line 782]
Event: 0.368 Thread 0x0000016f29013bb0 Exception <a 'java/lang/NoSuchMethodError'{0x00000007125f5480}: 'int java.lang.invoke.DirectMethodHandle$Holder.invokeStaticInit(java.lang.Object, java.lang.Object, java.lang.Object)'> (0x00000007125f5480) 
thrown [./open/src/hotspot/share/interpreter/linkResolver.cpp, line 782]
Event: 0.383 Thread 0x0000016f29013bb0 Exception <a 'java/lang/NoSuchMethodError'{0x000000071231be30}: 'java.lang.Object java.lang.invoke.DirectMethodHandle$Holder.newInvokeSpecial(java.lang.Object, java.lang.Object, int, java.lang.Object)'> (0x000000071231be30) 
thrown [./open/src/hotspot/share/interpreter/linkResolver.cpp, line 782]
Event: 0.384 Thread 0x0000016f29013bb0 Exception <a 'java/lang/NoSuchMethodError'{0x0000000712320318}: 'java.lang.Object java.lang.invoke.DirectMethodHandle$Holder.invokeSpecial(java.lang.Object, java.lang.Object, java.lang.Object, int, java.lang.Object)'> (0x0000000712320318) 
thrown [./open/src/hotspot/share/interpreter/linkResolver.cpp, line 782]
Event: 0.434 Thread 0x0000016f50010460 Exception <a 'java/lang/NoSuchMethodError'{0x0000000711e3d5c0}: 'void java.lang.invoke.DirectMethodHandle$Holder.invokeStaticInit(java.lang.Object)'> (0x0000000711e3d5c0) 
thrown [./open/src/hotspot/share/interpreter/linkResolver.cpp, line 782]
Event: 0.436 Thread 0x0000016f29013bb0 Exception <a 'java/lang/NoSuchMethodError'{0x00000007123365e0}: 'java.lang.Object java.lang.invoke.DirectMethodHandle$Holder.newInvokeSpecial(java.lang.Object, java.lang.Object, java.lang.Object, java.lang.Object, java.lang.Object, java.lang.Object)'> (0x00000007123365e0) 
thrown [./open/src/hotspot/share/interpreter/linkResolver.cpp, line 782]
Event: 0.448 Thread 0x0000016f29013bb0 Exception <a 'java/lang/NoSuchMethodError'{0x0000000711f09f30}: 'java.lang.Object java.lang.invoke.DirectMethodHandle$Holder.newInvokeSpecial(java.lang.Object, java.lang.Object, java.lang.Object, java.lang.Object, java.lang.Object)'> (0x0000000711f09f30) 
thrown [./open/src/hotspot/share/interpreter/linkResolver.cpp, line 782]
Event: 0.449 Thread 0x0000016f4fa487e0 Exception <a 'java/lang/NoSuchMethodError'{0x0000000711f60968}: 'void java.lang.invoke.DirectMethodHandle$Holder.invokeStatic(java.lang.Object, java.lang.Object, java.lang.Object, java.lang.Object)'> (0x0000000711f60968) 
thrown [./open/src/hotspot/share/interpreter/linkResolver.cpp, line 782]
Event: 0.483 Thread 0x0000016f50010460 Exception <a 'java/lang/NoSuchMethodError'{0x0000000711a3e360}: 'java.lang.Object java.lang.invoke.DirectMethodHandle$Holder.invokeStaticInit(java.lang.Object, java.lang.Object, java.lang.Object, java.lang.Object)'> (0x0000000711a3e360) 
thrown [./open/src/hotspot/share/interpreter/linkResolver.cpp, line 782]
Event: 0.484 Thread 0x0000016f50010460 Exception <a 'java/lang/NullPointerException'{0x0000000711a4a2a0}> (0x0000000711a4a2a0) 
thrown [./open/src/hotspot/share/interpreter/linkResolver.cpp, line 1374]
Event: 0.486 Thread 0x0000016f50010460 Exception <a 'java/lang/NoSuchMethodError'{0x0000000711a66348}: 'void java.lang.invoke.DirectMethodHandle$Holder.invokeSpecial(java.lang.Object, java.lang.Object, java.lang.Object, java.lang.Object, java.lang.Object)'> (0x0000000711a66348) 
thrown [./open/src/hotspot/share/interpreter/linkResolver.cpp, line 782]
Event: 0.620 Thread 0x0000016f50010460 Exception <a 'java/lang/NoSuchMethodError'{0x0000000712bec880}: 'java.lang.Object java.lang.invoke.DirectMethodHandle$Holder.newInvokeSpecial(java.lang.Object, java.lang.Object, int)'> (0x0000000712bec880) 
thrown [./open/src/hotspot/share/interpreter/linkResolver.cpp, line 782]
Event: 0.630 Thread 0x0000016f50010460 Exception <a 'java/lang/NoSuchMethodError'{0x0000000712868b08}: 'long java.lang.invoke.DirectMethodHandle$Holder.invokeStatic(java.lang.Object, java.lang.Object, java.lang.Object)'> (0x0000000712868b08) 
thrown [./open/src/hotspot/share/interpreter/linkResolver.cpp, line 782]
Event: 0.630 Thread 0x0000016f50010460 Exception <a 'java/lang/NoSuchMethodError'{0x000000071286c4b8}: 'long java.lang.invoke.DirectMethodHandle$Holder.invokeStaticInit(java.lang.Object, java.lang.Object, java.lang.Object)'> (0x000000071286c4b8) 
thrown [./open/src/hotspot/share/interpreter/linkResolver.cpp, line 782]
Event: 0.633 Thread 0x0000016f50010460 Exception <a 'java/lang/NoSuchMethodError'{0x00000007128849a8}: 'java.lang.Object java.lang.invoke.DirectMethodHandle$Holder.newInvokeSpecial(java.lang.Object, java.lang.Object, long)'> (0x00000007128849a8) 
thrown [./open/src/hotspot/share/interpreter/linkResolver.cpp, line 782]
Event: 0.634 Thread 0x0000016f50010460 Exception <a 'java/lang/NoSuchMethodError'{0x0000000712888718}: 'java.lang.Object java.lang.invoke.Invokers$Holder.linkToTargetMethod(java.lang.Object, long, java.lang.Object)'> (0x0000000712888718) 
thrown [./open/src/hotspot/share/interpreter/linkResolver.cpp, line 782]
Event: 0.634 Thread 0x0000016f50010460 Exception <a 'java/lang/ArrayIndexOutOfBoundsException'{0x000000071288d308}: Index 449 out of bounds for length 449> (0x000000071288d308) 
thrown [./open/src/hotspot/share/interpreter/interpreterRuntime.cpp, line 443]
Event: 0.644 Thread 0x0000016f50010460 Exception <a 'java/lang/ArrayIndexOutOfBoundsException'{0x00000007128fb220}: Index 449 out of bounds for length 449> (0x00000007128fb220) 
thrown [./open/src/hotspot/share/interpreter/interpreterRuntime.cpp, line 443]
Event: 0.660 Thread 0x0000016f50010460 Exception <a 'java/lang/ArrayIndexOutOfBoundsException'{0x0000000712902218}: Index 449 out of bounds for length 449> (0x0000000712902218) 
thrown [./open/src/hotspot/share/interpreter/interpreterRuntime.cpp, line 443]
Event: 0.676 Thread 0x0000016f50010460 Exception <a 'java/lang/ArrayIndexOutOfBoundsException'{0x0000000712909210}: Index 449 out of bounds for length 449> (0x0000000712909210) 
thrown [./open/src/hotspot/share/interpreter/interpreterRuntime.cpp, line 443]

Events (20 events):
Event: 0.626 loading class java/util/WeakHashMap$EntryIterator
Event: 0.626 loading class java/util/WeakHashMap$EntryIterator done
Event: 0.627 loading class java/util/ConcurrentModificationException
Event: 0.627 loading class java/util/ConcurrentModificationException done
Event: 0.629 loading class java/util/concurrent/ConcurrentLinkedQueue
Event: 0.629 loading class java/util/concurrent/ConcurrentLinkedQueue done
Event: 0.629 loading class java/util/concurrent/ConcurrentLinkedQueue$Node
Event: 0.629 loading class java/util/concurrent/ConcurrentLinkedQueue$Node done
Event: 0.635 loading class java/lang/Throwable$WrappedPrintStream
Event: 0.635 loading class java/lang/Throwable$PrintStreamOrWriter
Event: 0.635 loading class java/lang/Throwable$PrintStreamOrWriter done
Event: 0.635 loading class java/lang/Throwable$WrappedPrintStream done
Event: 0.638 loading class java/util/EnumMap$Values
Event: 0.638 loading class java/util/EnumMap$Values done
Event: 0.638 loading class java/util/EnumMap$ValueIterator
Event: 0.638 loading class java/util/EnumMap$EnumMapIterator
Event: 0.639 loading class java/util/EnumMap$EnumMapIterator done
Event: 0.639 loading class java/util/EnumMap$ValueIterator done
Event: 0.639 loading class java/lang/System$Logger$Level
Event: 0.639 loading class java/lang/System$Logger$Level done


Dynamic libraries:
0x00007ff650810000 - 0x00007ff65081d000 	C:\Users\lehun\jdk-15.0.2\bin\java.exe
0x00007ffa32c40000 - 0x00007ffa32e30000 	C:\Windows\SYSTEM32\ntdll.dll
0x00007ffa317b0000 - 0x00007ffa31862000 	C:\Windows\System32\KERNEL32.DLL
0x00007ffa309c0000 - 0x00007ffa30c65000 	C:\Windows\System32\KERNELBASE.dll
0x00007ffa2fbc0000 - 0x00007ffa2fcba000 	C:\Windows\System32\ucrtbase.dll
0x00007ffa062b0000 - 0x00007ffa062c9000 	C:\Users\lehun\jdk-15.0.2\bin\VCRUNTIME140.dll
0x00007ffa29940000 - 0x00007ffa29958000 	C:\Users\lehun\jdk-15.0.2\bin\jli.dll
0x00007ffa32300000 - 0x00007ffa32494000 	C:\Windows\System32\USER32.dll
0x00007ffa1b220000 - 0x00007ffa1b4a4000 	C:\Windows\WinSxS\amd64_microsoft.windows.common-controls_6595b64144ccf1df_6.0.18362.1316_none_9e7a364fe461dbd7\COMCTL32.dll
0x00007ffa30760000 - 0x00007ffa30781000 	C:\Windows\System32\win32u.dll
0x00007ffa31a90000 - 0x00007ffa31b2e000 	C:\Windows\System32\msvcrt.dll
0x00007ffa31890000 - 0x00007ffa318b6000 	C:\Windows\System32\GDI32.dll
0x00007ffa312a0000 - 0x00007ffa315d7000 	C:\Windows\System32\combase.dll
0x00007ffa30790000 - 0x00007ffa30928000 	C:\Windows\System32\gdi32full.dll
0x00007ffa31c40000 - 0x00007ffa31d5f000 	C:\Windows\System32\RPCRT4.dll
0x00007ffa304c0000 - 0x00007ffa3055e000 	C:\Windows\System32\msvcp_win.dll
0x00007ffa30930000 - 0x00007ffa309b1000 	C:\Windows\System32\bcryptPrimitives.dll
0x00007ffa31f90000 - 0x00007ffa31fbe000 	C:\Windows\System32\IMM32.DLL
0x00007ffa2c390000 - 0x00007ffa2c39c000 	C:\Users\lehun\jdk-15.0.2\bin\vcruntime140_1.dll
0x00007ff9ee300000 - 0x00007ff9ee391000 	C:\Users\lehun\jdk-15.0.2\bin\msvcp140.dll
0x00007ff9d1dd0000 - 0x00007ff9d292e000 	C:\Users\lehun\jdk-15.0.2\bin\server\jvm.dll
0x00007ffa315e0000 - 0x00007ffa31683000 	C:\Windows\System32\ADVAPI32.dll
0x00007ffa31690000 - 0x00007ffa31727000 	C:\Windows\System32\sechost.dll
0x00007ffa30dc0000 - 0x00007ffa30dc8000 	C:\Windows\System32\PSAPI.DLL
0x00007ffa0d890000 - 0x00007ffa0d899000 	C:\Windows\SYSTEM32\WSOCK32.dll
0x00007ffa2db90000 - 0x00007ffa2dbb4000 	C:\Windows\SYSTEM32\WINMM.dll
0x00007ffa28370000 - 0x00007ffa2837a000 	C:\Windows\SYSTEM32\VERSION.dll
0x00007ffa31ea0000 - 0x00007ffa31f0f000 	C:\Windows\System32\WS2_32.dll
0x00007ffa2db60000 - 0x00007ffa2db8d000 	C:\Windows\SYSTEM32\WINMMBASE.dll
0x00007ffa2fcc0000 - 0x00007ffa2fd0a000 	C:\Windows\System32\cfgmgr32.dll
0x00007ffa2fb00000 - 0x00007ffa2fb11000 	C:\Windows\System32\kernel.appcore.dll
0x00007ffa2c330000 - 0x00007ffa2c33a000 	C:\Users\lehun\jdk-15.0.2\bin\jimage.dll
0x00007ffa225d0000 - 0x00007ffa227c4000 	C:\Windows\SYSTEM32\DBGHELP.DLL
0x00007ffa12d30000 - 0x00007ffa12d5a000 	C:\Windows\SYSTEM32\dbgcore.DLL
0x00007ffa092c0000 - 0x00007ffa092ce000 	C:\Users\lehun\jdk-15.0.2\bin\instrument.dll
0x00007ffa06220000 - 0x00007ffa06245000 	C:\Users\lehun\jdk-15.0.2\bin\java.dll
0x00007ffa32510000 - 0x00007ffa32bf8000 	C:\Windows\System32\SHELL32.dll
0x00007ffa31b90000 - 0x00007ffa31c37000 	C:\Windows\System32\shcore.dll
0x00007ffa2fd40000 - 0x00007ffa304bb000 	C:\Windows\System32\windows.storage.dll
0x00007ffa2fb70000 - 0x00007ffa2fb93000 	C:\Windows\System32\profapi.dll
0x00007ffa2fb20000 - 0x00007ffa2fb6a000 	C:\Windows\System32\powrprof.dll
0x00007ffa2faf0000 - 0x00007ffa2fb00000 	C:\Windows\System32\UMPDC.dll
0x00007ffa31fc0000 - 0x00007ffa32012000 	C:\Windows\System32\shlwapi.dll
0x00007ffa30c70000 - 0x00007ffa30c87000 	C:\Windows\System32\cryptsp.dll
0x00007ffa06290000 - 0x00007ffa062a9000 	C:\Users\lehun\jdk-15.0.2\bin\net.dll
0x00007ffa2abf0000 - 0x00007ffa2ace0000 	C:\Windows\SYSTEM32\WINHTTP.dll
0x00007ffa2f330000 - 0x00007ffa2f397000 	C:\Windows\system32\mswsock.dll
0x00007ffa06160000 - 0x00007ffa06172000 	C:\Users\lehun\jdk-15.0.2\bin\nio.dll
0x00007ffa06060000 - 0x00007ffa06078000 	C:\Users\lehun\jdk-15.0.2\bin\zip.dll
0x00007ffa036a0000 - 0x00007ffa036ba000 	C:\Program Files\JetBrains\IntelliJ IDEA Community Edition 2020.3.1\bin\breakgen64.dll
0x0000016f290f0000 - 0x0000016f290f3000 	C:\Users\lehun\javafx-sdk-15.0.1\bin\api-ms-win-core-console-l1-1-0.dll
0x0000016f29100000 - 0x0000016f29103000 	C:\Users\lehun\javafx-sdk-15.0.1\bin\api-ms-win-core-console-l1-2-0.dll
0x0000016f29110000 - 0x0000016f29113000 	C:\Users\lehun\javafx-sdk-15.0.1\bin\api-ms-win-core-datetime-l1-1-0.dll
0x0000016f50ac0000 - 0x0000016f50ac3000 	C:\Users\lehun\javafx-sdk-15.0.1\bin\api-ms-win-core-debug-l1-1-0.dll
0x0000016f50ad0000 - 0x0000016f50ad3000 	C:\Users\lehun\javafx-sdk-15.0.1\bin\api-ms-win-core-errorhandling-l1-1-0.dll
0x0000016f50ae0000 - 0x0000016f50ae4000 	C:\Users\lehun\javafx-sdk-15.0.1\bin\api-ms-win-core-file-l1-1-0.dll
0x0000016f50af0000 - 0x0000016f50af3000 	C:\Users\lehun\javafx-sdk-15.0.1\bin\api-ms-win-core-file-l1-2-0.dll
0x0000016f50b00000 - 0x0000016f50b03000 	C:\Users\lehun\javafx-sdk-15.0.1\bin\api-ms-win-core-file-l2-1-0.dll
0x0000016f50b10000 - 0x0000016f50b13000 	C:\Users\lehun\javafx-sdk-15.0.1\bin\api-ms-win-core-handle-l1-1-0.dll
0x0000016f50b20000 - 0x0000016f50b23000 	C:\Users\lehun\javafx-sdk-15.0.1\bin\api-ms-win-core-heap-l1-1-0.dll
0x0000016f50b30000 - 0x0000016f50b33000 	C:\Users\lehun\javafx-sdk-15.0.1\bin\api-ms-win-core-interlocked-l1-1-0.dll
0x0000016f50b40000 - 0x0000016f50b43000 	C:\Users\lehun\javafx-sdk-15.0.1\bin\api-ms-win-core-libraryloader-l1-1-0.dll
0x0000016f50b50000 - 0x0000016f50b53000 	C:\Users\lehun\javafx-sdk-15.0.1\bin\api-ms-win-core-localization-l1-2-0.dll
0x0000016f50b60000 - 0x0000016f50b63000 	C:\Users\lehun\javafx-sdk-15.0.1\bin\api-ms-win-core-memory-l1-1-0.dll
0x0000016f50ec0000 - 0x0000016f50ec3000 	C:\Users\lehun\javafx-sdk-15.0.1\bin\api-ms-win-core-namedpipe-l1-1-0.dll
0x0000016f50ed0000 - 0x0000016f50ed3000 	C:\Users\lehun\javafx-sdk-15.0.1\bin\api-ms-win-core-processenvironment-l1-1-0.dll
0x0000016f50ee0000 - 0x0000016f50ee3000 	C:\Users\lehun\javafx-sdk-15.0.1\bin\api-ms-win-core-processthreads-l1-1-0.dll
0x0000016f50ef0000 - 0x0000016f50ef3000 	C:\Users\lehun\javafx-sdk-15.0.1\bin\api-ms-win-core-processthreads-l1-1-1.dll
0x0000016f50f00000 - 0x0000016f50f03000 	C:\Users\lehun\javafx-sdk-15.0.1\bin\api-ms-win-core-profile-l1-1-0.dll
0x0000016f50b70000 - 0x0000016f50b73000 	C:\Users\lehun\javafx-sdk-15.0.1\bin\api-ms-win-core-rtlsupport-l1-1-0.dll
0x0000016f50b80000 - 0x0000016f50b83000 	C:\Users\lehun\javafx-sdk-15.0.1\bin\api-ms-win-core-string-l1-1-0.dll
0x0000016f50b90000 - 0x0000016f50b93000 	C:\Users\lehun\javafx-sdk-15.0.1\bin\api-ms-win-core-synch-l1-1-0.dll
0x0000016f50ba0000 - 0x0000016f50ba3000 	C:\Users\lehun\javafx-sdk-15.0.1\bin\api-ms-win-core-synch-l1-2-0.dll
0x0000016f50bb0000 - 0x0000016f50bb3000 	C:\Users\lehun\javafx-sdk-15.0.1\bin\api-ms-win-core-sysinfo-l1-1-0.dll
0x0000016f50bc0000 - 0x0000016f50bc3000 	C:\Users\lehun\javafx-sdk-15.0.1\bin\api-ms-win-core-timezone-l1-1-0.dll
0x0000016f50bd0000 - 0x0000016f50bd3000 	C:\Users\lehun\javafx-sdk-15.0.1\bin\api-ms-win-core-util-l1-1-0.dll
0x0000016f50be0000 - 0x0000016f50be3000 	C:\Users\lehun\javafx-sdk-15.0.1\bin\api-ms-win-crt-conio-l1-1-0.dll
0x0000016f50bf0000 - 0x0000016f50bf4000 	C:\Users\lehun\javafx-sdk-15.0.1\bin\api-ms-win-crt-convert-l1-1-0.dll
0x0000016f50c00000 - 0x0000016f50c03000 	C:\Users\lehun\javafx-sdk-15.0.1\bin\api-ms-win-crt-environment-l1-1-0.dll
0x0000016f50c10000 - 0x0000016f50c13000 	C:\Users\lehun\javafx-sdk-15.0.1\bin\api-ms-win-crt-filesystem-l1-1-0.dll
0x0000016f50c20000 - 0x0000016f50c23000 	C:\Users\lehun\javafx-sdk-15.0.1\bin\api-ms-win-crt-heap-l1-1-0.dll
0x0000016f50c30000 - 0x0000016f50c33000 	C:\Users\lehun\javafx-sdk-15.0.1\bin\api-ms-win-crt-locale-l1-1-0.dll
0x0000016f50c40000 - 0x0000016f50c45000 	C:\Users\lehun\javafx-sdk-15.0.1\bin\api-ms-win-crt-math-l1-1-0.dll
0x0000016f50c50000 - 0x0000016f50c55000 	C:\Users\lehun\javafx-sdk-15.0.1\bin\api-ms-win-crt-multibyte-l1-1-0.dll
0x0000016f50c60000 - 0x0000016f50c70000 	C:\Users\lehun\javafx-sdk-15.0.1\bin\api-ms-win-crt-private-l1-1-0.dll
0x0000016f50c70000 - 0x0000016f50c73000 	C:\Users\lehun\javafx-sdk-15.0.1\bin\api-ms-win-crt-process-l1-1-0.dll
0x0000016f50c80000 - 0x0000016f50c84000 	C:\Users\lehun\javafx-sdk-15.0.1\bin\api-ms-win-crt-runtime-l1-1-0.dll
0x0000016f50c90000 - 0x0000016f50c94000 	C:\Users\lehun\javafx-sdk-15.0.1\bin\api-ms-win-crt-stdio-l1-1-0.dll
0x0000016f50ca0000 - 0x0000016f50ca4000 	C:\Users\lehun\javafx-sdk-15.0.1\bin\api-ms-win-crt-string-l1-1-0.dll
0x0000016f50cb0000 - 0x0000016f50cb3000 	C:\Users\lehun\javafx-sdk-15.0.1\bin\api-ms-win-crt-time-l1-1-0.dll
0x0000016f50cc0000 - 0x0000016f50cc3000 	C:\Users\lehun\javafx-sdk-15.0.1\bin\api-ms-win-crt-utility-l1-1-0.dll
0x00007ff9e48f0000 - 0x00007ff9e49ec000 	C:\Users\lehun\javafx-sdk-15.0.1\bin\ucrtbase.dll
0x00007ffa03680000 - 0x00007ffa03695000 	C:\Users\lehun\javafx-sdk-15.0.1\bin\vcruntime140.dll
0x00007ff9d81d0000 - 0x00007ff9d826b000 	C:\Users\lehun\javafx-sdk-15.0.1\bin\msvcp140.dll
0x00007ffa02870000 - 0x00007ffa02893000 	C:\Users\lehun\javafx-sdk-15.0.1\bin\prism_d3d.dll
0x00007ff9d7800000 - 0x00007ff9d79c7000 	C:\Windows\system32\d3d9.dll
0x00007ffa2deb0000 - 0x00007ffa2dedd000 	C:\Windows\SYSTEM32\dwmapi.dll
0x00007ffa2e6f0000 - 0x00007ffa2e710000 	C:\Windows\SYSTEM32\dxcore.dll
0x00007ffa2ddc0000 - 0x00007ffa2de59000 	C:\Windows\system32\uxtheme.dll
0x00007ff9d5e70000 - 0x00007ff9d5fd3000 	C:\Windows\System32\DriverStore\FileRepository\iigd_dch.inf_amd64_a27adb6f3c75ef42\igdumdim64.dll
0x00007ff9b1560000 - 0x00007ff9b571f000 	C:\Windows\System32\DriverStore\FileRepository\iigd_dch.inf_amd64_a27adb6f3c75ef42\igd9dxva64.dll
0x00007ffa320f0000 - 0x00007ffa32247000 	C:\Windows\System32\ole32.dll
0x00007ffa30cf0000 - 0x00007ffa30db5000 	C:\Windows\System32\OLEAUT32.dll
0x00007ffa281c0000 - 0x00007ffa28363000 	C:\Windows\System32\DriverStore\FileRepository\iigd_dch.inf_amd64_a27adb6f3c75ef42\igdgmm64.dll
0x00007ffa012a0000 - 0x00007ffa012e5000 	C:\Users\lehun\javafx-sdk-15.0.1\bin\glass.dll
0x00007ffa32020000 - 0x00007ffa320f0000 	C:\Windows\System32\COMDLG32.dll
0x00007ffa31d60000 - 0x00007ffa31e95000 	C:\Windows\System32\MSCTF.dll
0x00007ffa1aca0000 - 0x00007ffa1acc6000 	C:\Windows\System32\DriverStore\FileRepository\iigd_dch.inf_amd64_a27adb6f3c75ef42\igdinfo64.dll
0x00007ffa23900000 - 0x00007ffa25d3d000 	C:\Windows\System32\DriverStore\FileRepository\iigd_dch.inf_amd64_a27adb6f3c75ef42\igc64.dll
0x00007ffa03580000 - 0x00007ffa03594000 	C:\Users\lehun\javafx-sdk-15.0.1\bin\javafx_font.dll
0x00007ffa1fc10000 - 0x00007ffa1ff0e000 	C:\Windows\SYSTEM32\dwrite.dll
0x00007ffa32250000 - 0x00007ffa322f2000 	C:\Windows\System32\clbcatq.dll
0x00007ffa2aa30000 - 0x00007ffa2abdf000 	C:\Windows\SYSTEM32\WindowsCodecs.dll
0x00007ff9f6660000 - 0x00007ff9f669b000 	C:\Windows\system32\dataexchange.dll
0x00007ffa2d0a0000 - 0x00007ffa2d27d000 	C:\Windows\system32\dcomp.dll
0x00007ffa2ce30000 - 0x00007ffa2d08b000 	C:\Windows\system32\d3d11.dll
0x00007ffa2e780000 - 0x00007ffa2e86b000 	C:\Windows\system32\dxgi.dll
0x00007ffa2dee0000 - 0x00007ffa2e13a000 	C:\Windows\system32\twinapi.appcore.dll
0x00007ffa2e3c0000 - 0x00007ffa2e3e9000 	C:\Windows\system32\RMCLIENT.dll
0x00007ffa01260000 - 0x00007ffa01293000 	C:\Program Files\Common Files\Microsoft Shared\Ink\rtscom.dll
0x00007ffa21740000 - 0x00007ffa217dd000 	C:\Windows\System32\TextInputFramework.dll
0x00007ffa2d5f0000 - 0x00007ffa2d6c4000 	C:\Windows\System32\CoreMessaging.dll
0x00007ffa2b1e0000 - 0x00007ffa2b50a000 	C:\Windows\System32\CoreUIComponents.dll
0x00007ffa2eb00000 - 0x00007ffa2eb31000 	C:\Windows\SYSTEM32\ntmarta.dll
0x00007ffa2baa0000 - 0x00007ffa2bbf2000 	C:\Windows\SYSTEM32\wintypes.dll
0x00007ffa20210000 - 0x00007ffa204b7000 	C:\Windows\System32\iertutil.dll
0x00007ffa04510000 - 0x00007ffa04575000 	C:\Windows\system32\Oleacc.dll

dbghelp: loaded successfully - version: 4.0.5 - missing functions: none
symbol engine: initialized successfully - sym options: 0x614 - pdb path: .;C:\Users\lehun\jdk-15.0.2\bin;C:\Windows\SYSTEM32;C:\Windows\WinSxS\amd64_microsoft.windows.common-controls_6595b64144ccf1df_6.0.18362.1316_none_9e7a364fe461dbd7;C:\Users\lehun\jdk-15.0.2\bin\server;C:\Program Files\JetBrains\IntelliJ IDEA Community Edition 2020.3.1\bin;C:\Users\lehun\javafx-sdk-15.0.1\bin;C:\Windows\System32\DriverStore\FileRepository\iigd_dch.inf_amd64_a27adb6f3c75ef42;C:\Program Files\Common Files\Microsoft Shared\Ink

VM Arguments:
jvm_args: --module-path=C:\Users\lehun\javafx-sdk-15.0.1\lib --add-modules=javafx.base,javafx.controls,javafx.fxml,javafx.graphics,javafx.media -javaagent:C:\Program Files\JetBrains\IntelliJ IDEA Community Edition 2020.3.1\lib\idea_rt.jar=50214:C:\Program Files\JetBrains\IntelliJ IDEA Community Edition 2020.3.1\bin -Dfile.encoding=UTF-8 
java_command: Neighbours
java_class_path (initial): C:\Users\lehun\dat043\neighbours\out\production\neighbours;C:\Users\lehun\javafx-sdk-15.0.1\lib\src.zip;C:\Users\lehun\javafx-sdk-15.0.1\lib\javafx-swt.jar;C:\Users\lehun\javafx-sdk-15.0.1\lib\javafx.web.jar;C:\Users\lehun\javafx-sdk-15.0.1\lib\javafx.base.jar;C:\Users\lehun\javafx-sdk-15.0.1\lib\javafx.fxml.jar;C:\Users\lehun\javafx-sdk-15.0.1\lib\javafx.media.jar;C:\Users\lehun\javafx-sdk-15.0.1\lib\javafx.swing.jar;C:\Users\lehun\javafx-sdk-15.0.1\lib\javafx.controls.jar;C:\Users\lehun\javafx-sdk-15.0.1\lib\javafx.graphics.jar
Launcher Type: SUN_STANDARD

[Global flags]
     intx CICompilerCount                          = 4                                         {product} {ergonomic}
     uint ConcGCThreads                            = 2                                         {product} {ergonomic}
     uint G1ConcRefinementThreads                  = 8                                         {product} {ergonomic}
   size_t G1HeapRegionSize                         = 2097152                                   {product} {ergonomic}
    uintx GCDrainStackTargetSize                   = 64                                        {product} {ergonomic}
   size_t InitialHeapSize                          = 266338304                                 {product} {ergonomic}
   size_t MarkStackSize                            = 4194304                                   {product} {ergonomic}
   size_t MaxHeapSize                              = 4242538496                                {product} {ergonomic}
   size_t MaxNewSize                               = 2543845376                                {product} {ergonomic}
   size_t MinHeapDeltaBytes                        = 2097152                                   {product} {ergonomic}
   size_t MinHeapSize                              = 8388608                                   {product} {ergonomic}
    uintx NonNMethodCodeHeapSize                   = 5839372                                {pd product} {ergonomic}
    uintx NonProfiledCodeHeapSize                  = 122909434                              {pd product} {ergonomic}
    uintx ProfiledCodeHeapSize                     = 122909434                              {pd product} {ergonomic}
    uintx ReservedCodeCacheSize                    = 251658240                              {pd product} {ergonomic}
     bool SegmentedCodeCache                       = true                                      {product} {ergonomic}
   size_t SoftMaxHeapSize                          = 4242538496                             {manageable} {ergonomic}
     bool UseCompressedClassPointers               = true                                 {lp64_product} {ergonomic}
     bool UseCompressedOops                        = true                                 {lp64_product} {ergonomic}
     bool UseG1GC                                  = true                                      {product} {ergonomic}
     bool UseLargePagesIndividualAllocation        = false                                  {pd product} {ergonomic}

Logging:
Log output configuration:
 #0: stdout all=warning uptime,level,tags
 #1: stderr all=off uptime,level,tags

Environment Variables:
PATH=C:\Program Files (x86)\Common Files\Oracle\Java\javapath;C:\Windows\system32;C:\Windows;C:\Windows\System32\Wbem;C:\Windows\System32\WindowsPowerShell\v1.0\;C:\Windows\System32\OpenSSH\;C:\ProgramData\chocolatey\bin;C:\Program Files\MATLAB\R2020b\bin;C:\Program Files\Git\cmd;C:\Users\lehun\AppData\Local\Microsoft\WindowsApps;C:\Users\lehun\AppData\Roaming\cabal\bin;C:\ProgramData\chocolatey\lib\ghc\tools\ghc-8.10.2\bin;C:\tools\msys64;C:\Users\lehun\AppData\Local\Programs\Microsoft VS Code\bin
USERNAME=lehun
OS=Windows_NT
PROCESSOR_IDENTIFIER=Intel64 Family 6 Model 142 Stepping 12, GenuineIntel



---------------  S Y S T E M  ---------------

OS:
 Windows 10 , 64 bit Build 18362 (10.0.18362.1316)
OS uptime: 2 days 2:53 hours
HyperV virtualization detected

CPU: total 8 (initial active 8) (4 cores per cpu, 2 threads per core) family 6 model 142 stepping 12 microcode 0xd6, cmov, cx8, fxsr, mmx, sse, sse2, sse3, ssse3, sse4.1, sse4.2, popcnt, vzeroupper, avx, avx2, aes, clmul, erms, 3dnowpref, lzcnt, ht, tsc, tscinvbit, bmi1, bmi2, adx, fma, clflush, clflushopt

Memory: 4k page, system-wide physical 16180M (8840M free)
TotalPageFile size 18612M (AvailPageFile size 9439M)
current process WorkingSet (physical memory assigned to process): 112M, peak: 112M
current process commit charge ("private bytes"): 398M, peak: 398M

vm_info: OpenJDK 64-Bit Server VM (15.0.2+7-27) for windows-amd64 JRE (15.0.2+7-27), built on Dec  7 2020 20:02:38 by "mach5one" with unknown MS VC++:1925

END.
