#
# A fatal error has been detected by the Java Runtime Environment:
#
#  EXCEPTION_ACCESS_VIOLATION (0xc0000005) at pc=0x0000025e4dad44e7, pid=14940, tid=16500
#
# JRE version: OpenJDK Runtime Environment (15.0.2+7) (build 15.0.2+7-27)
# Java VM: OpenJDK 64-Bit Server VM (15.0.2+7-27, mixed mode, sharing, tiered, compressed oops, g1 gc, windows-amd64)
# Problematic frame:
# J 1523 c2 Neighbours.satisfied([[LNeighbours$Actor;IID)Z (112 bytes) @ 0x0000025e4dad44e7 [0x0000025e4dad4320+0x00000000000001c7]
#
# No core dump will be written. Minidumps are not enabled by default on client versions of Windows
#
# If you would like to submit a bug report, please visit:
#   https://bugreport.java.com/bugreport/crash.jsp
#

---------------  S U M M A R Y ------------

Command Line: --module-path=C:\Users\lehun\javafx-sdk-15.0.1\lib --add-modules=javafx.base,javafx.controls,javafx.fxml,javafx.graphics,javafx.media -javaagent:C:\Program Files\JetBrains\IntelliJ IDEA Community Edition 2020.3.1\lib\idea_rt.jar=50654:C:\Program Files\JetBrains\IntelliJ IDEA Community Edition 2020.3.1\bin -Dfile.encoding=UTF-8 Neighbours

Host: Intel(R) Core(TM) i7-10510U CPU @ 1.80GHz, 8 cores, 15G,  Windows 10 , 64 bit Build 18362 (10.0.18362.1316)
Time: Mon Feb  1 15:08:01 2021 Västeuropa, normaltid elapsed time: 15.431787 seconds (0d 0h 0m 15s)

---------------  T H R E A D  ---------------

Current thread (0x0000025e62b3d5b0):  JavaThread "JavaFX Application Thread" [_thread_in_Java, id=16500, stack(0x000000cfff000000,0x000000cfff100000)]

Stack: [0x000000cfff000000,0x000000cfff100000],  sp=0x000000cfff0fe200,  free space=1016k
Native frames: (J=compiled Java code, j=interpreted, Vv=VM code, C=native code)
C  0x0000025e4dad44e7


siginfo: EXCEPTION_ACCESS_VIOLATION (0xc0000005), reading address 0x0000000b1164a07c


Register to memory mapping:

RIP=0x0000025e4dad44e7 is at entry_point+455 in (nmethod*)0x0000025e4dad4190
RAX=0x0 is NULL
RBX=3794572326 is a compressed pointer to object: javafx.scene.paint.Color 
{0x000000071164a130} - klass: 'javafx/scene/paint/Color'
RCX=0x0000000711808e28 is an oop: Neighbours 
{0x0000000711808e28} - klass: 'Neighbours'
RDX=0x000000000000000a is an unknown value
RSP=0x000000cfff0fe200 is pointing into the stack for thread: 0x0000025e62b3d5b0
RBP=0x000000cfff0fe2d8 is pointing into the stack for thread: 0x0000025e62b3d5b0
RSI=0x00000000ffffffff is an unknown value
RDI=0x0 is NULL
R8 =0x000000071164a070 is an oop: [[LNeighbours$Actor; 
{0x000000071164a070} - klass: 'Neighbours$Actor'[][]
 - length: 10
R9 =0x0 is NULL
R10=0x0000000000000001 is an unknown value
R11=0x0 is NULL
R12=0x0 is NULL
R13=0x000000cfff0fe260 is pointing into the stack for thread: 0x0000025e62b3d5b0
R14=0x0000000000000002 is an unknown value
R15=0x0000025e62b3d5b0 is a thread


Registers:
RAX=0x0000000000000000, RBX=0x00000000e22c9426, RCX=0x0000000711808e28, RDX=0x000000000000000a
RSP=0x000000cfff0fe200, RBP=0x000000cfff0fe2d8, RSI=0x00000000ffffffff, RDI=0x0000000000000000
R8 =0x000000071164a070, R9 =0x0000000000000000, R10=0x0000000000000001, R11=0x0000000000000000
R12=0x0000000000000000, R13=0x000000cfff0fe260, R14=0x0000000000000002, R15=0x0000025e62b3d5b0
RIP=0x0000025e4dad44e7, EFLAGS=0x0000000000010282

Top of Stack: (sp=0x000000cfff0fe200)
0x000000cfff0fe200:   0000000000000002 0000025e62b3d5b0
0x000000cfff0fe210:   0000025e638a2d01 0000025e62b3d5b0
0x000000cfff0fe220:   0000000711808e28 00007ff9d49cba35
0x000000cfff0fe230:   0000025e62b3d5b0 000000cfff0fe2d8
0x000000cfff0fe240:   000000cfff0fe2d8 0000025e45f99950
0x000000cfff0fe250:   0000000711808e28 0000025e45f99950
0x000000cfff0fe260:   3fe8000000000000 000000cfff0fe200
0x000000cfff0fe270:   0000000000000000 0000000000000000
0x000000cfff0fe280:   000000071164a070 0000000711808e28
0x000000cfff0fe290:   000000cfff0fe290 0000025e61f906d0
0x000000cfff0fe2a0:   000000cfff0fe330 0000025e62156580
0x000000cfff0fe2b0:   0000000000000000 0000000711800690
0x000000cfff0fe2c0:   0000025e61f90808 000000cfff0fe260
0x000000cfff0fe2d0:   000000cfff0fe318 000000cfff0fe388
0x000000cfff0fe2e0:   0000025e45f99f00 0000000000000000
0x000000cfff0fe2f0:   0000000000000000 0000000000000000 

Instructions: (pc=0x0000025e4dad44e7)
0x0000025e4dad43e7:   89 44 24 04 e9 e2 00 00 00 ff c0 44 8b e9 41 ff
0x0000025e4dad43f7:   c5 44 3b ea 73 2c 66 66 90 41 3b f1 75 05 44 3b
0x0000025e4dad4407:   ef 74 1f 4c 63 e9 46 8b 6c ad 14 41 ff c3 45 85
0x0000025e4dad4417:   ed 74 0f 66 0f 1f 44 00 00 43 3b 5c ec 10 75 02
0x0000025e4dad4427:   ff c0 83 c1 02 41 3b c8 0f 8c 46 01 00 00 4d 8b
0x0000025e4dad4437:   87 10 01 00 00 41 85 00 90 41 3b ca 0f 8c 0f 01
0x0000025e4dad4447:   00 00 41 3b ce 0f 8d 30 00 00 00 3b ca 73 1f 41
0x0000025e4dad4457:   3b f1 75 04 3b cf 74 16 44 8b 6c 8d 10 41 ff c3
0x0000025e4dad4467:   45 85 ed 74 09 43 3b 5c ec 10 75 02 ff c0 ff c1
0x0000025e4dad4477:   41 3b ce 66 0f 1f 44 00 00 7c d0 4d 8b 87 10 01
0x0000025e4dad4487:   00 00 ff c6 41 85 00 3b 34 24 7c 3f 45 85 db 0f
0x0000025e4dad4497:   84 6d 01 00 00 3d 00 00 00 80 75 08 33 d2 41 83
0x0000025e4dad44a7:   fb ff 74 04 99 41 f7 fb c5 f3 2a c8 c5 f9 2e c1
0x0000025e4dad44b7:   0f 86 8b 01 00 00 b8 01 00 00 00 48 83 c4 40 5d
0x0000025e4dad44c7:   4d 8b 97 10 01 00 00 41 85 02 c3 c4 c1 79 7e d8
0x0000025e4dad44d7:   45 3b c6 66 0f 1f 44 00 00 7d a0 c4 c1 f9 7e c8
0x0000025e4dad44e7:   41 8b 4c b0 10 45 8b 44 cc 0c 49 63 e8 c4 c1 f9
0x0000025e4dad44f7:   7e e5 4c 3b ed 0f 1f 40 00 0f 83 c3 00 00 00 3b
0x0000025e4dad4507:   f2 0f 83 ab 00 00 00 c5 f9 7e dd 41 3b e8 0f 83
0x0000025e4dad4517:   ae 00 00 00 49 8d 2c cc c5 f9 7e d9 3b ca 73 22
0x0000025e4dad4527:   41 3b f1 75 04 3b cf 74 19 44 8b 44 8d 10 41 ff
0x0000025e4dad4537:   c3 45 85 c0 74 0c 66 66 90 43 3b 5c c4 10 75 02
0x0000025e4dad4547:   ff c0 ff c1 3b cf 7c d4 41 3b ca 0f 8d f1 fe ff
0x0000025e4dad4557:   ff 45 8b c2 44 2b c1 44 3b d1 44 0f 4c 44 24 04
0x0000025e4dad4567:   41 81 f8 d0 07 00 00 41 bd d0 07 00 00 45 0f 47
0x0000025e4dad4577:   c5 44 03 c1 3b ca 66 66 90 0f 83 6c fe ff ff 41
0x0000025e4dad4587:   3b f1 75 08 3b cf 0f 84 5f fe ff ff 44 8b 6c 8d
0x0000025e4dad4597:   10 41 ff c3 0f 1f 44 00 00 45 85 ed 0f 84 49 fe
0x0000025e4dad45a7:   ff ff 43 3b 5c ec 10 0f 84 3c fe ff ff e9 39 fe
0x0000025e4dad45b7:   ff ff c5 f9 7e d9 66 66 90 41 3b c8 0f 82 b9 fe
0x0000025e4dad45c7:   ff ff ba be ff ff ff c4 e1 f9 7e d5 c5 fb 11 0c
0x0000025e4dad45d7:   24 44 89 4c 24 08 89 7c 24 0c c5 fb 11 44 24 10 


Stack slot to memory mapping:
stack at sp + 0 slots: 0x0000000000000002 is an unknown value
stack at sp + 1 slots: 0x0000025e62b3d5b0 is a thread
stack at sp + 2 slots: 0x0000025e638a2d01 points into unknown readable memory: 69 6e 56 61 72 69 61
stack at sp + 3 slots: 0x0000025e62b3d5b0 is a thread
stack at sp + 4 slots: 0x0000000711808e28 is an oop: Neighbours 
{0x0000000711808e28} - klass: 'Neighbours'
stack at sp + 5 slots: 0x00007ff9d49cba35 jvm.dll
stack at sp + 6 slots: 0x0000025e62b3d5b0 is a thread
stack at sp + 7 slots: 0x000000cfff0fe2d8 is pointing into the stack for thread: 0x0000025e62b3d5b0

--------------------------------------------------------------------------------
[Constant Pool (empty)]

--------------------------------------------------------------------------------

[MachCode]
  0x0000025e4dad4320: 448b 5208 | 49c1 e203 | 49bb 0000 | 0000 0800 | 0000 4d03 | d349 3bc2 | 0f85 c280 | 50f8 6690 
  0x0000025e4dad4340: 8984 2400 | 90ff ff55 | 4883 ec40 | c4e1 f96e | d241 8bf1 | ffce 458b | d141 83c2 | 0266 6690 
  0x0000025e4dad4360: 413b f20f | 8d9b 0200 | 0041 8b50 | 0c44 3bca | 0f83 a602 | 0000 478b | 5c88 100f | 1f44 0000 
  0x0000025e4dad4380: 438b 5cdc | 0c3b fb0f | 838f 0200 | 0049 c1e3 | 0345 8b5c | bb10 6666 | 0f1f 8400 | 0000 0000 
  0x0000025e4dad43a0: 438b 5cdc | 1044 8914 | 24c4 c1f9 | 6ec8 448b | d741 ffc2 | 448b c741 | ffc8 c4c1 | 796e d844 
  0x0000025e4dad43c0: 8bf7 4183 | c602 4d63 | de49 ffcb | c4c1 f96e | e341 b800 | 0000 8045 | 3bf2 450f | 4cd0 4533 
  0x0000025e4dad43e0: db33 c045 | 33c0 4489 | 4424 04e9 | e200 0000 | ffc0 448b | e941 ffc5 | 443b ea73 | 2c66 6690 
  0x0000025e4dad4400: 413b f175 | 0544 3bef | 741f 4c63 | e946 8b6c | ad14 41ff | c345 85ed | 740f 660f | 1f44 0000 
  0x0000025e4dad4420: 433b 5cec | 1075 02ff | c083 c102 | 413b c80f | 8c46 0100 | 004d 8b87 | 1001 0000 | 4185 0090 
  0x0000025e4dad4440: 413b ca0f | 8c0f 0100 | 0041 3bce | 0f8d 3000 | 0000 3bca | 731f 413b | f175 043b | cf74 1644 
  0x0000025e4dad4460: 8b6c 8d10 | 41ff c345 | 85ed 7409 | 433b 5cec | 1075 02ff | c0ff c141 | 3bce 660f | 1f44 0000 
  0x0000025e4dad4480: 7cd0 4d8b | 8710 0100 | 00ff c641 | 8500 3b34 | 247c 3f45 | 85db 0f84 | 6d01 0000 | 3d00 0000 
  0x0000025e4dad44a0: 8075 0833 | d241 83fb | ff74 0499 | 41f7 fbc5 | f32a c8c5 | f92e c10f | 868b 0100 | 00b8 0100 
  0x0000025e4dad44c0: 0000 4883 | c440 5d4d | 8b97 1001 | 0000 4185 | 02c3 c4c1 | 797e d845 | 3bc6 660f | 1f44 0000 
  0x0000025e4dad44e0: 7da0 c4c1 | f97e c841 | 8b4c b010 | 458b 44cc | 0c49 63e8 | c4c1 f97e | e54c 3bed | 0f1f 4000 
  0x0000025e4dad4500: 0f83 c300 | 0000 3bf2 | 0f83 ab00 | 0000 c5f9 | 7edd 413b | e80f 83ae | 0000 0049 | 8d2c ccc5 
  0x0000025e4dad4520: f97e d93b | ca73 2241 | 3bf1 7504 | 3bcf 7419 | 448b 448d | 1041 ffc3 | 4585 c074 | 0c66 6690 
  0x0000025e4dad4540: 433b 5cc4 | 1075 02ff | c0ff c13b | cf7c d441 | 3bca 0f8d | f1fe ffff | 458b c244 | 2bc1 443b 
  0x0000025e4dad4560: d144 0f4c | 4424 0441 | 81f8 d007 | 0000 41bd | d007 0000 | 450f 47c5 | 4403 c13b | ca66 6690 
  0x0000025e4dad4580: 0f83 6cfe | ffff 413b | f175 083b | cf0f 845f | feff ff44 | 8b6c 8d10 | 41ff c30f | 1f44 0000 
  0x0000025e4dad45a0: 4585 ed0f | 8449 feff | ff43 3b5c | ec10 0f84 | 3cfe ffff | e939 feff | ffc5 f97e | d966 6690 
  0x0000025e4dad45c0: 413b c80f | 82b9 feff | ffba beff | ffff c4e1 | f97e d5c5 | fb11 0c24 | 4489 4c24 | 0889 7c24 
  0x0000025e4dad45e0: 0cc5 fb11 | 4424 1044 | 895c 2418 | 8944 241c | 8974 2420 | c5fa 115c | 2428 4489 | 7424 2ce8 
  0x0000025e4dad4600: 7c9d 50f8 | 4533 d2eb | 0344 8bd0 | ba86 ffff | ff41 8bea | 6666 90e8 | 649d 50f8 | babe ffff 
  0x0000025e4dad4620: ffc4 e1f9 | 7ed5 4c89 | 0424 4489 | 4c24 0889 | 7c24 0cc5 | fb11 4424 | 1089 7424 | 1c44 8954 
  0x0000025e4dad4640: 2420 90e8 | 389d 50f8 | c5f9 2ec1 | bdff ffff | ff0f 8a0e | 0000 000f | 8208 0000 | 0040 0f95 
  0x0000025e4dad4660: c540 0fb6 | edf7 ddba | 45ff ffff | 6666 90e8 | 0c9d 50f8 | f4f4 f4f4 | f4f4 f4f4 | f4f4 f4f4 
  0x0000025e4dad4680: e9fb 395b | f8e8 0000 | 0000 4883 | 2c24 05e9 | 0c99 50f8 | f4f4 f4f4 
[/MachCode]
--------------------------------------------------------------------------------


---------------  P R O C E S S  ---------------

Threads class SMR info:
_java_thread_list=0x0000025e63813d20, length=17, elements={
0x0000025e3c564220, 0x0000025e62381090, 0x0000025e62381a70, 0x0000025e62398110,
0x0000025e6239a9e0, 0x0000025e6239b2a0, 0x0000025e623a07b0, 0x0000025e623a1260,
0x0000025e623abc80, 0x0000025e6247c800, 0x0000025e626fd740, 0x0000025e62cff880,
0x0000025e62fb0360, 0x0000025e6357e960, 0x0000025e62b3d5b0, 0x0000025e62fa86a0,
0x0000025e630eed10
}

Java Threads: ( => current thread )
  0x0000025e3c564220 JavaThread "main" [_thread_blocked, id=13716, stack(0x000000cffd900000,0x000000cffda00000)]
  0x0000025e62381090 JavaThread "Reference Handler" daemon [_thread_blocked, id=9572, stack(0x000000cffe000000,0x000000cffe100000)]
  0x0000025e62381a70 JavaThread "Finalizer" daemon [_thread_blocked, id=17300, stack(0x000000cffe100000,0x000000cffe200000)]
  0x0000025e62398110 JavaThread "Signal Dispatcher" daemon [_thread_blocked, id=9736, stack(0x000000cffe200000,0x000000cffe300000)]
  0x0000025e6239a9e0 JavaThread "Attach Listener" daemon [_thread_blocked, id=11644, stack(0x000000cffe300000,0x000000cffe400000)]
  0x0000025e6239b2a0 JavaThread "Service Thread" daemon [_thread_blocked, id=7580, stack(0x000000cffe400000,0x000000cffe500000)]
  0x0000025e623a07b0 JavaThread "C2 CompilerThread0" daemon [_thread_blocked, id=11868, stack(0x000000cffe500000,0x000000cffe600000)]
  0x0000025e623a1260 JavaThread "C1 CompilerThread0" daemon [_thread_blocked, id=6024, stack(0x000000cffe600000,0x000000cffe700000)]
  0x0000025e623abc80 JavaThread "Sweeper thread" daemon [_thread_blocked, id=17692, stack(0x000000cffe700000,0x000000cffe800000)]
  0x0000025e6247c800 JavaThread "Common-Cleaner" daemon [_thread_blocked, id=14936, stack(0x000000cffe800000,0x000000cffe900000)]
  0x0000025e626fd740 JavaThread "Monitor Ctrl-Break" daemon [_thread_in_native, id=9204, stack(0x000000cffeb00000,0x000000cffec00000)]
  0x0000025e62cff880 JavaThread "Notification Thread" daemon [_thread_blocked, id=14436, stack(0x000000cffec00000,0x000000cffed00000)]
  0x0000025e62fb0360 JavaThread "QuantumRenderer-0" daemon [_thread_blocked, id=17264, stack(0x000000cffee00000,0x000000cffef00000)]
  0x0000025e6357e960 JavaThread "InvokeLaterDispatcher" daemon [_thread_blocked, id=7292, stack(0x000000cffef00000,0x000000cfff000000)]
=>0x0000025e62b3d5b0 JavaThread "JavaFX Application Thread" [_thread_in_Java, id=16500, stack(0x000000cfff000000,0x000000cfff100000)]
  0x0000025e62fa86a0 JavaThread "JavaFX-Launcher" [_thread_blocked, id=2276, stack(0x000000cfff500000,0x000000cfff600000)]
  0x0000025e630eed10 JavaThread "Thread-2" daemon [_thread_in_native, id=5168, stack(0x000000cfff400000,0x000000cfff500000)]

Other Threads:
  0x0000025e61b7c740 VMThread "VM Thread" [stack: 0x000000cffdf00000,0x000000cffe000000] [id=14248]
  0x0000025e62af6730 WatcherThread [stack: 0x000000cffed00000,0x000000cffee00000] [id=17048]
  0x0000025e3c5b2410 GCTaskThread "GC Thread#0" [stack: 0x000000cffda00000,0x000000cffdb00000] [id=16312]
  0x0000025e63d12620 GCTaskThread "GC Thread#1" [stack: 0x000000cfff600000,0x000000cfff700000] [id=16756]
  0x0000025e63d12fb0 GCTaskThread "GC Thread#2" [stack: 0x000000cfff700000,0x000000cfff800000] [id=12500]
  0x0000025e63d10310 GCTaskThread "GC Thread#3" [stack: 0x000000cfff800000,0x000000cfff900000] [id=3412]
  0x0000025e63d13610 GCTaskThread "GC Thread#4" [stack: 0x000000cfff900000,0x000000cfffa00000] [id=10496]
  0x0000025e63d132e0 GCTaskThread "GC Thread#5" [stack: 0x000000cfffa00000,0x000000cfffb00000] [id=17464]
  0x0000025e3c5c5160 ConcurrentGCThread "G1 Main Marker" [stack: 0x000000cffdb00000,0x000000cffdc00000] [id=16424]
  0x0000025e3c5c6400 ConcurrentGCThread "G1 Conc#0" [stack: 0x000000cffdc00000,0x000000cffdd00000] [id=17924]
  0x0000025e61a020d0 ConcurrentGCThread "G1 Refine#0" [stack: 0x000000cffdd00000,0x000000cffde00000] [id=14780]
  0x0000025e61a02980 ConcurrentGCThread "G1 Young RemSet Sampling" [stack: 0x000000cffde00000,0x000000cffdf00000] [id=18232]

Threads with active compile tasks:

VM state: not at safepoint (normal execution)

VM Mutex/Monitor currently owned by a thread: None

Heap address: 0x0000000703200000, size: 4046 MB, Compressed Oops mode: Zero based, Oop shift amount: 3
CDS archive(s) mapped at: [0x0000000800000000-0x0000000800b50000-0x0000000800b50000), size 11862016, SharedBaseAddress: 0x0000000800000000, ArchiveRelocationMode: 0.
Compressed class space mapped at: 0x0000000800b50000-0x0000000840b50000, size: 1073741824
Narrow klass base: 0x0000000800000000, Narrow klass shift: 3, Narrow klass range: 0x100000000

GC Precious Log:
 CPUs: 8 total, 8 available
 Memory: 16180M
 Large Page Support: Disabled
 NUMA Support: Disabled
 Compressed Oops: Enabled (Zero based)
 Heap Region Size: 2M
 Heap Min Capacity: 8M
 Heap Initial Capacity: 254M
 Heap Max Capacity: 4046M
 Pre-touch: Disabled
 Parallel Workers: 8
 Concurrent Workers: 2
 Concurrent Refinement Workers: 8
 Periodic GC: Disabled

Heap:
 garbage-first heap   total 260096K, used 13507K [0x0000000703200000, 0x0000000800000000)
  region size 2048K, 8 young (16384K), 2 survivors (4096K)
 Metaspace       used 8564K, capacity 10619K, committed 10752K, reserved 1058816K
  class space    used 1033K, capacity 1251K, committed 1280K, reserved 1048576K

Heap Regions: E=young(eden), S=young(survivor), O=old, HS=humongous(starts), HC=humongous(continues), CS=collection set, F=free, OA=open archive, CA=closed archive, TAMS=top-at-mark-start (previous, next)
|   0|0x0000000703200000, 0x0000000703200000, 0x0000000703400000|  0%| F|  |TAMS 0x0000000703200000, 0x0000000703200000| Untracked 
|   1|0x0000000703400000, 0x0000000703400000, 0x0000000703600000|  0%| F|  |TAMS 0x0000000703400000, 0x0000000703400000| Untracked 
|   2|0x0000000703600000, 0x0000000703600000, 0x0000000703800000|  0%| F|  |TAMS 0x0000000703600000, 0x0000000703600000| Untracked 
|   3|0x0000000703800000, 0x0000000703800000, 0x0000000703a00000|  0%| F|  |TAMS 0x0000000703800000, 0x0000000703800000| Untracked 
|   4|0x0000000703a00000, 0x0000000703a00000, 0x0000000703c00000|  0%| F|  |TAMS 0x0000000703a00000, 0x0000000703a00000| Untracked 
|   5|0x0000000703c00000, 0x0000000703c00000, 0x0000000703e00000|  0%| F|  |TAMS 0x0000000703c00000, 0x0000000703c00000| Untracked 
|   6|0x0000000703e00000, 0x0000000703e00000, 0x0000000704000000|  0%| F|  |TAMS 0x0000000703e00000, 0x0000000703e00000| Untracked 
|   7|0x0000000704000000, 0x0000000704000000, 0x0000000704200000|  0%| F|  |TAMS 0x0000000704000000, 0x0000000704000000| Untracked 
|   8|0x0000000704200000, 0x0000000704200000, 0x0000000704400000|  0%| F|  |TAMS 0x0000000704200000, 0x0000000704200000| Untracked 
|   9|0x0000000704400000, 0x0000000704400000, 0x0000000704600000|  0%| F|  |TAMS 0x0000000704400000, 0x0000000704400000| Untracked 
|  10|0x0000000704600000, 0x0000000704600000, 0x0000000704800000|  0%| F|  |TAMS 0x0000000704600000, 0x0000000704600000| Untracked 
|  11|0x0000000704800000, 0x0000000704800000, 0x0000000704a00000|  0%| F|  |TAMS 0x0000000704800000, 0x0000000704800000| Untracked 
|  12|0x0000000704a00000, 0x0000000704a00000, 0x0000000704c00000|  0%| F|  |TAMS 0x0000000704a00000, 0x0000000704a00000| Untracked 
|  13|0x0000000704c00000, 0x0000000704c00000, 0x0000000704e00000|  0%| F|  |TAMS 0x0000000704c00000, 0x0000000704c00000| Untracked 
|  14|0x0000000704e00000, 0x0000000704e00000, 0x0000000705000000|  0%| F|  |TAMS 0x0000000704e00000, 0x0000000704e00000| Untracked 
|  15|0x0000000705000000, 0x0000000705000000, 0x0000000705200000|  0%| F|  |TAMS 0x0000000705000000, 0x0000000705000000| Untracked 
|  16|0x0000000705200000, 0x0000000705200000, 0x0000000705400000|  0%| F|  |TAMS 0x0000000705200000, 0x0000000705200000| Untracked 
|  17|0x0000000705400000, 0x0000000705400000, 0x0000000705600000|  0%| F|  |TAMS 0x0000000705400000, 0x0000000705400000| Untracked 
|  18|0x0000000705600000, 0x0000000705600000, 0x0000000705800000|  0%| F|  |TAMS 0x0000000705600000, 0x0000000705600000| Untracked 
|  19|0x0000000705800000, 0x0000000705800000, 0x0000000705a00000|  0%| F|  |TAMS 0x0000000705800000, 0x0000000705800000| Untracked 
|  20|0x0000000705a00000, 0x0000000705a00000, 0x0000000705c00000|  0%| F|  |TAMS 0x0000000705a00000, 0x0000000705a00000| Untracked 
|  21|0x0000000705c00000, 0x0000000705c00000, 0x0000000705e00000|  0%| F|  |TAMS 0x0000000705c00000, 0x0000000705c00000| Untracked 
|  22|0x0000000705e00000, 0x0000000705e00000, 0x0000000706000000|  0%| F|  |TAMS 0x0000000705e00000, 0x0000000705e00000| Untracked 
|  23|0x0000000706000000, 0x0000000706000000, 0x0000000706200000|  0%| F|  |TAMS 0x0000000706000000, 0x0000000706000000| Untracked 
|  24|0x0000000706200000, 0x0000000706200000, 0x0000000706400000|  0%| F|  |TAMS 0x0000000706200000, 0x0000000706200000| Untracked 
|  25|0x0000000706400000, 0x0000000706400000, 0x0000000706600000|  0%| F|  |TAMS 0x0000000706400000, 0x0000000706400000| Untracked 
|  26|0x0000000706600000, 0x0000000706600000, 0x0000000706800000|  0%| F|  |TAMS 0x0000000706600000, 0x0000000706600000| Untracked 
|  27|0x0000000706800000, 0x0000000706800000, 0x0000000706a00000|  0%| F|  |TAMS 0x0000000706800000, 0x0000000706800000| Untracked 
|  28|0x0000000706a00000, 0x0000000706a00000, 0x0000000706c00000|  0%| F|  |TAMS 0x0000000706a00000, 0x0000000706a00000| Untracked 
|  29|0x0000000706c00000, 0x0000000706c00000, 0x0000000706e00000|  0%| F|  |TAMS 0x0000000706c00000, 0x0000000706c00000| Untracked 
|  30|0x0000000706e00000, 0x0000000706e00000, 0x0000000707000000|  0%| F|  |TAMS 0x0000000706e00000, 0x0000000706e00000| Untracked 
|  31|0x0000000707000000, 0x0000000707000000, 0x0000000707200000|  0%| F|  |TAMS 0x0000000707000000, 0x0000000707000000| Untracked 
|  32|0x0000000707200000, 0x0000000707200000, 0x0000000707400000|  0%| F|  |TAMS 0x0000000707200000, 0x0000000707200000| Untracked 
|  33|0x0000000707400000, 0x0000000707400000, 0x0000000707600000|  0%| F|  |TAMS 0x0000000707400000, 0x0000000707400000| Untracked 
|  34|0x0000000707600000, 0x0000000707600000, 0x0000000707800000|  0%| F|  |TAMS 0x0000000707600000, 0x0000000707600000| Untracked 
|  35|0x0000000707800000, 0x0000000707800000, 0x0000000707a00000|  0%| F|  |TAMS 0x0000000707800000, 0x0000000707800000| Untracked 
|  36|0x0000000707a00000, 0x0000000707a00000, 0x0000000707c00000|  0%| F|  |TAMS 0x0000000707a00000, 0x0000000707a00000| Untracked 
|  37|0x0000000707c00000, 0x0000000707c00000, 0x0000000707e00000|  0%| F|  |TAMS 0x0000000707c00000, 0x0000000707c00000| Untracked 
|  38|0x0000000707e00000, 0x0000000707e00000, 0x0000000708000000|  0%| F|  |TAMS 0x0000000707e00000, 0x0000000707e00000| Untracked 
|  39|0x0000000708000000, 0x0000000708000000, 0x0000000708200000|  0%| F|  |TAMS 0x0000000708000000, 0x0000000708000000| Untracked 
|  40|0x0000000708200000, 0x0000000708200000, 0x0000000708400000|  0%| F|  |TAMS 0x0000000708200000, 0x0000000708200000| Untracked 
|  41|0x0000000708400000, 0x0000000708400000, 0x0000000708600000|  0%| F|  |TAMS 0x0000000708400000, 0x0000000708400000| Untracked 
|  42|0x0000000708600000, 0x0000000708600000, 0x0000000708800000|  0%| F|  |TAMS 0x0000000708600000, 0x0000000708600000| Untracked 
|  43|0x0000000708800000, 0x0000000708800000, 0x0000000708a00000|  0%| F|  |TAMS 0x0000000708800000, 0x0000000708800000| Untracked 
|  44|0x0000000708a00000, 0x0000000708a00000, 0x0000000708c00000|  0%| F|  |TAMS 0x0000000708a00000, 0x0000000708a00000| Untracked 
|  45|0x0000000708c00000, 0x0000000708c00000, 0x0000000708e00000|  0%| F|  |TAMS 0x0000000708c00000, 0x0000000708c00000| Untracked 
|  46|0x0000000708e00000, 0x0000000708e00000, 0x0000000709000000|  0%| F|  |TAMS 0x0000000708e00000, 0x0000000708e00000| Untracked 
|  47|0x0000000709000000, 0x0000000709000000, 0x0000000709200000|  0%| F|  |TAMS 0x0000000709000000, 0x0000000709000000| Untracked 
|  48|0x0000000709200000, 0x0000000709200000, 0x0000000709400000|  0%| F|  |TAMS 0x0000000709200000, 0x0000000709200000| Untracked 
|  49|0x0000000709400000, 0x0000000709400000, 0x0000000709600000|  0%| F|  |TAMS 0x0000000709400000, 0x0000000709400000| Untracked 
|  50|0x0000000709600000, 0x0000000709600000, 0x0000000709800000|  0%| F|  |TAMS 0x0000000709600000, 0x0000000709600000| Untracked 
|  51|0x0000000709800000, 0x0000000709800000, 0x0000000709a00000|  0%| F|  |TAMS 0x0000000709800000, 0x0000000709800000| Untracked 
|  52|0x0000000709a00000, 0x0000000709a00000, 0x0000000709c00000|  0%| F|  |TAMS 0x0000000709a00000, 0x0000000709a00000| Untracked 
|  53|0x0000000709c00000, 0x0000000709c00000, 0x0000000709e00000|  0%| F|  |TAMS 0x0000000709c00000, 0x0000000709c00000| Untracked 
|  54|0x0000000709e00000, 0x0000000709e00000, 0x000000070a000000|  0%| F|  |TAMS 0x0000000709e00000, 0x0000000709e00000| Untracked 
|  55|0x000000070a000000, 0x000000070a000000, 0x000000070a200000|  0%| F|  |TAMS 0x000000070a000000, 0x000000070a000000| Untracked 
|  56|0x000000070a200000, 0x000000070a200000, 0x000000070a400000|  0%| F|  |TAMS 0x000000070a200000, 0x000000070a200000| Untracked 
|  57|0x000000070a400000, 0x000000070a400000, 0x000000070a600000|  0%| F|  |TAMS 0x000000070a400000, 0x000000070a400000| Untracked 
|  58|0x000000070a600000, 0x000000070a600000, 0x000000070a800000|  0%| F|  |TAMS 0x000000070a600000, 0x000000070a600000| Untracked 
|  59|0x000000070a800000, 0x000000070a800000, 0x000000070aa00000|  0%| F|  |TAMS 0x000000070a800000, 0x000000070a800000| Untracked 
|  60|0x000000070aa00000, 0x000000070aa00000, 0x000000070ac00000|  0%| F|  |TAMS 0x000000070aa00000, 0x000000070aa00000| Untracked 
|  61|0x000000070ac00000, 0x000000070ac00000, 0x000000070ae00000|  0%| F|  |TAMS 0x000000070ac00000, 0x000000070ac00000| Untracked 
|  62|0x000000070ae00000, 0x000000070ae00000, 0x000000070b000000|  0%| F|  |TAMS 0x000000070ae00000, 0x000000070ae00000| Untracked 
|  63|0x000000070b000000, 0x000000070b000000, 0x000000070b200000|  0%| F|  |TAMS 0x000000070b000000, 0x000000070b000000| Untracked 
|  64|0x000000070b200000, 0x000000070b200000, 0x000000070b400000|  0%| F|  |TAMS 0x000000070b200000, 0x000000070b200000| Untracked 
|  65|0x000000070b400000, 0x000000070b400000, 0x000000070b600000|  0%| F|  |TAMS 0x000000070b400000, 0x000000070b400000| Untracked 
|  66|0x000000070b600000, 0x000000070b600000, 0x000000070b800000|  0%| F|  |TAMS 0x000000070b600000, 0x000000070b600000| Untracked 
|  67|0x000000070b800000, 0x000000070b800000, 0x000000070ba00000|  0%| F|  |TAMS 0x000000070b800000, 0x000000070b800000| Untracked 
|  68|0x000000070ba00000, 0x000000070ba00000, 0x000000070bc00000|  0%| F|  |TAMS 0x000000070ba00000, 0x000000070ba00000| Untracked 
|  69|0x000000070bc00000, 0x000000070bc00000, 0x000000070be00000|  0%| F|  |TAMS 0x000000070bc00000, 0x000000070bc00000| Untracked 
|  70|0x000000070be00000, 0x000000070be00000, 0x000000070c000000|  0%| F|  |TAMS 0x000000070be00000, 0x000000070be00000| Untracked 
|  71|0x000000070c000000, 0x000000070c000000, 0x000000070c200000|  0%| F|  |TAMS 0x000000070c000000, 0x000000070c000000| Untracked 
|  72|0x000000070c200000, 0x000000070c200000, 0x000000070c400000|  0%| F|  |TAMS 0x000000070c200000, 0x000000070c200000| Untracked 
|  73|0x000000070c400000, 0x000000070c400000, 0x000000070c600000|  0%| F|  |TAMS 0x000000070c400000, 0x000000070c400000| Untracked 
|  74|0x000000070c600000, 0x000000070c600000, 0x000000070c800000|  0%| F|  |TAMS 0x000000070c600000, 0x000000070c600000| Untracked 
|  75|0x000000070c800000, 0x000000070c800000, 0x000000070ca00000|  0%| F|  |TAMS 0x000000070c800000, 0x000000070c800000| Untracked 
|  76|0x000000070ca00000, 0x000000070ca00000, 0x000000070cc00000|  0%| F|  |TAMS 0x000000070ca00000, 0x000000070ca00000| Untracked 
|  77|0x000000070cc00000, 0x000000070cc00000, 0x000000070ce00000|  0%| F|  |TAMS 0x000000070cc00000, 0x000000070cc00000| Untracked 
|  78|0x000000070ce00000, 0x000000070ce00000, 0x000000070d000000|  0%| F|  |TAMS 0x000000070ce00000, 0x000000070ce00000| Untracked 
|  79|0x000000070d000000, 0x000000070d000000, 0x000000070d200000|  0%| F|  |TAMS 0x000000070d000000, 0x000000070d000000| Untracked 
|  80|0x000000070d200000, 0x000000070d200000, 0x000000070d400000|  0%| F|  |TAMS 0x000000070d200000, 0x000000070d200000| Untracked 
|  81|0x000000070d400000, 0x000000070d400000, 0x000000070d600000|  0%| F|  |TAMS 0x000000070d400000, 0x000000070d400000| Untracked 
|  82|0x000000070d600000, 0x000000070d600000, 0x000000070d800000|  0%| F|  |TAMS 0x000000070d600000, 0x000000070d600000| Untracked 
|  83|0x000000070d800000, 0x000000070d800000, 0x000000070da00000|  0%| F|  |TAMS 0x000000070d800000, 0x000000070d800000| Untracked 
|  84|0x000000070da00000, 0x000000070da00000, 0x000000070dc00000|  0%| F|  |TAMS 0x000000070da00000, 0x000000070da00000| Untracked 
|  85|0x000000070dc00000, 0x000000070dc00000, 0x000000070de00000|  0%| F|  |TAMS 0x000000070dc00000, 0x000000070dc00000| Untracked 
|  86|0x000000070de00000, 0x000000070de00000, 0x000000070e000000|  0%| F|  |TAMS 0x000000070de00000, 0x000000070de00000| Untracked 
|  87|0x000000070e000000, 0x000000070e000000, 0x000000070e200000|  0%| F|  |TAMS 0x000000070e000000, 0x000000070e000000| Untracked 
|  88|0x000000070e200000, 0x000000070e200000, 0x000000070e400000|  0%| F|  |TAMS 0x000000070e200000, 0x000000070e200000| Untracked 
|  89|0x000000070e400000, 0x000000070e400000, 0x000000070e600000|  0%| F|  |TAMS 0x000000070e400000, 0x000000070e400000| Untracked 
|  90|0x000000070e600000, 0x000000070e600000, 0x000000070e800000|  0%| F|  |TAMS 0x000000070e600000, 0x000000070e600000| Untracked 
|  91|0x000000070e800000, 0x000000070e800000, 0x000000070ea00000|  0%| F|  |TAMS 0x000000070e800000, 0x000000070e800000| Untracked 
|  92|0x000000070ea00000, 0x000000070ea00000, 0x000000070ec00000|  0%| F|  |TAMS 0x000000070ea00000, 0x000000070ea00000| Untracked 
|  93|0x000000070ec00000, 0x000000070ec00000, 0x000000070ee00000|  0%| F|  |TAMS 0x000000070ec00000, 0x000000070ec00000| Untracked 
|  94|0x000000070ee00000, 0x000000070ee00000, 0x000000070f000000|  0%| F|  |TAMS 0x000000070ee00000, 0x000000070ee00000| Untracked 
|  95|0x000000070f000000, 0x000000070f000000, 0x000000070f200000|  0%| F|  |TAMS 0x000000070f000000, 0x000000070f000000| Untracked 
|  96|0x000000070f200000, 0x000000070f200000, 0x000000070f400000|  0%| F|  |TAMS 0x000000070f200000, 0x000000070f200000| Untracked 
|  97|0x000000070f400000, 0x000000070f400000, 0x000000070f600000|  0%| F|  |TAMS 0x000000070f400000, 0x000000070f400000| Untracked 
|  98|0x000000070f600000, 0x000000070f600000, 0x000000070f800000|  0%| F|  |TAMS 0x000000070f600000, 0x000000070f600000| Untracked 
|  99|0x000000070f800000, 0x000000070f800000, 0x000000070fa00000|  0%| F|  |TAMS 0x000000070f800000, 0x000000070f800000| Untracked 
| 100|0x000000070fa00000, 0x000000070fa00000, 0x000000070fc00000|  0%| F|  |TAMS 0x000000070fa00000, 0x000000070fa00000| Untracked 
| 101|0x000000070fc00000, 0x000000070fc00000, 0x000000070fe00000|  0%| F|  |TAMS 0x000000070fc00000, 0x000000070fc00000| Untracked 
| 102|0x000000070fe00000, 0x000000070fe00000, 0x0000000710000000|  0%| F|  |TAMS 0x000000070fe00000, 0x000000070fe00000| Untracked 
| 103|0x0000000710000000, 0x0000000710000000, 0x0000000710200000|  0%| F|  |TAMS 0x0000000710000000, 0x0000000710000000| Untracked 
| 104|0x0000000710200000, 0x0000000710200000, 0x0000000710400000|  0%| F|  |TAMS 0x0000000710200000, 0x0000000710200000| Untracked 
| 105|0x0000000710400000, 0x0000000710400000, 0x0000000710600000|  0%| F|  |TAMS 0x0000000710400000, 0x0000000710400000| Untracked 
| 106|0x0000000710600000, 0x0000000710600000, 0x0000000710800000|  0%| F|  |TAMS 0x0000000710600000, 0x0000000710600000| Untracked 
| 107|0x0000000710800000, 0x0000000710800000, 0x0000000710a00000|  0%| F|  |TAMS 0x0000000710800000, 0x0000000710800000| Untracked 
| 108|0x0000000710a00000, 0x0000000710a00000, 0x0000000710c00000|  0%| F|  |TAMS 0x0000000710a00000, 0x0000000710a00000| Untracked 
| 109|0x0000000710c00000, 0x0000000710c00000, 0x0000000710e00000|  0%| F|  |TAMS 0x0000000710c00000, 0x0000000710c00000| Untracked 
| 110|0x0000000710e00000, 0x0000000710e00000, 0x0000000711000000|  0%| F|  |TAMS 0x0000000710e00000, 0x0000000710e00000| Untracked 
| 111|0x0000000711000000, 0x0000000711000000, 0x0000000711200000|  0%| F|  |TAMS 0x0000000711000000, 0x0000000711000000| Untracked 
| 112|0x0000000711200000, 0x0000000711200000, 0x0000000711400000|  0%| F|  |TAMS 0x0000000711200000, 0x0000000711200000| Untracked 
| 113|0x0000000711400000, 0x0000000711400000, 0x0000000711600000|  0%| F|  |TAMS 0x0000000711400000, 0x0000000711400000| Untracked 
| 114|0x0000000711600000, 0x0000000711730d30, 0x0000000711800000| 59%| S|CS|TAMS 0x0000000711600000, 0x0000000711600000| Complete 
| 115|0x0000000711800000, 0x0000000711a00000, 0x0000000711a00000|100%| S|CS|TAMS 0x0000000711800000, 0x0000000711800000| Complete 
| 116|0x0000000711a00000, 0x0000000711a00000, 0x0000000711c00000|  0%| F|  |TAMS 0x0000000711a00000, 0x0000000711a00000| Untracked 
| 117|0x0000000711c00000, 0x0000000711c00000, 0x0000000711e00000|  0%| F|  |TAMS 0x0000000711c00000, 0x0000000711c00000| Untracked 
| 118|0x0000000711e00000, 0x0000000711e00000, 0x0000000712000000|  0%| F|  |TAMS 0x0000000711e00000, 0x0000000711e00000| Untracked 
| 119|0x0000000712000000, 0x0000000712000000, 0x0000000712200000|  0%| F|  |TAMS 0x0000000712000000, 0x0000000712000000| Untracked 
| 120|0x0000000712200000, 0x0000000712200000, 0x0000000712400000|  0%| F|  |TAMS 0x0000000712200000, 0x0000000712200000| Untracked 
| 121|0x0000000712400000, 0x000000071259fe90, 0x0000000712600000| 81%| E|  |TAMS 0x0000000712400000, 0x0000000712400000| Complete 
| 122|0x0000000712600000, 0x0000000712800000, 0x0000000712800000|100%| E|CS|TAMS 0x0000000712600000, 0x0000000712600000| Complete 
| 123|0x0000000712800000, 0x0000000712a00000, 0x0000000712a00000|100%| E|CS|TAMS 0x0000000712800000, 0x0000000712800000| Complete 
| 124|0x0000000712a00000, 0x0000000712c00000, 0x0000000712c00000|100%| E|CS|TAMS 0x0000000712a00000, 0x0000000712a00000| Complete 
| 125|0x0000000712c00000, 0x0000000712e00000, 0x0000000712e00000|100%| E|CS|TAMS 0x0000000712c00000, 0x0000000712c00000| Complete 
| 126|0x0000000712e00000, 0x0000000713000000, 0x0000000713000000|100%| E|CS|TAMS 0x0000000712e00000, 0x0000000712e00000| Complete 

Card table byte_map: [0x0000025e56200000,0x0000025e569f0000] _byte_map_base: 0x0000025e529e7000

Marking Bits (Prev, Next): (CMBitMap*) 0x0000025e3c5b4b30, (CMBitMap*) 0x0000025e3c5b4b70
 Prev Bits: [0x0000025e571e0000, 0x0000025e5b118000)
 Next Bits: [0x0000025e5b120000, 0x0000025e5f058000)

Polling page: 0x0000025e3c630000

Metaspace:

Usage:
  Non-class:      9.15 MB capacity,     7.35 MB ( 80%) used,     1.78 MB ( 19%) free+waste,    13.25 KB ( <1%) overhead. 
      Class:      1.22 MB capacity,     1.01 MB ( 83%) used,   212.10 KB ( 17%) free+waste,     5.50 KB ( <1%) overhead. 
       Both:     10.37 MB capacity,     8.36 MB ( 81%) used,     1.99 MB ( 19%) free+waste,    18.75 KB ( <1%) overhead. 

Virtual space:
  Non-class space:       10.00 MB reserved,       9.25 MB ( 93%) committed 
      Class space:        1.00 GB reserved,       1.25 MB ( <1%) committed 
             Both:        1.01 GB reserved,      10.50 MB (  1%) committed 

Chunk freelists:
   Non-Class:  40.00 KB
       Class:  29.00 KB
        Both:  69.00 KB

MaxMetaspaceSize: 17179869184.00 GB
CompressedClassSpaceSize: 1.00 GB

CodeHeap 'non-profiled nmethods': size=120000Kb used=466Kb max_used=466Kb free=119533Kb
 bounds [0x0000025e4da60000, 0x0000025e4dcd0000, 0x0000025e54f90000]
CodeHeap 'profiled nmethods': size=120000Kb used=2670Kb max_used=2670Kb free=117329Kb
 bounds [0x0000025e46530000, 0x0000025e467d0000, 0x0000025e4da60000]
CodeHeap 'non-nmethods': size=5760Kb used=1348Kb max_used=1369Kb free=4411Kb
 bounds [0x0000025e45f90000, 0x0000025e46200000, 0x0000025e46530000]
 total_blobs=2177 nmethods=1525 adapters=565
 compilation: enabled
              stopped_count=0, restarted_count=0
 full_count=0

Compilation events (20 events):
Event: 14.492 Thread 0x0000025e623a1260 1517       1       com.sun.javafx.geom.transform.BaseTransform::getMxx (2 bytes)
Event: 14.492 Thread 0x0000025e623a1260 nmethod 1517 0x0000025e4dad2690 code [0x0000025e4dad2840, 0x0000025e4dad28f8]
Event: 14.492 Thread 0x0000025e623a1260 1518       1       com.sun.javafx.geom.transform.BaseTransform::getMxy (2 bytes)
Event: 14.492 Thread 0x0000025e623a1260 nmethod 1518 0x0000025e4dad2990 code [0x0000025e4dad2b20, 0x0000025e4dad2bd8]
Event: 14.492 Thread 0x0000025e623a1260 1519       1       com.sun.javafx.geom.transform.BaseTransform::getMxt (2 bytes)
Event: 14.492 Thread 0x0000025e623a1260 nmethod 1519 0x0000025e4dad2c90 code [0x0000025e4dad2e20, 0x0000025e4dad2ed8]
Event: 14.492 Thread 0x0000025e623a1260 1520       1       com.sun.javafx.geom.transform.BaseTransform::getMyx (2 bytes)
Event: 14.492 Thread 0x0000025e623a1260 nmethod 1520 0x0000025e4dad2f90 code [0x0000025e4dad3120, 0x0000025e4dad31d8]
Event: 14.492 Thread 0x0000025e623a1260 1521       1       com.sun.javafx.geom.transform.BaseTransform::getMyy (2 bytes)
Event: 14.492 Thread 0x0000025e623a1260 nmethod 1521 0x0000025e4dad3290 code [0x0000025e4dad3440, 0x0000025e4dad34f8]
Event: 14.492 Thread 0x0000025e623a1260 1522       1       com.sun.javafx.geom.transform.BaseTransform::getMyt (2 bytes)
Event: 14.492 Thread 0x0000025e623a1260 nmethod 1522 0x0000025e4dad3590 code [0x0000025e4dad3720, 0x0000025e4dad37d8]
Event: 14.956 Thread 0x0000025e623a07b0 1523       4       Neighbours::satisfied (112 bytes)
Event: 14.959 Thread 0x0000025e623a1260 1524       1       com.sun.prism.impl.BaseContext::getPerspectiveTransformNoClone (5 bytes)
Event: 14.959 Thread 0x0000025e623a1260 nmethod 1524 0x0000025e4dad3890 code [0x0000025e4dad3a20, 0x0000025e4dad3ad8]
Event: 14.959 Thread 0x0000025e623a1260 1525       1       com.sun.javafx.geom.transform.GeneralTransform3D::isIdentity (5 bytes)
Event: 14.960 Thread 0x0000025e623a1260 nmethod 1525 0x0000025e4dad3b90 code [0x0000025e4dad3d20, 0x0000025e4dad3dd8]
Event: 14.960 Thread 0x0000025e623a1260 1526       1       com.sun.prism.impl.BaseGraphics::setDepthTest (6 bytes)
Event: 14.960 Thread 0x0000025e623a1260 nmethod 1526 0x0000025e4dad3e90 code [0x0000025e4dad4020, 0x0000025e4dad40d8]
Event: 14.965 Thread 0x0000025e623a07b0 nmethod 1523 0x0000025e4dad4190 code [0x0000025e4dad4320, 0x0000025e4dad4698]

GC Heap History (2 events):
Event: 0.469 GC heap before
{Heap before GC invocations=0 (full 0):
 garbage-first heap   total 260096K, used 22528K [0x0000000703200000, 0x0000000800000000)
  region size 2048K, 11 young (22528K), 0 survivors (0K)
 Metaspace       used 5450K, capacity 8149K, committed 8448K, reserved 1056768K
  class space    used 660K, capacity 922K, committed 1024K, reserved 1048576K
}
Event: 0.471 GC heap after
{Heap after GC invocations=1 (full 0):
 garbage-first heap   total 260096K, used 3267K [0x0000000703200000, 0x0000000800000000)
  region size 2048K, 2 young (4096K), 2 survivors (4096K)
 Metaspace       used 5450K, capacity 8149K, committed 8448K, reserved 1056768K
  class space    used 660K, capacity 922K, committed 1024K, reserved 1048576K
}

Deoptimization events (20 events):
Event: 0.129 Thread 0x0000025e3c564220 Uncommon trap: trap_request=0xffffff45 fr.pc=0x0000025e4da742a0 relative=0x0000000000000380
Event: 0.129 Thread 0x0000025e3c564220 Uncommon trap: reason=unstable_if action=reinterpret pc=0x0000025e4da742a0 method=java.lang.StringLatin1.newString([BII)Ljava/lang/String; @ 1 c2
Event: 0.129 Thread 0x0000025e3c564220 DEOPT PACKING pc=0x0000025e4da742a0 sp=0x000000cffd9febb0
Event: 0.129 Thread 0x0000025e3c564220 DEOPT UNPACKING pc=0x0000025e45fde42f sp=0x000000cffd9feb90 mode 2
Event: 0.130 Thread 0x0000025e3c564220 Uncommon trap: trap_request=0xffffff45 fr.pc=0x0000025e4da7a4b4 relative=0x0000000000000cb4
Event: 0.130 Thread 0x0000025e3c564220 Uncommon trap: reason=unstable_if action=reinterpret pc=0x0000025e4da7a4b4 method=java.util.HashMap.putVal(ILjava/lang/Object;Ljava/lang/Object;ZZ)Ljava/lang/Object; @ 81 c2
Event: 0.130 Thread 0x0000025e3c564220 DEOPT PACKING pc=0x0000025e4da7a4b4 sp=0x000000cffd9fee20
Event: 0.130 Thread 0x0000025e3c564220 DEOPT UNPACKING pc=0x0000025e45fde42f sp=0x000000cffd9fedd0 mode 2
Event: 0.155 Thread 0x0000025e3c564220 Uncommon trap: trap_request=0xffffff45 fr.pc=0x0000025e4da6be08 relative=0x0000000000000088
Event: 0.155 Thread 0x0000025e3c564220 Uncommon trap: reason=unstable_if action=reinterpret pc=0x0000025e4da6be08 method=java.lang.String.charAt(I)C @ 4 c2
Event: 0.155 Thread 0x0000025e3c564220 DEOPT PACKING pc=0x0000025e4da6be08 sp=0x000000cffd9fefc0
Event: 0.155 Thread 0x0000025e3c564220 DEOPT UNPACKING pc=0x0000025e45fde42f sp=0x000000cffd9fef60 mode 2
Event: 0.272 Thread 0x0000025e3c564220 Uncommon trap: trap_request=0xffffff45 fr.pc=0x0000025e4da73244 relative=0x0000000000000804
Event: 0.272 Thread 0x0000025e3c564220 Uncommon trap: reason=unstable_if action=reinterpret pc=0x0000025e4da73244 method=java.lang.String.isEmpty()Z @ 5 c2
Event: 0.272 Thread 0x0000025e3c564220 DEOPT PACKING pc=0x0000025e4da73244 sp=0x000000cffd9fe400
Event: 0.272 Thread 0x0000025e3c564220 DEOPT UNPACKING pc=0x0000025e45fde42f sp=0x000000cffd9fe340 mode 2
Event: 0.510 Thread 0x0000025e62b3d5b0 Uncommon trap: trap_request=0xffffff45 fr.pc=0x0000025e4da82bb4 relative=0x0000000000000034
Event: 0.510 Thread 0x0000025e62b3d5b0 Uncommon trap: reason=unstable_if action=reinterpret pc=0x0000025e4da82bb4 method=java.lang.StringLatin1.canEncode(I)Z @ 4 c2
Event: 0.510 Thread 0x0000025e62b3d5b0 DEOPT PACKING pc=0x0000025e4da82bb4 sp=0x000000cfff0fbbf0
Event: 0.510 Thread 0x0000025e62b3d5b0 DEOPT UNPACKING pc=0x0000025e45fde42f sp=0x000000cfff0fbb80 mode 2

Classes unloaded (0 events):
No events

Classes redefined (0 events):
No events

Internal exceptions (20 events):
Event: 0.158 Thread 0x0000025e626fd740 Exception <a 'java/lang/NoSuchMethodError'{0x00000007129eb648}: 'java.lang.Object java.lang.invoke.DirectMethodHandle$Holder.invokeStaticInit(java.lang.Object)'> (0x00000007129eb648) 
thrown [./open/src/hotspot/share/interpreter/linkResolver.cpp, line 782]
Event: 0.162 Thread 0x0000025e626fd740 Exception <a 'java/lang/NoSuchMethodError'{0x00000007129f8a10}: 'void java.lang.invoke.DirectMethodHandle$Holder.invokeStatic(java.lang.Object, java.lang.Object)'> (0x00000007129f8a10) 
thrown [./open/src/hotspot/share/interpreter/linkResolver.cpp, line 782]
Event: 0.294 Thread 0x0000025e3c564220 Exception <a 'java/lang/NoSuchMethodError'{0x00000007125a27d0}: 'void java.lang.invoke.DirectMethodHandle$Holder.invokeSpecial(java.lang.Object, java.lang.Object, java.lang.Object)'> (0x00000007125a27d0) 
thrown [./open/src/hotspot/share/interpreter/linkResolver.cpp, line 782]
Event: 0.300 Thread 0x0000025e3c564220 Exception <a 'java/lang/NoSuchMethodError'{0x00000007125da1d8}: 'void java.lang.invoke.DirectMethodHandle$Holder.invokeStatic(java.lang.Object, java.lang.Object, java.lang.Object)'> (0x00000007125da1d8) 
thrown [./open/src/hotspot/share/interpreter/linkResolver.cpp, line 782]
Event: 0.322 Thread 0x0000025e3c564220 Exception <a 'java/lang/NoSuchMethodError'{0x00000007125f66f0}: 'int java.lang.invoke.DirectMethodHandle$Holder.invokeStaticInit(java.lang.Object, java.lang.Object, java.lang.Object)'> (0x00000007125f66f0) 
thrown [./open/src/hotspot/share/interpreter/linkResolver.cpp, line 782]
Event: 0.340 Thread 0x0000025e3c564220 Exception <a 'java/lang/NoSuchMethodError'{0x000000071231c7f0}: 'java.lang.Object java.lang.invoke.DirectMethodHandle$Holder.newInvokeSpecial(java.lang.Object, java.lang.Object, int, java.lang.Object)'> (0x000000071231c7f0) 
thrown [./open/src/hotspot/share/interpreter/linkResolver.cpp, line 782]
Event: 0.340 Thread 0x0000025e3c564220 Exception <a 'java/lang/NoSuchMethodError'{0x0000000712320cd8}: 'java.lang.Object java.lang.invoke.DirectMethodHandle$Holder.invokeSpecial(java.lang.Object, java.lang.Object, java.lang.Object, int, java.lang.Object)'> (0x0000000712320cd8) 
thrown [./open/src/hotspot/share/interpreter/linkResolver.cpp, line 782]
Event: 0.390 Thread 0x0000025e62b3d5b0 Exception <a 'java/lang/NoSuchMethodError'{0x0000000711e3d5c0}: 'void java.lang.invoke.DirectMethodHandle$Holder.invokeStaticInit(java.lang.Object)'> (0x0000000711e3d5c0) 
thrown [./open/src/hotspot/share/interpreter/linkResolver.cpp, line 782]
Event: 0.393 Thread 0x0000025e3c564220 Exception <a 'java/lang/NoSuchMethodError'{0x0000000712336fa0}: 'java.lang.Object java.lang.invoke.DirectMethodHandle$Holder.newInvokeSpecial(java.lang.Object, java.lang.Object, java.lang.Object, java.lang.Object, java.lang.Object, java.lang.Object)'> (0x0000000712336fa0) 
thrown [./open/src/hotspot/share/interpreter/linkResolver.cpp, line 782]
Event: 0.403 Thread 0x0000025e3c564220 Exception <a 'java/lang/NoSuchMethodError'{0x0000000711f09eb8}: 'java.lang.Object java.lang.invoke.DirectMethodHandle$Holder.newInvokeSpecial(java.lang.Object, java.lang.Object, java.lang.Object, java.lang.Object, java.lang.Object)'> (0x0000000711f09eb8) 
thrown [./open/src/hotspot/share/interpreter/linkResolver.cpp, line 782]
Event: 0.404 Thread 0x0000025e62fa86a0 Exception <a 'java/lang/NoSuchMethodError'{0x0000000711f60968}: 'void java.lang.invoke.DirectMethodHandle$Holder.invokeStatic(java.lang.Object, java.lang.Object, java.lang.Object, java.lang.Object)'> (0x0000000711f60968) 
thrown [./open/src/hotspot/share/interpreter/linkResolver.cpp, line 782]
Event: 0.440 Thread 0x0000025e62b3d5b0 Exception <a 'java/lang/NoSuchMethodError'{0x0000000711a3b328}: 'java.lang.Object java.lang.invoke.DirectMethodHandle$Holder.invokeStaticInit(java.lang.Object, java.lang.Object, java.lang.Object, java.lang.Object)'> (0x0000000711a3b328) 
thrown [./open/src/hotspot/share/interpreter/linkResolver.cpp, line 782]
Event: 0.441 Thread 0x0000025e62b3d5b0 Exception <a 'java/lang/NullPointerException'{0x0000000711a47268}> (0x0000000711a47268) 
thrown [./open/src/hotspot/share/interpreter/linkResolver.cpp, line 1374]
Event: 0.443 Thread 0x0000025e62b3d5b0 Exception <a 'java/lang/NoSuchMethodError'{0x0000000711a63310}: 'void java.lang.invoke.DirectMethodHandle$Holder.invokeSpecial(java.lang.Object, java.lang.Object, java.lang.Object, java.lang.Object, java.lang.Object)'> (0x0000000711a63310) 
thrown [./open/src/hotspot/share/interpreter/linkResolver.cpp, line 782]
Event: 0.571 Thread 0x0000025e62b3d5b0 Exception <a 'java/lang/NoSuchMethodError'{0x000000071282c4e8}: 'java.lang.Object java.lang.invoke.DirectMethodHandle$Holder.newInvokeSpecial(java.lang.Object, java.lang.Object, int)'> (0x000000071282c4e8) 
thrown [./open/src/hotspot/share/interpreter/linkResolver.cpp, line 782]
Event: 0.581 Thread 0x0000025e62b3d5b0 Exception <a 'java/lang/NoSuchMethodError'{0x00000007128506a0}: 'long java.lang.invoke.DirectMethodHandle$Holder.invokeStatic(java.lang.Object, java.lang.Object, java.lang.Object)'> (0x00000007128506a0) 
thrown [./open/src/hotspot/share/interpreter/linkResolver.cpp, line 782]
Event: 0.581 Thread 0x0000025e62b3d5b0 Exception <a 'java/lang/NoSuchMethodError'{0x0000000712854050}: 'long java.lang.invoke.DirectMethodHandle$Holder.invokeStaticInit(java.lang.Object, java.lang.Object, java.lang.Object)'> (0x0000000712854050) 
thrown [./open/src/hotspot/share/interpreter/linkResolver.cpp, line 782]
Event: 0.584 Thread 0x0000025e62b3d5b0 Exception <a 'java/lang/NoSuchMethodError'{0x000000071286c540}: 'java.lang.Object java.lang.invoke.DirectMethodHandle$Holder.newInvokeSpecial(java.lang.Object, java.lang.Object, long)'> (0x000000071286c540) 
thrown [./open/src/hotspot/share/interpreter/linkResolver.cpp, line 782]
Event: 0.585 Thread 0x0000025e62b3d5b0 Exception <a 'java/lang/NoSuchMethodError'{0x000000071291e7e8}: 'java.lang.Object java.lang.invoke.Invokers$Holder.linkToTargetMethod(java.lang.Object, long, java.lang.Object)'> (0x000000071291e7e8) 
thrown [./open/src/hotspot/share/interpreter/linkResolver.cpp, line 782]
Event: 0.598 Thread 0x0000025e62fb0360 Exception <a 'java/lang/NoSuchMethodError'{0x000000071260cf60}: 'int java.lang.invoke.DirectMethodHandle$Holder.invokeStaticInit(java.lang.Object, java.lang.Object)'> (0x000000071260cf60) 
thrown [./open/src/hotspot/share/interpreter/linkResolver.cpp, line 782]

Events (20 events):
Event: 3.472 Executing VM operation: HandshakeAllThreads
Event: 3.472 Executing VM operation: HandshakeAllThreads done
Event: 4.473 Executing VM operation: HandshakeAllThreads
Event: 4.473 Executing VM operation: HandshakeAllThreads done
Event: 5.474 Executing VM operation: HandshakeAllThreads
Event: 5.474 Executing VM operation: HandshakeAllThreads done
Event: 6.475 Executing VM operation: HandshakeAllThreads
Event: 6.475 Executing VM operation: HandshakeAllThreads done
Event: 7.476 Executing VM operation: HandshakeAllThreads
Event: 7.476 Executing VM operation: HandshakeAllThreads done
Event: 8.476 Executing VM operation: HandshakeAllThreads
Event: 8.476 Executing VM operation: HandshakeAllThreads done
Event: 9.476 Executing VM operation: HandshakeAllThreads
Event: 9.476 Executing VM operation: HandshakeAllThreads done
Event: 10.476 Executing VM operation: HandshakeAllThreads
Event: 10.476 Executing VM operation: HandshakeAllThreads done
Event: 11.477 Executing VM operation: HandshakeAllThreads
Event: 11.477 Executing VM operation: HandshakeAllThreads done
Event: 13.478 Executing VM operation: HandshakeAllThreads
Event: 13.478 Executing VM operation: HandshakeAllThreads done


Dynamic libraries:
0x00007ff650810000 - 0x00007ff65081d000 	C:\Users\lehun\jdk-15.0.2\bin\java.exe
0x00007ffa32c40000 - 0x00007ffa32e30000 	C:\Windows\SYSTEM32\ntdll.dll
0x00007ffa317b0000 - 0x00007ffa31862000 	C:\Windows\System32\KERNEL32.DLL
0x00007ffa309c0000 - 0x00007ffa30c65000 	C:\Windows\System32\KERNELBASE.dll
0x00007ffa2fbc0000 - 0x00007ffa2fcba000 	C:\Windows\System32\ucrtbase.dll
0x00007ffa2c3c0000 - 0x00007ffa2c3d8000 	C:\Users\lehun\jdk-15.0.2\bin\jli.dll
0x00007ffa2c3a0000 - 0x00007ffa2c3b9000 	C:\Users\lehun\jdk-15.0.2\bin\VCRUNTIME140.dll
0x00007ffa32300000 - 0x00007ffa32494000 	C:\Windows\System32\USER32.dll
0x00007ffa1b220000 - 0x00007ffa1b4a4000 	C:\Windows\WinSxS\amd64_microsoft.windows.common-controls_6595b64144ccf1df_6.0.18362.1316_none_9e7a364fe461dbd7\COMCTL32.dll
0x00007ffa30760000 - 0x00007ffa30781000 	C:\Windows\System32\win32u.dll
0x00007ffa31a90000 - 0x00007ffa31b2e000 	C:\Windows\System32\msvcrt.dll
0x00007ffa31890000 - 0x00007ffa318b6000 	C:\Windows\System32\GDI32.dll
0x00007ffa312a0000 - 0x00007ffa315d7000 	C:\Windows\System32\combase.dll
0x00007ffa30790000 - 0x00007ffa30928000 	C:\Windows\System32\gdi32full.dll
0x00007ffa31c40000 - 0x00007ffa31d5f000 	C:\Windows\System32\RPCRT4.dll
0x00007ffa304c0000 - 0x00007ffa3055e000 	C:\Windows\System32\msvcp_win.dll
0x00007ffa30930000 - 0x00007ffa309b1000 	C:\Windows\System32\bcryptPrimitives.dll
0x00007ffa31f90000 - 0x00007ffa31fbe000 	C:\Windows\System32\IMM32.DLL
0x00007ffa2c390000 - 0x00007ffa2c39c000 	C:\Users\lehun\jdk-15.0.2\bin\vcruntime140_1.dll
0x00007ff9f7300000 - 0x00007ff9f7391000 	C:\Users\lehun\jdk-15.0.2\bin\msvcp140.dll
0x00007ff9d4680000 - 0x00007ff9d51de000 	C:\Users\lehun\jdk-15.0.2\bin\server\jvm.dll
0x00007ffa315e0000 - 0x00007ffa31683000 	C:\Windows\System32\ADVAPI32.dll
0x00007ffa31690000 - 0x00007ffa31727000 	C:\Windows\System32\sechost.dll
0x00007ffa30dc0000 - 0x00007ffa30dc8000 	C:\Windows\System32\PSAPI.DLL
0x00007ffa0d890000 - 0x00007ffa0d899000 	C:\Windows\SYSTEM32\WSOCK32.dll
0x00007ffa28370000 - 0x00007ffa2837a000 	C:\Windows\SYSTEM32\VERSION.dll
0x00007ffa2db90000 - 0x00007ffa2dbb4000 	C:\Windows\SYSTEM32\WINMM.dll
0x00007ffa31ea0000 - 0x00007ffa31f0f000 	C:\Windows\System32\WS2_32.dll
0x00007ffa2db60000 - 0x00007ffa2db8d000 	C:\Windows\SYSTEM32\winmmbase.dll
0x00007ffa2fcc0000 - 0x00007ffa2fd0a000 	C:\Windows\System32\cfgmgr32.dll
0x00007ffa2fb00000 - 0x00007ffa2fb11000 	C:\Windows\System32\kernel.appcore.dll
0x00007ffa2c340000 - 0x00007ffa2c34a000 	C:\Users\lehun\jdk-15.0.2\bin\jimage.dll
0x00007ffa225d0000 - 0x00007ffa227c4000 	C:\Windows\SYSTEM32\DBGHELP.DLL
0x00007ffa12d30000 - 0x00007ffa12d5a000 	C:\Windows\SYSTEM32\dbgcore.DLL
0x00007ffa2c330000 - 0x00007ffa2c33e000 	C:\Users\lehun\jdk-15.0.2\bin\instrument.dll
0x00007ffa29980000 - 0x00007ffa299a5000 	C:\Users\lehun\jdk-15.0.2\bin\java.dll
0x00007ffa32510000 - 0x00007ffa32bf8000 	C:\Windows\System32\SHELL32.dll
0x00007ffa31b90000 - 0x00007ffa31c37000 	C:\Windows\System32\shcore.dll
0x00007ffa2fd40000 - 0x00007ffa304bb000 	C:\Windows\System32\windows.storage.dll
0x00007ffa2fb70000 - 0x00007ffa2fb93000 	C:\Windows\System32\profapi.dll
0x00007ffa2fb20000 - 0x00007ffa2fb6a000 	C:\Windows\System32\powrprof.dll
0x00007ffa2faf0000 - 0x00007ffa2fb00000 	C:\Windows\System32\UMPDC.dll
0x00007ffa31fc0000 - 0x00007ffa32012000 	C:\Windows\System32\shlwapi.dll
0x00007ffa30c70000 - 0x00007ffa30c87000 	C:\Windows\System32\cryptsp.dll
0x00007ffa29940000 - 0x00007ffa29959000 	C:\Users\lehun\jdk-15.0.2\bin\net.dll
0x00007ffa2abf0000 - 0x00007ffa2ace0000 	C:\Windows\SYSTEM32\WINHTTP.dll
0x00007ffa2f330000 - 0x00007ffa2f397000 	C:\Windows\system32\mswsock.dll
0x00007ffa062b0000 - 0x00007ffa062c2000 	C:\Users\lehun\jdk-15.0.2\bin\nio.dll
0x00007ffa06290000 - 0x00007ffa062a8000 	C:\Users\lehun\jdk-15.0.2\bin\zip.dll
0x00007ffa06160000 - 0x00007ffa0617a000 	C:\Program Files\JetBrains\IntelliJ IDEA Community Edition 2020.3.1\bin\breakgen64.dll
0x0000025e64050000 - 0x0000025e64053000 	C:\Users\lehun\javafx-sdk-15.0.1\bin\api-ms-win-core-console-l1-1-0.dll
0x0000025e64060000 - 0x0000025e64063000 	C:\Users\lehun\javafx-sdk-15.0.1\bin\api-ms-win-core-console-l1-2-0.dll
0x0000025e64070000 - 0x0000025e64073000 	C:\Users\lehun\javafx-sdk-15.0.1\bin\api-ms-win-core-datetime-l1-1-0.dll
0x0000025e64080000 - 0x0000025e64083000 	C:\Users\lehun\javafx-sdk-15.0.1\bin\api-ms-win-core-debug-l1-1-0.dll
0x0000025e64090000 - 0x0000025e64093000 	C:\Users\lehun\javafx-sdk-15.0.1\bin\api-ms-win-core-errorhandling-l1-1-0.dll
0x0000025e640a0000 - 0x0000025e640a4000 	C:\Users\lehun\javafx-sdk-15.0.1\bin\api-ms-win-core-file-l1-1-0.dll
0x0000025e640b0000 - 0x0000025e640b3000 	C:\Users\lehun\javafx-sdk-15.0.1\bin\api-ms-win-core-file-l1-2-0.dll
0x0000025e640c0000 - 0x0000025e640c3000 	C:\Users\lehun\javafx-sdk-15.0.1\bin\api-ms-win-core-file-l2-1-0.dll
0x0000025e640d0000 - 0x0000025e640d3000 	C:\Users\lehun\javafx-sdk-15.0.1\bin\api-ms-win-core-handle-l1-1-0.dll
0x0000025e640e0000 - 0x0000025e640e3000 	C:\Users\lehun\javafx-sdk-15.0.1\bin\api-ms-win-core-heap-l1-1-0.dll
0x0000025e640f0000 - 0x0000025e640f3000 	C:\Users\lehun\javafx-sdk-15.0.1\bin\api-ms-win-core-interlocked-l1-1-0.dll
0x0000025e64100000 - 0x0000025e64103000 	C:\Users\lehun\javafx-sdk-15.0.1\bin\api-ms-win-core-libraryloader-l1-1-0.dll
0x0000025e64110000 - 0x0000025e64113000 	C:\Users\lehun\javafx-sdk-15.0.1\bin\api-ms-win-core-localization-l1-2-0.dll
0x0000025e64120000 - 0x0000025e64123000 	C:\Users\lehun\javafx-sdk-15.0.1\bin\api-ms-win-core-memory-l1-1-0.dll
0x0000025e64130000 - 0x0000025e64133000 	C:\Users\lehun\javafx-sdk-15.0.1\bin\api-ms-win-core-namedpipe-l1-1-0.dll
0x0000025e64140000 - 0x0000025e64143000 	C:\Users\lehun\javafx-sdk-15.0.1\bin\api-ms-win-core-processenvironment-l1-1-0.dll
0x0000025e64150000 - 0x0000025e64153000 	C:\Users\lehun\javafx-sdk-15.0.1\bin\api-ms-win-core-processthreads-l1-1-0.dll
0x0000025e64160000 - 0x0000025e64163000 	C:\Users\lehun\javafx-sdk-15.0.1\bin\api-ms-win-core-processthreads-l1-1-1.dll
0x0000025e64170000 - 0x0000025e64173000 	C:\Users\lehun\javafx-sdk-15.0.1\bin\api-ms-win-core-profile-l1-1-0.dll
0x0000025e644d0000 - 0x0000025e644d3000 	C:\Users\lehun\javafx-sdk-15.0.1\bin\api-ms-win-core-rtlsupport-l1-1-0.dll
0x0000025e644e0000 - 0x0000025e644e3000 	C:\Users\lehun\javafx-sdk-15.0.1\bin\api-ms-win-core-string-l1-1-0.dll
0x0000025e644f0000 - 0x0000025e644f3000 	C:\Users\lehun\javafx-sdk-15.0.1\bin\api-ms-win-core-synch-l1-1-0.dll
0x0000025e64500000 - 0x0000025e64503000 	C:\Users\lehun\javafx-sdk-15.0.1\bin\api-ms-win-core-synch-l1-2-0.dll
0x0000025e64510000 - 0x0000025e64513000 	C:\Users\lehun\javafx-sdk-15.0.1\bin\api-ms-win-core-sysinfo-l1-1-0.dll
0x0000025e64180000 - 0x0000025e64183000 	C:\Users\lehun\javafx-sdk-15.0.1\bin\api-ms-win-core-timezone-l1-1-0.dll
0x0000025e64190000 - 0x0000025e64193000 	C:\Users\lehun\javafx-sdk-15.0.1\bin\api-ms-win-core-util-l1-1-0.dll
0x0000025e641a0000 - 0x0000025e641a3000 	C:\Users\lehun\javafx-sdk-15.0.1\bin\api-ms-win-crt-conio-l1-1-0.dll
0x0000025e641b0000 - 0x0000025e641b4000 	C:\Users\lehun\javafx-sdk-15.0.1\bin\api-ms-win-crt-convert-l1-1-0.dll
0x0000025e641c0000 - 0x0000025e641c3000 	C:\Users\lehun\javafx-sdk-15.0.1\bin\api-ms-win-crt-environment-l1-1-0.dll
0x0000025e641d0000 - 0x0000025e641d3000 	C:\Users\lehun\javafx-sdk-15.0.1\bin\api-ms-win-crt-filesystem-l1-1-0.dll
0x0000025e641e0000 - 0x0000025e641e3000 	C:\Users\lehun\javafx-sdk-15.0.1\bin\api-ms-win-crt-heap-l1-1-0.dll
0x0000025e641f0000 - 0x0000025e641f3000 	C:\Users\lehun\javafx-sdk-15.0.1\bin\api-ms-win-crt-locale-l1-1-0.dll
0x0000025e64200000 - 0x0000025e64205000 	C:\Users\lehun\javafx-sdk-15.0.1\bin\api-ms-win-crt-math-l1-1-0.dll
0x0000025e64210000 - 0x0000025e64215000 	C:\Users\lehun\javafx-sdk-15.0.1\bin\api-ms-win-crt-multibyte-l1-1-0.dll
0x0000025e64220000 - 0x0000025e64230000 	C:\Users\lehun\javafx-sdk-15.0.1\bin\api-ms-win-crt-private-l1-1-0.dll
0x0000025e64230000 - 0x0000025e64233000 	C:\Users\lehun\javafx-sdk-15.0.1\bin\api-ms-win-crt-process-l1-1-0.dll
0x0000025e64240000 - 0x0000025e64244000 	C:\Users\lehun\javafx-sdk-15.0.1\bin\api-ms-win-crt-runtime-l1-1-0.dll
0x0000025e64250000 - 0x0000025e64254000 	C:\Users\lehun\javafx-sdk-15.0.1\bin\api-ms-win-crt-stdio-l1-1-0.dll
0x0000025e64260000 - 0x0000025e64264000 	C:\Users\lehun\javafx-sdk-15.0.1\bin\api-ms-win-crt-string-l1-1-0.dll
0x0000025e64270000 - 0x0000025e64273000 	C:\Users\lehun\javafx-sdk-15.0.1\bin\api-ms-win-crt-time-l1-1-0.dll
0x0000025e64280000 - 0x0000025e64283000 	C:\Users\lehun\javafx-sdk-15.0.1\bin\api-ms-win-crt-utility-l1-1-0.dll
0x00007ff9ee2a0000 - 0x00007ff9ee39c000 	C:\Users\lehun\javafx-sdk-15.0.1\bin\ucrtbase.dll
0x00007ffa06060000 - 0x00007ffa06075000 	C:\Users\lehun\javafx-sdk-15.0.1\bin\vcruntime140.dll
0x00007ff9e7f90000 - 0x00007ff9e802b000 	C:\Users\lehun\javafx-sdk-15.0.1\bin\msvcp140.dll
0x00007ffa02870000 - 0x00007ffa02893000 	C:\Users\lehun\javafx-sdk-15.0.1\bin\prism_d3d.dll
0x00007ff9d8f30000 - 0x00007ff9d90f7000 	C:\Windows\system32\d3d9.dll
0x00007ffa2deb0000 - 0x00007ffa2dedd000 	C:\Windows\SYSTEM32\dwmapi.dll
0x00007ffa2e6f0000 - 0x00007ffa2e710000 	C:\Windows\SYSTEM32\dxcore.dll
0x00007ffa2ddc0000 - 0x00007ffa2de59000 	C:\Windows\system32\uxtheme.dll
0x00007ff9d7860000 - 0x00007ff9d79c3000 	C:\Windows\System32\DriverStore\FileRepository\iigd_dch.inf_amd64_a27adb6f3c75ef42\igdumdim64.dll
0x00007ff9b1560000 - 0x00007ff9b571f000 	C:\Windows\System32\DriverStore\FileRepository\iigd_dch.inf_amd64_a27adb6f3c75ef42\igd9dxva64.dll
0x00007ffa320f0000 - 0x00007ffa32247000 	C:\Windows\System32\ole32.dll
0x00007ffa30cf0000 - 0x00007ffa30db5000 	C:\Windows\System32\OLEAUT32.dll
0x00007ffa281c0000 - 0x00007ffa28363000 	C:\Windows\System32\DriverStore\FileRepository\iigd_dch.inf_amd64_a27adb6f3c75ef42\igdgmm64.dll
0x00007ffa012a0000 - 0x00007ffa012e5000 	C:\Users\lehun\javafx-sdk-15.0.1\bin\glass.dll
0x00007ffa32020000 - 0x00007ffa320f0000 	C:\Windows\System32\COMDLG32.dll
0x00007ffa31d60000 - 0x00007ffa31e95000 	C:\Windows\System32\MSCTF.dll
0x00007ffa1aca0000 - 0x00007ffa1acc6000 	C:\Windows\System32\DriverStore\FileRepository\iigd_dch.inf_amd64_a27adb6f3c75ef42\igdinfo64.dll
0x00007ffa23900000 - 0x00007ffa25d3d000 	C:\Windows\System32\DriverStore\FileRepository\iigd_dch.inf_amd64_a27adb6f3c75ef42\igc64.dll
0x00007ffa01280000 - 0x00007ffa01294000 	C:\Users\lehun\javafx-sdk-15.0.1\bin\javafx_font.dll
0x00007ffa1fc10000 - 0x00007ffa1ff0e000 	C:\Windows\SYSTEM32\dwrite.dll
0x00007ffa32250000 - 0x00007ffa322f2000 	C:\Windows\System32\clbcatq.dll
0x00007ffa2aa30000 - 0x00007ffa2abdf000 	C:\Windows\SYSTEM32\WindowsCodecs.dll
0x00007ff9f6660000 - 0x00007ff9f669b000 	C:\Windows\system32\dataexchange.dll
0x00007ffa2ce30000 - 0x00007ffa2d08b000 	C:\Windows\system32\d3d11.dll
0x00007ffa2d0a0000 - 0x00007ffa2d27d000 	C:\Windows\system32\dcomp.dll
0x00007ffa2e780000 - 0x00007ffa2e86b000 	C:\Windows\system32\dxgi.dll
0x00007ffa2dee0000 - 0x00007ffa2e13a000 	C:\Windows\system32\twinapi.appcore.dll
0x00007ffa2e3c0000 - 0x00007ffa2e3e9000 	C:\Windows\system32\RMCLIENT.dll
0x00007ffa011f0000 - 0x00007ffa01223000 	C:\Program Files\Common Files\Microsoft Shared\Ink\rtscom.dll
0x00007ffa21740000 - 0x00007ffa217dd000 	C:\Windows\System32\TextInputFramework.dll
0x00007ffa2b1e0000 - 0x00007ffa2b50a000 	C:\Windows\System32\CoreUIComponents.dll
0x00007ffa2d5f0000 - 0x00007ffa2d6c4000 	C:\Windows\System32\CoreMessaging.dll
0x00007ffa2baa0000 - 0x00007ffa2bbf2000 	C:\Windows\SYSTEM32\wintypes.dll
0x00007ffa2eb00000 - 0x00007ffa2eb31000 	C:\Windows\SYSTEM32\ntmarta.dll
0x00007ffa20210000 - 0x00007ffa204b7000 	C:\Windows\System32\iertutil.dll
0x00007ffa04510000 - 0x00007ffa04575000 	C:\Windows\system32\Oleacc.dll

dbghelp: loaded successfully - version: 4.0.5 - missing functions: none
symbol engine: initialized successfully - sym options: 0x614 - pdb path: .;C:\Users\lehun\jdk-15.0.2\bin;C:\Windows\SYSTEM32;C:\Windows\WinSxS\amd64_microsoft.windows.common-controls_6595b64144ccf1df_6.0.18362.1316_none_9e7a364fe461dbd7;C:\Users\lehun\jdk-15.0.2\bin\server;C:\Program Files\JetBrains\IntelliJ IDEA Community Edition 2020.3.1\bin;C:\Users\lehun\javafx-sdk-15.0.1\bin;C:\Windows\System32\DriverStore\FileRepository\iigd_dch.inf_amd64_a27adb6f3c75ef42;C:\Program Files\Common Files\Microsoft Shared\Ink

VM Arguments:
jvm_args: --module-path=C:\Users\lehun\javafx-sdk-15.0.1\lib --add-modules=javafx.base,javafx.controls,javafx.fxml,javafx.graphics,javafx.media -javaagent:C:\Program Files\JetBrains\IntelliJ IDEA Community Edition 2020.3.1\lib\idea_rt.jar=50654:C:\Program Files\JetBrains\IntelliJ IDEA Community Edition 2020.3.1\bin -Dfile.encoding=UTF-8 
java_command: Neighbours
java_class_path (initial): C:\Users\lehun\dat043\neighbours\out\production\neighbours;C:\Users\lehun\javafx-sdk-15.0.1\lib\src.zip;C:\Users\lehun\javafx-sdk-15.0.1\lib\javafx-swt.jar;C:\Users\lehun\javafx-sdk-15.0.1\lib\javafx.web.jar;C:\Users\lehun\javafx-sdk-15.0.1\lib\javafx.base.jar;C:\Users\lehun\javafx-sdk-15.0.1\lib\javafx.fxml.jar;C:\Users\lehun\javafx-sdk-15.0.1\lib\javafx.media.jar;C:\Users\lehun\javafx-sdk-15.0.1\lib\javafx.swing.jar;C:\Users\lehun\javafx-sdk-15.0.1\lib\javafx.controls.jar;C:\Users\lehun\javafx-sdk-15.0.1\lib\javafx.graphics.jar
Launcher Type: SUN_STANDARD

[Global flags]
     intx CICompilerCount                          = 4                                         {product} {ergonomic}
     uint ConcGCThreads                            = 2                                         {product} {ergonomic}
     uint G1ConcRefinementThreads                  = 8                                         {product} {ergonomic}
   size_t G1HeapRegionSize                         = 2097152                                   {product} {ergonomic}
    uintx GCDrainStackTargetSize                   = 64                                        {product} {ergonomic}
   size_t InitialHeapSize                          = 266338304                                 {product} {ergonomic}
   size_t MarkStackSize                            = 4194304                                   {product} {ergonomic}
   size_t MaxHeapSize                              = 4242538496                                {product} {ergonomic}
   size_t MaxNewSize                               = 2543845376                                {product} {ergonomic}
   size_t MinHeapDeltaBytes                        = 2097152                                   {product} {ergonomic}
   size_t MinHeapSize                              = 8388608                                   {product} {ergonomic}
    uintx NonNMethodCodeHeapSize                   = 5839372                                {pd product} {ergonomic}
    uintx NonProfiledCodeHeapSize                  = 122909434                              {pd product} {ergonomic}
    uintx ProfiledCodeHeapSize                     = 122909434                              {pd product} {ergonomic}
    uintx ReservedCodeCacheSize                    = 251658240                              {pd product} {ergonomic}
     bool SegmentedCodeCache                       = true                                      {product} {ergonomic}
   size_t SoftMaxHeapSize                          = 4242538496                             {manageable} {ergonomic}
     bool UseCompressedClassPointers               = true                                 {lp64_product} {ergonomic}
     bool UseCompressedOops                        = true                                 {lp64_product} {ergonomic}
     bool UseG1GC                                  = true                                      {product} {ergonomic}
     bool UseLargePagesIndividualAllocation        = false                                  {pd product} {ergonomic}

Logging:
Log output configuration:
 #0: stdout all=warning uptime,level,tags
 #1: stderr all=off uptime,level,tags

Environment Variables:
PATH=C:\Program Files (x86)\Common Files\Oracle\Java\javapath;C:\Windows\system32;C:\Windows;C:\Windows\System32\Wbem;C:\Windows\System32\WindowsPowerShell\v1.0\;C:\Windows\System32\OpenSSH\;C:\ProgramData\chocolatey\bin;C:\Program Files\MATLAB\R2020b\bin;C:\Program Files\Git\cmd;C:\Users\lehun\AppData\Local\Microsoft\WindowsApps;C:\Users\lehun\AppData\Roaming\cabal\bin;C:\ProgramData\chocolatey\lib\ghc\tools\ghc-8.10.2\bin;C:\tools\msys64;C:\Users\lehun\AppData\Local\Programs\Microsoft VS Code\bin
USERNAME=lehun
OS=Windows_NT
PROCESSOR_IDENTIFIER=Intel64 Family 6 Model 142 Stepping 12, GenuineIntel



---------------  S Y S T E M  ---------------

OS:
 Windows 10 , 64 bit Build 18362 (10.0.18362.1316)
OS uptime: 2 days 3:57 hours
HyperV virtualization detected

CPU: total 8 (initial active 8) (4 cores per cpu, 2 threads per core) family 6 model 142 stepping 12 microcode 0xd6, cmov, cx8, fxsr, mmx, sse, sse2, sse3, ssse3, sse4.1, sse4.2, popcnt, vzeroupper, avx, avx2, aes, clmul, erms, 3dnowpref, lzcnt, ht, tsc, tscinvbit, bmi1, bmi2, adx, fma, clflush, clflushopt

Memory: 4k page, system-wide physical 16180M (8858M free)
TotalPageFile size 18612M (AvailPageFile size 9424M)
current process WorkingSet (physical memory assigned to process): 126M, peak: 141M
current process commit charge ("private bytes"): 408M, peak: 424M

vm_info: OpenJDK 64-Bit Server VM (15.0.2+7-27) for windows-amd64 JRE (15.0.2+7-27), built on Dec  7 2020 20:02:38 by "mach5one" with unknown MS VC++:1925

END.
