#
# A fatal error has been detected by the Java Runtime Environment:
#
#  EXCEPTION_ACCESS_VIOLATION (0xc0000005) at pc=0x000001aae090b22a, pid=1564, tid=1136
#
# JRE version: OpenJDK Runtime Environment (15.0.2+7) (build 15.0.2+7-27)
# Java VM: OpenJDK 64-Bit Server VM (15.0.2+7-27, mixed mode, sharing, tiered, compressed oops, g1 gc, windows-amd64)
# Problematic frame:
# J 1168 c2 Neighbours.aPercent([[LNeighbours$Actor;II)D (101 bytes) @ 0x000001aae090b22a [0x000001aae090b0a0+0x000000000000018a]
#
# No core dump will be written. Minidumps are not enabled by default on client versions of Windows
#
# If you would like to submit a bug report, please visit:
#   https://bugreport.java.com/bugreport/crash.jsp
#

---------------  S U M M A R Y ------------

Command Line: --module-path=C:\Users\lehun\javafx-sdk-15.0.1\lib --add-modules=javafx.base,javafx.controls,javafx.fxml,javafx.graphics,javafx.media -javaagent:C:\Program Files\JetBrains\IntelliJ IDEA Community Edition 2020.3.1\lib\idea_rt.jar=50219:C:\Program Files\JetBrains\IntelliJ IDEA Community Edition 2020.3.1\bin -Dfile.encoding=UTF-8 Neighbours

Host: Intel(R) Core(TM) i7-10510U CPU @ 1.80GHz, 8 cores, 15G,  Windows 10 , 64 bit Build 18362 (10.0.18362.1316)
Time: Mon Feb  1 14:04:33 2021 Västeuropa, normaltid elapsed time: 2.488749 seconds (0d 0h 0m 2s)

---------------  T H R E A D  ---------------

Current thread (0x000001aaf57494c0):  JavaThread "JavaFX Application Thread" [_thread_in_Java, id=1136, stack(0x0000000cd5500000,0x0000000cd5600000)]

Stack: [0x0000000cd5500000,0x0000000cd5600000],  sp=0x0000000cd55fdef0,  free space=1015k
Native frames: (J=compiled Java code, j=interpreted, Vv=VM code, C=native code)
C  0x000001aae090b22a


siginfo: EXCEPTION_ACCESS_VIOLATION (0xc0000005), reading address 0x0000000b118029cc


Register to memory mapping:

RIP=0x000001aae090b22a is at entry_point+394 in (nmethod*)0x000001aae090af10
RAX=0x0 is NULL
RBX=3794801000 is a compressed pointer to object: javafx.scene.paint.Color 
{0x0000000711808b40} - klass: 'javafx/scene/paint/Color'
RCX=0x0000000711802940 is an oop: Neighbours 
{0x0000000711802940} - klass: 'Neighbours'
RDX=0x000000000000001e is an unknown value
RSP=0x0000000cd55fdef0 is pointing into the stack for thread: 0x000001aaf57494c0
RBP=0x0000000cd55fdfb8 is pointing into the stack for thread: 0x000001aaf57494c0
RSI=0x00000000ffffffff is an unknown value
RDI=0x0 is NULL
R8 =0x00000007118029c0 is an oop: [[LNeighbours$Actor; 
{0x00000007118029c0} - klass: 'Neighbours$Actor'[][]
 - length: 30
R9 =0x0 is NULL
R10=0x0000000000000001 is an unknown value
R11=0x0 is NULL
R12=0x0 is NULL
R13=0x0000000cd55fdf50 is pointing into the stack for thread: 0x000001aaf57494c0
R14=0x0000000000000002 is an unknown value
R15=0x000001aaf57494c0 is a thread


Registers:
RAX=0x0000000000000000, RBX=0x00000000e2301168, RCX=0x0000000711802940, RDX=0x000000000000001e
RSP=0x0000000cd55fdef0, RBP=0x0000000cd55fdfb8, RSI=0x00000000ffffffff, RDI=0x0000000000000000
R8 =0x00000007118029c0, R9 =0x0000000000000000, R10=0x0000000000000001, R11=0x0000000000000000
R12=0x0000000000000000, R13=0x0000000cd55fdf50, R14=0x0000000000000002, R15=0x000001aaf57494c0
RIP=0x000001aae090b22a, EFLAGS=0x0000000000010282

Top of Stack: (sp=0x0000000cd55fdef0)
0x0000000cd55fdef0:   0000000000000002 000001aaf57494c0
0x0000000cd55fdf00:   000001aaf4a99af8 00007ff9d211ba35
0x0000000cd55fdf10:   000001aaf57494c0 0000000cd55fdfb8
0x0000000cd55fdf20:   0000000800c70040 00007ff9d1fa97b4
0x0000000cd55fdf30:   0000000cd55fdfb8 000001aad8de9e30
0x0000000cd55fdf40:   00000000000000bc 000001aad8de9e30
0x0000000cd55fdf50:   0000000000000000 0000000000000000
0x0000000cd55fdf60:   00000007118029c0 0000000711802940
0x0000000cd55fdf70:   0000000cd55fdf70 000001aaf4da5d38
0x0000000cd55fdf80:   0000000cd55fe008 000001aaf4f76580
0x0000000cd55fdf90:   0000000000000000 0000000711803130
0x0000000cd55fdfa0:   000001aaf4da5e00 0000000cd55fdf50
0x0000000cd55fdfb0:   0000000cd55fe008 0000000cd55fe058
0x0000000cd55fdfc0:   000001aad8dea1aa 0000000000000000
0x0000000cd55fdfd0:   0000000000000000 0000000000000000
0x0000000cd55fdfe0:   0000000000000000 000000071278b570 

Instructions: (pc=0x000001aae090b22a)
0x000001aae090b12a:   c1 f9 6e c0 44 8b d7 41 ff c2 44 8b c7 41 ff c8
0x000001aae090b13a:   c4 c1 79 6e d0 44 8b f7 41 83 c6 02 4d 63 de 49
0x000001aae090b14a:   ff cb c4 c1 f9 6e db 41 b8 00 00 00 80 45 3b f2
0x000001aae090b15a:   45 0f 4c d0 45 33 db 33 c0 45 33 c0 44 89 44 24
0x000001aae090b16a:   04 e9 a5 00 00 00 ff c0 83 c1 02 41 3b c8 0f 8c
0x000001aae090b17a:   42 01 00 00 4d 8b 87 10 01 00 00 41 85 00 41 3b
0x000001aae090b18a:   ca 0f 8c 0c 01 00 00 41 3b ce 0f 8d 36 00 00 00
0x000001aae090b19a:   3b ca 73 2b 66 90 41 3b f1 75 04 3b cf 74 20 44
0x000001aae090b1aa:   8b 6c 8d 10 41 ff c3 45 85 ed 74 13 66 66 0f 1f
0x000001aae090b1ba:   84 00 00 00 00 00 43 3b 5c ec 10 75 02 ff c0 ff
0x000001aae090b1ca:   c1 41 3b ce 7c ca 4d 8b 87 10 01 00 00 ff c6 41
0x000001aae090b1da:   85 00 0f 1f 40 00 3b 34 24 7c 30 45 85 db 0f 84
0x000001aae090b1ea:   8b 01 00 00 3d 00 00 00 80 75 08 33 d2 41 83 fb
0x000001aae090b1fa:   ff 74 04 99 41 f7 fb c5 fb 2a c0 48 83 c4 40 5d
0x000001aae090b20a:   4d 8b 97 10 01 00 00 41 85 02 c3 c4 c1 79 7e d0
0x000001aae090b21a:   66 0f 1f 44 00 00 45 3b c6 7d ab c4 c1 f9 7e c0
0x000001aae090b22a:   41 8b 4c b0 10 45 8b 44 cc 0c 49 63 e8 c4 c1 f9
0x000001aae090b23a:   7e dd 0f 1f 40 00 4c 3b ed 0f 83 f4 00 00 00 3b
0x000001aae090b24a:   f2 0f 83 df 00 00 00 c5 f9 7e d5 41 3b e8 0f 83
0x000001aae090b25a:   df 00 00 00 49 8d 2c cc c5 f9 7e d1 3b ca 73 24
0x000001aae090b26a:   41 3b f1 75 04 3b cf 74 1b 44 8b 44 8d 10 41 ff
0x000001aae090b27a:   c3 0f 1f 44 00 00 45 85 c0 74 09 43 3b 5c c4 10
0x000001aae090b28a:   75 02 ff c0 ff c1 3b cf 7c d2 41 3b ca 0f 8d f4
0x000001aae090b29a:   fe ff ff 45 8b c2 44 2b c1 44 3b d1 44 0f 4c 44
0x000001aae090b2aa:   24 04 41 81 f8 d0 07 00 00 41 bd d0 07 00 00 45
0x000001aae090b2ba:   0f 47 c5 44 03 c1 3b ca 73 25 41 3b f1 75 04 3b
0x000001aae090b2ca:   cf 74 1c 44 8b 6c 8d 10 41 ff c3 45 85 ed 74 0f
0x000001aae090b2da:   66 0f 1f 44 00 00 43 3b 5c ec 10 75 02 ff c0 44
0x000001aae090b2ea:   8b e9 41 ff c5 44 3b ea 0f 83 7a fe ff ff 41 3b
0x000001aae090b2fa:   f1 75 0c 66 66 90 44 3b ef 0f 84 69 fe ff ff 4c
0x000001aae090b30a:   63 e9 46 8b 6c ad 14 41 ff c3 45 85 ed 0f 84 55
0x000001aae090b31a:   fe ff ff 66 66 90 43 3b 5c ec 10 0f 84 45 fe ff 


Stack slot to memory mapping:
stack at sp + 0 slots: 0x0000000000000002 is an unknown value
stack at sp + 1 slots: 0x000001aaf57494c0 is a thread
stack at sp + 2 slots: 0x000001aaf4a99af8 is pointing into metadata
stack at sp + 3 slots: 0x00007ff9d211ba35 jvm.dll
stack at sp + 4 slots: 0x000001aaf57494c0 is a thread
stack at sp + 5 slots: 0x0000000cd55fdfb8 is pointing into the stack for thread: 0x000001aaf57494c0
stack at sp + 6 slots: 0x0000000800c70040 is a pointer to class: 
javafx.animation.AnimationTimer$AnimationTimerReceiver$$Lambda$154/0x0000000800c70040 {0x0000000800c70048}
stack at sp + 7 slots: 0x00007ff9d1fa97b4 jvm.dll

--------------------------------------------------------------------------------
[Constant Pool (empty)]

--------------------------------------------------------------------------------

[MachCode]
  0x000001aae090b0a0: 448b 5208 | 49c1 e203 | 49bb 0000 | 0000 0800 | 0000 4d03 | d349 3bc2 | 0f85 4213 | 52f8 6690 
  0x000001aae090b0c0: 8984 2400 | 90ff ff55 | 4883 ec40 | c4e1 f96e | ca41 8bf1 | ffce 458b | d141 83c2 | 0266 6690 
  0x000001aae090b0e0: 413b f20f | 8d8b 0200 | 0041 8b50 | 0c44 3bca | 0f83 9602 | 0000 478b | 5c88 100f | 1f44 0000 
  0x000001aae090b100: 438b 5cdc | 0c3b fb0f | 837f 0200 | 0049 c1e3 | 0345 8b5c | bb10 6666 | 0f1f 8400 | 0000 0000 
  0x000001aae090b120: 438b 5cdc | 1044 8914 | 24c4 c1f9 | 6ec0 448b | d741 ffc2 | 448b c741 | ffc8 c4c1 | 796e d044 
  0x000001aae090b140: 8bf7 4183 | c602 4d63 | de49 ffcb | c4c1 f96e | db41 b800 | 0000 8045 | 3bf2 450f | 4cd0 4533 
  0x000001aae090b160: db33 c045 | 33c0 4489 | 4424 04e9 | a500 0000 | ffc0 83c1 | 0241 3bc8 | 0f8c 4201 | 0000 4d8b 
  0x000001aae090b180: 8710 0100 | 0041 8500 | 413b ca0f | 8c0c 0100 | 0041 3bce | 0f8d 3600 | 0000 3bca | 732b 6690 
  0x000001aae090b1a0: 413b f175 | 043b cf74 | 2044 8b6c | 8d10 41ff | c345 85ed | 7413 6666 | 0f1f 8400 | 0000 0000 
  0x000001aae090b1c0: 433b 5cec | 1075 02ff | c0ff c141 | 3bce 7cca | 4d8b 8710 | 0100 00ff | c641 8500 | 0f1f 4000 
  0x000001aae090b1e0: 3b34 247c | 3045 85db | 0f84 8b01 | 0000 3d00 | 0000 8075 | 0833 d241 | 83fb ff74 | 0499 41f7 
  0x000001aae090b200: fbc5 fb2a | c048 83c4 | 405d 4d8b | 9710 0100 | 0041 8502 | c3c4 c179 | 7ed0 660f | 1f44 0000 
  0x000001aae090b220: 453b c67d | abc4 c1f9 | 7ec0 418b | 4cb0 1045 | 8b44 cc0c | 4963 e8c4 | c1f9 7edd | 0f1f 4000 
  0x000001aae090b240: 4c3b ed0f | 83f4 0000 | 003b f20f | 83df 0000 | 00c5 f97e | d541 3be8 | 0f83 df00 | 0000 498d 
  0x000001aae090b260: 2ccc c5f9 | 7ed1 3bca | 7324 413b | f175 043b | cf74 1b44 | 8b44 8d10 | 41ff c30f | 1f44 0000 
  0x000001aae090b280: 4585 c074 | 0943 3b5c | c410 7502 | ffc0 ffc1 | 3bcf 7cd2 | 413b ca0f | 8df4 feff | ff45 8bc2 
  0x000001aae090b2a0: 442b c144 | 3bd1 440f | 4c44 2404 | 4181 f8d0 | 0700 0041 | bdd0 0700 | 0045 0f47 | c544 03c1 
  0x000001aae090b2c0: 3bca 7325 | 413b f175 | 043b cf74 | 1c44 8b6c | 8d10 41ff | c345 85ed | 740f 660f | 1f44 0000 
  0x000001aae090b2e0: 433b 5cec | 1075 02ff | c044 8be9 | 41ff c544 | 3bea 0f83 | 7afe ffff | 413b f175 | 0c66 6690 
  0x000001aae090b300: 443b ef0f | 8469 feff | ff4c 63e9 | 468b 6cad | 1441 ffc3 | 4585 ed0f | 8455 feff | ff66 6690 
  0x000001aae090b320: 433b 5cec | 100f 8445 | feff ffe9 | 42fe ffff | c5f9 7ed1 | 413b c80f | 8293 feff | ffba beff 
  0x000001aae090b340: ffff c4e1 | f97e cdc5 | fb11 0424 | 4489 4c24 | 0889 7c24 | 0c44 895c | 2410 8944 | 2414 8974 
  0x000001aae090b360: 2418 c5fa | 1154 2420 | 4489 7424 | 2466 90e8 | 0c30 52f8 | 4533 d2eb | 0344 8bd0 | ba86 ffff 
  0x000001aae090b380: ff41 8bea | 6666 90e8 | f42f 52f8 | babe ffff | ffc4 e1f9 | 7ecd 4c89 | 0424 4489 | 4c24 0889 
  0x000001aae090b3a0: 7c24 0c89 | 7424 1444 | 8954 2418 | 6666 90e8 | cc2f 52f8 | f4f4 f4f4 | f4f4 f4f4 | f4f4 f4f4 
  0x000001aae090b3c0: e9bb cc5c | f8e8 0000 | 0000 4883 | 2c24 05e9 | cc2b 52f8 | f4f4 f4f4 
[/MachCode]
--------------------------------------------------------------------------------


---------------  P R O C E S S  ---------------

Threads class SMR info:
_java_thread_list=0x000001aaf62059d0, length=17, elements={
0x000001aacf403890, 0x000001aaf499e700, 0x000001aaf51a02a0, 0x000001aaf51b6d40,
0x000001aaf51b9610, 0x000001aaf51b9fd0, 0x000001aaf51bbd80, 0x000001aaf51bfd30,
0x000001aaf51dd220, 0x000001aaf52ccf30, 0x000001aaf53f6a70, 0x000001aaf5990400,
0x000001aaf52f0790, 0x000001aaf6a74910, 0x000001aaf57494c0, 0x000001aaf6006330,
0x000001aaf6a6ad60
}

Java Threads: ( => current thread )
  0x000001aacf403890 JavaThread "main" [_thread_blocked, id=17328, stack(0x0000000cd3e00000,0x0000000cd3f00000)]
  0x000001aaf499e700 JavaThread "Reference Handler" daemon [_thread_blocked, id=5740, stack(0x0000000cd4500000,0x0000000cd4600000)]
  0x000001aaf51a02a0 JavaThread "Finalizer" daemon [_thread_blocked, id=17536, stack(0x0000000cd4600000,0x0000000cd4700000)]
  0x000001aaf51b6d40 JavaThread "Signal Dispatcher" daemon [_thread_blocked, id=17404, stack(0x0000000cd4700000,0x0000000cd4800000)]
  0x000001aaf51b9610 JavaThread "Attach Listener" daemon [_thread_blocked, id=17632, stack(0x0000000cd4800000,0x0000000cd4900000)]
  0x000001aaf51b9fd0 JavaThread "Service Thread" daemon [_thread_blocked, id=10108, stack(0x0000000cd4900000,0x0000000cd4a00000)]
  0x000001aaf51bbd80 JavaThread "C2 CompilerThread0" daemon [_thread_blocked, id=8836, stack(0x0000000cd4a00000,0x0000000cd4b00000)]
  0x000001aaf51bfd30 JavaThread "C1 CompilerThread0" daemon [_thread_blocked, id=16568, stack(0x0000000cd4b00000,0x0000000cd4c00000)]
  0x000001aaf51dd220 JavaThread "Sweeper thread" daemon [_thread_blocked, id=16668, stack(0x0000000cd4c00000,0x0000000cd4d00000)]
  0x000001aaf52ccf30 JavaThread "Common-Cleaner" daemon [_thread_blocked, id=13452, stack(0x0000000cd4d00000,0x0000000cd4e00000)]
  0x000001aaf53f6a70 JavaThread "Monitor Ctrl-Break" daemon [_thread_in_native, id=12924, stack(0x0000000cd5000000,0x0000000cd5100000)]
  0x000001aaf5990400 JavaThread "Notification Thread" daemon [_thread_blocked, id=14444, stack(0x0000000cd5100000,0x0000000cd5200000)]
  0x000001aaf52f0790 JavaThread "QuantumRenderer-0" daemon [_thread_blocked, id=13720, stack(0x0000000cd5300000,0x0000000cd5400000)]
  0x000001aaf6a74910 JavaThread "InvokeLaterDispatcher" daemon [_thread_blocked, id=11604, stack(0x0000000cd5400000,0x0000000cd5500000)]
=>0x000001aaf57494c0 JavaThread "JavaFX Application Thread" [_thread_in_Java, id=1136, stack(0x0000000cd5500000,0x0000000cd5600000)]
  0x000001aaf6006330 JavaThread "JavaFX-Launcher" [_thread_blocked, id=16100, stack(0x0000000cd5a00000,0x0000000cd5b00000)]
  0x000001aaf6a6ad60 JavaThread "Thread-2" daemon [_thread_blocked, id=5824, stack(0x0000000cd5900000,0x0000000cd5a00000)]

Other Threads:
  0x000001aaf499cf70 VMThread "VM Thread" [stack: 0x0000000cd4400000,0x0000000cd4500000] [id=2832] _threads_hazard_ptr=0x000001aaf62059d0
  0x000001aacf404a40 WatcherThread [stack: 0x0000000cd5200000,0x0000000cd5300000] [id=2316]
  0x000001aacf451d00 GCTaskThread "GC Thread#0" [stack: 0x0000000cd3f00000,0x0000000cd4000000] [id=6864]
  0x000001aaf59bf200 GCTaskThread "GC Thread#1" [stack: 0x0000000cd5b00000,0x0000000cd5c00000] [id=6752]
  0x000001aaf59bcbc0 GCTaskThread "GC Thread#2" [stack: 0x0000000cd5c00000,0x0000000cd5d00000] [id=11240]
  0x000001aaf6aab860 GCTaskThread "GC Thread#3" [stack: 0x0000000cd5d00000,0x0000000cd5e00000] [id=5600]
  0x000001aaf6aaaed0 GCTaskThread "GC Thread#4" [stack: 0x0000000cd5e00000,0x0000000cd5f00000] [id=8516]
  0x000001aaf6aabb90 GCTaskThread "GC Thread#5" [stack: 0x0000000cd5f00000,0x0000000cd6000000] [id=10828]
  0x000001aacf464bd0 ConcurrentGCThread "G1 Main Marker" [stack: 0x0000000cd4000000,0x0000000cd4100000] [id=15728]
  0x000001aacf465ef0 ConcurrentGCThread "G1 Conc#0" [stack: 0x0000000cd4100000,0x0000000cd4200000] [id=3880]
  0x000001aaf48224d0 ConcurrentGCThread "G1 Refine#0" [stack: 0x0000000cd4200000,0x0000000cd4300000] [id=10512]
  0x000001aaf4822ee0 ConcurrentGCThread "G1 Young RemSet Sampling" [stack: 0x0000000cd4300000,0x0000000cd4400000] [id=17876]

Threads with active compile tasks:

VM state: synchronizing (normal execution)

VM Mutex/Monitor currently owned by a thread:  ([mutex/lock_event])
[0x000001aacf3fe5c0] Threads_lock - owner thread: 0x000001aaf499cf70

Heap address: 0x0000000703200000, size: 4046 MB, Compressed Oops mode: Zero based, Oop shift amount: 3
CDS archive(s) mapped at: [0x0000000800000000-0x0000000800b50000-0x0000000800b50000), size 11862016, SharedBaseAddress: 0x0000000800000000, ArchiveRelocationMode: 0.
Compressed class space mapped at: 0x0000000800b50000-0x0000000840b50000, size: 1073741824
Narrow klass base: 0x0000000800000000, Narrow klass shift: 3, Narrow klass range: 0x100000000

GC Precious Log:
 CPUs: 8 total, 8 available
 Memory: 16180M
 Large Page Support: Disabled
 NUMA Support: Disabled
 Compressed Oops: Enabled (Zero based)
 Heap Region Size: 2M
 Heap Min Capacity: 8M
 Heap Initial Capacity: 254M
 Heap Max Capacity: 4046M
 Pre-touch: Disabled
 Parallel Workers: 8
 Concurrent Workers: 2
 Concurrent Refinement Workers: 8
 Periodic GC: Disabled

Heap:
 garbage-first heap   total 260096K, used 11293K [0x0000000703200000, 0x0000000800000000)
  region size 2048K, 7 young (14336K), 2 survivors (4096K)
 Metaspace       used 8169K, capacity 10266K, committed 10496K, reserved 1058816K
  class space    used 1018K, capacity 1219K, committed 1280K, reserved 1048576K

Heap Regions: E=young(eden), S=young(survivor), O=old, HS=humongous(starts), HC=humongous(continues), CS=collection set, F=free, OA=open archive, CA=closed archive, TAMS=top-at-mark-start (previous, next)
|   0|0x0000000703200000, 0x0000000703200000, 0x0000000703400000|  0%| F|  |TAMS 0x0000000703200000, 0x0000000703200000| Untracked 
|   1|0x0000000703400000, 0x0000000703400000, 0x0000000703600000|  0%| F|  |TAMS 0x0000000703400000, 0x0000000703400000| Untracked 
|   2|0x0000000703600000, 0x0000000703600000, 0x0000000703800000|  0%| F|  |TAMS 0x0000000703600000, 0x0000000703600000| Untracked 
|   3|0x0000000703800000, 0x0000000703800000, 0x0000000703a00000|  0%| F|  |TAMS 0x0000000703800000, 0x0000000703800000| Untracked 
|   4|0x0000000703a00000, 0x0000000703a00000, 0x0000000703c00000|  0%| F|  |TAMS 0x0000000703a00000, 0x0000000703a00000| Untracked 
|   5|0x0000000703c00000, 0x0000000703c00000, 0x0000000703e00000|  0%| F|  |TAMS 0x0000000703c00000, 0x0000000703c00000| Untracked 
|   6|0x0000000703e00000, 0x0000000703e00000, 0x0000000704000000|  0%| F|  |TAMS 0x0000000703e00000, 0x0000000703e00000| Untracked 
|   7|0x0000000704000000, 0x0000000704000000, 0x0000000704200000|  0%| F|  |TAMS 0x0000000704000000, 0x0000000704000000| Untracked 
|   8|0x0000000704200000, 0x0000000704200000, 0x0000000704400000|  0%| F|  |TAMS 0x0000000704200000, 0x0000000704200000| Untracked 
|   9|0x0000000704400000, 0x0000000704400000, 0x0000000704600000|  0%| F|  |TAMS 0x0000000704400000, 0x0000000704400000| Untracked 
|  10|0x0000000704600000, 0x0000000704600000, 0x0000000704800000|  0%| F|  |TAMS 0x0000000704600000, 0x0000000704600000| Untracked 
|  11|0x0000000704800000, 0x0000000704800000, 0x0000000704a00000|  0%| F|  |TAMS 0x0000000704800000, 0x0000000704800000| Untracked 
|  12|0x0000000704a00000, 0x0000000704a00000, 0x0000000704c00000|  0%| F|  |TAMS 0x0000000704a00000, 0x0000000704a00000| Untracked 
|  13|0x0000000704c00000, 0x0000000704c00000, 0x0000000704e00000|  0%| F|  |TAMS 0x0000000704c00000, 0x0000000704c00000| Untracked 
|  14|0x0000000704e00000, 0x0000000704e00000, 0x0000000705000000|  0%| F|  |TAMS 0x0000000704e00000, 0x0000000704e00000| Untracked 
|  15|0x0000000705000000, 0x0000000705000000, 0x0000000705200000|  0%| F|  |TAMS 0x0000000705000000, 0x0000000705000000| Untracked 
|  16|0x0000000705200000, 0x0000000705200000, 0x0000000705400000|  0%| F|  |TAMS 0x0000000705200000, 0x0000000705200000| Untracked 
|  17|0x0000000705400000, 0x0000000705400000, 0x0000000705600000|  0%| F|  |TAMS 0x0000000705400000, 0x0000000705400000| Untracked 
|  18|0x0000000705600000, 0x0000000705600000, 0x0000000705800000|  0%| F|  |TAMS 0x0000000705600000, 0x0000000705600000| Untracked 
|  19|0x0000000705800000, 0x0000000705800000, 0x0000000705a00000|  0%| F|  |TAMS 0x0000000705800000, 0x0000000705800000| Untracked 
|  20|0x0000000705a00000, 0x0000000705a00000, 0x0000000705c00000|  0%| F|  |TAMS 0x0000000705a00000, 0x0000000705a00000| Untracked 
|  21|0x0000000705c00000, 0x0000000705c00000, 0x0000000705e00000|  0%| F|  |TAMS 0x0000000705c00000, 0x0000000705c00000| Untracked 
|  22|0x0000000705e00000, 0x0000000705e00000, 0x0000000706000000|  0%| F|  |TAMS 0x0000000705e00000, 0x0000000705e00000| Untracked 
|  23|0x0000000706000000, 0x0000000706000000, 0x0000000706200000|  0%| F|  |TAMS 0x0000000706000000, 0x0000000706000000| Untracked 
|  24|0x0000000706200000, 0x0000000706200000, 0x0000000706400000|  0%| F|  |TAMS 0x0000000706200000, 0x0000000706200000| Untracked 
|  25|0x0000000706400000, 0x0000000706400000, 0x0000000706600000|  0%| F|  |TAMS 0x0000000706400000, 0x0000000706400000| Untracked 
|  26|0x0000000706600000, 0x0000000706600000, 0x0000000706800000|  0%| F|  |TAMS 0x0000000706600000, 0x0000000706600000| Untracked 
|  27|0x0000000706800000, 0x0000000706800000, 0x0000000706a00000|  0%| F|  |TAMS 0x0000000706800000, 0x0000000706800000| Untracked 
|  28|0x0000000706a00000, 0x0000000706a00000, 0x0000000706c00000|  0%| F|  |TAMS 0x0000000706a00000, 0x0000000706a00000| Untracked 
|  29|0x0000000706c00000, 0x0000000706c00000, 0x0000000706e00000|  0%| F|  |TAMS 0x0000000706c00000, 0x0000000706c00000| Untracked 
|  30|0x0000000706e00000, 0x0000000706e00000, 0x0000000707000000|  0%| F|  |TAMS 0x0000000706e00000, 0x0000000706e00000| Untracked 
|  31|0x0000000707000000, 0x0000000707000000, 0x0000000707200000|  0%| F|  |TAMS 0x0000000707000000, 0x0000000707000000| Untracked 
|  32|0x0000000707200000, 0x0000000707200000, 0x0000000707400000|  0%| F|  |TAMS 0x0000000707200000, 0x0000000707200000| Untracked 
|  33|0x0000000707400000, 0x0000000707400000, 0x0000000707600000|  0%| F|  |TAMS 0x0000000707400000, 0x0000000707400000| Untracked 
|  34|0x0000000707600000, 0x0000000707600000, 0x0000000707800000|  0%| F|  |TAMS 0x0000000707600000, 0x0000000707600000| Untracked 
|  35|0x0000000707800000, 0x0000000707800000, 0x0000000707a00000|  0%| F|  |TAMS 0x0000000707800000, 0x0000000707800000| Untracked 
|  36|0x0000000707a00000, 0x0000000707a00000, 0x0000000707c00000|  0%| F|  |TAMS 0x0000000707a00000, 0x0000000707a00000| Untracked 
|  37|0x0000000707c00000, 0x0000000707c00000, 0x0000000707e00000|  0%| F|  |TAMS 0x0000000707c00000, 0x0000000707c00000| Untracked 
|  38|0x0000000707e00000, 0x0000000707e00000, 0x0000000708000000|  0%| F|  |TAMS 0x0000000707e00000, 0x0000000707e00000| Untracked 
|  39|0x0000000708000000, 0x0000000708000000, 0x0000000708200000|  0%| F|  |TAMS 0x0000000708000000, 0x0000000708000000| Untracked 
|  40|0x0000000708200000, 0x0000000708200000, 0x0000000708400000|  0%| F|  |TAMS 0x0000000708200000, 0x0000000708200000| Untracked 
|  41|0x0000000708400000, 0x0000000708400000, 0x0000000708600000|  0%| F|  |TAMS 0x0000000708400000, 0x0000000708400000| Untracked 
|  42|0x0000000708600000, 0x0000000708600000, 0x0000000708800000|  0%| F|  |TAMS 0x0000000708600000, 0x0000000708600000| Untracked 
|  43|0x0000000708800000, 0x0000000708800000, 0x0000000708a00000|  0%| F|  |TAMS 0x0000000708800000, 0x0000000708800000| Untracked 
|  44|0x0000000708a00000, 0x0000000708a00000, 0x0000000708c00000|  0%| F|  |TAMS 0x0000000708a00000, 0x0000000708a00000| Untracked 
|  45|0x0000000708c00000, 0x0000000708c00000, 0x0000000708e00000|  0%| F|  |TAMS 0x0000000708c00000, 0x0000000708c00000| Untracked 
|  46|0x0000000708e00000, 0x0000000708e00000, 0x0000000709000000|  0%| F|  |TAMS 0x0000000708e00000, 0x0000000708e00000| Untracked 
|  47|0x0000000709000000, 0x0000000709000000, 0x0000000709200000|  0%| F|  |TAMS 0x0000000709000000, 0x0000000709000000| Untracked 
|  48|0x0000000709200000, 0x0000000709200000, 0x0000000709400000|  0%| F|  |TAMS 0x0000000709200000, 0x0000000709200000| Untracked 
|  49|0x0000000709400000, 0x0000000709400000, 0x0000000709600000|  0%| F|  |TAMS 0x0000000709400000, 0x0000000709400000| Untracked 
|  50|0x0000000709600000, 0x0000000709600000, 0x0000000709800000|  0%| F|  |TAMS 0x0000000709600000, 0x0000000709600000| Untracked 
|  51|0x0000000709800000, 0x0000000709800000, 0x0000000709a00000|  0%| F|  |TAMS 0x0000000709800000, 0x0000000709800000| Untracked 
|  52|0x0000000709a00000, 0x0000000709a00000, 0x0000000709c00000|  0%| F|  |TAMS 0x0000000709a00000, 0x0000000709a00000| Untracked 
|  53|0x0000000709c00000, 0x0000000709c00000, 0x0000000709e00000|  0%| F|  |TAMS 0x0000000709c00000, 0x0000000709c00000| Untracked 
|  54|0x0000000709e00000, 0x0000000709e00000, 0x000000070a000000|  0%| F|  |TAMS 0x0000000709e00000, 0x0000000709e00000| Untracked 
|  55|0x000000070a000000, 0x000000070a000000, 0x000000070a200000|  0%| F|  |TAMS 0x000000070a000000, 0x000000070a000000| Untracked 
|  56|0x000000070a200000, 0x000000070a200000, 0x000000070a400000|  0%| F|  |TAMS 0x000000070a200000, 0x000000070a200000| Untracked 
|  57|0x000000070a400000, 0x000000070a400000, 0x000000070a600000|  0%| F|  |TAMS 0x000000070a400000, 0x000000070a400000| Untracked 
|  58|0x000000070a600000, 0x000000070a600000, 0x000000070a800000|  0%| F|  |TAMS 0x000000070a600000, 0x000000070a600000| Untracked 
|  59|0x000000070a800000, 0x000000070a800000, 0x000000070aa00000|  0%| F|  |TAMS 0x000000070a800000, 0x000000070a800000| Untracked 
|  60|0x000000070aa00000, 0x000000070aa00000, 0x000000070ac00000|  0%| F|  |TAMS 0x000000070aa00000, 0x000000070aa00000| Untracked 
|  61|0x000000070ac00000, 0x000000070ac00000, 0x000000070ae00000|  0%| F|  |TAMS 0x000000070ac00000, 0x000000070ac00000| Untracked 
|  62|0x000000070ae00000, 0x000000070ae00000, 0x000000070b000000|  0%| F|  |TAMS 0x000000070ae00000, 0x000000070ae00000| Untracked 
|  63|0x000000070b000000, 0x000000070b000000, 0x000000070b200000|  0%| F|  |TAMS 0x000000070b000000, 0x000000070b000000| Untracked 
|  64|0x000000070b200000, 0x000000070b200000, 0x000000070b400000|  0%| F|  |TAMS 0x000000070b200000, 0x000000070b200000| Untracked 
|  65|0x000000070b400000, 0x000000070b400000, 0x000000070b600000|  0%| F|  |TAMS 0x000000070b400000, 0x000000070b400000| Untracked 
|  66|0x000000070b600000, 0x000000070b600000, 0x000000070b800000|  0%| F|  |TAMS 0x000000070b600000, 0x000000070b600000| Untracked 
|  67|0x000000070b800000, 0x000000070b800000, 0x000000070ba00000|  0%| F|  |TAMS 0x000000070b800000, 0x000000070b800000| Untracked 
|  68|0x000000070ba00000, 0x000000070ba00000, 0x000000070bc00000|  0%| F|  |TAMS 0x000000070ba00000, 0x000000070ba00000| Untracked 
|  69|0x000000070bc00000, 0x000000070bc00000, 0x000000070be00000|  0%| F|  |TAMS 0x000000070bc00000, 0x000000070bc00000| Untracked 
|  70|0x000000070be00000, 0x000000070be00000, 0x000000070c000000|  0%| F|  |TAMS 0x000000070be00000, 0x000000070be00000| Untracked 
|  71|0x000000070c000000, 0x000000070c000000, 0x000000070c200000|  0%| F|  |TAMS 0x000000070c000000, 0x000000070c000000| Untracked 
|  72|0x000000070c200000, 0x000000070c200000, 0x000000070c400000|  0%| F|  |TAMS 0x000000070c200000, 0x000000070c200000| Untracked 
|  73|0x000000070c400000, 0x000000070c400000, 0x000000070c600000|  0%| F|  |TAMS 0x000000070c400000, 0x000000070c400000| Untracked 
|  74|0x000000070c600000, 0x000000070c600000, 0x000000070c800000|  0%| F|  |TAMS 0x000000070c600000, 0x000000070c600000| Untracked 
|  75|0x000000070c800000, 0x000000070c800000, 0x000000070ca00000|  0%| F|  |TAMS 0x000000070c800000, 0x000000070c800000| Untracked 
|  76|0x000000070ca00000, 0x000000070ca00000, 0x000000070cc00000|  0%| F|  |TAMS 0x000000070ca00000, 0x000000070ca00000| Untracked 
|  77|0x000000070cc00000, 0x000000070cc00000, 0x000000070ce00000|  0%| F|  |TAMS 0x000000070cc00000, 0x000000070cc00000| Untracked 
|  78|0x000000070ce00000, 0x000000070ce00000, 0x000000070d000000|  0%| F|  |TAMS 0x000000070ce00000, 0x000000070ce00000| Untracked 
|  79|0x000000070d000000, 0x000000070d000000, 0x000000070d200000|  0%| F|  |TAMS 0x000000070d000000, 0x000000070d000000| Untracked 
|  80|0x000000070d200000, 0x000000070d200000, 0x000000070d400000|  0%| F|  |TAMS 0x000000070d200000, 0x000000070d200000| Untracked 
|  81|0x000000070d400000, 0x000000070d400000, 0x000000070d600000|  0%| F|  |TAMS 0x000000070d400000, 0x000000070d400000| Untracked 
|  82|0x000000070d600000, 0x000000070d600000, 0x000000070d800000|  0%| F|  |TAMS 0x000000070d600000, 0x000000070d600000| Untracked 
|  83|0x000000070d800000, 0x000000070d800000, 0x000000070da00000|  0%| F|  |TAMS 0x000000070d800000, 0x000000070d800000| Untracked 
|  84|0x000000070da00000, 0x000000070da00000, 0x000000070dc00000|  0%| F|  |TAMS 0x000000070da00000, 0x000000070da00000| Untracked 
|  85|0x000000070dc00000, 0x000000070dc00000, 0x000000070de00000|  0%| F|  |TAMS 0x000000070dc00000, 0x000000070dc00000| Untracked 
|  86|0x000000070de00000, 0x000000070de00000, 0x000000070e000000|  0%| F|  |TAMS 0x000000070de00000, 0x000000070de00000| Untracked 
|  87|0x000000070e000000, 0x000000070e000000, 0x000000070e200000|  0%| F|  |TAMS 0x000000070e000000, 0x000000070e000000| Untracked 
|  88|0x000000070e200000, 0x000000070e200000, 0x000000070e400000|  0%| F|  |TAMS 0x000000070e200000, 0x000000070e200000| Untracked 
|  89|0x000000070e400000, 0x000000070e400000, 0x000000070e600000|  0%| F|  |TAMS 0x000000070e400000, 0x000000070e400000| Untracked 
|  90|0x000000070e600000, 0x000000070e600000, 0x000000070e800000|  0%| F|  |TAMS 0x000000070e600000, 0x000000070e600000| Untracked 
|  91|0x000000070e800000, 0x000000070e800000, 0x000000070ea00000|  0%| F|  |TAMS 0x000000070e800000, 0x000000070e800000| Untracked 
|  92|0x000000070ea00000, 0x000000070ea00000, 0x000000070ec00000|  0%| F|  |TAMS 0x000000070ea00000, 0x000000070ea00000| Untracked 
|  93|0x000000070ec00000, 0x000000070ec00000, 0x000000070ee00000|  0%| F|  |TAMS 0x000000070ec00000, 0x000000070ec00000| Untracked 
|  94|0x000000070ee00000, 0x000000070ee00000, 0x000000070f000000|  0%| F|  |TAMS 0x000000070ee00000, 0x000000070ee00000| Untracked 
|  95|0x000000070f000000, 0x000000070f000000, 0x000000070f200000|  0%| F|  |TAMS 0x000000070f000000, 0x000000070f000000| Untracked 
|  96|0x000000070f200000, 0x000000070f200000, 0x000000070f400000|  0%| F|  |TAMS 0x000000070f200000, 0x000000070f200000| Untracked 
|  97|0x000000070f400000, 0x000000070f400000, 0x000000070f600000|  0%| F|  |TAMS 0x000000070f400000, 0x000000070f400000| Untracked 
|  98|0x000000070f600000, 0x000000070f600000, 0x000000070f800000|  0%| F|  |TAMS 0x000000070f600000, 0x000000070f600000| Untracked 
|  99|0x000000070f800000, 0x000000070f800000, 0x000000070fa00000|  0%| F|  |TAMS 0x000000070f800000, 0x000000070f800000| Untracked 
| 100|0x000000070fa00000, 0x000000070fa00000, 0x000000070fc00000|  0%| F|  |TAMS 0x000000070fa00000, 0x000000070fa00000| Untracked 
| 101|0x000000070fc00000, 0x000000070fc00000, 0x000000070fe00000|  0%| F|  |TAMS 0x000000070fc00000, 0x000000070fc00000| Untracked 
| 102|0x000000070fe00000, 0x000000070fe00000, 0x0000000710000000|  0%| F|  |TAMS 0x000000070fe00000, 0x000000070fe00000| Untracked 
| 103|0x0000000710000000, 0x0000000710000000, 0x0000000710200000|  0%| F|  |TAMS 0x0000000710000000, 0x0000000710000000| Untracked 
| 104|0x0000000710200000, 0x0000000710200000, 0x0000000710400000|  0%| F|  |TAMS 0x0000000710200000, 0x0000000710200000| Untracked 
| 105|0x0000000710400000, 0x0000000710400000, 0x0000000710600000|  0%| F|  |TAMS 0x0000000710400000, 0x0000000710400000| Untracked 
| 106|0x0000000710600000, 0x0000000710600000, 0x0000000710800000|  0%| F|  |TAMS 0x0000000710600000, 0x0000000710600000| Untracked 
| 107|0x0000000710800000, 0x0000000710800000, 0x0000000710a00000|  0%| F|  |TAMS 0x0000000710800000, 0x0000000710800000| Untracked 
| 108|0x0000000710a00000, 0x0000000710a00000, 0x0000000710c00000|  0%| F|  |TAMS 0x0000000710a00000, 0x0000000710a00000| Untracked 
| 109|0x0000000710c00000, 0x0000000710c00000, 0x0000000710e00000|  0%| F|  |TAMS 0x0000000710c00000, 0x0000000710c00000| Untracked 
| 110|0x0000000710e00000, 0x0000000710e00000, 0x0000000711000000|  0%| F|  |TAMS 0x0000000710e00000, 0x0000000710e00000| Untracked 
| 111|0x0000000711000000, 0x0000000711000000, 0x0000000711200000|  0%| F|  |TAMS 0x0000000711000000, 0x0000000711000000| Untracked 
| 112|0x0000000711200000, 0x0000000711200000, 0x0000000711400000|  0%| F|  |TAMS 0x0000000711200000, 0x0000000711200000| Untracked 
| 113|0x0000000711400000, 0x0000000711400000, 0x0000000711600000|  0%| F|  |TAMS 0x0000000711400000, 0x0000000711400000| Untracked 
| 114|0x0000000711600000, 0x0000000711707788, 0x0000000711800000| 51%| S|CS|TAMS 0x0000000711600000, 0x0000000711600000| Complete 
| 115|0x0000000711800000, 0x0000000711a00000, 0x0000000711a00000|100%| S|CS|TAMS 0x0000000711800000, 0x0000000711800000| Complete 
| 116|0x0000000711a00000, 0x0000000711a00000, 0x0000000711c00000|  0%| F|  |TAMS 0x0000000711a00000, 0x0000000711a00000| Untracked 
| 117|0x0000000711c00000, 0x0000000711c00000, 0x0000000711e00000|  0%| F|  |TAMS 0x0000000711c00000, 0x0000000711c00000| Untracked 
| 118|0x0000000711e00000, 0x0000000711e00000, 0x0000000712000000|  0%| F|  |TAMS 0x0000000711e00000, 0x0000000711e00000| Untracked 
| 119|0x0000000712000000, 0x0000000712000000, 0x0000000712200000|  0%| F|  |TAMS 0x0000000712000000, 0x0000000712000000| Untracked 
| 120|0x0000000712200000, 0x0000000712200000, 0x0000000712400000|  0%| F|  |TAMS 0x0000000712200000, 0x0000000712200000| Untracked 
| 121|0x0000000712400000, 0x0000000712400000, 0x0000000712600000|  0%| F|  |TAMS 0x0000000712400000, 0x0000000712400000| Untracked 
| 122|0x0000000712600000, 0x00000007127d9cb8, 0x0000000712800000| 92%| E|  |TAMS 0x0000000712600000, 0x0000000712600000| Complete 
| 123|0x0000000712800000, 0x0000000712a00000, 0x0000000712a00000|100%| E|CS|TAMS 0x0000000712800000, 0x0000000712800000| Complete 
| 124|0x0000000712a00000, 0x0000000712c00000, 0x0000000712c00000|100%| E|CS|TAMS 0x0000000712a00000, 0x0000000712a00000| Complete 
| 125|0x0000000712c00000, 0x0000000712e00000, 0x0000000712e00000|100%| E|CS|TAMS 0x0000000712c00000, 0x0000000712c00000| Complete 
| 126|0x0000000712e00000, 0x0000000713000000, 0x0000000713000000|100%| E|CS|TAMS 0x0000000712e00000, 0x0000000712e00000| Complete 

Card table byte_map: [0x000001aae9030000,0x000001aae9820000] _byte_map_base: 0x000001aae5817000

Marking Bits (Prev, Next): (CMBitMap*) 0x000001aacf4544a0, (CMBitMap*) 0x000001aacf4544e0
 Prev Bits: [0x000001aaea010000, 0x000001aaedf48000)
 Next Bits: [0x000001aaedf50000, 0x000001aaf1e88000)

Polling page: 0x000001aacf2a0000

Metaspace:

Usage:
  Non-class:      8.83 MB capacity,     6.98 MB ( 79%) used,     1.84 MB ( 21%) free+waste,    12.88 KB ( <1%) overhead. 
      Class:      1.19 MB capacity,  1018.68 KB ( 84%) used,   194.88 KB ( 16%) free+waste,     5.44 KB ( <1%) overhead. 
       Both:     10.03 MB capacity,     7.98 MB ( 80%) used,     2.03 MB ( 20%) free+waste,    18.31 KB ( <1%) overhead. 

Virtual space:
  Non-class space:       10.00 MB reserved,       9.00 MB ( 90%) committed 
      Class space:        1.00 GB reserved,       1.25 MB ( <1%) committed 
             Both:        1.01 GB reserved,      10.25 MB ( <1%) committed 

Chunk freelists:
   Non-Class:  41.00 KB
       Class:  29.00 KB
        Both:  70.00 KB

MaxMetaspaceSize: 17179869184.00 GB
CompressedClassSpaceSize: 1.00 GB

CodeHeap 'non-profiled nmethods': size=120000Kb used=372Kb max_used=372Kb free=119627Kb
 bounds [0x000001aae08b0000, 0x000001aae0b20000, 0x000001aae7de0000]
CodeHeap 'profiled nmethods': size=120000Kb used=1956Kb max_used=1956Kb free=118044Kb
 bounds [0x000001aad9380000, 0x000001aad95f0000, 0x000001aae08b0000]
CodeHeap 'non-nmethods': size=5760Kb used=1336Kb max_used=1352Kb free=4423Kb
 bounds [0x000001aad8de0000, 0x000001aad9050000, 0x000001aad9380000]
 total_blobs=1825 nmethods=1184 adapters=554
 compilation: enabled
              stopped_count=0, restarted_count=0
 full_count=0

Compilation events (20 events):
Event: 2.108 Thread 0x000001aaf51bfd30 nmethod 1175 0x000001aad9565a10 code [0x000001aad9565bc0, 0x000001aad9565e78]
Event: 2.124 Thread 0x000001aaf51bfd30 1176       1       java.lang.invoke.VarHandle::isDirect (2 bytes)
Event: 2.124 Thread 0x000001aaf51bfd30 nmethod 1176 0x000001aae090c990 code [0x000001aae090cb20, 0x000001aae090cbd8]
Event: 2.140 Thread 0x000001aaf51bfd30 1177       3       java.util.concurrent.locks.ReentrantLock::lock (8 bytes)
Event: 2.140 Thread 0x000001aaf51bfd30 nmethod 1177 0x000001aad9565f90 code [0x000001aad9566140, 0x000001aad95663f8]
Event: 2.140 Thread 0x000001aaf51bfd30 1178       3       java.util.concurrent.locks.ReentrantLock$Sync::lock (13 bytes)
Event: 2.140 Thread 0x000001aaf51bfd30 nmethod 1178 0x000001aad9566510 code [0x000001aad95666c0, 0x000001aad95668f8]
Event: 2.189 Thread 0x000001aaf51bfd30 1179       3       java.lang.Thread::interrupted (23 bytes)
Event: 2.189 Thread 0x000001aaf51bfd30 nmethod 1179 0x000001aad9566990 code [0x000001aad9566b40, 0x000001aad9566cc8]
Event: 2.252 Thread 0x000001aaf51bfd30 1181       3       java.util.concurrent.atomic.AtomicBoolean::get (13 bytes)
Event: 2.253 Thread 0x000001aaf51bfd30 nmethod 1181 0x000001aad9566d90 code [0x000001aad9566f20, 0x000001aad9567078]
Event: 2.380 Thread 0x000001aaf51bfd30 1182       3       jdk.internal.misc.Unsafe::putReferenceOpaque (9 bytes)
Event: 2.380 Thread 0x000001aaf51bfd30 nmethod 1182 0x000001aad9567110 code [0x000001aad95672a0, 0x000001aad95673f8]
Event: 2.412 Thread 0x000001aaf51bfd30 1183       3       javafx.scene.Scene::getRoot (22 bytes)
Event: 2.413 Thread 0x000001aaf51bfd30 nmethod 1183 0x000001aad9567490 code [0x000001aad9567640, 0x000001aad9567968]
Event: 2.444 Thread 0x000001aaf51bfd30 1184       3       java.util.concurrent.locks.AbstractQueuedSynchronizer$ConditionObject::signal (34 bytes)
Event: 2.444 Thread 0x000001aaf51bfd30 nmethod 1184 0x000001aad9567a90 code [0x000001aad9567c60, 0x000001aad9567fc8]
Event: 2.460 Thread 0x000001aaf51bfd30 1185       3       jdk.internal.misc.Unsafe::getAndBitwiseAndInt (27 bytes)
Event: 2.460 Thread 0x000001aaf51bfd30 nmethod 1185 0x000001aad9568110 code [0x000001aad95682c0, 0x000001aad95684e8]
Event: 2.477 Thread 0x000001aaf51bfd30 1186  s    3       com.sun.javafx.tk.quantum.QuantumToolkit$PulseTask::set (20 bytes)

GC Heap History (2 events):
Event: 0.490 GC heap before
{Heap before GC invocations=0 (full 0):
 garbage-first heap   total 260096K, used 22528K [0x0000000703200000, 0x0000000800000000)
  region size 2048K, 11 young (22528K), 0 survivors (0K)
 Metaspace       used 5505K, capacity 8149K, committed 8448K, reserved 1056768K
  class space    used 682K, capacity 922K, committed 1024K, reserved 1048576K
}
Event: 0.493 GC heap after
{Heap after GC invocations=1 (full 0):
 garbage-first heap   total 260096K, used 3101K [0x0000000703200000, 0x0000000800000000)
  region size 2048K, 2 young (4096K), 2 survivors (4096K)
 Metaspace       used 5505K, capacity 8149K, committed 8448K, reserved 1056768K
  class space    used 682K, capacity 922K, committed 1024K, reserved 1048576K
}

Deoptimization events (20 events):
Event: 0.502 Thread 0x000001aaf57494c0 Uncommon trap: trap_request=0xffffffde fr.pc=0x000001aae08f70c8 relative=0x0000000000000128
Event: 0.502 Thread 0x000001aaf57494c0 Uncommon trap: reason=class_check action=maybe_recompile pc=0x000001aae08f70c8 method=jdk.internal.misc.Unsafe.allocateUninitializedArray(Ljava/lang/Class;I)Ljava/lang/Object; @ 51 c2
Event: 0.502 Thread 0x000001aaf57494c0 DEOPT PACKING pc=0x000001aae08f70c8 sp=0x0000000cd55fd280
Event: 0.502 Thread 0x000001aaf57494c0 DEOPT UNPACKING pc=0x000001aad8e2e42f sp=0x0000000cd55fd208 mode 2
Event: 0.502 Thread 0x000001aaf57494c0 Uncommon trap: trap_request=0xffffffde fr.pc=0x000001aae08f70c8 relative=0x0000000000000128
Event: 0.502 Thread 0x000001aaf57494c0 Uncommon trap: reason=class_check action=maybe_recompile pc=0x000001aae08f70c8 method=jdk.internal.misc.Unsafe.allocateUninitializedArray(Ljava/lang/Class;I)Ljava/lang/Object; @ 51 c2
Event: 0.502 Thread 0x000001aaf57494c0 DEOPT PACKING pc=0x000001aae08f70c8 sp=0x0000000cd55fd280
Event: 0.502 Thread 0x000001aaf57494c0 DEOPT UNPACKING pc=0x000001aad8e2e42f sp=0x0000000cd55fd208 mode 2
Event: 0.502 Thread 0x000001aaf57494c0 Uncommon trap: trap_request=0xffffffde fr.pc=0x000001aae08f70c8 relative=0x0000000000000128
Event: 0.502 Thread 0x000001aaf57494c0 Uncommon trap: reason=class_check action=maybe_recompile pc=0x000001aae08f70c8 method=jdk.internal.misc.Unsafe.allocateUninitializedArray(Ljava/lang/Class;I)Ljava/lang/Object; @ 51 c2
Event: 0.502 Thread 0x000001aaf57494c0 DEOPT PACKING pc=0x000001aae08f70c8 sp=0x0000000cd55fd300
Event: 0.502 Thread 0x000001aaf57494c0 DEOPT UNPACKING pc=0x000001aad8e2e42f sp=0x0000000cd55fd288 mode 2
Event: 0.502 Thread 0x000001aaf57494c0 Uncommon trap: trap_request=0xffffffde fr.pc=0x000001aae08f70c8 relative=0x0000000000000128
Event: 0.502 Thread 0x000001aaf57494c0 Uncommon trap: reason=class_check action=maybe_recompile pc=0x000001aae08f70c8 method=jdk.internal.misc.Unsafe.allocateUninitializedArray(Ljava/lang/Class;I)Ljava/lang/Object; @ 51 c2
Event: 0.502 Thread 0x000001aaf57494c0 DEOPT PACKING pc=0x000001aae08f70c8 sp=0x0000000cd55fd200
Event: 0.502 Thread 0x000001aaf57494c0 DEOPT UNPACKING pc=0x000001aad8e2e42f sp=0x0000000cd55fd188 mode 2
Event: 0.537 Thread 0x000001aaf57494c0 Uncommon trap: trap_request=0xffffff45 fr.pc=0x000001aae08c38b4 relative=0x0000000000000034
Event: 0.537 Thread 0x000001aaf57494c0 Uncommon trap: reason=unstable_if action=reinterpret pc=0x000001aae08c38b4 method=java.lang.StringLatin1.canEncode(I)Z @ 4 c2
Event: 0.537 Thread 0x000001aaf57494c0 DEOPT PACKING pc=0x000001aae08c38b4 sp=0x0000000cd55fb9a0
Event: 0.537 Thread 0x000001aaf57494c0 DEOPT UNPACKING pc=0x000001aad8e2e42f sp=0x0000000cd55fb930 mode 2

Classes unloaded (0 events):
No events

Classes redefined (0 events):
No events

Internal exceptions (20 events):
Event: 0.171 Thread 0x000001aaf53f6a70 Exception <a 'java/lang/NoSuchMethodError'{0x00000007129eb670}: 'java.lang.Object java.lang.invoke.DirectMethodHandle$Holder.invokeStaticInit(java.lang.Object)'> (0x00000007129eb670) 
thrown [./open/src/hotspot/share/interpreter/linkResolver.cpp, line 782]
Event: 0.177 Thread 0x000001aaf53f6a70 Exception <a 'java/lang/NoSuchMethodError'{0x00000007129f8a38}: 'void java.lang.invoke.DirectMethodHandle$Holder.invokeStatic(java.lang.Object, java.lang.Object)'> (0x00000007129f8a38) 
thrown [./open/src/hotspot/share/interpreter/linkResolver.cpp, line 782]
Event: 0.315 Thread 0x000001aacf403890 Exception <a 'java/lang/NoSuchMethodError'{0x00000007125a2590}: 'void java.lang.invoke.DirectMethodHandle$Holder.invokeSpecial(java.lang.Object, java.lang.Object, java.lang.Object)'> (0x00000007125a2590) 
thrown [./open/src/hotspot/share/interpreter/linkResolver.cpp, line 782]
Event: 0.322 Thread 0x000001aacf403890 Exception <a 'java/lang/NoSuchMethodError'{0x00000007125d9f48}: 'void java.lang.invoke.DirectMethodHandle$Holder.invokeStatic(java.lang.Object, java.lang.Object, java.lang.Object)'> (0x00000007125d9f48) 
thrown [./open/src/hotspot/share/interpreter/linkResolver.cpp, line 782]
Event: 0.345 Thread 0x000001aacf403890 Exception <a 'java/lang/NoSuchMethodError'{0x00000007125f6460}: 'int java.lang.invoke.DirectMethodHandle$Holder.invokeStaticInit(java.lang.Object, java.lang.Object, java.lang.Object)'> (0x00000007125f6460) 
thrown [./open/src/hotspot/share/interpreter/linkResolver.cpp, line 782]
Event: 0.362 Thread 0x000001aacf403890 Exception <a 'java/lang/NoSuchMethodError'{0x000000071231cd58}: 'java.lang.Object java.lang.invoke.DirectMethodHandle$Holder.newInvokeSpecial(java.lang.Object, java.lang.Object, int, java.lang.Object)'> (0x000000071231cd58) 
thrown [./open/src/hotspot/share/interpreter/linkResolver.cpp, line 782]
Event: 0.363 Thread 0x000001aacf403890 Exception <a 'java/lang/NoSuchMethodError'{0x0000000712321240}: 'java.lang.Object java.lang.invoke.DirectMethodHandle$Holder.invokeSpecial(java.lang.Object, java.lang.Object, java.lang.Object, int, java.lang.Object)'> (0x0000000712321240) 
thrown [./open/src/hotspot/share/interpreter/linkResolver.cpp, line 782]
Event: 0.409 Thread 0x000001aaf57494c0 Exception <a 'java/lang/NoSuchMethodError'{0x0000000711e3d5c0}: 'void java.lang.invoke.DirectMethodHandle$Holder.invokeStaticInit(java.lang.Object)'> (0x0000000711e3d5c0) 
thrown [./open/src/hotspot/share/interpreter/linkResolver.cpp, line 782]
Event: 0.411 Thread 0x000001aacf403890 Exception <a 'java/lang/NoSuchMethodError'{0x0000000712337508}: 'java.lang.Object java.lang.invoke.DirectMethodHandle$Holder.newInvokeSpecial(java.lang.Object, java.lang.Object, java.lang.Object, java.lang.Object, java.lang.Object, java.lang.Object)'> (0x0000000712337508) 
thrown [./open/src/hotspot/share/interpreter/linkResolver.cpp, line 782]
Event: 0.420 Thread 0x000001aacf403890 Exception <a 'java/lang/NoSuchMethodError'{0x0000000711f0bf90}: 'java.lang.Object java.lang.invoke.DirectMethodHandle$Holder.newInvokeSpecial(java.lang.Object, java.lang.Object, java.lang.Object, java.lang.Object, java.lang.Object)'> (0x0000000711f0bf90) 
thrown [./open/src/hotspot/share/interpreter/linkResolver.cpp, line 782]
Event: 0.420 Thread 0x000001aaf6006330 Exception <a 'java/lang/NoSuchMethodError'{0x0000000711f60968}: 'void java.lang.invoke.DirectMethodHandle$Holder.invokeStatic(java.lang.Object, java.lang.Object, java.lang.Object, java.lang.Object)'> (0x0000000711f60968) 
thrown [./open/src/hotspot/share/interpreter/linkResolver.cpp, line 782]
Event: 0.459 Thread 0x000001aaf57494c0 Exception <a 'java/lang/NoSuchMethodError'{0x0000000711a090c8}: 'java.lang.Object java.lang.invoke.DirectMethodHandle$Holder.invokeStaticInit(java.lang.Object, java.lang.Object, java.lang.Object, java.lang.Object)'> (0x0000000711a090c8) 
thrown [./open/src/hotspot/share/interpreter/linkResolver.cpp, line 782]
Event: 0.460 Thread 0x000001aaf57494c0 Exception <a 'java/lang/NullPointerException'{0x0000000711a15008}> (0x0000000711a15008) 
thrown [./open/src/hotspot/share/interpreter/linkResolver.cpp, line 1374]
Event: 0.462 Thread 0x000001aaf57494c0 Exception <a 'java/lang/NoSuchMethodError'{0x0000000711a310b0}: 'void java.lang.invoke.DirectMethodHandle$Holder.invokeSpecial(java.lang.Object, java.lang.Object, java.lang.Object, java.lang.Object, java.lang.Object)'> (0x0000000711a310b0) 
thrown [./open/src/hotspot/share/interpreter/linkResolver.cpp, line 782]
Event: 0.620 Thread 0x000001aaf57494c0 Exception <a 'java/lang/NoSuchMethodError'{0x0000000712802568}: 'java.lang.Object java.lang.invoke.DirectMethodHandle$Holder.newInvokeSpecial(java.lang.Object, java.lang.Object, int)'> (0x0000000712802568) 
thrown [./open/src/hotspot/share/interpreter/linkResolver.cpp, line 782]
Event: 0.633 Thread 0x000001aaf57494c0 Exception <a 'java/lang/NoSuchMethodError'{0x0000000712826720}: 'long java.lang.invoke.DirectMethodHandle$Holder.invokeStatic(java.lang.Object, java.lang.Object, java.lang.Object)'> (0x0000000712826720) 
thrown [./open/src/hotspot/share/interpreter/linkResolver.cpp, line 782]
Event: 0.633 Thread 0x000001aaf57494c0 Exception <a 'java/lang/NoSuchMethodError'{0x000000071282a0d0}: 'long java.lang.invoke.DirectMethodHandle$Holder.invokeStaticInit(java.lang.Object, java.lang.Object, java.lang.Object)'> (0x000000071282a0d0) 
thrown [./open/src/hotspot/share/interpreter/linkResolver.cpp, line 782]
Event: 0.635 Thread 0x000001aaf57494c0 Exception <a 'java/lang/NoSuchMethodError'{0x00000007128425c0}: 'java.lang.Object java.lang.invoke.DirectMethodHandle$Holder.newInvokeSpecial(java.lang.Object, java.lang.Object, long)'> (0x00000007128425c0) 
thrown [./open/src/hotspot/share/interpreter/linkResolver.cpp, line 782]
Event: 0.635 Thread 0x000001aaf57494c0 Exception <a 'java/lang/NoSuchMethodError'{0x0000000712846330}: 'java.lang.Object java.lang.invoke.Invokers$Holder.linkToTargetMethod(java.lang.Object, long, java.lang.Object)'> (0x0000000712846330) 
thrown [./open/src/hotspot/share/interpreter/linkResolver.cpp, line 782]
Event: 0.655 Thread 0x000001aaf52f0790 Exception <a 'java/lang/NoSuchMethodError'{0x00000007129a1a60}: 'int java.lang.invoke.DirectMethodHandle$Holder.invokeStaticInit(java.lang.Object, java.lang.Object)'> (0x00000007129a1a60) 
thrown [./open/src/hotspot/share/interpreter/linkResolver.cpp, line 782]

Events (20 events):
Event: 1.069 loading class sun/util/locale/provider/BaseLocaleDataMetaInfo done
Event: 1.070 loading class sun/util/resources/cldr/TimeZoneNames
Event: 1.070 loading class sun/util/resources/TimeZoneNamesBundle
Event: 1.070 loading class sun/util/resources/OpenListResourceBundle
Event: 1.070 loading class sun/util/resources/OpenListResourceBundle done
Event: 1.070 loading class sun/util/resources/TimeZoneNamesBundle done
Event: 1.070 loading class sun/util/resources/cldr/TimeZoneNames done
Event: 1.071 loading class sun/util/resources/cldr/TimeZoneNames_en
Event: 1.071 loading class sun/util/resources/cldr/TimeZoneNames_en done
Event: 1.071 loading class sun/util/resources/cldr/TimeZoneNames_en_US
Event: 1.071 loading class sun/util/resources/cldr/TimeZoneNames_en_US done
Event: 1.072 loading class java/util/LinkedHashMap$LinkedKeySet
Event: 1.072 loading class java/util/LinkedHashMap$LinkedKeySet done
Event: 1.072 loading class sun/util/resources/TimeZoneNames
Event: 1.072 loading class sun/util/resources/TimeZoneNames done
Event: 1.073 loading class sun/util/resources/TimeZoneNames_en
Event: 1.073 loading class sun/util/resources/TimeZoneNames_en done
Event: 1.493 Executing VM operation: HandshakeAllThreads
Event: 1.493 Executing VM operation: HandshakeAllThreads done
Event: 2.093 Loaded shared library C:\Users\lehun\jdk-15.0.2\bin\java.dll


Dynamic libraries:
0x00007ff650810000 - 0x00007ff65081d000 	C:\Users\lehun\jdk-15.0.2\bin\java.exe
0x00007ffa32c40000 - 0x00007ffa32e30000 	C:\Windows\SYSTEM32\ntdll.dll
0x00007ffa317b0000 - 0x00007ffa31862000 	C:\Windows\System32\KERNEL32.DLL
0x00007ffa309c0000 - 0x00007ffa30c65000 	C:\Windows\System32\KERNELBASE.dll
0x00007ffa2fbc0000 - 0x00007ffa2fcba000 	C:\Windows\System32\ucrtbase.dll
0x00007ffa29990000 - 0x00007ffa299a9000 	C:\Users\lehun\jdk-15.0.2\bin\VCRUNTIME140.dll
0x00007ffa29940000 - 0x00007ffa29958000 	C:\Users\lehun\jdk-15.0.2\bin\jli.dll
0x00007ffa32300000 - 0x00007ffa32494000 	C:\Windows\System32\USER32.dll
0x00007ffa1b220000 - 0x00007ffa1b4a4000 	C:\Windows\WinSxS\amd64_microsoft.windows.common-controls_6595b64144ccf1df_6.0.18362.1316_none_9e7a364fe461dbd7\COMCTL32.dll
0x00007ffa30760000 - 0x00007ffa30781000 	C:\Windows\System32\win32u.dll
0x00007ffa31a90000 - 0x00007ffa31b2e000 	C:\Windows\System32\msvcrt.dll
0x00007ffa31890000 - 0x00007ffa318b6000 	C:\Windows\System32\GDI32.dll
0x00007ffa312a0000 - 0x00007ffa315d7000 	C:\Windows\System32\combase.dll
0x00007ffa30790000 - 0x00007ffa30928000 	C:\Windows\System32\gdi32full.dll
0x00007ffa31c40000 - 0x00007ffa31d5f000 	C:\Windows\System32\RPCRT4.dll
0x00007ffa304c0000 - 0x00007ffa3055e000 	C:\Windows\System32\msvcp_win.dll
0x00007ffa30930000 - 0x00007ffa309b1000 	C:\Windows\System32\bcryptPrimitives.dll
0x00007ffa31f90000 - 0x00007ffa31fbe000 	C:\Windows\System32\IMM32.DLL
0x00007ffa2c390000 - 0x00007ffa2c39c000 	C:\Users\lehun\jdk-15.0.2\bin\vcruntime140_1.dll
0x00007ff9ee300000 - 0x00007ff9ee391000 	C:\Users\lehun\jdk-15.0.2\bin\msvcp140.dll
0x00007ff9d1dd0000 - 0x00007ff9d292e000 	C:\Users\lehun\jdk-15.0.2\bin\server\jvm.dll
0x00007ffa315e0000 - 0x00007ffa31683000 	C:\Windows\System32\ADVAPI32.dll
0x00007ffa31690000 - 0x00007ffa31727000 	C:\Windows\System32\sechost.dll
0x00007ffa30dc0000 - 0x00007ffa30dc8000 	C:\Windows\System32\PSAPI.DLL
0x00007ffa0d890000 - 0x00007ffa0d899000 	C:\Windows\SYSTEM32\WSOCK32.dll
0x00007ffa28370000 - 0x00007ffa2837a000 	C:\Windows\SYSTEM32\VERSION.dll
0x00007ffa2db90000 - 0x00007ffa2dbb4000 	C:\Windows\SYSTEM32\WINMM.dll
0x00007ffa31ea0000 - 0x00007ffa31f0f000 	C:\Windows\System32\WS2_32.dll
0x00007ffa2db60000 - 0x00007ffa2db8d000 	C:\Windows\SYSTEM32\WINMMBASE.dll
0x00007ffa2fcc0000 - 0x00007ffa2fd0a000 	C:\Windows\System32\cfgmgr32.dll
0x00007ffa2fb00000 - 0x00007ffa2fb11000 	C:\Windows\System32\kernel.appcore.dll
0x00007ffa2c330000 - 0x00007ffa2c33a000 	C:\Users\lehun\jdk-15.0.2\bin\jimage.dll
0x00007ffa225d0000 - 0x00007ffa227c4000 	C:\Windows\SYSTEM32\DBGHELP.DLL
0x00007ffa12d30000 - 0x00007ffa12d5a000 	C:\Windows\SYSTEM32\dbgcore.DLL
0x00007ffa092c0000 - 0x00007ffa092ce000 	C:\Users\lehun\jdk-15.0.2\bin\instrument.dll
0x00007ffa062a0000 - 0x00007ffa062c5000 	C:\Users\lehun\jdk-15.0.2\bin\java.dll
0x00007ffa32510000 - 0x00007ffa32bf8000 	C:\Windows\System32\SHELL32.dll
0x00007ffa31b90000 - 0x00007ffa31c37000 	C:\Windows\System32\shcore.dll
0x00007ffa2fd40000 - 0x00007ffa304bb000 	C:\Windows\System32\windows.storage.dll
0x00007ffa2fb70000 - 0x00007ffa2fb93000 	C:\Windows\System32\profapi.dll
0x00007ffa2fb20000 - 0x00007ffa2fb6a000 	C:\Windows\System32\powrprof.dll
0x00007ffa2faf0000 - 0x00007ffa2fb00000 	C:\Windows\System32\UMPDC.dll
0x00007ffa31fc0000 - 0x00007ffa32012000 	C:\Windows\System32\shlwapi.dll
0x00007ffa30c70000 - 0x00007ffa30c87000 	C:\Windows\System32\cryptsp.dll
0x00007ffa06230000 - 0x00007ffa06249000 	C:\Users\lehun\jdk-15.0.2\bin\net.dll
0x00007ffa2abf0000 - 0x00007ffa2ace0000 	C:\Windows\SYSTEM32\WINHTTP.dll
0x00007ffa2f330000 - 0x00007ffa2f397000 	C:\Windows\system32\mswsock.dll
0x00007ffa06160000 - 0x00007ffa06172000 	C:\Users\lehun\jdk-15.0.2\bin\nio.dll
0x00007ffa06060000 - 0x00007ffa06078000 	C:\Users\lehun\jdk-15.0.2\bin\zip.dll
0x00007ffa036a0000 - 0x00007ffa036ba000 	C:\Program Files\JetBrains\IntelliJ IDEA Community Edition 2020.3.1\bin\breakgen64.dll
0x000001aaf6e90000 - 0x000001aaf6e93000 	C:\Users\lehun\javafx-sdk-15.0.1\bin\api-ms-win-core-console-l1-1-0.dll
0x000001aaf6ea0000 - 0x000001aaf6ea3000 	C:\Users\lehun\javafx-sdk-15.0.1\bin\api-ms-win-core-console-l1-2-0.dll
0x000001aaf6eb0000 - 0x000001aaf6eb3000 	C:\Users\lehun\javafx-sdk-15.0.1\bin\api-ms-win-core-datetime-l1-1-0.dll
0x000001aaf6ec0000 - 0x000001aaf6ec3000 	C:\Users\lehun\javafx-sdk-15.0.1\bin\api-ms-win-core-debug-l1-1-0.dll
0x000001aaf6ed0000 - 0x000001aaf6ed3000 	C:\Users\lehun\javafx-sdk-15.0.1\bin\api-ms-win-core-errorhandling-l1-1-0.dll
0x000001aaf6ee0000 - 0x000001aaf6ee4000 	C:\Users\lehun\javafx-sdk-15.0.1\bin\api-ms-win-core-file-l1-1-0.dll
0x000001aaf6ef0000 - 0x000001aaf6ef3000 	C:\Users\lehun\javafx-sdk-15.0.1\bin\api-ms-win-core-file-l1-2-0.dll
0x000001aaf6f00000 - 0x000001aaf6f03000 	C:\Users\lehun\javafx-sdk-15.0.1\bin\api-ms-win-core-file-l2-1-0.dll
0x000001aaf6f10000 - 0x000001aaf6f13000 	C:\Users\lehun\javafx-sdk-15.0.1\bin\api-ms-win-core-handle-l1-1-0.dll
0x000001aaf6f20000 - 0x000001aaf6f23000 	C:\Users\lehun\javafx-sdk-15.0.1\bin\api-ms-win-core-heap-l1-1-0.dll
0x000001aaf6f30000 - 0x000001aaf6f33000 	C:\Users\lehun\javafx-sdk-15.0.1\bin\api-ms-win-core-interlocked-l1-1-0.dll
0x000001aaf7290000 - 0x000001aaf7293000 	C:\Users\lehun\javafx-sdk-15.0.1\bin\api-ms-win-core-libraryloader-l1-1-0.dll
0x000001aaf72a0000 - 0x000001aaf72a3000 	C:\Users\lehun\javafx-sdk-15.0.1\bin\api-ms-win-core-localization-l1-2-0.dll
0x000001aaf72b0000 - 0x000001aaf72b3000 	C:\Users\lehun\javafx-sdk-15.0.1\bin\api-ms-win-core-memory-l1-1-0.dll
0x000001aaf72c0000 - 0x000001aaf72c3000 	C:\Users\lehun\javafx-sdk-15.0.1\bin\api-ms-win-core-namedpipe-l1-1-0.dll
0x000001aaf72d0000 - 0x000001aaf72d3000 	C:\Users\lehun\javafx-sdk-15.0.1\bin\api-ms-win-core-processenvironment-l1-1-0.dll
0x000001aaf6f40000 - 0x000001aaf6f43000 	C:\Users\lehun\javafx-sdk-15.0.1\bin\api-ms-win-core-processthreads-l1-1-0.dll
0x000001aaf6f50000 - 0x000001aaf6f53000 	C:\Users\lehun\javafx-sdk-15.0.1\bin\api-ms-win-core-processthreads-l1-1-1.dll
0x000001aaf6f60000 - 0x000001aaf6f63000 	C:\Users\lehun\javafx-sdk-15.0.1\bin\api-ms-win-core-profile-l1-1-0.dll
0x000001aaf6f70000 - 0x000001aaf6f73000 	C:\Users\lehun\javafx-sdk-15.0.1\bin\api-ms-win-core-rtlsupport-l1-1-0.dll
0x000001aaf6f80000 - 0x000001aaf6f83000 	C:\Users\lehun\javafx-sdk-15.0.1\bin\api-ms-win-core-string-l1-1-0.dll
0x000001aaf6f90000 - 0x000001aaf6f93000 	C:\Users\lehun\javafx-sdk-15.0.1\bin\api-ms-win-core-synch-l1-1-0.dll
0x000001aaf6fa0000 - 0x000001aaf6fa3000 	C:\Users\lehun\javafx-sdk-15.0.1\bin\api-ms-win-core-synch-l1-2-0.dll
0x000001aaf6fb0000 - 0x000001aaf6fb3000 	C:\Users\lehun\javafx-sdk-15.0.1\bin\api-ms-win-core-sysinfo-l1-1-0.dll
0x000001aaf6fc0000 - 0x000001aaf6fc3000 	C:\Users\lehun\javafx-sdk-15.0.1\bin\api-ms-win-core-timezone-l1-1-0.dll
0x000001aaf6fd0000 - 0x000001aaf6fd3000 	C:\Users\lehun\javafx-sdk-15.0.1\bin\api-ms-win-core-util-l1-1-0.dll
0x000001aaf6fe0000 - 0x000001aaf6fe3000 	C:\Users\lehun\javafx-sdk-15.0.1\bin\api-ms-win-crt-conio-l1-1-0.dll
0x000001aaf6ff0000 - 0x000001aaf6ff4000 	C:\Users\lehun\javafx-sdk-15.0.1\bin\api-ms-win-crt-convert-l1-1-0.dll
0x000001aaf7000000 - 0x000001aaf7003000 	C:\Users\lehun\javafx-sdk-15.0.1\bin\api-ms-win-crt-environment-l1-1-0.dll
0x000001aaf7010000 - 0x000001aaf7013000 	C:\Users\lehun\javafx-sdk-15.0.1\bin\api-ms-win-crt-filesystem-l1-1-0.dll
0x000001aaf7020000 - 0x000001aaf7023000 	C:\Users\lehun\javafx-sdk-15.0.1\bin\api-ms-win-crt-heap-l1-1-0.dll
0x000001aaf7030000 - 0x000001aaf7033000 	C:\Users\lehun\javafx-sdk-15.0.1\bin\api-ms-win-crt-locale-l1-1-0.dll
0x000001aaf7040000 - 0x000001aaf7045000 	C:\Users\lehun\javafx-sdk-15.0.1\bin\api-ms-win-crt-math-l1-1-0.dll
0x000001aaf7050000 - 0x000001aaf7055000 	C:\Users\lehun\javafx-sdk-15.0.1\bin\api-ms-win-crt-multibyte-l1-1-0.dll
0x000001aaf7060000 - 0x000001aaf7070000 	C:\Users\lehun\javafx-sdk-15.0.1\bin\api-ms-win-crt-private-l1-1-0.dll
0x000001aaf7070000 - 0x000001aaf7073000 	C:\Users\lehun\javafx-sdk-15.0.1\bin\api-ms-win-crt-process-l1-1-0.dll
0x000001aaf7080000 - 0x000001aaf7084000 	C:\Users\lehun\javafx-sdk-15.0.1\bin\api-ms-win-crt-runtime-l1-1-0.dll
0x000001aaf7090000 - 0x000001aaf7094000 	C:\Users\lehun\javafx-sdk-15.0.1\bin\api-ms-win-crt-stdio-l1-1-0.dll
0x000001aaf70a0000 - 0x000001aaf70a4000 	C:\Users\lehun\javafx-sdk-15.0.1\bin\api-ms-win-crt-string-l1-1-0.dll
0x000001aaf70b0000 - 0x000001aaf70b3000 	C:\Users\lehun\javafx-sdk-15.0.1\bin\api-ms-win-crt-time-l1-1-0.dll
0x000001aaf70c0000 - 0x000001aaf70c3000 	C:\Users\lehun\javafx-sdk-15.0.1\bin\api-ms-win-crt-utility-l1-1-0.dll
0x00007ff9e48f0000 - 0x00007ff9e49ec000 	C:\Users\lehun\javafx-sdk-15.0.1\bin\ucrtbase.dll
0x00007ffa03680000 - 0x00007ffa03695000 	C:\Users\lehun\javafx-sdk-15.0.1\bin\vcruntime140.dll
0x00007ff9d81d0000 - 0x00007ff9d826b000 	C:\Users\lehun\javafx-sdk-15.0.1\bin\msvcp140.dll
0x00007ffa02870000 - 0x00007ffa02893000 	C:\Users\lehun\javafx-sdk-15.0.1\bin\prism_d3d.dll
0x00007ff9d7800000 - 0x00007ff9d79c7000 	C:\Windows\system32\d3d9.dll
0x00007ffa2deb0000 - 0x00007ffa2dedd000 	C:\Windows\SYSTEM32\dwmapi.dll
0x00007ffa2e6f0000 - 0x00007ffa2e710000 	C:\Windows\SYSTEM32\dxcore.dll
0x00007ffa2ddc0000 - 0x00007ffa2de59000 	C:\Windows\system32\uxtheme.dll
0x00007ff9d5e70000 - 0x00007ff9d5fd3000 	C:\Windows\System32\DriverStore\FileRepository\iigd_dch.inf_amd64_a27adb6f3c75ef42\igdumdim64.dll
0x00007ff9b1560000 - 0x00007ff9b571f000 	C:\Windows\System32\DriverStore\FileRepository\iigd_dch.inf_amd64_a27adb6f3c75ef42\igd9dxva64.dll
0x00007ffa320f0000 - 0x00007ffa32247000 	C:\Windows\System32\ole32.dll
0x00007ffa30cf0000 - 0x00007ffa30db5000 	C:\Windows\System32\OLEAUT32.dll
0x00007ffa281c0000 - 0x00007ffa28363000 	C:\Windows\System32\DriverStore\FileRepository\iigd_dch.inf_amd64_a27adb6f3c75ef42\igdgmm64.dll
0x00007ffa012a0000 - 0x00007ffa012e5000 	C:\Users\lehun\javafx-sdk-15.0.1\bin\glass.dll
0x00007ffa32020000 - 0x00007ffa320f0000 	C:\Windows\System32\COMDLG32.dll
0x00007ffa31d60000 - 0x00007ffa31e95000 	C:\Windows\System32\MSCTF.dll
0x00007ffa1aca0000 - 0x00007ffa1acc6000 	C:\Windows\System32\DriverStore\FileRepository\iigd_dch.inf_amd64_a27adb6f3c75ef42\igdinfo64.dll
0x00007ffa23900000 - 0x00007ffa25d3d000 	C:\Windows\System32\DriverStore\FileRepository\iigd_dch.inf_amd64_a27adb6f3c75ef42\igc64.dll
0x00007ffa03580000 - 0x00007ffa03594000 	C:\Users\lehun\javafx-sdk-15.0.1\bin\javafx_font.dll
0x00007ffa1fc10000 - 0x00007ffa1ff0e000 	C:\Windows\SYSTEM32\dwrite.dll
0x00007ffa32250000 - 0x00007ffa322f2000 	C:\Windows\System32\clbcatq.dll
0x00007ffa2aa30000 - 0x00007ffa2abdf000 	C:\Windows\SYSTEM32\WindowsCodecs.dll
0x00007ff9f6660000 - 0x00007ff9f669b000 	C:\Windows\system32\dataexchange.dll
0x00007ffa2d0a0000 - 0x00007ffa2d27d000 	C:\Windows\system32\dcomp.dll
0x00007ffa2ce30000 - 0x00007ffa2d08b000 	C:\Windows\system32\d3d11.dll
0x00007ffa2e780000 - 0x00007ffa2e86b000 	C:\Windows\system32\dxgi.dll
0x00007ffa2dee0000 - 0x00007ffa2e13a000 	C:\Windows\system32\twinapi.appcore.dll
0x00007ffa2e3c0000 - 0x00007ffa2e3e9000 	C:\Windows\system32\RMCLIENT.dll
0x00007ffa01260000 - 0x00007ffa01293000 	C:\Program Files\Common Files\Microsoft Shared\Ink\rtscom.dll
0x00007ffa21740000 - 0x00007ffa217dd000 	C:\Windows\System32\TextInputFramework.dll
0x00007ffa2d5f0000 - 0x00007ffa2d6c4000 	C:\Windows\System32\CoreMessaging.dll
0x00007ffa2b1e0000 - 0x00007ffa2b50a000 	C:\Windows\System32\CoreUIComponents.dll
0x00007ffa2eb00000 - 0x00007ffa2eb31000 	C:\Windows\SYSTEM32\ntmarta.dll
0x00007ffa2baa0000 - 0x00007ffa2bbf2000 	C:\Windows\SYSTEM32\wintypes.dll
0x00007ffa20210000 - 0x00007ffa204b7000 	C:\Windows\System32\iertutil.dll
0x00007ffa04510000 - 0x00007ffa04575000 	C:\Windows\system32\Oleacc.dll

dbghelp: loaded successfully - version: 4.0.5 - missing functions: none
symbol engine: initialized successfully - sym options: 0x614 - pdb path: .;C:\Users\lehun\jdk-15.0.2\bin;C:\Windows\SYSTEM32;C:\Windows\WinSxS\amd64_microsoft.windows.common-controls_6595b64144ccf1df_6.0.18362.1316_none_9e7a364fe461dbd7;C:\Users\lehun\jdk-15.0.2\bin\server;C:\Program Files\JetBrains\IntelliJ IDEA Community Edition 2020.3.1\bin;C:\Users\lehun\javafx-sdk-15.0.1\bin;C:\Windows\System32\DriverStore\FileRepository\iigd_dch.inf_amd64_a27adb6f3c75ef42;C:\Program Files\Common Files\Microsoft Shared\Ink

VM Arguments:
jvm_args: --module-path=C:\Users\lehun\javafx-sdk-15.0.1\lib --add-modules=javafx.base,javafx.controls,javafx.fxml,javafx.graphics,javafx.media -javaagent:C:\Program Files\JetBrains\IntelliJ IDEA Community Edition 2020.3.1\lib\idea_rt.jar=50219:C:\Program Files\JetBrains\IntelliJ IDEA Community Edition 2020.3.1\bin -Dfile.encoding=UTF-8 
java_command: Neighbours
java_class_path (initial): C:\Users\lehun\dat043\neighbours\out\production\neighbours;C:\Users\lehun\javafx-sdk-15.0.1\lib\src.zip;C:\Users\lehun\javafx-sdk-15.0.1\lib\javafx-swt.jar;C:\Users\lehun\javafx-sdk-15.0.1\lib\javafx.web.jar;C:\Users\lehun\javafx-sdk-15.0.1\lib\javafx.base.jar;C:\Users\lehun\javafx-sdk-15.0.1\lib\javafx.fxml.jar;C:\Users\lehun\javafx-sdk-15.0.1\lib\javafx.media.jar;C:\Users\lehun\javafx-sdk-15.0.1\lib\javafx.swing.jar;C:\Users\lehun\javafx-sdk-15.0.1\lib\javafx.controls.jar;C:\Users\lehun\javafx-sdk-15.0.1\lib\javafx.graphics.jar
Launcher Type: SUN_STANDARD

[Global flags]
     intx CICompilerCount                          = 4                                         {product} {ergonomic}
     uint ConcGCThreads                            = 2                                         {product} {ergonomic}
     uint G1ConcRefinementThreads                  = 8                                         {product} {ergonomic}
   size_t G1HeapRegionSize                         = 2097152                                   {product} {ergonomic}
    uintx GCDrainStackTargetSize                   = 64                                        {product} {ergonomic}
   size_t InitialHeapSize                          = 266338304                                 {product} {ergonomic}
   size_t MarkStackSize                            = 4194304                                   {product} {ergonomic}
   size_t MaxHeapSize                              = 4242538496                                {product} {ergonomic}
   size_t MaxNewSize                               = 2543845376                                {product} {ergonomic}
   size_t MinHeapDeltaBytes                        = 2097152                                   {product} {ergonomic}
   size_t MinHeapSize                              = 8388608                                   {product} {ergonomic}
    uintx NonNMethodCodeHeapSize                   = 5839372                                {pd product} {ergonomic}
    uintx NonProfiledCodeHeapSize                  = 122909434                              {pd product} {ergonomic}
    uintx ProfiledCodeHeapSize                     = 122909434                              {pd product} {ergonomic}
    uintx ReservedCodeCacheSize                    = 251658240                              {pd product} {ergonomic}
     bool SegmentedCodeCache                       = true                                      {product} {ergonomic}
   size_t SoftMaxHeapSize                          = 4242538496                             {manageable} {ergonomic}
     bool UseCompressedClassPointers               = true                                 {lp64_product} {ergonomic}
     bool UseCompressedOops                        = true                                 {lp64_product} {ergonomic}
     bool UseG1GC                                  = true                                      {product} {ergonomic}
     bool UseLargePagesIndividualAllocation        = false                                  {pd product} {ergonomic}

Logging:
Log output configuration:
 #0: stdout all=warning uptime,level,tags
 #1: stderr all=off uptime,level,tags

Environment Variables:
PATH=C:\Program Files (x86)\Common Files\Oracle\Java\javapath;C:\Windows\system32;C:\Windows;C:\Windows\System32\Wbem;C:\Windows\System32\WindowsPowerShell\v1.0\;C:\Windows\System32\OpenSSH\;C:\ProgramData\chocolatey\bin;C:\Program Files\MATLAB\R2020b\bin;C:\Program Files\Git\cmd;C:\Users\lehun\AppData\Local\Microsoft\WindowsApps;C:\Users\lehun\AppData\Roaming\cabal\bin;C:\ProgramData\chocolatey\lib\ghc\tools\ghc-8.10.2\bin;C:\tools\msys64;C:\Users\lehun\AppData\Local\Programs\Microsoft VS Code\bin
USERNAME=lehun
OS=Windows_NT
PROCESSOR_IDENTIFIER=Intel64 Family 6 Model 142 Stepping 12, GenuineIntel



---------------  S Y S T E M  ---------------

OS:
 Windows 10 , 64 bit Build 18362 (10.0.18362.1316)
OS uptime: 2 days 2:53 hours
HyperV virtualization detected

CPU: total 8 (initial active 8) (4 cores per cpu, 2 threads per core) family 6 model 142 stepping 12 microcode 0xd6, cmov, cx8, fxsr, mmx, sse, sse2, sse3, ssse3, sse4.1, sse4.2, popcnt, vzeroupper, avx, avx2, aes, clmul, erms, 3dnowpref, lzcnt, ht, tsc, tscinvbit, bmi1, bmi2, adx, fma, clflush, clflushopt

Memory: 4k page, system-wide physical 16180M (8824M free)
TotalPageFile size 18612M (AvailPageFile size 9464M)
current process WorkingSet (physical memory assigned to process): 120M, peak: 120M
current process commit charge ("private bytes"): 404M, peak: 404M

vm_info: OpenJDK 64-Bit Server VM (15.0.2+7-27) for windows-amd64 JRE (15.0.2+7-27), built on Dec  7 2020 20:02:38 by "mach5one" with unknown MS VC++:1925

END.
