#
# A fatal error has been detected by the Java Runtime Environment:
#
#  EXCEPTION_ACCESS_VIOLATION (0xc0000005) at pc=0x0000015507b3bd33, pid=2292, tid=2988
#
# JRE version: OpenJDK Runtime Environment (15.0.2+7) (build 15.0.2+7-27)
# Java VM: OpenJDK 64-Bit Server VM (15.0.2+7-27, mixed mode, sharing, tiered, compressed oops, g1 gc, windows-amd64)
# Problematic frame:
# J 1330 c2 Neighbours.satisfied([[LNeighbours$Actor;IID)Z (112 bytes) @ 0x0000015507b3bd33 [0x0000015507b3bba0+0x0000000000000193]
#
# No core dump will be written. Minidumps are not enabled by default on client versions of Windows
#
# If you would like to submit a bug report, please visit:
#   https://bugreport.java.com/bugreport/crash.jsp
#

---------------  S U M M A R Y ------------

Command Line: --module-path=C:\Users\lehun\javafx-sdk-15.0.1\lib --add-modules=javafx.base,javafx.controls,javafx.fxml,javafx.graphics,javafx.media -javaagent:C:\Program Files\JetBrains\IntelliJ IDEA Community Edition 2020.3.1\lib\idea_rt.jar=50665:C:\Program Files\JetBrains\IntelliJ IDEA Community Edition 2020.3.1\bin -Dfile.encoding=UTF-8 Neighbours

Host: Intel(R) Core(TM) i7-10510U CPU @ 1.80GHz, 8 cores, 15G,  Windows 10 , 64 bit Build 18362 (10.0.18362.1316)
Time: Mon Feb  1 15:10:26 2021 Västeuropa, normaltid elapsed time: 15.446603 seconds (0d 0h 0m 15s)

---------------  T H R E A D  ---------------

Current thread (0x000001551861d7e0):  JavaThread "JavaFX Application Thread" [_thread_in_Java, id=2988, stack(0x0000001bbfa00000,0x0000001bbfb00000)]

Stack: [0x0000001bbfa00000,0x0000001bbfb00000],  sp=0x0000001bbfafde80,  free space=1015k
Native frames: (J=compiled Java code, j=interpreted, Vv=VM code, C=native code)
C  0x0000015507b3bd33


siginfo: EXCEPTION_ACCESS_VIOLATION (0xc0000005), reading address 0x0000000b119858ec


Register to memory mapping:

RIP=0x0000015507b3bd33 is at entry_point+403 in (nmethod*)0x0000015507b3ba10
RAX=0x0 is NULL
RBX=3794996020 is a compressed pointer to object: javafx.scene.paint.Color 
{0x00000007119859a0} - klass: 'javafx/scene/paint/Color'
RCX=0x00000007118022a8 is an oop: Neighbours 
{0x00000007118022a8} - klass: 'Neighbours'
RDX=0x000000000000000a is an unknown value
RSP=0x0000001bbfafde80 is pointing into the stack for thread: 0x000001551861d7e0
RBP=0x0000001bbfafdf58 is pointing into the stack for thread: 0x000001551861d7e0
RSI=0x00000000ffffffff is an unknown value
RDI=0x0 is NULL
R8 =0x00000007119858e0 is an oop: [[LNeighbours$Actor; 
{0x00000007119858e0} - klass: 'Neighbours$Actor'[][]
 - length: 10
R9 =0x0 is NULL
R10=0x0000000000000001 is an unknown value
R11=0x0 is NULL
R12=0x0 is NULL
R13=0x0000001bbfafdee0 is pointing into the stack for thread: 0x000001551861d7e0
R14=0x0000000000000002 is an unknown value
R15=0x000001551861d7e0 is a thread


Registers:
RAX=0x0000000000000000, RBX=0x00000000e2330b34, RCX=0x00000007118022a8, RDX=0x000000000000000a
RSP=0x0000001bbfafde80, RBP=0x0000001bbfafdf58, RSI=0x00000000ffffffff, RDI=0x0000000000000000
R8 =0x00000007119858e0, R9 =0x0000000000000000, R10=0x0000000000000001, R11=0x0000000000000000
R12=0x0000000000000000, R13=0x0000001bbfafdee0, R14=0x0000000000000002, R15=0x000001551861d7e0
RIP=0x0000015507b3bd33, EFLAGS=0x0000000000010282

Top of Stack: (sp=0x0000001bbfafde80)
0x0000001bbfafde80:   0000000000000002 000001551861d7e0
0x0000001bbfafde90:   000001551861a101 000001551861d7e0
0x0000001bbfafdea0:   00000007118022a8 00007ff9d49cba35
0x0000001bbfafdeb0:   000001551861d7e0 0000001bbfafdf58
0x0000001bbfafdec0:   0000001bbfafdf58 0000015500009950
0x0000001bbfafded0:   00000007118022a8 0000015500009950
0x0000001bbfafdee0:   3fe8000000000000 0000000712abed00
0x0000001bbfafdef0:   0000000000000000 0000000000000000
0x0000001bbfafdf00:   00000007119858e0 00000007118022a8
0x0000001bbfafdf10:   0000001bbfafdf10 00000155174907f0
0x0000001bbfafdf20:   0000001bbfafdfb0 0000015517659b40
0x0000001bbfafdf30:   0000000000000000 0000000711800690
0x0000001bbfafdf40:   0000015517490930 0000001bbfafdee0
0x0000001bbfafdf50:   0000001bbfafdf98 0000001bbfafe008
0x0000001bbfafdf60:   0000015500009f00 0000000000000000
0x0000001bbfafdf70:   0000000000000000 0000000000000000 

Instructions: (pc=0x0000015507b3bd33)
0x0000015507b3bc33:   c2 44 8b c7 41 ff c8 c4 c1 79 6e d8 44 8b f7 41
0x0000015507b3bc43:   83 c6 02 4d 63 de 49 ff cb c4 c1 f9 6e e3 41 b8
0x0000015507b3bc53:   00 00 00 80 45 3b f2 45 0f 4c d0 45 33 db 33 c0
0x0000015507b3bc63:   45 33 c0 44 89 44 24 04 e9 b4 00 00 00 ff c0 83
0x0000015507b3bc73:   c1 02 41 3b c8 0f 8c 52 01 00 00 4d 8b 87 10 01
0x0000015507b3bc83:   00 00 41 85 00 41 3b ca 0f 8c 1c 01 00 00 41 3b
0x0000015507b3bc93:   ce 0f 8d 36 00 00 00 3b ca 73 2b 66 90 41 3b f1
0x0000015507b3bca3:   75 04 3b cf 74 20 44 8b 6c 8d 10 41 ff c3 45 85
0x0000015507b3bcb3:   ed 74 13 66 66 0f 1f 84 00 00 00 00 00 43 3b 5c
0x0000015507b3bcc3:   ec 10 75 02 ff c0 ff c1 41 3b ce 7c ca 4d 8b 87
0x0000015507b3bcd3:   10 01 00 00 ff c6 41 85 00 0f 1f 40 00 3b 34 24
0x0000015507b3bce3:   7c 3f 45 85 db 0f 84 9b 01 00 00 3d 00 00 00 80
0x0000015507b3bcf3:   75 08 33 d2 41 83 fb ff 74 04 99 41 f7 fb c5 f3
0x0000015507b3bd03:   2a c8 c5 f9 2e c1 0f 86 b9 01 00 00 b8 01 00 00
0x0000015507b3bd13:   00 48 83 c4 40 5d 4d 8b 97 10 01 00 00 41 85 02
0x0000015507b3bd23:   c3 c4 c1 79 7e d8 45 3b c6 7d a2 c4 c1 f9 7e c8
0x0000015507b3bd33:   41 8b 4c b0 10 0f 1f 84 00 00 00 00 00 45 8b 44
0x0000015507b3bd43:   cc 0c 49 63 e8 c4 c1 f9 7e e5 4c 3b ed 0f 83 f3
0x0000015507b3bd53:   00 00 00 3b f2 0f 83 db 00 00 00 c5 f9 7e dd 41
0x0000015507b3bd63:   3b e8 0f 83 de 00 00 00 49 8d 2c cc c5 f9 7e d9
0x0000015507b3bd73:   3b ca 73 23 41 3b f1 75 08 0f 1f 40 00 3b cf 74
0x0000015507b3bd83:   16 44 8b 44 8d 10 41 ff c3 45 85 c0 74 09 43 3b
0x0000015507b3bd93:   5c c4 10 75 02 ff c0 ff c1 0f 1f 40 00 3b cf 7c
0x0000015507b3bda3:   cf 41 3b ca 0f 8d e4 fe ff ff 45 8b c2 44 2b c1
0x0000015507b3bdb3:   44 3b d1 44 0f 4c 44 24 04 41 81 f8 d0 07 00 00
0x0000015507b3bdc3:   41 bd d0 07 00 00 45 0f 47 c5 44 03 c1 3b ca 73
0x0000015507b3bdd3:   1f 41 3b f1 75 04 3b cf 74 16 44 8b 6c 8d 10 41
0x0000015507b3bde3:   ff c3 45 85 ed 74 09 43 3b 5c ec 10 75 02 ff c0
0x0000015507b3bdf3:   44 8b e9 41 ff c5 44 3b ea 0f 1f 40 00 0f 83 6c
0x0000015507b3be03:   fe ff ff 41 3b f1 75 09 44 3b ef 0f 84 5e fe ff
0x0000015507b3be13:   ff 4c 63 e9 46 8b 6c ad 14 41 ff c3 90 45 85 ed
0x0000015507b3be23:   0f 84 49 fe ff ff 43 3b 5c ec 10 0f 84 3c fe ff 


Stack slot to memory mapping:
stack at sp + 0 slots: 0x0000000000000002 is an unknown value
stack at sp + 1 slots: 0x000001551861d7e0 is a thread
stack at sp + 2 slots: 0x000001551861a101 points into unknown readable memory: 00 00 00 00 00 00 00
stack at sp + 3 slots: 0x000001551861d7e0 is a thread
stack at sp + 4 slots: 0x00000007118022a8 is an oop: Neighbours 
{0x00000007118022a8} - klass: 'Neighbours'
stack at sp + 5 slots: 0x00007ff9d49cba35 jvm.dll
stack at sp + 6 slots: 0x000001551861d7e0 is a thread
stack at sp + 7 slots: 0x0000001bbfafdf58 is pointing into the stack for thread: 0x000001551861d7e0

--------------------------------------------------------------------------------
[Constant Pool (empty)]

--------------------------------------------------------------------------------

[MachCode]
  0x0000015507b3bba0: 448b 5208 | 49c1 e203 | 49bb 0000 | 0000 0800 | 0000 4d03 | d349 3bc2 | 0f85 4208 | 51f8 6690 
  0x0000015507b3bbc0: 8984 2400 | 90ff ff55 | 4883 ec40 | c4e1 f96e | d241 8bf1 | ffce 458b | d141 83c2 | 0266 6690 
  0x0000015507b3bbe0: 413b f20f | 8d9b 0200 | 0041 8b50 | 0c44 3bca | 0f83 a602 | 0000 478b | 5c88 100f | 1f44 0000 
  0x0000015507b3bc00: 438b 5cdc | 0c3b fb0f | 838f 0200 | 0049 c1e3 | 0345 8b5c | bb10 6666 | 0f1f 8400 | 0000 0000 
  0x0000015507b3bc20: 438b 5cdc | 1044 8914 | 24c4 c1f9 | 6ec8 448b | d741 ffc2 | 448b c741 | ffc8 c4c1 | 796e d844 
  0x0000015507b3bc40: 8bf7 4183 | c602 4d63 | de49 ffcb | c4c1 f96e | e341 b800 | 0000 8045 | 3bf2 450f | 4cd0 4533 
  0x0000015507b3bc60: db33 c045 | 33c0 4489 | 4424 04e9 | b400 0000 | ffc0 83c1 | 0241 3bc8 | 0f8c 5201 | 0000 4d8b 
  0x0000015507b3bc80: 8710 0100 | 0041 8500 | 413b ca0f | 8c1c 0100 | 0041 3bce | 0f8d 3600 | 0000 3bca | 732b 6690 
  0x0000015507b3bca0: 413b f175 | 043b cf74 | 2044 8b6c | 8d10 41ff | c345 85ed | 7413 6666 | 0f1f 8400 | 0000 0000 
  0x0000015507b3bcc0: 433b 5cec | 1075 02ff | c0ff c141 | 3bce 7cca | 4d8b 8710 | 0100 00ff | c641 8500 | 0f1f 4000 
  0x0000015507b3bce0: 3b34 247c | 3f45 85db | 0f84 9b01 | 0000 3d00 | 0000 8075 | 0833 d241 | 83fb ff74 | 0499 41f7 
  0x0000015507b3bd00: fbc5 f32a | c8c5 f92e | c10f 86b9 | 0100 00b8 | 0100 0000 | 4883 c440 | 5d4d 8b97 | 1001 0000 
  0x0000015507b3bd20: 4185 02c3 | c4c1 797e | d845 3bc6 | 7da2 c4c1 | f97e c841 | 8b4c b010 | 0f1f 8400 | 0000 0000 
  0x0000015507b3bd40: 458b 44cc | 0c49 63e8 | c4c1 f97e | e54c 3bed | 0f83 f300 | 0000 3bf2 | 0f83 db00 | 0000 c5f9 
  0x0000015507b3bd60: 7edd 413b | e80f 83de | 0000 0049 | 8d2c ccc5 | f97e d93b | ca73 2341 | 3bf1 7508 | 0f1f 4000 
  0x0000015507b3bd80: 3bcf 7416 | 448b 448d | 1041 ffc3 | 4585 c074 | 0943 3b5c | c410 7502 | ffc0 ffc1 | 0f1f 4000 
  0x0000015507b3bda0: 3bcf 7ccf | 413b ca0f | 8de4 feff | ff45 8bc2 | 442b c144 | 3bd1 440f | 4c44 2404 | 4181 f8d0 
  0x0000015507b3bdc0: 0700 0041 | bdd0 0700 | 0045 0f47 | c544 03c1 | 3bca 731f | 413b f175 | 043b cf74 | 1644 8b6c 
  0x0000015507b3bde0: 8d10 41ff | c345 85ed | 7409 433b | 5cec 1075 | 02ff c044 | 8be9 41ff | c544 3bea | 0f1f 4000 
  0x0000015507b3be00: 0f83 6cfe | ffff 413b | f175 0944 | 3bef 0f84 | 5efe ffff | 4c63 e946 | 8b6c ad14 | 41ff c390 
  0x0000015507b3be20: 4585 ed0f | 8449 feff | ff43 3b5c | ec10 0f84 | 3cfe ffff | e939 feff | ffc5 f97e | d966 6690 
  0x0000015507b3be40: 413b c80f | 8287 feff | ffba beff | ffff c4e1 | f97e d5c5 | fb11 0c24 | 4489 4c24 | 0889 7c24 
  0x0000015507b3be60: 0cc5 fb11 | 4424 1044 | 895c 2418 | 8944 241c | 8974 2420 | c5fa 115c | 2428 4489 | 7424 2ce8 
  0x0000015507b3be80: fc24 51f8 | 4533 d2eb | 0344 8bd0 | ba86 ffff | ff41 8bea | 6666 90e8 | e424 51f8 | babe ffff 
  0x0000015507b3bea0: ffc4 e1f9 | 7ed5 4c89 | 0424 4489 | 4c24 0889 | 7c24 0cc5 | fb11 4424 | 1089 7424 | 1c44 8954 
  0x0000015507b3bec0: 2420 90e8 | b824 51f8 | c5f9 2ec1 | bdff ffff | ff0f 8a0e | 0000 000f | 8208 0000 | 0040 0f95 
  0x0000015507b3bee0: c540 0fb6 | edf7 ddba | 45ff ffff | 6666 90e8 | 8c24 51f8 | f4f4 f4f4 | f4f4 f4f4 | f4f4 f4f4 
  0x0000015507b3bf00: e97b c15b | f8e8 0000 | 0000 4883 | 2c24 05e9 | 8c20 51f8 | f4f4 f4f4 
[/MachCode]
--------------------------------------------------------------------------------


---------------  P R O C E S S  ---------------

Threads class SMR info:
_java_thread_list=0x0000015518097680, length=17, elements={
0x0000015573943bb0, 0x000001551707e940, 0x0000015517880590, 0x000001551788dcf0,
0x000001551789a400, 0x000001551789acc0, 0x000001551789ccd0, 0x000001551789e310,
0x000001551789ec10, 0x00000155179bb350, 0x00000155182d5d00, 0x0000015517d65cc0,
0x0000015518105870, 0x0000015518ec1380, 0x000001551861d7e0, 0x00000155184c6c70,
0x000001551849bae0
}

Java Threads: ( => current thread )
  0x0000015573943bb0 JavaThread "main" [_thread_blocked, id=15724, stack(0x0000001bbe300000,0x0000001bbe400000)]
  0x000001551707e940 JavaThread "Reference Handler" daemon [_thread_blocked, id=14384, stack(0x0000001bbea00000,0x0000001bbeb00000)]
  0x0000015517880590 JavaThread "Finalizer" daemon [_thread_blocked, id=16680, stack(0x0000001bbeb00000,0x0000001bbec00000)]
  0x000001551788dcf0 JavaThread "Signal Dispatcher" daemon [_thread_blocked, id=17392, stack(0x0000001bbec00000,0x0000001bbed00000)]
  0x000001551789a400 JavaThread "Attach Listener" daemon [_thread_blocked, id=18028, stack(0x0000001bbed00000,0x0000001bbee00000)]
  0x000001551789acc0 JavaThread "Service Thread" daemon [_thread_blocked, id=12968, stack(0x0000001bbee00000,0x0000001bbef00000)]
  0x000001551789ccd0 JavaThread "C2 CompilerThread0" daemon [_thread_blocked, id=17744, stack(0x0000001bbef00000,0x0000001bbf000000)]
  0x000001551789e310 JavaThread "C1 CompilerThread0" daemon [_thread_blocked, id=7344, stack(0x0000001bbf000000,0x0000001bbf100000)]
  0x000001551789ec10 JavaThread "Sweeper thread" daemon [_thread_blocked, id=9836, stack(0x0000001bbf100000,0x0000001bbf200000)]
  0x00000155179bb350 JavaThread "Common-Cleaner" daemon [_thread_blocked, id=15664, stack(0x0000001bbf200000,0x0000001bbf300000)]
  0x00000155182d5d00 JavaThread "Monitor Ctrl-Break" daemon [_thread_in_native, id=9320, stack(0x0000001bbf500000,0x0000001bbf600000)]
  0x0000015517d65cc0 JavaThread "Notification Thread" daemon [_thread_blocked, id=14704, stack(0x0000001bbf600000,0x0000001bbf700000)]
  0x0000015518105870 JavaThread "QuantumRenderer-0" daemon [_thread_blocked, id=18044, stack(0x0000001bbf800000,0x0000001bbf900000)]
  0x0000015518ec1380 JavaThread "InvokeLaterDispatcher" daemon [_thread_blocked, id=4296, stack(0x0000001bbf900000,0x0000001bbfa00000)]
=>0x000001551861d7e0 JavaThread "JavaFX Application Thread" [_thread_in_Java, id=2988, stack(0x0000001bbfa00000,0x0000001bbfb00000)]
  0x00000155184c6c70 JavaThread "JavaFX-Launcher" [_thread_blocked, id=6176, stack(0x0000001bbff00000,0x0000001bc0000000)]
  0x000001551849bae0 JavaThread "Thread-2" daemon [_thread_in_native, id=5672, stack(0x0000001bbfe00000,0x0000001bbff00000)]

Other Threads:
  0x000001551707b1a0 VMThread "VM Thread" [stack: 0x0000001bbe900000,0x0000001bbea00000] [id=15468]
  0x0000015517fd8590 WatcherThread [stack: 0x0000001bbf700000,0x0000001bbf800000] [id=9180]
  0x0000015573991da0 GCTaskThread "GC Thread#0" [stack: 0x0000001bbe400000,0x0000001bbe500000] [id=17780]
  0x0000015518339300 GCTaskThread "GC Thread#1" [stack: 0x0000001bc0000000,0x0000001bc0100000] [id=13940]
  0x0000015518339630 GCTaskThread "GC Thread#2" [stack: 0x0000001bc0100000,0x0000001bc0200000] [id=15396]
  0x0000015518837070 GCTaskThread "GC Thread#3" [stack: 0x0000001bc0200000,0x0000001bc0300000] [id=17456]
  0x00000155188386c0 GCTaskThread "GC Thread#4" [stack: 0x0000001bc0300000,0x0000001bc0400000] [id=3200]
  0x0000015518839380 GCTaskThread "GC Thread#5" [stack: 0x0000001bc0400000,0x0000001bc0500000] [id=3560]
  0x00000155739a4af0 ConcurrentGCThread "G1 Main Marker" [stack: 0x0000001bbe500000,0x0000001bbe600000] [id=756]
  0x00000155739a5d90 ConcurrentGCThread "G1 Conc#0" [stack: 0x0000001bbe600000,0x0000001bbe700000] [id=8964]
  0x00000155739fd5e0 ConcurrentGCThread "G1 Refine#0" [stack: 0x0000001bbe700000,0x0000001bbe800000] [id=3732]
  0x0000015516f02230 ConcurrentGCThread "G1 Young RemSet Sampling" [stack: 0x0000001bbe800000,0x0000001bbe900000] [id=8008]

Threads with active compile tasks:

VM state: not at safepoint (normal execution)

VM Mutex/Monitor currently owned by a thread: None

Heap address: 0x0000000703200000, size: 4046 MB, Compressed Oops mode: Zero based, Oop shift amount: 3
CDS archive(s) mapped at: [0x0000000800000000-0x0000000800b50000-0x0000000800b50000), size 11862016, SharedBaseAddress: 0x0000000800000000, ArchiveRelocationMode: 0.
Compressed class space mapped at: 0x0000000800b50000-0x0000000840b50000, size: 1073741824
Narrow klass base: 0x0000000800000000, Narrow klass shift: 3, Narrow klass range: 0x100000000

GC Precious Log:
 CPUs: 8 total, 8 available
 Memory: 16180M
 Large Page Support: Disabled
 NUMA Support: Disabled
 Compressed Oops: Enabled (Zero based)
 Heap Region Size: 2M
 Heap Min Capacity: 8M
 Heap Initial Capacity: 254M
 Heap Max Capacity: 4046M
 Pre-touch: Disabled
 Parallel Workers: 8
 Concurrent Workers: 2
 Concurrent Refinement Workers: 8
 Periodic GC: Disabled

Heap:
 garbage-first heap   total 260096K, used 13287K [0x0000000703200000, 0x0000000800000000)
  region size 2048K, 8 young (16384K), 2 survivors (4096K)
 Metaspace       used 8406K, capacity 10491K, committed 10752K, reserved 1058816K
  class space    used 1034K, capacity 1251K, committed 1280K, reserved 1048576K

Heap Regions: E=young(eden), S=young(survivor), O=old, HS=humongous(starts), HC=humongous(continues), CS=collection set, F=free, OA=open archive, CA=closed archive, TAMS=top-at-mark-start (previous, next)
|   0|0x0000000703200000, 0x0000000703200000, 0x0000000703400000|  0%| F|  |TAMS 0x0000000703200000, 0x0000000703200000| Untracked 
|   1|0x0000000703400000, 0x0000000703400000, 0x0000000703600000|  0%| F|  |TAMS 0x0000000703400000, 0x0000000703400000| Untracked 
|   2|0x0000000703600000, 0x0000000703600000, 0x0000000703800000|  0%| F|  |TAMS 0x0000000703600000, 0x0000000703600000| Untracked 
|   3|0x0000000703800000, 0x0000000703800000, 0x0000000703a00000|  0%| F|  |TAMS 0x0000000703800000, 0x0000000703800000| Untracked 
|   4|0x0000000703a00000, 0x0000000703a00000, 0x0000000703c00000|  0%| F|  |TAMS 0x0000000703a00000, 0x0000000703a00000| Untracked 
|   5|0x0000000703c00000, 0x0000000703c00000, 0x0000000703e00000|  0%| F|  |TAMS 0x0000000703c00000, 0x0000000703c00000| Untracked 
|   6|0x0000000703e00000, 0x0000000703e00000, 0x0000000704000000|  0%| F|  |TAMS 0x0000000703e00000, 0x0000000703e00000| Untracked 
|   7|0x0000000704000000, 0x0000000704000000, 0x0000000704200000|  0%| F|  |TAMS 0x0000000704000000, 0x0000000704000000| Untracked 
|   8|0x0000000704200000, 0x0000000704200000, 0x0000000704400000|  0%| F|  |TAMS 0x0000000704200000, 0x0000000704200000| Untracked 
|   9|0x0000000704400000, 0x0000000704400000, 0x0000000704600000|  0%| F|  |TAMS 0x0000000704400000, 0x0000000704400000| Untracked 
|  10|0x0000000704600000, 0x0000000704600000, 0x0000000704800000|  0%| F|  |TAMS 0x0000000704600000, 0x0000000704600000| Untracked 
|  11|0x0000000704800000, 0x0000000704800000, 0x0000000704a00000|  0%| F|  |TAMS 0x0000000704800000, 0x0000000704800000| Untracked 
|  12|0x0000000704a00000, 0x0000000704a00000, 0x0000000704c00000|  0%| F|  |TAMS 0x0000000704a00000, 0x0000000704a00000| Untracked 
|  13|0x0000000704c00000, 0x0000000704c00000, 0x0000000704e00000|  0%| F|  |TAMS 0x0000000704c00000, 0x0000000704c00000| Untracked 
|  14|0x0000000704e00000, 0x0000000704e00000, 0x0000000705000000|  0%| F|  |TAMS 0x0000000704e00000, 0x0000000704e00000| Untracked 
|  15|0x0000000705000000, 0x0000000705000000, 0x0000000705200000|  0%| F|  |TAMS 0x0000000705000000, 0x0000000705000000| Untracked 
|  16|0x0000000705200000, 0x0000000705200000, 0x0000000705400000|  0%| F|  |TAMS 0x0000000705200000, 0x0000000705200000| Untracked 
|  17|0x0000000705400000, 0x0000000705400000, 0x0000000705600000|  0%| F|  |TAMS 0x0000000705400000, 0x0000000705400000| Untracked 
|  18|0x0000000705600000, 0x0000000705600000, 0x0000000705800000|  0%| F|  |TAMS 0x0000000705600000, 0x0000000705600000| Untracked 
|  19|0x0000000705800000, 0x0000000705800000, 0x0000000705a00000|  0%| F|  |TAMS 0x0000000705800000, 0x0000000705800000| Untracked 
|  20|0x0000000705a00000, 0x0000000705a00000, 0x0000000705c00000|  0%| F|  |TAMS 0x0000000705a00000, 0x0000000705a00000| Untracked 
|  21|0x0000000705c00000, 0x0000000705c00000, 0x0000000705e00000|  0%| F|  |TAMS 0x0000000705c00000, 0x0000000705c00000| Untracked 
|  22|0x0000000705e00000, 0x0000000705e00000, 0x0000000706000000|  0%| F|  |TAMS 0x0000000705e00000, 0x0000000705e00000| Untracked 
|  23|0x0000000706000000, 0x0000000706000000, 0x0000000706200000|  0%| F|  |TAMS 0x0000000706000000, 0x0000000706000000| Untracked 
|  24|0x0000000706200000, 0x0000000706200000, 0x0000000706400000|  0%| F|  |TAMS 0x0000000706200000, 0x0000000706200000| Untracked 
|  25|0x0000000706400000, 0x0000000706400000, 0x0000000706600000|  0%| F|  |TAMS 0x0000000706400000, 0x0000000706400000| Untracked 
|  26|0x0000000706600000, 0x0000000706600000, 0x0000000706800000|  0%| F|  |TAMS 0x0000000706600000, 0x0000000706600000| Untracked 
|  27|0x0000000706800000, 0x0000000706800000, 0x0000000706a00000|  0%| F|  |TAMS 0x0000000706800000, 0x0000000706800000| Untracked 
|  28|0x0000000706a00000, 0x0000000706a00000, 0x0000000706c00000|  0%| F|  |TAMS 0x0000000706a00000, 0x0000000706a00000| Untracked 
|  29|0x0000000706c00000, 0x0000000706c00000, 0x0000000706e00000|  0%| F|  |TAMS 0x0000000706c00000, 0x0000000706c00000| Untracked 
|  30|0x0000000706e00000, 0x0000000706e00000, 0x0000000707000000|  0%| F|  |TAMS 0x0000000706e00000, 0x0000000706e00000| Untracked 
|  31|0x0000000707000000, 0x0000000707000000, 0x0000000707200000|  0%| F|  |TAMS 0x0000000707000000, 0x0000000707000000| Untracked 
|  32|0x0000000707200000, 0x0000000707200000, 0x0000000707400000|  0%| F|  |TAMS 0x0000000707200000, 0x0000000707200000| Untracked 
|  33|0x0000000707400000, 0x0000000707400000, 0x0000000707600000|  0%| F|  |TAMS 0x0000000707400000, 0x0000000707400000| Untracked 
|  34|0x0000000707600000, 0x0000000707600000, 0x0000000707800000|  0%| F|  |TAMS 0x0000000707600000, 0x0000000707600000| Untracked 
|  35|0x0000000707800000, 0x0000000707800000, 0x0000000707a00000|  0%| F|  |TAMS 0x0000000707800000, 0x0000000707800000| Untracked 
|  36|0x0000000707a00000, 0x0000000707a00000, 0x0000000707c00000|  0%| F|  |TAMS 0x0000000707a00000, 0x0000000707a00000| Untracked 
|  37|0x0000000707c00000, 0x0000000707c00000, 0x0000000707e00000|  0%| F|  |TAMS 0x0000000707c00000, 0x0000000707c00000| Untracked 
|  38|0x0000000707e00000, 0x0000000707e00000, 0x0000000708000000|  0%| F|  |TAMS 0x0000000707e00000, 0x0000000707e00000| Untracked 
|  39|0x0000000708000000, 0x0000000708000000, 0x0000000708200000|  0%| F|  |TAMS 0x0000000708000000, 0x0000000708000000| Untracked 
|  40|0x0000000708200000, 0x0000000708200000, 0x0000000708400000|  0%| F|  |TAMS 0x0000000708200000, 0x0000000708200000| Untracked 
|  41|0x0000000708400000, 0x0000000708400000, 0x0000000708600000|  0%| F|  |TAMS 0x0000000708400000, 0x0000000708400000| Untracked 
|  42|0x0000000708600000, 0x0000000708600000, 0x0000000708800000|  0%| F|  |TAMS 0x0000000708600000, 0x0000000708600000| Untracked 
|  43|0x0000000708800000, 0x0000000708800000, 0x0000000708a00000|  0%| F|  |TAMS 0x0000000708800000, 0x0000000708800000| Untracked 
|  44|0x0000000708a00000, 0x0000000708a00000, 0x0000000708c00000|  0%| F|  |TAMS 0x0000000708a00000, 0x0000000708a00000| Untracked 
|  45|0x0000000708c00000, 0x0000000708c00000, 0x0000000708e00000|  0%| F|  |TAMS 0x0000000708c00000, 0x0000000708c00000| Untracked 
|  46|0x0000000708e00000, 0x0000000708e00000, 0x0000000709000000|  0%| F|  |TAMS 0x0000000708e00000, 0x0000000708e00000| Untracked 
|  47|0x0000000709000000, 0x0000000709000000, 0x0000000709200000|  0%| F|  |TAMS 0x0000000709000000, 0x0000000709000000| Untracked 
|  48|0x0000000709200000, 0x0000000709200000, 0x0000000709400000|  0%| F|  |TAMS 0x0000000709200000, 0x0000000709200000| Untracked 
|  49|0x0000000709400000, 0x0000000709400000, 0x0000000709600000|  0%| F|  |TAMS 0x0000000709400000, 0x0000000709400000| Untracked 
|  50|0x0000000709600000, 0x0000000709600000, 0x0000000709800000|  0%| F|  |TAMS 0x0000000709600000, 0x0000000709600000| Untracked 
|  51|0x0000000709800000, 0x0000000709800000, 0x0000000709a00000|  0%| F|  |TAMS 0x0000000709800000, 0x0000000709800000| Untracked 
|  52|0x0000000709a00000, 0x0000000709a00000, 0x0000000709c00000|  0%| F|  |TAMS 0x0000000709a00000, 0x0000000709a00000| Untracked 
|  53|0x0000000709c00000, 0x0000000709c00000, 0x0000000709e00000|  0%| F|  |TAMS 0x0000000709c00000, 0x0000000709c00000| Untracked 
|  54|0x0000000709e00000, 0x0000000709e00000, 0x000000070a000000|  0%| F|  |TAMS 0x0000000709e00000, 0x0000000709e00000| Untracked 
|  55|0x000000070a000000, 0x000000070a000000, 0x000000070a200000|  0%| F|  |TAMS 0x000000070a000000, 0x000000070a000000| Untracked 
|  56|0x000000070a200000, 0x000000070a200000, 0x000000070a400000|  0%| F|  |TAMS 0x000000070a200000, 0x000000070a200000| Untracked 
|  57|0x000000070a400000, 0x000000070a400000, 0x000000070a600000|  0%| F|  |TAMS 0x000000070a400000, 0x000000070a400000| Untracked 
|  58|0x000000070a600000, 0x000000070a600000, 0x000000070a800000|  0%| F|  |TAMS 0x000000070a600000, 0x000000070a600000| Untracked 
|  59|0x000000070a800000, 0x000000070a800000, 0x000000070aa00000|  0%| F|  |TAMS 0x000000070a800000, 0x000000070a800000| Untracked 
|  60|0x000000070aa00000, 0x000000070aa00000, 0x000000070ac00000|  0%| F|  |TAMS 0x000000070aa00000, 0x000000070aa00000| Untracked 
|  61|0x000000070ac00000, 0x000000070ac00000, 0x000000070ae00000|  0%| F|  |TAMS 0x000000070ac00000, 0x000000070ac00000| Untracked 
|  62|0x000000070ae00000, 0x000000070ae00000, 0x000000070b000000|  0%| F|  |TAMS 0x000000070ae00000, 0x000000070ae00000| Untracked 
|  63|0x000000070b000000, 0x000000070b000000, 0x000000070b200000|  0%| F|  |TAMS 0x000000070b000000, 0x000000070b000000| Untracked 
|  64|0x000000070b200000, 0x000000070b200000, 0x000000070b400000|  0%| F|  |TAMS 0x000000070b200000, 0x000000070b200000| Untracked 
|  65|0x000000070b400000, 0x000000070b400000, 0x000000070b600000|  0%| F|  |TAMS 0x000000070b400000, 0x000000070b400000| Untracked 
|  66|0x000000070b600000, 0x000000070b600000, 0x000000070b800000|  0%| F|  |TAMS 0x000000070b600000, 0x000000070b600000| Untracked 
|  67|0x000000070b800000, 0x000000070b800000, 0x000000070ba00000|  0%| F|  |TAMS 0x000000070b800000, 0x000000070b800000| Untracked 
|  68|0x000000070ba00000, 0x000000070ba00000, 0x000000070bc00000|  0%| F|  |TAMS 0x000000070ba00000, 0x000000070ba00000| Untracked 
|  69|0x000000070bc00000, 0x000000070bc00000, 0x000000070be00000|  0%| F|  |TAMS 0x000000070bc00000, 0x000000070bc00000| Untracked 
|  70|0x000000070be00000, 0x000000070be00000, 0x000000070c000000|  0%| F|  |TAMS 0x000000070be00000, 0x000000070be00000| Untracked 
|  71|0x000000070c000000, 0x000000070c000000, 0x000000070c200000|  0%| F|  |TAMS 0x000000070c000000, 0x000000070c000000| Untracked 
|  72|0x000000070c200000, 0x000000070c200000, 0x000000070c400000|  0%| F|  |TAMS 0x000000070c200000, 0x000000070c200000| Untracked 
|  73|0x000000070c400000, 0x000000070c400000, 0x000000070c600000|  0%| F|  |TAMS 0x000000070c400000, 0x000000070c400000| Untracked 
|  74|0x000000070c600000, 0x000000070c600000, 0x000000070c800000|  0%| F|  |TAMS 0x000000070c600000, 0x000000070c600000| Untracked 
|  75|0x000000070c800000, 0x000000070c800000, 0x000000070ca00000|  0%| F|  |TAMS 0x000000070c800000, 0x000000070c800000| Untracked 
|  76|0x000000070ca00000, 0x000000070ca00000, 0x000000070cc00000|  0%| F|  |TAMS 0x000000070ca00000, 0x000000070ca00000| Untracked 
|  77|0x000000070cc00000, 0x000000070cc00000, 0x000000070ce00000|  0%| F|  |TAMS 0x000000070cc00000, 0x000000070cc00000| Untracked 
|  78|0x000000070ce00000, 0x000000070ce00000, 0x000000070d000000|  0%| F|  |TAMS 0x000000070ce00000, 0x000000070ce00000| Untracked 
|  79|0x000000070d000000, 0x000000070d000000, 0x000000070d200000|  0%| F|  |TAMS 0x000000070d000000, 0x000000070d000000| Untracked 
|  80|0x000000070d200000, 0x000000070d200000, 0x000000070d400000|  0%| F|  |TAMS 0x000000070d200000, 0x000000070d200000| Untracked 
|  81|0x000000070d400000, 0x000000070d400000, 0x000000070d600000|  0%| F|  |TAMS 0x000000070d400000, 0x000000070d400000| Untracked 
|  82|0x000000070d600000, 0x000000070d600000, 0x000000070d800000|  0%| F|  |TAMS 0x000000070d600000, 0x000000070d600000| Untracked 
|  83|0x000000070d800000, 0x000000070d800000, 0x000000070da00000|  0%| F|  |TAMS 0x000000070d800000, 0x000000070d800000| Untracked 
|  84|0x000000070da00000, 0x000000070da00000, 0x000000070dc00000|  0%| F|  |TAMS 0x000000070da00000, 0x000000070da00000| Untracked 
|  85|0x000000070dc00000, 0x000000070dc00000, 0x000000070de00000|  0%| F|  |TAMS 0x000000070dc00000, 0x000000070dc00000| Untracked 
|  86|0x000000070de00000, 0x000000070de00000, 0x000000070e000000|  0%| F|  |TAMS 0x000000070de00000, 0x000000070de00000| Untracked 
|  87|0x000000070e000000, 0x000000070e000000, 0x000000070e200000|  0%| F|  |TAMS 0x000000070e000000, 0x000000070e000000| Untracked 
|  88|0x000000070e200000, 0x000000070e200000, 0x000000070e400000|  0%| F|  |TAMS 0x000000070e200000, 0x000000070e200000| Untracked 
|  89|0x000000070e400000, 0x000000070e400000, 0x000000070e600000|  0%| F|  |TAMS 0x000000070e400000, 0x000000070e400000| Untracked 
|  90|0x000000070e600000, 0x000000070e600000, 0x000000070e800000|  0%| F|  |TAMS 0x000000070e600000, 0x000000070e600000| Untracked 
|  91|0x000000070e800000, 0x000000070e800000, 0x000000070ea00000|  0%| F|  |TAMS 0x000000070e800000, 0x000000070e800000| Untracked 
|  92|0x000000070ea00000, 0x000000070ea00000, 0x000000070ec00000|  0%| F|  |TAMS 0x000000070ea00000, 0x000000070ea00000| Untracked 
|  93|0x000000070ec00000, 0x000000070ec00000, 0x000000070ee00000|  0%| F|  |TAMS 0x000000070ec00000, 0x000000070ec00000| Untracked 
|  94|0x000000070ee00000, 0x000000070ee00000, 0x000000070f000000|  0%| F|  |TAMS 0x000000070ee00000, 0x000000070ee00000| Untracked 
|  95|0x000000070f000000, 0x000000070f000000, 0x000000070f200000|  0%| F|  |TAMS 0x000000070f000000, 0x000000070f000000| Untracked 
|  96|0x000000070f200000, 0x000000070f200000, 0x000000070f400000|  0%| F|  |TAMS 0x000000070f200000, 0x000000070f200000| Untracked 
|  97|0x000000070f400000, 0x000000070f400000, 0x000000070f600000|  0%| F|  |TAMS 0x000000070f400000, 0x000000070f400000| Untracked 
|  98|0x000000070f600000, 0x000000070f600000, 0x000000070f800000|  0%| F|  |TAMS 0x000000070f600000, 0x000000070f600000| Untracked 
|  99|0x000000070f800000, 0x000000070f800000, 0x000000070fa00000|  0%| F|  |TAMS 0x000000070f800000, 0x000000070f800000| Untracked 
| 100|0x000000070fa00000, 0x000000070fa00000, 0x000000070fc00000|  0%| F|  |TAMS 0x000000070fa00000, 0x000000070fa00000| Untracked 
| 101|0x000000070fc00000, 0x000000070fc00000, 0x000000070fe00000|  0%| F|  |TAMS 0x000000070fc00000, 0x000000070fc00000| Untracked 
| 102|0x000000070fe00000, 0x000000070fe00000, 0x0000000710000000|  0%| F|  |TAMS 0x000000070fe00000, 0x000000070fe00000| Untracked 
| 103|0x0000000710000000, 0x0000000710000000, 0x0000000710200000|  0%| F|  |TAMS 0x0000000710000000, 0x0000000710000000| Untracked 
| 104|0x0000000710200000, 0x0000000710200000, 0x0000000710400000|  0%| F|  |TAMS 0x0000000710200000, 0x0000000710200000| Untracked 
| 105|0x0000000710400000, 0x0000000710400000, 0x0000000710600000|  0%| F|  |TAMS 0x0000000710400000, 0x0000000710400000| Untracked 
| 106|0x0000000710600000, 0x0000000710600000, 0x0000000710800000|  0%| F|  |TAMS 0x0000000710600000, 0x0000000710600000| Untracked 
| 107|0x0000000710800000, 0x0000000710800000, 0x0000000710a00000|  0%| F|  |TAMS 0x0000000710800000, 0x0000000710800000| Untracked 
| 108|0x0000000710a00000, 0x0000000710a00000, 0x0000000710c00000|  0%| F|  |TAMS 0x0000000710a00000, 0x0000000710a00000| Untracked 
| 109|0x0000000710c00000, 0x0000000710c00000, 0x0000000710e00000|  0%| F|  |TAMS 0x0000000710c00000, 0x0000000710c00000| Untracked 
| 110|0x0000000710e00000, 0x0000000710e00000, 0x0000000711000000|  0%| F|  |TAMS 0x0000000710e00000, 0x0000000710e00000| Untracked 
| 111|0x0000000711000000, 0x0000000711000000, 0x0000000711200000|  0%| F|  |TAMS 0x0000000711000000, 0x0000000711000000| Untracked 
| 112|0x0000000711200000, 0x0000000711200000, 0x0000000711400000|  0%| F|  |TAMS 0x0000000711200000, 0x0000000711200000| Untracked 
| 113|0x0000000711400000, 0x0000000711400000, 0x0000000711600000|  0%| F|  |TAMS 0x0000000711400000, 0x0000000711400000| Untracked 
| 114|0x0000000711600000, 0x00000007116f9c10, 0x0000000711800000| 48%| S|CS|TAMS 0x0000000711600000, 0x0000000711600000| Complete 
| 115|0x0000000711800000, 0x0000000711a00000, 0x0000000711a00000|100%| S|CS|TAMS 0x0000000711800000, 0x0000000711800000| Complete 
| 116|0x0000000711a00000, 0x0000000711a00000, 0x0000000711c00000|  0%| F|  |TAMS 0x0000000711a00000, 0x0000000711a00000| Untracked 
| 117|0x0000000711c00000, 0x0000000711c00000, 0x0000000711e00000|  0%| F|  |TAMS 0x0000000711c00000, 0x0000000711c00000| Untracked 
| 118|0x0000000711e00000, 0x0000000711e00000, 0x0000000712000000|  0%| F|  |TAMS 0x0000000711e00000, 0x0000000711e00000| Untracked 
| 119|0x0000000712000000, 0x0000000712000000, 0x0000000712200000|  0%| F|  |TAMS 0x0000000712000000, 0x0000000712000000| Untracked 
| 120|0x0000000712200000, 0x0000000712200000, 0x0000000712400000|  0%| F|  |TAMS 0x0000000712200000, 0x0000000712200000| Untracked 
| 121|0x0000000712400000, 0x000000071246c578, 0x0000000712600000| 21%| E|  |TAMS 0x0000000712400000, 0x0000000712400000| Complete 
| 122|0x0000000712600000, 0x0000000712800000, 0x0000000712800000|100%| E|CS|TAMS 0x0000000712600000, 0x0000000712600000| Complete 
| 123|0x0000000712800000, 0x0000000712a00000, 0x0000000712a00000|100%| E|CS|TAMS 0x0000000712800000, 0x0000000712800000| Complete 
| 124|0x0000000712a00000, 0x0000000712c00000, 0x0000000712c00000|100%| E|CS|TAMS 0x0000000712a00000, 0x0000000712a00000| Complete 
| 125|0x0000000712c00000, 0x0000000712e00000, 0x0000000712e00000|100%| E|CS|TAMS 0x0000000712c00000, 0x0000000712c00000| Complete 
| 126|0x0000000712e00000, 0x0000000713000000, 0x0000000713000000|100%| E|CS|TAMS 0x0000000712e00000, 0x0000000712e00000| Complete 

Card table byte_map: [0x000001557c690000,0x000001557ce80000] _byte_map_base: 0x0000015578e77000

Marking Bits (Prev, Next): (CMBitMap*) 0x00000155739944c0, (CMBitMap*) 0x0000015573994500
 Prev Bits: [0x000001550f000000, 0x0000015512f38000)
 Next Bits: [0x0000015512f40000, 0x0000015516e78000)

Polling page: 0x00000155718b0000

Metaspace:

Usage:
  Non-class:      9.02 MB capacity,     7.20 MB ( 80%) used,     1.81 MB ( 20%) free+waste,    13.13 KB ( <1%) overhead. 
      Class:      1.22 MB capacity,     1.01 MB ( 83%) used,   210.88 KB ( 17%) free+waste,     5.50 KB ( <1%) overhead. 
       Both:     10.25 MB capacity,     8.21 MB ( 80%) used,     2.02 MB ( 20%) free+waste,    18.63 KB ( <1%) overhead. 

Virtual space:
  Non-class space:       10.00 MB reserved,       9.25 MB ( 93%) committed 
      Class space:        1.00 GB reserved,       1.25 MB ( <1%) committed 
             Both:        1.01 GB reserved,      10.50 MB (  1%) committed 

Chunk freelists:
   Non-Class:  40.00 KB
       Class:  29.00 KB
        Both:  69.00 KB

MaxMetaspaceSize: 17179869184.00 GB
CompressedClassSpaceSize: 1.00 GB

CodeHeap 'non-profiled nmethods': size=120000Kb used=432Kb max_used=432Kb free=119567Kb
 bounds [0x0000015507ad0000, 0x0000015507d40000, 0x000001550f000000]
CodeHeap 'profiled nmethods': size=120000Kb used=2238Kb max_used=2238Kb free=117761Kb
 bounds [0x00000155005a0000, 0x0000015500810000, 0x0000015507ad0000]
CodeHeap 'non-nmethods': size=5760Kb used=1346Kb max_used=1364Kb free=4414Kb
 bounds [0x0000015500000000, 0x0000015500270000, 0x00000155005a0000]
 total_blobs=1984 nmethods=1332 adapters=565
 compilation: enabled
              stopped_count=0, restarted_count=0
 full_count=0

Compilation events (20 events):
Event: 14.506 Thread 0x000001551789e310 1324       1       com.sun.javafx.geom.transform.BaseTransform::getMyt (2 bytes)
Event: 14.506 Thread 0x000001551789e310 nmethod 1324 0x0000015507b3a510 code [0x0000015507b3a6a0, 0x0000015507b3a758]
Event: 14.722 Thread 0x000001551789e310 1325       3       com.sun.javafx.util.TempState::getInstance (10 bytes)
Event: 14.722 Thread 0x000001551789e310 nmethod 1325 0x00000155007cee10 code [0x00000155007cefc0, 0x00000155007cf268]
Event: 14.879 Thread 0x000001551789e310 1326       1       javafx.scene.input.MouseEvent::getScreenX (5 bytes)
Event: 14.879 Thread 0x000001551789e310 nmethod 1326 0x0000015507b3a810 code [0x0000015507b3a9a0, 0x0000015507b3aa58]
Event: 14.879 Thread 0x000001551789e310 1327       1       javafx.scene.input.MouseEvent::getScreenY (5 bytes)
Event: 14.879 Thread 0x000001551789e310 nmethod 1327 0x0000015507b3ab10 code [0x0000015507b3aca0, 0x0000015507b3ad58]
Event: 14.882 Thread 0x000001551789e310 1328       3       java.util.EnumMap$EnumMapIterator::hasNext (64 bytes)
Event: 14.883 Thread 0x000001551789e310 nmethod 1328 0x00000155007cf310 code [0x00000155007cf4c0, 0x00000155007cf738]
Event: 14.883 Thread 0x000001551789e310 1329       1       javafx.scene.input.PickResult::getIntersectedPoint (5 bytes)
Event: 14.883 Thread 0x000001551789e310 nmethod 1329 0x0000015507b3ae10 code [0x0000015507b3afa0, 0x0000015507b3b058]
Event: 14.970 Thread 0x000001551789ccd0 1330       4       Neighbours::satisfied (112 bytes)
Event: 14.972 Thread 0x000001551789e310 1331       1       com.sun.prism.impl.BaseContext::getPerspectiveTransformNoClone (5 bytes)
Event: 14.972 Thread 0x000001551789e310 nmethod 1331 0x0000015507b3b110 code [0x0000015507b3b2a0, 0x0000015507b3b358]
Event: 14.972 Thread 0x000001551789e310 1332       1       com.sun.javafx.geom.transform.GeneralTransform3D::isIdentity (5 bytes)
Event: 14.973 Thread 0x000001551789e310 nmethod 1332 0x0000015507b3b410 code [0x0000015507b3b5a0, 0x0000015507b3b658]
Event: 14.973 Thread 0x000001551789e310 1333       1       com.sun.prism.impl.BaseGraphics::setDepthTest (6 bytes)
Event: 14.973 Thread 0x000001551789e310 nmethod 1333 0x0000015507b3b710 code [0x0000015507b3b8a0, 0x0000015507b3b958]
Event: 14.986 Thread 0x000001551789ccd0 nmethod 1330 0x0000015507b3ba10 code [0x0000015507b3bba0, 0x0000015507b3bf18]

GC Heap History (2 events):
Event: 0.448 GC heap before
{Heap before GC invocations=0 (full 0):
 garbage-first heap   total 260096K, used 22528K [0x0000000703200000, 0x0000000800000000)
  region size 2048K, 11 young (22528K), 0 survivors (0K)
 Metaspace       used 5452K, capacity 8149K, committed 8448K, reserved 1056768K
  class space    used 670K, capacity 922K, committed 1024K, reserved 1048576K
}
Event: 0.451 GC heap after
{Heap after GC invocations=1 (full 0):
 garbage-first heap   total 260096K, used 3047K [0x0000000703200000, 0x0000000800000000)
  region size 2048K, 2 young (4096K), 2 survivors (4096K)
 Metaspace       used 5452K, capacity 8149K, committed 8448K, reserved 1056768K
  class space    used 670K, capacity 922K, committed 1024K, reserved 1048576K
}

Deoptimization events (20 events):
Event: 0.319 Thread 0x0000015573943bb0 Uncommon trap: trap_request=0xffffffde fr.pc=0x0000015507aed738 relative=0x0000000000000f98
Event: 0.319 Thread 0x0000015573943bb0 Uncommon trap: reason=class_check action=maybe_recompile pc=0x0000015507aed738 method=java.util.HashMap.putVal(ILjava/lang/Object;Ljava/lang/Object;ZZ)Ljava/lang/Object; @ 152 c2
Event: 0.319 Thread 0x0000015573943bb0 DEOPT PACKING pc=0x0000015507aed738 sp=0x0000001bbe3fd250
Event: 0.319 Thread 0x0000015573943bb0 DEOPT UNPACKING pc=0x000001550004e42f sp=0x0000001bbe3fd178 mode 2
Event: 0.319 Thread 0x0000015573943bb0 Uncommon trap: trap_request=0xffffffde fr.pc=0x0000015507aed738 relative=0x0000000000000f98
Event: 0.319 Thread 0x0000015573943bb0 Uncommon trap: reason=class_check action=maybe_recompile pc=0x0000015507aed738 method=java.util.HashMap.putVal(ILjava/lang/Object;Ljava/lang/Object;ZZ)Ljava/lang/Object; @ 152 c2
Event: 0.319 Thread 0x0000015573943bb0 DEOPT PACKING pc=0x0000015507aed738 sp=0x0000001bbe3fd250
Event: 0.319 Thread 0x0000015573943bb0 DEOPT UNPACKING pc=0x000001550004e42f sp=0x0000001bbe3fd178 mode 2
Event: 0.319 Thread 0x0000015573943bb0 Uncommon trap: trap_request=0xffffffde fr.pc=0x0000015507aed738 relative=0x0000000000000f98
Event: 0.319 Thread 0x0000015573943bb0 Uncommon trap: reason=class_check action=maybe_recompile pc=0x0000015507aed738 method=java.util.HashMap.putVal(ILjava/lang/Object;Ljava/lang/Object;ZZ)Ljava/lang/Object; @ 152 c2
Event: 0.319 Thread 0x0000015573943bb0 DEOPT PACKING pc=0x0000015507aed738 sp=0x0000001bbe3fd250
Event: 0.319 Thread 0x0000015573943bb0 DEOPT UNPACKING pc=0x000001550004e42f sp=0x0000001bbe3fd178 mode 2
Event: 0.319 Thread 0x0000015573943bb0 Uncommon trap: trap_request=0xffffffde fr.pc=0x0000015507af1ecc relative=0x0000000000000b4c
Event: 0.319 Thread 0x0000015573943bb0 Uncommon trap: reason=class_check action=maybe_recompile pc=0x0000015507af1ecc method=java.util.HashMap.putVal(ILjava/lang/Object;Ljava/lang/Object;ZZ)Ljava/lang/Object; @ 152 c2
Event: 0.319 Thread 0x0000015573943bb0 DEOPT PACKING pc=0x0000015507af1ecc sp=0x0000001bbe3fd1c0
Event: 0.319 Thread 0x0000015573943bb0 DEOPT UNPACKING pc=0x000001550004e42f sp=0x0000001bbe3fd170 mode 2
Event: 0.506 Thread 0x000001551861d7e0 Uncommon trap: trap_request=0xffffff45 fr.pc=0x0000015507af5334 relative=0x0000000000000034
Event: 0.506 Thread 0x000001551861d7e0 Uncommon trap: reason=unstable_if action=reinterpret pc=0x0000015507af5334 method=java.lang.StringLatin1.canEncode(I)Z @ 4 c2
Event: 0.506 Thread 0x000001551861d7e0 DEOPT PACKING pc=0x0000015507af5334 sp=0x0000001bbfafb870
Event: 0.506 Thread 0x000001551861d7e0 DEOPT UNPACKING pc=0x000001550004e42f sp=0x0000001bbfafb800 mode 2

Classes unloaded (0 events):
No events

Classes redefined (0 events):
No events

Internal exceptions (20 events):
Event: 0.153 Thread 0x00000155182d5d00 Exception <a 'java/lang/NoSuchMethodError'{0x00000007129eba18}: 'java.lang.Object java.lang.invoke.DirectMethodHandle$Holder.invokeStaticInit(java.lang.Object)'> (0x00000007129eba18) 
thrown [./open/src/hotspot/share/interpreter/linkResolver.cpp, line 782]
Event: 0.158 Thread 0x00000155182d5d00 Exception <a 'java/lang/NoSuchMethodError'{0x00000007129f8de0}: 'void java.lang.invoke.DirectMethodHandle$Holder.invokeStatic(java.lang.Object, java.lang.Object)'> (0x00000007129f8de0) 
thrown [./open/src/hotspot/share/interpreter/linkResolver.cpp, line 782]
Event: 0.283 Thread 0x0000015573943bb0 Exception <a 'java/lang/NoSuchMethodError'{0x00000007125a3028}: 'void java.lang.invoke.DirectMethodHandle$Holder.invokeSpecial(java.lang.Object, java.lang.Object, java.lang.Object)'> (0x00000007125a3028) 
thrown [./open/src/hotspot/share/interpreter/linkResolver.cpp, line 782]
Event: 0.289 Thread 0x0000015573943bb0 Exception <a 'java/lang/NoSuchMethodError'{0x00000007125daa00}: 'void java.lang.invoke.DirectMethodHandle$Holder.invokeStatic(java.lang.Object, java.lang.Object, java.lang.Object)'> (0x00000007125daa00) 
thrown [./open/src/hotspot/share/interpreter/linkResolver.cpp, line 782]
Event: 0.310 Thread 0x0000015573943bb0 Exception <a 'java/lang/NoSuchMethodError'{0x00000007125f6f18}: 'int java.lang.invoke.DirectMethodHandle$Holder.invokeStaticInit(java.lang.Object, java.lang.Object, java.lang.Object)'> (0x00000007125f6f18) 
thrown [./open/src/hotspot/share/interpreter/linkResolver.cpp, line 782]
Event: 0.326 Thread 0x0000015573943bb0 Exception <a 'java/lang/NoSuchMethodError'{0x000000071231d6d0}: 'java.lang.Object java.lang.invoke.DirectMethodHandle$Holder.newInvokeSpecial(java.lang.Object, java.lang.Object, int, java.lang.Object)'> (0x000000071231d6d0) 
thrown [./open/src/hotspot/share/interpreter/linkResolver.cpp, line 782]
Event: 0.327 Thread 0x0000015573943bb0 Exception <a 'java/lang/NoSuchMethodError'{0x0000000712321bb8}: 'java.lang.Object java.lang.invoke.DirectMethodHandle$Holder.invokeSpecial(java.lang.Object, java.lang.Object, java.lang.Object, int, java.lang.Object)'> (0x0000000712321bb8) 
thrown [./open/src/hotspot/share/interpreter/linkResolver.cpp, line 782]
Event: 0.374 Thread 0x000001551861d7e0 Exception <a 'java/lang/NoSuchMethodError'{0x0000000711e49a90}: 'void java.lang.invoke.DirectMethodHandle$Holder.invokeStaticInit(java.lang.Object)'> (0x0000000711e49a90) 
thrown [./open/src/hotspot/share/interpreter/linkResolver.cpp, line 782]
Event: 0.376 Thread 0x0000015573943bb0 Exception <a 'java/lang/NoSuchMethodError'{0x0000000712337ea0}: 'java.lang.Object java.lang.invoke.DirectMethodHandle$Holder.newInvokeSpecial(java.lang.Object, java.lang.Object, java.lang.Object, java.lang.Object, java.lang.Object, java.lang.Object)'> (0x0000000712337ea0) 
thrown [./open/src/hotspot/share/interpreter/linkResolver.cpp, line 782]
Event: 0.388 Thread 0x0000015573943bb0 Exception <a 'java/lang/NoSuchMethodError'{0x0000000711f0cc90}: 'java.lang.Object java.lang.invoke.DirectMethodHandle$Holder.newInvokeSpecial(java.lang.Object, java.lang.Object, java.lang.Object, java.lang.Object, java.lang.Object)'> (0x0000000711f0cc90) 
thrown [./open/src/hotspot/share/interpreter/linkResolver.cpp, line 782]
Event: 0.389 Thread 0x00000155184c6c70 Exception <a 'java/lang/NoSuchMethodError'{0x0000000711f6fe90}: 'void java.lang.invoke.DirectMethodHandle$Holder.invokeStatic(java.lang.Object, java.lang.Object, java.lang.Object, java.lang.Object)'> (0x0000000711f6fe90) 
thrown [./open/src/hotspot/share/interpreter/linkResolver.cpp, line 782]
Event: 0.422 Thread 0x000001551861d7e0 Exception <a 'java/lang/NoSuchMethodError'{0x0000000711a3b328}: 'java.lang.Object java.lang.invoke.DirectMethodHandle$Holder.invokeStaticInit(java.lang.Object, java.lang.Object, java.lang.Object, java.lang.Object)'> (0x0000000711a3b328) 
thrown [./open/src/hotspot/share/interpreter/linkResolver.cpp, line 782]
Event: 0.423 Thread 0x000001551861d7e0 Exception <a 'java/lang/NullPointerException'{0x0000000711a47268}> (0x0000000711a47268) 
thrown [./open/src/hotspot/share/interpreter/linkResolver.cpp, line 1374]
Event: 0.425 Thread 0x000001551861d7e0 Exception <a 'java/lang/NoSuchMethodError'{0x0000000711a63310}: 'void java.lang.invoke.DirectMethodHandle$Holder.invokeSpecial(java.lang.Object, java.lang.Object, java.lang.Object, java.lang.Object, java.lang.Object)'> (0x0000000711a63310) 
thrown [./open/src/hotspot/share/interpreter/linkResolver.cpp, line 782]
Event: 0.584 Thread 0x000001551861d7e0 Exception <a 'java/lang/NoSuchMethodError'{0x000000071282e170}: 'java.lang.Object java.lang.invoke.DirectMethodHandle$Holder.newInvokeSpecial(java.lang.Object, java.lang.Object, int)'> (0x000000071282e170) 
thrown [./open/src/hotspot/share/interpreter/linkResolver.cpp, line 782]
Event: 0.610 Thread 0x000001551861d7e0 Exception <a 'java/lang/NoSuchMethodError'{0x0000000712852328}: 'long java.lang.invoke.DirectMethodHandle$Holder.invokeStatic(java.lang.Object, java.lang.Object, java.lang.Object)'> (0x0000000712852328) 
thrown [./open/src/hotspot/share/interpreter/linkResolver.cpp, line 782]
Event: 0.611 Thread 0x000001551861d7e0 Exception <a 'java/lang/NoSuchMethodError'{0x0000000712855cd8}: 'long java.lang.invoke.DirectMethodHandle$Holder.invokeStaticInit(java.lang.Object, java.lang.Object, java.lang.Object)'> (0x0000000712855cd8) 
thrown [./open/src/hotspot/share/interpreter/linkResolver.cpp, line 782]
Event: 0.613 Thread 0x000001551861d7e0 Exception <a 'java/lang/NoSuchMethodError'{0x000000071291c5d0}: 'java.lang.Object java.lang.invoke.DirectMethodHandle$Holder.newInvokeSpecial(java.lang.Object, java.lang.Object, long)'> (0x000000071291c5d0) 
thrown [./open/src/hotspot/share/interpreter/linkResolver.cpp, line 782]
Event: 0.614 Thread 0x000001551861d7e0 Exception <a 'java/lang/NoSuchMethodError'{0x0000000712920340}: 'java.lang.Object java.lang.invoke.Invokers$Holder.linkToTargetMethod(java.lang.Object, long, java.lang.Object)'> (0x0000000712920340) 
thrown [./open/src/hotspot/share/interpreter/linkResolver.cpp, line 782]
Event: 0.629 Thread 0x0000015518105870 Exception <a 'java/lang/NoSuchMethodError'{0x000000071260e1b0}: 'int java.lang.invoke.DirectMethodHandle$Holder.invokeStaticInit(java.lang.Object, java.lang.Object)'> (0x000000071260e1b0) 
thrown [./open/src/hotspot/share/interpreter/linkResolver.cpp, line 782]

Events (20 events):
Event: 3.452 Executing VM operation: HandshakeAllThreads
Event: 3.453 Executing VM operation: HandshakeAllThreads done
Event: 4.453 Executing VM operation: HandshakeAllThreads
Event: 4.453 Executing VM operation: HandshakeAllThreads done
Event: 5.453 Executing VM operation: HandshakeAllThreads
Event: 5.453 Executing VM operation: HandshakeAllThreads done
Event: 6.454 Executing VM operation: HandshakeAllThreads
Event: 6.454 Executing VM operation: HandshakeAllThreads done
Event: 7.455 Executing VM operation: HandshakeAllThreads
Event: 7.455 Executing VM operation: HandshakeAllThreads done
Event: 8.455 Executing VM operation: HandshakeAllThreads
Event: 8.455 Executing VM operation: HandshakeAllThreads done
Event: 9.456 Executing VM operation: HandshakeAllThreads
Event: 9.456 Executing VM operation: HandshakeAllThreads done
Event: 10.456 Executing VM operation: HandshakeAllThreads
Event: 10.457 Executing VM operation: HandshakeAllThreads done
Event: 11.457 Executing VM operation: HandshakeAllThreads
Event: 11.457 Executing VM operation: HandshakeAllThreads done
Event: 14.459 Executing VM operation: HandshakeAllThreads
Event: 14.459 Executing VM operation: HandshakeAllThreads done


Dynamic libraries:
0x00007ff650810000 - 0x00007ff65081d000 	C:\Users\lehun\jdk-15.0.2\bin\java.exe
0x00007ffa32c40000 - 0x00007ffa32e30000 	C:\Windows\SYSTEM32\ntdll.dll
0x00007ffa317b0000 - 0x00007ffa31862000 	C:\Windows\System32\KERNEL32.DLL
0x00007ffa309c0000 - 0x00007ffa30c65000 	C:\Windows\System32\KERNELBASE.dll
0x00007ffa2fbc0000 - 0x00007ffa2fcba000 	C:\Windows\System32\ucrtbase.dll
0x00007ffa2c3c0000 - 0x00007ffa2c3d8000 	C:\Users\lehun\jdk-15.0.2\bin\jli.dll
0x00007ffa2c3a0000 - 0x00007ffa2c3b9000 	C:\Users\lehun\jdk-15.0.2\bin\VCRUNTIME140.dll
0x00007ffa32300000 - 0x00007ffa32494000 	C:\Windows\System32\USER32.dll
0x00007ffa1b220000 - 0x00007ffa1b4a4000 	C:\Windows\WinSxS\amd64_microsoft.windows.common-controls_6595b64144ccf1df_6.0.18362.1316_none_9e7a364fe461dbd7\COMCTL32.dll
0x00007ffa30760000 - 0x00007ffa30781000 	C:\Windows\System32\win32u.dll
0x00007ffa31a90000 - 0x00007ffa31b2e000 	C:\Windows\System32\msvcrt.dll
0x00007ffa31890000 - 0x00007ffa318b6000 	C:\Windows\System32\GDI32.dll
0x00007ffa312a0000 - 0x00007ffa315d7000 	C:\Windows\System32\combase.dll
0x00007ffa30790000 - 0x00007ffa30928000 	C:\Windows\System32\gdi32full.dll
0x00007ffa31c40000 - 0x00007ffa31d5f000 	C:\Windows\System32\RPCRT4.dll
0x00007ffa304c0000 - 0x00007ffa3055e000 	C:\Windows\System32\msvcp_win.dll
0x00007ffa30930000 - 0x00007ffa309b1000 	C:\Windows\System32\bcryptPrimitives.dll
0x00007ffa31f90000 - 0x00007ffa31fbe000 	C:\Windows\System32\IMM32.DLL
0x00007ffa2c390000 - 0x00007ffa2c39c000 	C:\Users\lehun\jdk-15.0.2\bin\vcruntime140_1.dll
0x00007ff9f7300000 - 0x00007ff9f7391000 	C:\Users\lehun\jdk-15.0.2\bin\msvcp140.dll
0x00007ff9d4680000 - 0x00007ff9d51de000 	C:\Users\lehun\jdk-15.0.2\bin\server\jvm.dll
0x00007ffa315e0000 - 0x00007ffa31683000 	C:\Windows\System32\ADVAPI32.dll
0x00007ffa31690000 - 0x00007ffa31727000 	C:\Windows\System32\sechost.dll
0x00007ffa30dc0000 - 0x00007ffa30dc8000 	C:\Windows\System32\PSAPI.DLL
0x00007ffa0d890000 - 0x00007ffa0d899000 	C:\Windows\SYSTEM32\WSOCK32.dll
0x00007ffa2db90000 - 0x00007ffa2dbb4000 	C:\Windows\SYSTEM32\WINMM.dll
0x00007ffa28370000 - 0x00007ffa2837a000 	C:\Windows\SYSTEM32\VERSION.dll
0x00007ffa31ea0000 - 0x00007ffa31f0f000 	C:\Windows\System32\WS2_32.dll
0x00007ffa2db60000 - 0x00007ffa2db8d000 	C:\Windows\SYSTEM32\WINMMBASE.dll
0x00007ffa2fcc0000 - 0x00007ffa2fd0a000 	C:\Windows\System32\cfgmgr32.dll
0x00007ffa2fb00000 - 0x00007ffa2fb11000 	C:\Windows\System32\kernel.appcore.dll
0x00007ffa2c340000 - 0x00007ffa2c34a000 	C:\Users\lehun\jdk-15.0.2\bin\jimage.dll
0x00007ffa225d0000 - 0x00007ffa227c4000 	C:\Windows\SYSTEM32\DBGHELP.DLL
0x00007ffa12d30000 - 0x00007ffa12d5a000 	C:\Windows\SYSTEM32\dbgcore.DLL
0x00007ffa2c330000 - 0x00007ffa2c33e000 	C:\Users\lehun\jdk-15.0.2\bin\instrument.dll
0x00007ffa29980000 - 0x00007ffa299a5000 	C:\Users\lehun\jdk-15.0.2\bin\java.dll
0x00007ffa32510000 - 0x00007ffa32bf8000 	C:\Windows\System32\SHELL32.dll
0x00007ffa31b90000 - 0x00007ffa31c37000 	C:\Windows\System32\shcore.dll
0x00007ffa2fd40000 - 0x00007ffa304bb000 	C:\Windows\System32\windows.storage.dll
0x00007ffa2fb70000 - 0x00007ffa2fb93000 	C:\Windows\System32\profapi.dll
0x00007ffa2fb20000 - 0x00007ffa2fb6a000 	C:\Windows\System32\powrprof.dll
0x00007ffa2faf0000 - 0x00007ffa2fb00000 	C:\Windows\System32\UMPDC.dll
0x00007ffa31fc0000 - 0x00007ffa32012000 	C:\Windows\System32\shlwapi.dll
0x00007ffa30c70000 - 0x00007ffa30c87000 	C:\Windows\System32\cryptsp.dll
0x00007ffa29940000 - 0x00007ffa29959000 	C:\Users\lehun\jdk-15.0.2\bin\net.dll
0x00007ffa2abf0000 - 0x00007ffa2ace0000 	C:\Windows\SYSTEM32\WINHTTP.dll
0x00007ffa2f330000 - 0x00007ffa2f397000 	C:\Windows\system32\mswsock.dll
0x00007ffa062b0000 - 0x00007ffa062c2000 	C:\Users\lehun\jdk-15.0.2\bin\nio.dll
0x00007ffa06290000 - 0x00007ffa062a8000 	C:\Users\lehun\jdk-15.0.2\bin\zip.dll
0x00007ffa06230000 - 0x00007ffa0624a000 	C:\Program Files\JetBrains\IntelliJ IDEA Community Edition 2020.3.1\bin\breakgen64.dll
0x0000015519450000 - 0x0000015519453000 	C:\Users\lehun\javafx-sdk-15.0.1\bin\api-ms-win-core-console-l1-1-0.dll
0x0000015519460000 - 0x0000015519463000 	C:\Users\lehun\javafx-sdk-15.0.1\bin\api-ms-win-core-console-l1-2-0.dll
0x0000015519470000 - 0x0000015519473000 	C:\Users\lehun\javafx-sdk-15.0.1\bin\api-ms-win-core-datetime-l1-1-0.dll
0x0000015519480000 - 0x0000015519483000 	C:\Users\lehun\javafx-sdk-15.0.1\bin\api-ms-win-core-debug-l1-1-0.dll
0x0000015519490000 - 0x0000015519493000 	C:\Users\lehun\javafx-sdk-15.0.1\bin\api-ms-win-core-errorhandling-l1-1-0.dll
0x00000155194a0000 - 0x00000155194a4000 	C:\Users\lehun\javafx-sdk-15.0.1\bin\api-ms-win-core-file-l1-1-0.dll
0x00000155194b0000 - 0x00000155194b3000 	C:\Users\lehun\javafx-sdk-15.0.1\bin\api-ms-win-core-file-l1-2-0.dll
0x00000155194c0000 - 0x00000155194c3000 	C:\Users\lehun\javafx-sdk-15.0.1\bin\api-ms-win-core-file-l2-1-0.dll
0x00000155194d0000 - 0x00000155194d3000 	C:\Users\lehun\javafx-sdk-15.0.1\bin\api-ms-win-core-handle-l1-1-0.dll
0x00000155194e0000 - 0x00000155194e3000 	C:\Users\lehun\javafx-sdk-15.0.1\bin\api-ms-win-core-heap-l1-1-0.dll
0x00000155194f0000 - 0x00000155194f3000 	C:\Users\lehun\javafx-sdk-15.0.1\bin\api-ms-win-core-interlocked-l1-1-0.dll
0x0000015519500000 - 0x0000015519503000 	C:\Users\lehun\javafx-sdk-15.0.1\bin\api-ms-win-core-libraryloader-l1-1-0.dll
0x0000015519510000 - 0x0000015519513000 	C:\Users\lehun\javafx-sdk-15.0.1\bin\api-ms-win-core-localization-l1-2-0.dll
0x0000015519880000 - 0x0000015519883000 	C:\Users\lehun\javafx-sdk-15.0.1\bin\api-ms-win-core-memory-l1-1-0.dll
0x0000015519890000 - 0x0000015519893000 	C:\Users\lehun\javafx-sdk-15.0.1\bin\api-ms-win-core-namedpipe-l1-1-0.dll
0x00000155198a0000 - 0x00000155198a3000 	C:\Users\lehun\javafx-sdk-15.0.1\bin\api-ms-win-core-processenvironment-l1-1-0.dll
0x00000155198b0000 - 0x00000155198b3000 	C:\Users\lehun\javafx-sdk-15.0.1\bin\api-ms-win-core-processthreads-l1-1-0.dll
0x00000155198c0000 - 0x00000155198c3000 	C:\Users\lehun\javafx-sdk-15.0.1\bin\api-ms-win-core-processthreads-l1-1-1.dll
0x00000155198d0000 - 0x00000155198d3000 	C:\Users\lehun\javafx-sdk-15.0.1\bin\api-ms-win-core-profile-l1-1-0.dll
0x0000015519520000 - 0x0000015519523000 	C:\Users\lehun\javafx-sdk-15.0.1\bin\api-ms-win-core-rtlsupport-l1-1-0.dll
0x0000015519530000 - 0x0000015519533000 	C:\Users\lehun\javafx-sdk-15.0.1\bin\api-ms-win-core-string-l1-1-0.dll
0x0000015519540000 - 0x0000015519543000 	C:\Users\lehun\javafx-sdk-15.0.1\bin\api-ms-win-core-synch-l1-1-0.dll
0x0000015519550000 - 0x0000015519553000 	C:\Users\lehun\javafx-sdk-15.0.1\bin\api-ms-win-core-synch-l1-2-0.dll
0x0000015519560000 - 0x0000015519563000 	C:\Users\lehun\javafx-sdk-15.0.1\bin\api-ms-win-core-sysinfo-l1-1-0.dll
0x0000015519570000 - 0x0000015519573000 	C:\Users\lehun\javafx-sdk-15.0.1\bin\api-ms-win-core-timezone-l1-1-0.dll
0x0000015519580000 - 0x0000015519583000 	C:\Users\lehun\javafx-sdk-15.0.1\bin\api-ms-win-core-util-l1-1-0.dll
0x0000015519590000 - 0x0000015519593000 	C:\Users\lehun\javafx-sdk-15.0.1\bin\api-ms-win-crt-conio-l1-1-0.dll
0x00000155195a0000 - 0x00000155195a4000 	C:\Users\lehun\javafx-sdk-15.0.1\bin\api-ms-win-crt-convert-l1-1-0.dll
0x00000155195b0000 - 0x00000155195b3000 	C:\Users\lehun\javafx-sdk-15.0.1\bin\api-ms-win-crt-environment-l1-1-0.dll
0x00000155195c0000 - 0x00000155195c3000 	C:\Users\lehun\javafx-sdk-15.0.1\bin\api-ms-win-crt-filesystem-l1-1-0.dll
0x00000155195d0000 - 0x00000155195d3000 	C:\Users\lehun\javafx-sdk-15.0.1\bin\api-ms-win-crt-heap-l1-1-0.dll
0x00000155195e0000 - 0x00000155195e3000 	C:\Users\lehun\javafx-sdk-15.0.1\bin\api-ms-win-crt-locale-l1-1-0.dll
0x00000155195f0000 - 0x00000155195f5000 	C:\Users\lehun\javafx-sdk-15.0.1\bin\api-ms-win-crt-math-l1-1-0.dll
0x0000015519600000 - 0x0000015519605000 	C:\Users\lehun\javafx-sdk-15.0.1\bin\api-ms-win-crt-multibyte-l1-1-0.dll
0x0000015519610000 - 0x0000015519620000 	C:\Users\lehun\javafx-sdk-15.0.1\bin\api-ms-win-crt-private-l1-1-0.dll
0x0000015519620000 - 0x0000015519623000 	C:\Users\lehun\javafx-sdk-15.0.1\bin\api-ms-win-crt-process-l1-1-0.dll
0x0000015519630000 - 0x0000015519634000 	C:\Users\lehun\javafx-sdk-15.0.1\bin\api-ms-win-crt-runtime-l1-1-0.dll
0x0000015519640000 - 0x0000015519644000 	C:\Users\lehun\javafx-sdk-15.0.1\bin\api-ms-win-crt-stdio-l1-1-0.dll
0x0000015519650000 - 0x0000015519654000 	C:\Users\lehun\javafx-sdk-15.0.1\bin\api-ms-win-crt-string-l1-1-0.dll
0x0000015519660000 - 0x0000015519663000 	C:\Users\lehun\javafx-sdk-15.0.1\bin\api-ms-win-crt-time-l1-1-0.dll
0x0000015519670000 - 0x0000015519673000 	C:\Users\lehun\javafx-sdk-15.0.1\bin\api-ms-win-crt-utility-l1-1-0.dll
0x00007ff9ee2a0000 - 0x00007ff9ee39c000 	C:\Users\lehun\javafx-sdk-15.0.1\bin\ucrtbase.dll
0x00007ffa06160000 - 0x00007ffa06175000 	C:\Users\lehun\javafx-sdk-15.0.1\bin\vcruntime140.dll
0x00007ff9e7f90000 - 0x00007ff9e802b000 	C:\Users\lehun\javafx-sdk-15.0.1\bin\msvcp140.dll
0x00007ffa02870000 - 0x00007ffa02893000 	C:\Users\lehun\javafx-sdk-15.0.1\bin\prism_d3d.dll
0x00007ff9d8f30000 - 0x00007ff9d90f7000 	C:\Windows\system32\d3d9.dll
0x00007ffa2deb0000 - 0x00007ffa2dedd000 	C:\Windows\SYSTEM32\dwmapi.dll
0x00007ffa2e6f0000 - 0x00007ffa2e710000 	C:\Windows\SYSTEM32\dxcore.dll
0x00007ffa2ddc0000 - 0x00007ffa2de59000 	C:\Windows\system32\uxtheme.dll
0x00007ff9d7860000 - 0x00007ff9d79c3000 	C:\Windows\System32\DriverStore\FileRepository\iigd_dch.inf_amd64_a27adb6f3c75ef42\igdumdim64.dll
0x00007ff9b1560000 - 0x00007ff9b571f000 	C:\Windows\System32\DriverStore\FileRepository\iigd_dch.inf_amd64_a27adb6f3c75ef42\igd9dxva64.dll
0x00007ffa320f0000 - 0x00007ffa32247000 	C:\Windows\System32\ole32.dll
0x00007ffa30cf0000 - 0x00007ffa30db5000 	C:\Windows\System32\OLEAUT32.dll
0x00007ffa281c0000 - 0x00007ffa28363000 	C:\Windows\System32\DriverStore\FileRepository\iigd_dch.inf_amd64_a27adb6f3c75ef42\igdgmm64.dll
0x00007ffa012a0000 - 0x00007ffa012e5000 	C:\Users\lehun\javafx-sdk-15.0.1\bin\glass.dll
0x00007ffa32020000 - 0x00007ffa320f0000 	C:\Windows\System32\COMDLG32.dll
0x00007ffa31d60000 - 0x00007ffa31e95000 	C:\Windows\System32\MSCTF.dll
0x00007ffa1aca0000 - 0x00007ffa1acc6000 	C:\Windows\System32\DriverStore\FileRepository\iigd_dch.inf_amd64_a27adb6f3c75ef42\igdinfo64.dll
0x00007ffa23900000 - 0x00007ffa25d3d000 	C:\Windows\System32\DriverStore\FileRepository\iigd_dch.inf_amd64_a27adb6f3c75ef42\igc64.dll
0x00007ffa06060000 - 0x00007ffa06074000 	C:\Users\lehun\javafx-sdk-15.0.1\bin\javafx_font.dll
0x00007ffa1fc10000 - 0x00007ffa1ff0e000 	C:\Windows\SYSTEM32\dwrite.dll
0x00007ffa32250000 - 0x00007ffa322f2000 	C:\Windows\System32\clbcatq.dll
0x00007ffa2aa30000 - 0x00007ffa2abdf000 	C:\Windows\SYSTEM32\WindowsCodecs.dll
0x00007ff9f6660000 - 0x00007ff9f669b000 	C:\Windows\system32\dataexchange.dll
0x00007ffa2d0a0000 - 0x00007ffa2d27d000 	C:\Windows\system32\dcomp.dll
0x00007ffa2ce30000 - 0x00007ffa2d08b000 	C:\Windows\system32\d3d11.dll
0x00007ffa2e780000 - 0x00007ffa2e86b000 	C:\Windows\system32\dxgi.dll
0x00007ffa2dee0000 - 0x00007ffa2e13a000 	C:\Windows\system32\twinapi.appcore.dll
0x00007ffa2e3c0000 - 0x00007ffa2e3e9000 	C:\Windows\system32\RMCLIENT.dll
0x00007ffa011f0000 - 0x00007ffa01223000 	C:\Program Files\Common Files\Microsoft Shared\Ink\rtscom.dll
0x00007ffa21740000 - 0x00007ffa217dd000 	C:\Windows\System32\TextInputFramework.dll
0x00007ffa2d5f0000 - 0x00007ffa2d6c4000 	C:\Windows\System32\CoreMessaging.dll
0x00007ffa2b1e0000 - 0x00007ffa2b50a000 	C:\Windows\System32\CoreUIComponents.dll
0x00007ffa2eb00000 - 0x00007ffa2eb31000 	C:\Windows\SYSTEM32\ntmarta.dll
0x00007ffa2baa0000 - 0x00007ffa2bbf2000 	C:\Windows\SYSTEM32\wintypes.dll
0x00007ffa20210000 - 0x00007ffa204b7000 	C:\Windows\System32\iertutil.dll
0x00007ffa04510000 - 0x00007ffa04575000 	C:\Windows\system32\Oleacc.dll

dbghelp: loaded successfully - version: 4.0.5 - missing functions: none
symbol engine: initialized successfully - sym options: 0x614 - pdb path: .;C:\Users\lehun\jdk-15.0.2\bin;C:\Windows\SYSTEM32;C:\Windows\WinSxS\amd64_microsoft.windows.common-controls_6595b64144ccf1df_6.0.18362.1316_none_9e7a364fe461dbd7;C:\Users\lehun\jdk-15.0.2\bin\server;C:\Program Files\JetBrains\IntelliJ IDEA Community Edition 2020.3.1\bin;C:\Users\lehun\javafx-sdk-15.0.1\bin;C:\Windows\System32\DriverStore\FileRepository\iigd_dch.inf_amd64_a27adb6f3c75ef42;C:\Program Files\Common Files\Microsoft Shared\Ink

VM Arguments:
jvm_args: --module-path=C:\Users\lehun\javafx-sdk-15.0.1\lib --add-modules=javafx.base,javafx.controls,javafx.fxml,javafx.graphics,javafx.media -javaagent:C:\Program Files\JetBrains\IntelliJ IDEA Community Edition 2020.3.1\lib\idea_rt.jar=50665:C:\Program Files\JetBrains\IntelliJ IDEA Community Edition 2020.3.1\bin -Dfile.encoding=UTF-8 
java_command: Neighbours
java_class_path (initial): C:\Users\lehun\dat043\neighbours\out\production\neighbours;C:\Users\lehun\javafx-sdk-15.0.1\lib\src.zip;C:\Users\lehun\javafx-sdk-15.0.1\lib\javafx-swt.jar;C:\Users\lehun\javafx-sdk-15.0.1\lib\javafx.web.jar;C:\Users\lehun\javafx-sdk-15.0.1\lib\javafx.base.jar;C:\Users\lehun\javafx-sdk-15.0.1\lib\javafx.fxml.jar;C:\Users\lehun\javafx-sdk-15.0.1\lib\javafx.media.jar;C:\Users\lehun\javafx-sdk-15.0.1\lib\javafx.swing.jar;C:\Users\lehun\javafx-sdk-15.0.1\lib\javafx.controls.jar;C:\Users\lehun\javafx-sdk-15.0.1\lib\javafx.graphics.jar
Launcher Type: SUN_STANDARD

[Global flags]
     intx CICompilerCount                          = 4                                         {product} {ergonomic}
     uint ConcGCThreads                            = 2                                         {product} {ergonomic}
     uint G1ConcRefinementThreads                  = 8                                         {product} {ergonomic}
   size_t G1HeapRegionSize                         = 2097152                                   {product} {ergonomic}
    uintx GCDrainStackTargetSize                   = 64                                        {product} {ergonomic}
   size_t InitialHeapSize                          = 266338304                                 {product} {ergonomic}
   size_t MarkStackSize                            = 4194304                                   {product} {ergonomic}
   size_t MaxHeapSize                              = 4242538496                                {product} {ergonomic}
   size_t MaxNewSize                               = 2543845376                                {product} {ergonomic}
   size_t MinHeapDeltaBytes                        = 2097152                                   {product} {ergonomic}
   size_t MinHeapSize                              = 8388608                                   {product} {ergonomic}
    uintx NonNMethodCodeHeapSize                   = 5839372                                {pd product} {ergonomic}
    uintx NonProfiledCodeHeapSize                  = 122909434                              {pd product} {ergonomic}
    uintx ProfiledCodeHeapSize                     = 122909434                              {pd product} {ergonomic}
    uintx ReservedCodeCacheSize                    = 251658240                              {pd product} {ergonomic}
     bool SegmentedCodeCache                       = true                                      {product} {ergonomic}
   size_t SoftMaxHeapSize                          = 4242538496                             {manageable} {ergonomic}
     bool UseCompressedClassPointers               = true                                 {lp64_product} {ergonomic}
     bool UseCompressedOops                        = true                                 {lp64_product} {ergonomic}
     bool UseG1GC                                  = true                                      {product} {ergonomic}
     bool UseLargePagesIndividualAllocation        = false                                  {pd product} {ergonomic}

Logging:
Log output configuration:
 #0: stdout all=warning uptime,level,tags
 #1: stderr all=off uptime,level,tags

Environment Variables:
PATH=C:\Program Files (x86)\Common Files\Oracle\Java\javapath;C:\Windows\system32;C:\Windows;C:\Windows\System32\Wbem;C:\Windows\System32\WindowsPowerShell\v1.0\;C:\Windows\System32\OpenSSH\;C:\ProgramData\chocolatey\bin;C:\Program Files\MATLAB\R2020b\bin;C:\Program Files\Git\cmd;C:\Users\lehun\AppData\Local\Microsoft\WindowsApps;C:\Users\lehun\AppData\Roaming\cabal\bin;C:\ProgramData\chocolatey\lib\ghc\tools\ghc-8.10.2\bin;C:\tools\msys64;C:\Users\lehun\AppData\Local\Programs\Microsoft VS Code\bin
USERNAME=lehun
OS=Windows_NT
PROCESSOR_IDENTIFIER=Intel64 Family 6 Model 142 Stepping 12, GenuineIntel



---------------  S Y S T E M  ---------------

OS:
 Windows 10 , 64 bit Build 18362 (10.0.18362.1316)
OS uptime: 2 days 3:59 hours
HyperV virtualization detected

CPU: total 8 (initial active 8) (4 cores per cpu, 2 threads per core) family 6 model 142 stepping 12 microcode 0xd6, cmov, cx8, fxsr, mmx, sse, sse2, sse3, ssse3, sse4.1, sse4.2, popcnt, vzeroupper, avx, avx2, aes, clmul, erms, 3dnowpref, lzcnt, ht, tsc, tscinvbit, bmi1, bmi2, adx, fma, clflush, clflushopt

Memory: 4k page, system-wide physical 16180M (8800M free)
TotalPageFile size 18612M (AvailPageFile size 9381M)
current process WorkingSet (physical memory assigned to process): 125M, peak: 140M
current process commit charge ("private bytes"): 408M, peak: 424M

vm_info: OpenJDK 64-Bit Server VM (15.0.2+7-27) for windows-amd64 JRE (15.0.2+7-27), built on Dec  7 2020 20:02:38 by "mach5one" with unknown MS VC++:1925

END.
