#
# A fatal error has been detected by the Java Runtime Environment:
#
#  EXCEPTION_ACCESS_VIOLATION (0xc0000005) at pc=0x0000024487b3bae7, pid=10668, tid=16520
#
# JRE version: OpenJDK Runtime Environment (15.0.2+7) (build 15.0.2+7-27)
# Java VM: OpenJDK 64-Bit Server VM (15.0.2+7-27, mixed mode, sharing, tiered, compressed oops, g1 gc, windows-amd64)
# Problematic frame:
# J 1305 c2 Neighbours.satisfied([[LNeighbours$Actor;IID)Z (112 bytes) @ 0x0000024487b3bae7 [0x0000024487b3b920+0x00000000000001c7]
#
# No core dump will be written. Minidumps are not enabled by default on client versions of Windows
#
# If you would like to submit a bug report, please visit:
#   https://bugreport.java.com/bugreport/crash.jsp
#

---------------  S U M M A R Y ------------

Command Line: --module-path=C:\Users\lehun\javafx-sdk-15.0.1\lib --add-modules=javafx.base,javafx.controls,javafx.fxml,javafx.graphics,javafx.media -javaagent:C:\Program Files\JetBrains\IntelliJ IDEA Community Edition 2020.3.1\lib\idea_rt.jar=50648:C:\Program Files\JetBrains\IntelliJ IDEA Community Edition 2020.3.1\bin -Dfile.encoding=UTF-8 Neighbours

Host: Intel(R) Core(TM) i7-10510U CPU @ 1.80GHz, 8 cores, 15G,  Windows 10 , 64 bit Build 18362 (10.0.18362.1316)
Time: Mon Feb  1 15:07:20 2021 Västeuropa, normaltid elapsed time: 15.458161 seconds (0d 0h 0m 15s)

---------------  T H R E A D  ---------------

Current thread (0x000002449474eff0):  JavaThread "JavaFX Application Thread" [_thread_in_Java, id=16520, stack(0x0000009e40800000,0x0000009e40900000)]

Stack: [0x0000009e40800000,0x0000009e40900000],  sp=0x0000009e408fdff0,  free space=1015k
Native frames: (J=compiled Java code, j=interpreted, Vv=VM code, C=native code)
C  0x0000024487b3bae7


siginfo: EXCEPTION_ACCESS_VIOLATION (0xc0000005), reading address 0x0000000b119cd054


Register to memory mapping:

RIP=0x0000024487b3bae7 is at entry_point+455 in (nmethod*)0x0000024487b3b790
RAX=0x0 is NULL
RBX=3795032637 is a compressed pointer to object: javafx.scene.paint.Color 
{0x00000007119cd1e8} - klass: 'javafx/scene/paint/Color'
RCX=0x0000000711807bf8 is an oop: Neighbours 
{0x0000000711807bf8} - klass: 'Neighbours'
RDX=0x000000000000000a is an unknown value
RSP=0x0000009e408fdff0 is pointing into the stack for thread: 0x000002449474eff0
RBP=0x0000009e408fe0c8 is pointing into the stack for thread: 0x000002449474eff0
RSI=0x00000000ffffffff is an unknown value
RDI=0x0000000000000001 is an unknown value
R8 =0x00000007119cd048 is an oop: [[LNeighbours$Actor; 
{0x00000007119cd048} - klass: 'Neighbours$Actor'[][]
 - length: 10
R9 =0x0 is NULL
R10=0x0000000000000002 is an unknown value
R11=0x0 is NULL
R12=0x0 is NULL
R13=0x0000009e408fe050 is pointing into the stack for thread: 0x000002449474eff0
R14=0x0000000000000003 is an unknown value
R15=0x000002449474eff0 is a thread


Registers:
RAX=0x0000000000000000, RBX=0x00000000e2339a3d, RCX=0x0000000711807bf8, RDX=0x000000000000000a
RSP=0x0000009e408fdff0, RBP=0x0000009e408fe0c8, RSI=0x00000000ffffffff, RDI=0x0000000000000001
R8 =0x00000007119cd048, R9 =0x0000000000000000, R10=0x0000000000000002, R11=0x0000000000000000
R12=0x0000000000000000, R13=0x0000009e408fe050, R14=0x0000000000000003, R15=0x000002449474eff0
RIP=0x0000024487b3bae7, EFLAGS=0x0000000000010293

Top of Stack: (sp=0x0000009e408fdff0)
0x0000009e408fdff0:   0000000000000002 000002449474eff0
0x0000009e408fe000:   00000244ffd4fa01 000002449474eff0
0x0000009e408fe010:   0000000711807bf8 00007ff9d49cba35
0x0000009e408fe020:   000002449474eff0 0000009e408fe0c8
0x0000009e408fe030:   0000009e408fe0c8 0000024480009950
0x0000009e408fe040:   0000000711807bf8 0000024480009950
0x0000009e408fe050:   3fe0000000000000 0000000712f4cb00
0x0000009e408fe060:   0000000000000001 0000000000000000
0x0000009e408fe070:   00000007119cd048 0000000711807bf8
0x0000009e408fe080:   0000009e408fe080 00000244933506d0
0x0000009e408fe090:   0000009e408fe120 0000024493516580
0x0000009e408fe0a0:   0000000000000000 0000000711803130
0x0000009e408fe0b0:   0000024493350808 0000009e408fe050
0x0000009e408fe0c0:   0000009e408fe108 0000009e408fe178
0x0000009e408fe0d0:   0000024480009f00 0000000000000001
0x0000009e408fe0e0:   0000000000000000 0000000000000000 

Instructions: (pc=0x0000024487b3bae7)
0x0000024487b3b9e7:   89 44 24 04 e9 e2 00 00 00 ff c0 44 8b e9 41 ff
0x0000024487b3b9f7:   c5 44 3b ea 73 2c 66 66 90 41 3b f1 75 05 44 3b
0x0000024487b3ba07:   ef 74 1f 4c 63 e9 46 8b 6c ad 14 41 ff c3 45 85
0x0000024487b3ba17:   ed 74 0f 66 0f 1f 44 00 00 43 3b 5c ec 10 75 02
0x0000024487b3ba27:   ff c0 83 c1 02 41 3b c8 0f 8c 46 01 00 00 4d 8b
0x0000024487b3ba37:   87 10 01 00 00 41 85 00 90 41 3b ca 0f 8c 0f 01
0x0000024487b3ba47:   00 00 41 3b ce 0f 8d 30 00 00 00 3b ca 73 1f 41
0x0000024487b3ba57:   3b f1 75 04 3b cf 74 16 44 8b 6c 8d 10 41 ff c3
0x0000024487b3ba67:   45 85 ed 74 09 43 3b 5c ec 10 75 02 ff c0 ff c1
0x0000024487b3ba77:   41 3b ce 66 0f 1f 44 00 00 7c d0 4d 8b 87 10 01
0x0000024487b3ba87:   00 00 ff c6 41 85 00 3b 34 24 7c 3f 45 85 db 0f
0x0000024487b3ba97:   84 6d 01 00 00 3d 00 00 00 80 75 08 33 d2 41 83
0x0000024487b3baa7:   fb ff 74 04 99 41 f7 fb c5 f3 2a c8 c5 f9 2e c1
0x0000024487b3bab7:   0f 86 8b 01 00 00 b8 01 00 00 00 48 83 c4 40 5d
0x0000024487b3bac7:   4d 8b 97 10 01 00 00 41 85 02 c3 c4 c1 79 7e d8
0x0000024487b3bad7:   45 3b c6 66 0f 1f 44 00 00 7d a0 c4 c1 f9 7e c8
0x0000024487b3bae7:   41 8b 4c b0 10 45 8b 44 cc 0c 49 63 e8 c4 c1 f9
0x0000024487b3baf7:   7e e5 4c 3b ed 0f 1f 40 00 0f 83 c3 00 00 00 3b
0x0000024487b3bb07:   f2 0f 83 ab 00 00 00 c5 f9 7e dd 41 3b e8 0f 83
0x0000024487b3bb17:   ae 00 00 00 49 8d 2c cc c5 f9 7e d9 3b ca 73 22
0x0000024487b3bb27:   41 3b f1 75 04 3b cf 74 19 44 8b 44 8d 10 41 ff
0x0000024487b3bb37:   c3 45 85 c0 74 0c 66 66 90 43 3b 5c c4 10 75 02
0x0000024487b3bb47:   ff c0 ff c1 3b cf 7c d4 41 3b ca 0f 8d f1 fe ff
0x0000024487b3bb57:   ff 45 8b c2 44 2b c1 44 3b d1 44 0f 4c 44 24 04
0x0000024487b3bb67:   41 81 f8 d0 07 00 00 41 bd d0 07 00 00 45 0f 47
0x0000024487b3bb77:   c5 44 03 c1 3b ca 66 66 90 0f 83 6c fe ff ff 41
0x0000024487b3bb87:   3b f1 75 08 3b cf 0f 84 5f fe ff ff 44 8b 6c 8d
0x0000024487b3bb97:   10 41 ff c3 0f 1f 44 00 00 45 85 ed 0f 84 49 fe
0x0000024487b3bba7:   ff ff 43 3b 5c ec 10 0f 84 3c fe ff ff e9 39 fe
0x0000024487b3bbb7:   ff ff c5 f9 7e d9 66 66 90 41 3b c8 0f 82 b9 fe
0x0000024487b3bbc7:   ff ff ba be ff ff ff c4 e1 f9 7e d5 c5 fb 11 0c
0x0000024487b3bbd7:   24 44 89 4c 24 08 89 7c 24 0c c5 fb 11 44 24 10 


Stack slot to memory mapping:
stack at sp + 0 slots: 0x0000000000000002 is an unknown value
stack at sp + 1 slots: 0x000002449474eff0 is a thread
stack at sp + 2 slots: 0x00000244ffd4fa01 points into unknown readable memory: 00 c2 00 72 00 b9 00
stack at sp + 3 slots: 0x000002449474eff0 is a thread
stack at sp + 4 slots: 0x0000000711807bf8 is an oop: Neighbours 
{0x0000000711807bf8} - klass: 'Neighbours'
stack at sp + 5 slots: 0x00007ff9d49cba35 jvm.dll
stack at sp + 6 slots: 0x000002449474eff0 is a thread
stack at sp + 7 slots: 0x0000009e408fe0c8 is pointing into the stack for thread: 0x000002449474eff0

--------------------------------------------------------------------------------
[Constant Pool (empty)]

--------------------------------------------------------------------------------

[MachCode]
  0x0000024487b3b920: 448b 5208 | 49c1 e203 | 49bb 0000 | 0000 0800 | 0000 4d03 | d349 3bc2 | 0f85 c20a | 51f8 6690 
  0x0000024487b3b940: 8984 2400 | 90ff ff55 | 4883 ec40 | c4e1 f96e | d241 8bf1 | ffce 458b | d141 83c2 | 0266 6690 
  0x0000024487b3b960: 413b f20f | 8d9b 0200 | 0041 8b50 | 0c44 3bca | 0f83 a602 | 0000 478b | 5c88 100f | 1f44 0000 
  0x0000024487b3b980: 438b 5cdc | 0c3b fb0f | 838f 0200 | 0049 c1e3 | 0345 8b5c | bb10 6666 | 0f1f 8400 | 0000 0000 
  0x0000024487b3b9a0: 438b 5cdc | 1044 8914 | 24c4 c1f9 | 6ec8 448b | d741 ffc2 | 448b c741 | ffc8 c4c1 | 796e d844 
  0x0000024487b3b9c0: 8bf7 4183 | c602 4d63 | de49 ffcb | c4c1 f96e | e341 b800 | 0000 8045 | 3bf2 450f | 4cd0 4533 
  0x0000024487b3b9e0: db33 c045 | 33c0 4489 | 4424 04e9 | e200 0000 | ffc0 448b | e941 ffc5 | 443b ea73 | 2c66 6690 
  0x0000024487b3ba00: 413b f175 | 0544 3bef | 741f 4c63 | e946 8b6c | ad14 41ff | c345 85ed | 740f 660f | 1f44 0000 
  0x0000024487b3ba20: 433b 5cec | 1075 02ff | c083 c102 | 413b c80f | 8c46 0100 | 004d 8b87 | 1001 0000 | 4185 0090 
  0x0000024487b3ba40: 413b ca0f | 8c0f 0100 | 0041 3bce | 0f8d 3000 | 0000 3bca | 731f 413b | f175 043b | cf74 1644 
  0x0000024487b3ba60: 8b6c 8d10 | 41ff c345 | 85ed 7409 | 433b 5cec | 1075 02ff | c0ff c141 | 3bce 660f | 1f44 0000 
  0x0000024487b3ba80: 7cd0 4d8b | 8710 0100 | 00ff c641 | 8500 3b34 | 247c 3f45 | 85db 0f84 | 6d01 0000 | 3d00 0000 
  0x0000024487b3baa0: 8075 0833 | d241 83fb | ff74 0499 | 41f7 fbc5 | f32a c8c5 | f92e c10f | 868b 0100 | 00b8 0100 
  0x0000024487b3bac0: 0000 4883 | c440 5d4d | 8b97 1001 | 0000 4185 | 02c3 c4c1 | 797e d845 | 3bc6 660f | 1f44 0000 
  0x0000024487b3bae0: 7da0 c4c1 | f97e c841 | 8b4c b010 | 458b 44cc | 0c49 63e8 | c4c1 f97e | e54c 3bed | 0f1f 4000 
  0x0000024487b3bb00: 0f83 c300 | 0000 3bf2 | 0f83 ab00 | 0000 c5f9 | 7edd 413b | e80f 83ae | 0000 0049 | 8d2c ccc5 
  0x0000024487b3bb20: f97e d93b | ca73 2241 | 3bf1 7504 | 3bcf 7419 | 448b 448d | 1041 ffc3 | 4585 c074 | 0c66 6690 
  0x0000024487b3bb40: 433b 5cc4 | 1075 02ff | c0ff c13b | cf7c d441 | 3bca 0f8d | f1fe ffff | 458b c244 | 2bc1 443b 
  0x0000024487b3bb60: d144 0f4c | 4424 0441 | 81f8 d007 | 0000 41bd | d007 0000 | 450f 47c5 | 4403 c13b | ca66 6690 
  0x0000024487b3bb80: 0f83 6cfe | ffff 413b | f175 083b | cf0f 845f | feff ff44 | 8b6c 8d10 | 41ff c30f | 1f44 0000 
  0x0000024487b3bba0: 4585 ed0f | 8449 feff | ff43 3b5c | ec10 0f84 | 3cfe ffff | e939 feff | ffc5 f97e | d966 6690 
  0x0000024487b3bbc0: 413b c80f | 82b9 feff | ffba beff | ffff c4e1 | f97e d5c5 | fb11 0c24 | 4489 4c24 | 0889 7c24 
  0x0000024487b3bbe0: 0cc5 fb11 | 4424 1044 | 895c 2418 | 8944 241c | 8974 2420 | c5fa 115c | 2428 4489 | 7424 2ce8 
  0x0000024487b3bc00: 7c27 51f8 | 4533 d2eb | 0344 8bd0 | ba86 ffff | ff41 8bea | 6666 90e8 | 6427 51f8 | babe ffff 
  0x0000024487b3bc20: ffc4 e1f9 | 7ed5 4c89 | 0424 4489 | 4c24 0889 | 7c24 0cc5 | fb11 4424 | 1089 7424 | 1c44 8954 
  0x0000024487b3bc40: 2420 90e8 | 3827 51f8 | c5f9 2ec1 | bdff ffff | ff0f 8a0e | 0000 000f | 8208 0000 | 0040 0f95 
  0x0000024487b3bc60: c540 0fb6 | edf7 ddba | 45ff ffff | 6666 90e8 | 0c27 51f8 | f4f4 f4f4 | f4f4 f4f4 | f4f4 f4f4 
  0x0000024487b3bc80: e9fb c35b | f8e8 0000 | 0000 4883 | 2c24 05e9 | 0c23 51f8 | f4f4 f4f4 
[/MachCode]
--------------------------------------------------------------------------------


---------------  P R O C E S S  ---------------

Threads class SMR info:
_java_thread_list=0x000002449463c860, length=17, elements={
0x00000244ef2847e0, 0x00000244ff97e810, 0x00000244ff980470, 0x00000244ff99b7b0,
0x00000244ff99c070, 0x00000244ff99c930, 0x00000244ff9a6540, 0x00000244ff9aa4e0,
0x00000244ff9b56e0, 0x00000244ff96ba00, 0x0000024493cd0e80, 0x00000244ffd77880,
0x0000024493e6d060, 0x0000024493f3b450, 0x000002449474eff0, 0x0000024493f30660,
0x000002449431d650
}

Java Threads: ( => current thread )
  0x00000244ef2847e0 JavaThread "main" [_thread_blocked, id=15020, stack(0x0000009e3f100000,0x0000009e3f200000)]
  0x00000244ff97e810 JavaThread "Reference Handler" daemon [_thread_blocked, id=15048, stack(0x0000009e3f800000,0x0000009e3f900000)]
  0x00000244ff980470 JavaThread "Finalizer" daemon [_thread_blocked, id=17524, stack(0x0000009e3f900000,0x0000009e3fa00000)]
  0x00000244ff99b7b0 JavaThread "Signal Dispatcher" daemon [_thread_blocked, id=12336, stack(0x0000009e3fa00000,0x0000009e3fb00000)]
  0x00000244ff99c070 JavaThread "Attach Listener" daemon [_thread_blocked, id=6476, stack(0x0000009e3fb00000,0x0000009e3fc00000)]
  0x00000244ff99c930 JavaThread "Service Thread" daemon [_thread_blocked, id=8096, stack(0x0000009e3fc00000,0x0000009e3fd00000)]
  0x00000244ff9a6540 JavaThread "C2 CompilerThread0" daemon [_thread_blocked, id=9400, stack(0x0000009e3fd00000,0x0000009e3fe00000)]
  0x00000244ff9aa4e0 JavaThread "C1 CompilerThread0" daemon [_thread_blocked, id=14928, stack(0x0000009e3fe00000,0x0000009e3ff00000)]
  0x00000244ff9b56e0 JavaThread "Sweeper thread" daemon [_thread_blocked, id=6980, stack(0x0000009e3ff00000,0x0000009e40000000)]
  0x00000244ff96ba00 JavaThread "Common-Cleaner" daemon [_thread_blocked, id=11196, stack(0x0000009e40000000,0x0000009e40100000)]
  0x0000024493cd0e80 JavaThread "Monitor Ctrl-Break" daemon [_thread_in_native, id=16684, stack(0x0000009e40300000,0x0000009e40400000)]
  0x00000244ffd77880 JavaThread "Notification Thread" daemon [_thread_blocked, id=16460, stack(0x0000009e40400000,0x0000009e40500000)]
  0x0000024493e6d060 JavaThread "QuantumRenderer-0" daemon [_thread_blocked, id=16936, stack(0x0000009e40600000,0x0000009e40700000)]
  0x0000024493f3b450 JavaThread "InvokeLaterDispatcher" daemon [_thread_blocked, id=18416, stack(0x0000009e40700000,0x0000009e40800000)]
=>0x000002449474eff0 JavaThread "JavaFX Application Thread" [_thread_in_Java, id=16520, stack(0x0000009e40800000,0x0000009e40900000)]
  0x0000024493f30660 JavaThread "JavaFX-Launcher" [_thread_blocked, id=15544, stack(0x0000009e40d00000,0x0000009e40e00000)]
  0x000002449431d650 JavaThread "Thread-2" daemon [_thread_in_native, id=11052, stack(0x0000009e40c00000,0x0000009e40d00000)]

Other Threads:
  0x00000244ff97b080 VMThread "VM Thread" [stack: 0x0000009e3f700000,0x0000009e3f800000] [id=16856]
  0x0000024493d015f0 WatcherThread [stack: 0x0000009e40500000,0x0000009e40600000] [id=16668]
  0x00000244ef2d34c0 GCTaskThread "GC Thread#0" [stack: 0x0000009e3f200000,0x0000009e3f300000] [id=17196]
  0x0000024493c48da0 GCTaskThread "GC Thread#1" [stack: 0x0000009e40e00000,0x0000009e40f00000] [id=11664]
  0x0000024493c49400 GCTaskThread "GC Thread#2" [stack: 0x0000009e40f00000,0x0000009e41000000] [id=12004]
  0x00000244943a2c70 GCTaskThread "GC Thread#3" [stack: 0x0000009e41000000,0x0000009e41100000] [id=6888]
  0x00000244943a3930 GCTaskThread "GC Thread#4" [stack: 0x0000009e41100000,0x0000009e41200000] [id=11224]
  0x00000244943a22e0 GCTaskThread "GC Thread#5" [stack: 0x0000009e41200000,0x0000009e41300000] [id=12684]
  0x00000244ef2e52f0 ConcurrentGCThread "G1 Main Marker" [stack: 0x0000009e3f300000,0x0000009e3f400000] [id=5124]
  0x00000244ef2e5ee0 ConcurrentGCThread "G1 Conc#0" [stack: 0x0000009e3f400000,0x0000009e3f500000] [id=10780]
  0x00000244ef340b90 ConcurrentGCThread "G1 Refine#0" [stack: 0x0000009e3f500000,0x0000009e3f600000] [id=15520]
  0x00000244ff8049c0 ConcurrentGCThread "G1 Young RemSet Sampling" [stack: 0x0000009e3f600000,0x0000009e3f700000] [id=14268]

Threads with active compile tasks:

VM state: not at safepoint (normal execution)

VM Mutex/Monitor currently owned by a thread: None

Heap address: 0x0000000703200000, size: 4046 MB, Compressed Oops mode: Zero based, Oop shift amount: 3
CDS archive(s) mapped at: [0x0000000800000000-0x0000000800b50000-0x0000000800b50000), size 11862016, SharedBaseAddress: 0x0000000800000000, ArchiveRelocationMode: 0.
Compressed class space mapped at: 0x0000000800b50000-0x0000000840b50000, size: 1073741824
Narrow klass base: 0x0000000800000000, Narrow klass shift: 3, Narrow klass range: 0x100000000

GC Precious Log:
 CPUs: 8 total, 8 available
 Memory: 16180M
 Large Page Support: Disabled
 NUMA Support: Disabled
 Compressed Oops: Enabled (Zero based)
 Heap Region Size: 2M
 Heap Min Capacity: 8M
 Heap Initial Capacity: 254M
 Heap Max Capacity: 4046M
 Pre-touch: Disabled
 Parallel Workers: 8
 Concurrent Workers: 2
 Concurrent Refinement Workers: 8
 Periodic GC: Disabled

Heap:
 garbage-first heap   total 260096K, used 13461K [0x0000000703200000, 0x0000000800000000)
  region size 2048K, 8 young (16384K), 2 survivors (4096K)
 Metaspace       used 8364K, capacity 10427K, committed 10496K, reserved 1058816K
  class space    used 1032K, capacity 1251K, committed 1280K, reserved 1048576K

Heap Regions: E=young(eden), S=young(survivor), O=old, HS=humongous(starts), HC=humongous(continues), CS=collection set, F=free, OA=open archive, CA=closed archive, TAMS=top-at-mark-start (previous, next)
|   0|0x0000000703200000, 0x0000000703200000, 0x0000000703400000|  0%| F|  |TAMS 0x0000000703200000, 0x0000000703200000| Untracked 
|   1|0x0000000703400000, 0x0000000703400000, 0x0000000703600000|  0%| F|  |TAMS 0x0000000703400000, 0x0000000703400000| Untracked 
|   2|0x0000000703600000, 0x0000000703600000, 0x0000000703800000|  0%| F|  |TAMS 0x0000000703600000, 0x0000000703600000| Untracked 
|   3|0x0000000703800000, 0x0000000703800000, 0x0000000703a00000|  0%| F|  |TAMS 0x0000000703800000, 0x0000000703800000| Untracked 
|   4|0x0000000703a00000, 0x0000000703a00000, 0x0000000703c00000|  0%| F|  |TAMS 0x0000000703a00000, 0x0000000703a00000| Untracked 
|   5|0x0000000703c00000, 0x0000000703c00000, 0x0000000703e00000|  0%| F|  |TAMS 0x0000000703c00000, 0x0000000703c00000| Untracked 
|   6|0x0000000703e00000, 0x0000000703e00000, 0x0000000704000000|  0%| F|  |TAMS 0x0000000703e00000, 0x0000000703e00000| Untracked 
|   7|0x0000000704000000, 0x0000000704000000, 0x0000000704200000|  0%| F|  |TAMS 0x0000000704000000, 0x0000000704000000| Untracked 
|   8|0x0000000704200000, 0x0000000704200000, 0x0000000704400000|  0%| F|  |TAMS 0x0000000704200000, 0x0000000704200000| Untracked 
|   9|0x0000000704400000, 0x0000000704400000, 0x0000000704600000|  0%| F|  |TAMS 0x0000000704400000, 0x0000000704400000| Untracked 
|  10|0x0000000704600000, 0x0000000704600000, 0x0000000704800000|  0%| F|  |TAMS 0x0000000704600000, 0x0000000704600000| Untracked 
|  11|0x0000000704800000, 0x0000000704800000, 0x0000000704a00000|  0%| F|  |TAMS 0x0000000704800000, 0x0000000704800000| Untracked 
|  12|0x0000000704a00000, 0x0000000704a00000, 0x0000000704c00000|  0%| F|  |TAMS 0x0000000704a00000, 0x0000000704a00000| Untracked 
|  13|0x0000000704c00000, 0x0000000704c00000, 0x0000000704e00000|  0%| F|  |TAMS 0x0000000704c00000, 0x0000000704c00000| Untracked 
|  14|0x0000000704e00000, 0x0000000704e00000, 0x0000000705000000|  0%| F|  |TAMS 0x0000000704e00000, 0x0000000704e00000| Untracked 
|  15|0x0000000705000000, 0x0000000705000000, 0x0000000705200000|  0%| F|  |TAMS 0x0000000705000000, 0x0000000705000000| Untracked 
|  16|0x0000000705200000, 0x0000000705200000, 0x0000000705400000|  0%| F|  |TAMS 0x0000000705200000, 0x0000000705200000| Untracked 
|  17|0x0000000705400000, 0x0000000705400000, 0x0000000705600000|  0%| F|  |TAMS 0x0000000705400000, 0x0000000705400000| Untracked 
|  18|0x0000000705600000, 0x0000000705600000, 0x0000000705800000|  0%| F|  |TAMS 0x0000000705600000, 0x0000000705600000| Untracked 
|  19|0x0000000705800000, 0x0000000705800000, 0x0000000705a00000|  0%| F|  |TAMS 0x0000000705800000, 0x0000000705800000| Untracked 
|  20|0x0000000705a00000, 0x0000000705a00000, 0x0000000705c00000|  0%| F|  |TAMS 0x0000000705a00000, 0x0000000705a00000| Untracked 
|  21|0x0000000705c00000, 0x0000000705c00000, 0x0000000705e00000|  0%| F|  |TAMS 0x0000000705c00000, 0x0000000705c00000| Untracked 
|  22|0x0000000705e00000, 0x0000000705e00000, 0x0000000706000000|  0%| F|  |TAMS 0x0000000705e00000, 0x0000000705e00000| Untracked 
|  23|0x0000000706000000, 0x0000000706000000, 0x0000000706200000|  0%| F|  |TAMS 0x0000000706000000, 0x0000000706000000| Untracked 
|  24|0x0000000706200000, 0x0000000706200000, 0x0000000706400000|  0%| F|  |TAMS 0x0000000706200000, 0x0000000706200000| Untracked 
|  25|0x0000000706400000, 0x0000000706400000, 0x0000000706600000|  0%| F|  |TAMS 0x0000000706400000, 0x0000000706400000| Untracked 
|  26|0x0000000706600000, 0x0000000706600000, 0x0000000706800000|  0%| F|  |TAMS 0x0000000706600000, 0x0000000706600000| Untracked 
|  27|0x0000000706800000, 0x0000000706800000, 0x0000000706a00000|  0%| F|  |TAMS 0x0000000706800000, 0x0000000706800000| Untracked 
|  28|0x0000000706a00000, 0x0000000706a00000, 0x0000000706c00000|  0%| F|  |TAMS 0x0000000706a00000, 0x0000000706a00000| Untracked 
|  29|0x0000000706c00000, 0x0000000706c00000, 0x0000000706e00000|  0%| F|  |TAMS 0x0000000706c00000, 0x0000000706c00000| Untracked 
|  30|0x0000000706e00000, 0x0000000706e00000, 0x0000000707000000|  0%| F|  |TAMS 0x0000000706e00000, 0x0000000706e00000| Untracked 
|  31|0x0000000707000000, 0x0000000707000000, 0x0000000707200000|  0%| F|  |TAMS 0x0000000707000000, 0x0000000707000000| Untracked 
|  32|0x0000000707200000, 0x0000000707200000, 0x0000000707400000|  0%| F|  |TAMS 0x0000000707200000, 0x0000000707200000| Untracked 
|  33|0x0000000707400000, 0x0000000707400000, 0x0000000707600000|  0%| F|  |TAMS 0x0000000707400000, 0x0000000707400000| Untracked 
|  34|0x0000000707600000, 0x0000000707600000, 0x0000000707800000|  0%| F|  |TAMS 0x0000000707600000, 0x0000000707600000| Untracked 
|  35|0x0000000707800000, 0x0000000707800000, 0x0000000707a00000|  0%| F|  |TAMS 0x0000000707800000, 0x0000000707800000| Untracked 
|  36|0x0000000707a00000, 0x0000000707a00000, 0x0000000707c00000|  0%| F|  |TAMS 0x0000000707a00000, 0x0000000707a00000| Untracked 
|  37|0x0000000707c00000, 0x0000000707c00000, 0x0000000707e00000|  0%| F|  |TAMS 0x0000000707c00000, 0x0000000707c00000| Untracked 
|  38|0x0000000707e00000, 0x0000000707e00000, 0x0000000708000000|  0%| F|  |TAMS 0x0000000707e00000, 0x0000000707e00000| Untracked 
|  39|0x0000000708000000, 0x0000000708000000, 0x0000000708200000|  0%| F|  |TAMS 0x0000000708000000, 0x0000000708000000| Untracked 
|  40|0x0000000708200000, 0x0000000708200000, 0x0000000708400000|  0%| F|  |TAMS 0x0000000708200000, 0x0000000708200000| Untracked 
|  41|0x0000000708400000, 0x0000000708400000, 0x0000000708600000|  0%| F|  |TAMS 0x0000000708400000, 0x0000000708400000| Untracked 
|  42|0x0000000708600000, 0x0000000708600000, 0x0000000708800000|  0%| F|  |TAMS 0x0000000708600000, 0x0000000708600000| Untracked 
|  43|0x0000000708800000, 0x0000000708800000, 0x0000000708a00000|  0%| F|  |TAMS 0x0000000708800000, 0x0000000708800000| Untracked 
|  44|0x0000000708a00000, 0x0000000708a00000, 0x0000000708c00000|  0%| F|  |TAMS 0x0000000708a00000, 0x0000000708a00000| Untracked 
|  45|0x0000000708c00000, 0x0000000708c00000, 0x0000000708e00000|  0%| F|  |TAMS 0x0000000708c00000, 0x0000000708c00000| Untracked 
|  46|0x0000000708e00000, 0x0000000708e00000, 0x0000000709000000|  0%| F|  |TAMS 0x0000000708e00000, 0x0000000708e00000| Untracked 
|  47|0x0000000709000000, 0x0000000709000000, 0x0000000709200000|  0%| F|  |TAMS 0x0000000709000000, 0x0000000709000000| Untracked 
|  48|0x0000000709200000, 0x0000000709200000, 0x0000000709400000|  0%| F|  |TAMS 0x0000000709200000, 0x0000000709200000| Untracked 
|  49|0x0000000709400000, 0x0000000709400000, 0x0000000709600000|  0%| F|  |TAMS 0x0000000709400000, 0x0000000709400000| Untracked 
|  50|0x0000000709600000, 0x0000000709600000, 0x0000000709800000|  0%| F|  |TAMS 0x0000000709600000, 0x0000000709600000| Untracked 
|  51|0x0000000709800000, 0x0000000709800000, 0x0000000709a00000|  0%| F|  |TAMS 0x0000000709800000, 0x0000000709800000| Untracked 
|  52|0x0000000709a00000, 0x0000000709a00000, 0x0000000709c00000|  0%| F|  |TAMS 0x0000000709a00000, 0x0000000709a00000| Untracked 
|  53|0x0000000709c00000, 0x0000000709c00000, 0x0000000709e00000|  0%| F|  |TAMS 0x0000000709c00000, 0x0000000709c00000| Untracked 
|  54|0x0000000709e00000, 0x0000000709e00000, 0x000000070a000000|  0%| F|  |TAMS 0x0000000709e00000, 0x0000000709e00000| Untracked 
|  55|0x000000070a000000, 0x000000070a000000, 0x000000070a200000|  0%| F|  |TAMS 0x000000070a000000, 0x000000070a000000| Untracked 
|  56|0x000000070a200000, 0x000000070a200000, 0x000000070a400000|  0%| F|  |TAMS 0x000000070a200000, 0x000000070a200000| Untracked 
|  57|0x000000070a400000, 0x000000070a400000, 0x000000070a600000|  0%| F|  |TAMS 0x000000070a400000, 0x000000070a400000| Untracked 
|  58|0x000000070a600000, 0x000000070a600000, 0x000000070a800000|  0%| F|  |TAMS 0x000000070a600000, 0x000000070a600000| Untracked 
|  59|0x000000070a800000, 0x000000070a800000, 0x000000070aa00000|  0%| F|  |TAMS 0x000000070a800000, 0x000000070a800000| Untracked 
|  60|0x000000070aa00000, 0x000000070aa00000, 0x000000070ac00000|  0%| F|  |TAMS 0x000000070aa00000, 0x000000070aa00000| Untracked 
|  61|0x000000070ac00000, 0x000000070ac00000, 0x000000070ae00000|  0%| F|  |TAMS 0x000000070ac00000, 0x000000070ac00000| Untracked 
|  62|0x000000070ae00000, 0x000000070ae00000, 0x000000070b000000|  0%| F|  |TAMS 0x000000070ae00000, 0x000000070ae00000| Untracked 
|  63|0x000000070b000000, 0x000000070b000000, 0x000000070b200000|  0%| F|  |TAMS 0x000000070b000000, 0x000000070b000000| Untracked 
|  64|0x000000070b200000, 0x000000070b200000, 0x000000070b400000|  0%| F|  |TAMS 0x000000070b200000, 0x000000070b200000| Untracked 
|  65|0x000000070b400000, 0x000000070b400000, 0x000000070b600000|  0%| F|  |TAMS 0x000000070b400000, 0x000000070b400000| Untracked 
|  66|0x000000070b600000, 0x000000070b600000, 0x000000070b800000|  0%| F|  |TAMS 0x000000070b600000, 0x000000070b600000| Untracked 
|  67|0x000000070b800000, 0x000000070b800000, 0x000000070ba00000|  0%| F|  |TAMS 0x000000070b800000, 0x000000070b800000| Untracked 
|  68|0x000000070ba00000, 0x000000070ba00000, 0x000000070bc00000|  0%| F|  |TAMS 0x000000070ba00000, 0x000000070ba00000| Untracked 
|  69|0x000000070bc00000, 0x000000070bc00000, 0x000000070be00000|  0%| F|  |TAMS 0x000000070bc00000, 0x000000070bc00000| Untracked 
|  70|0x000000070be00000, 0x000000070be00000, 0x000000070c000000|  0%| F|  |TAMS 0x000000070be00000, 0x000000070be00000| Untracked 
|  71|0x000000070c000000, 0x000000070c000000, 0x000000070c200000|  0%| F|  |TAMS 0x000000070c000000, 0x000000070c000000| Untracked 
|  72|0x000000070c200000, 0x000000070c200000, 0x000000070c400000|  0%| F|  |TAMS 0x000000070c200000, 0x000000070c200000| Untracked 
|  73|0x000000070c400000, 0x000000070c400000, 0x000000070c600000|  0%| F|  |TAMS 0x000000070c400000, 0x000000070c400000| Untracked 
|  74|0x000000070c600000, 0x000000070c600000, 0x000000070c800000|  0%| F|  |TAMS 0x000000070c600000, 0x000000070c600000| Untracked 
|  75|0x000000070c800000, 0x000000070c800000, 0x000000070ca00000|  0%| F|  |TAMS 0x000000070c800000, 0x000000070c800000| Untracked 
|  76|0x000000070ca00000, 0x000000070ca00000, 0x000000070cc00000|  0%| F|  |TAMS 0x000000070ca00000, 0x000000070ca00000| Untracked 
|  77|0x000000070cc00000, 0x000000070cc00000, 0x000000070ce00000|  0%| F|  |TAMS 0x000000070cc00000, 0x000000070cc00000| Untracked 
|  78|0x000000070ce00000, 0x000000070ce00000, 0x000000070d000000|  0%| F|  |TAMS 0x000000070ce00000, 0x000000070ce00000| Untracked 
|  79|0x000000070d000000, 0x000000070d000000, 0x000000070d200000|  0%| F|  |TAMS 0x000000070d000000, 0x000000070d000000| Untracked 
|  80|0x000000070d200000, 0x000000070d200000, 0x000000070d400000|  0%| F|  |TAMS 0x000000070d200000, 0x000000070d200000| Untracked 
|  81|0x000000070d400000, 0x000000070d400000, 0x000000070d600000|  0%| F|  |TAMS 0x000000070d400000, 0x000000070d400000| Untracked 
|  82|0x000000070d600000, 0x000000070d600000, 0x000000070d800000|  0%| F|  |TAMS 0x000000070d600000, 0x000000070d600000| Untracked 
|  83|0x000000070d800000, 0x000000070d800000, 0x000000070da00000|  0%| F|  |TAMS 0x000000070d800000, 0x000000070d800000| Untracked 
|  84|0x000000070da00000, 0x000000070da00000, 0x000000070dc00000|  0%| F|  |TAMS 0x000000070da00000, 0x000000070da00000| Untracked 
|  85|0x000000070dc00000, 0x000000070dc00000, 0x000000070de00000|  0%| F|  |TAMS 0x000000070dc00000, 0x000000070dc00000| Untracked 
|  86|0x000000070de00000, 0x000000070de00000, 0x000000070e000000|  0%| F|  |TAMS 0x000000070de00000, 0x000000070de00000| Untracked 
|  87|0x000000070e000000, 0x000000070e000000, 0x000000070e200000|  0%| F|  |TAMS 0x000000070e000000, 0x000000070e000000| Untracked 
|  88|0x000000070e200000, 0x000000070e200000, 0x000000070e400000|  0%| F|  |TAMS 0x000000070e200000, 0x000000070e200000| Untracked 
|  89|0x000000070e400000, 0x000000070e400000, 0x000000070e600000|  0%| F|  |TAMS 0x000000070e400000, 0x000000070e400000| Untracked 
|  90|0x000000070e600000, 0x000000070e600000, 0x000000070e800000|  0%| F|  |TAMS 0x000000070e600000, 0x000000070e600000| Untracked 
|  91|0x000000070e800000, 0x000000070e800000, 0x000000070ea00000|  0%| F|  |TAMS 0x000000070e800000, 0x000000070e800000| Untracked 
|  92|0x000000070ea00000, 0x000000070ea00000, 0x000000070ec00000|  0%| F|  |TAMS 0x000000070ea00000, 0x000000070ea00000| Untracked 
|  93|0x000000070ec00000, 0x000000070ec00000, 0x000000070ee00000|  0%| F|  |TAMS 0x000000070ec00000, 0x000000070ec00000| Untracked 
|  94|0x000000070ee00000, 0x000000070ee00000, 0x000000070f000000|  0%| F|  |TAMS 0x000000070ee00000, 0x000000070ee00000| Untracked 
|  95|0x000000070f000000, 0x000000070f000000, 0x000000070f200000|  0%| F|  |TAMS 0x000000070f000000, 0x000000070f000000| Untracked 
|  96|0x000000070f200000, 0x000000070f200000, 0x000000070f400000|  0%| F|  |TAMS 0x000000070f200000, 0x000000070f200000| Untracked 
|  97|0x000000070f400000, 0x000000070f400000, 0x000000070f600000|  0%| F|  |TAMS 0x000000070f400000, 0x000000070f400000| Untracked 
|  98|0x000000070f600000, 0x000000070f600000, 0x000000070f800000|  0%| F|  |TAMS 0x000000070f600000, 0x000000070f600000| Untracked 
|  99|0x000000070f800000, 0x000000070f800000, 0x000000070fa00000|  0%| F|  |TAMS 0x000000070f800000, 0x000000070f800000| Untracked 
| 100|0x000000070fa00000, 0x000000070fa00000, 0x000000070fc00000|  0%| F|  |TAMS 0x000000070fa00000, 0x000000070fa00000| Untracked 
| 101|0x000000070fc00000, 0x000000070fc00000, 0x000000070fe00000|  0%| F|  |TAMS 0x000000070fc00000, 0x000000070fc00000| Untracked 
| 102|0x000000070fe00000, 0x000000070fe00000, 0x0000000710000000|  0%| F|  |TAMS 0x000000070fe00000, 0x000000070fe00000| Untracked 
| 103|0x0000000710000000, 0x0000000710000000, 0x0000000710200000|  0%| F|  |TAMS 0x0000000710000000, 0x0000000710000000| Untracked 
| 104|0x0000000710200000, 0x0000000710200000, 0x0000000710400000|  0%| F|  |TAMS 0x0000000710200000, 0x0000000710200000| Untracked 
| 105|0x0000000710400000, 0x0000000710400000, 0x0000000710600000|  0%| F|  |TAMS 0x0000000710400000, 0x0000000710400000| Untracked 
| 106|0x0000000710600000, 0x0000000710600000, 0x0000000710800000|  0%| F|  |TAMS 0x0000000710600000, 0x0000000710600000| Untracked 
| 107|0x0000000710800000, 0x0000000710800000, 0x0000000710a00000|  0%| F|  |TAMS 0x0000000710800000, 0x0000000710800000| Untracked 
| 108|0x0000000710a00000, 0x0000000710a00000, 0x0000000710c00000|  0%| F|  |TAMS 0x0000000710a00000, 0x0000000710a00000| Untracked 
| 109|0x0000000710c00000, 0x0000000710c00000, 0x0000000710e00000|  0%| F|  |TAMS 0x0000000710c00000, 0x0000000710c00000| Untracked 
| 110|0x0000000710e00000, 0x0000000710e00000, 0x0000000711000000|  0%| F|  |TAMS 0x0000000710e00000, 0x0000000710e00000| Untracked 
| 111|0x0000000711000000, 0x0000000711000000, 0x0000000711200000|  0%| F|  |TAMS 0x0000000711000000, 0x0000000711000000| Untracked 
| 112|0x0000000711200000, 0x0000000711200000, 0x0000000711400000|  0%| F|  |TAMS 0x0000000711200000, 0x0000000711200000| Untracked 
| 113|0x0000000711400000, 0x0000000711400000, 0x0000000711600000|  0%| F|  |TAMS 0x0000000711400000, 0x0000000711400000| Untracked 
| 114|0x0000000711600000, 0x0000000711725550, 0x0000000711800000| 57%| S|CS|TAMS 0x0000000711600000, 0x0000000711600000| Complete 
| 115|0x0000000711800000, 0x0000000711a00000, 0x0000000711a00000|100%| S|CS|TAMS 0x0000000711800000, 0x0000000711800000| Complete 
| 116|0x0000000711a00000, 0x0000000711a00000, 0x0000000711c00000|  0%| F|  |TAMS 0x0000000711a00000, 0x0000000711a00000| Untracked 
| 117|0x0000000711c00000, 0x0000000711c00000, 0x0000000711e00000|  0%| F|  |TAMS 0x0000000711c00000, 0x0000000711c00000| Untracked 
| 118|0x0000000711e00000, 0x0000000711e00000, 0x0000000712000000|  0%| F|  |TAMS 0x0000000711e00000, 0x0000000711e00000| Untracked 
| 119|0x0000000712000000, 0x0000000712000000, 0x0000000712200000|  0%| F|  |TAMS 0x0000000712000000, 0x0000000712000000| Untracked 
| 120|0x0000000712200000, 0x0000000712200000, 0x0000000712400000|  0%| F|  |TAMS 0x0000000712200000, 0x0000000712200000| Untracked 
| 121|0x0000000712400000, 0x000000071246c588, 0x0000000712600000| 21%| E|  |TAMS 0x0000000712400000, 0x0000000712400000| Complete 
| 122|0x0000000712600000, 0x0000000712800000, 0x0000000712800000|100%| E|CS|TAMS 0x0000000712600000, 0x0000000712600000| Complete 
| 123|0x0000000712800000, 0x0000000712a00000, 0x0000000712a00000|100%| E|CS|TAMS 0x0000000712800000, 0x0000000712800000| Complete 
| 124|0x0000000712a00000, 0x0000000712c00000, 0x0000000712c00000|100%| E|CS|TAMS 0x0000000712a00000, 0x0000000712a00000| Complete 
| 125|0x0000000712c00000, 0x0000000712e00000, 0x0000000712e00000|100%| E|CS|TAMS 0x0000000712c00000, 0x0000000712c00000| Complete 
| 126|0x0000000712e00000, 0x0000000713000000, 0x0000000713000000|100%| E|CS|TAMS 0x0000000712e00000, 0x0000000712e00000| Complete 

Card table byte_map: [0x00000244f7fd0000,0x00000244f87c0000] _byte_map_base: 0x00000244f47b7000

Marking Bits (Prev, Next): (CMBitMap*) 0x00000244ef2d4cc0, (CMBitMap*) 0x00000244ef2d4d00
 Prev Bits: [0x00000244f8fb0000, 0x00000244fcee8000)
 Next Bits: [0x000002448f000000, 0x0000024492f38000)

Polling page: 0x00000244ed170000

Metaspace:

Usage:
  Non-class:      8.96 MB capacity,     7.16 MB ( 80%) used,     1.79 MB ( 20%) free+waste,    13.06 KB ( <1%) overhead. 
      Class:      1.22 MB capacity,     1.01 MB ( 83%) used,   213.01 KB ( 17%) free+waste,     5.50 KB ( <1%) overhead. 
       Both:     10.18 MB capacity,     8.17 MB ( 80%) used,     2.00 MB ( 20%) free+waste,    18.56 KB ( <1%) overhead. 

Virtual space:
  Non-class space:       10.00 MB reserved,       9.00 MB ( 90%) committed 
      Class space:        1.00 GB reserved,       1.25 MB ( <1%) committed 
             Both:        1.01 GB reserved,      10.25 MB ( <1%) committed 

Chunk freelists:
   Non-Class:  40.00 KB
       Class:  29.00 KB
        Both:  69.00 KB

MaxMetaspaceSize: 17179869184.00 GB
CompressedClassSpaceSize: 1.00 GB

CodeHeap 'non-profiled nmethods': size=120000Kb used=431Kb max_used=431Kb free=119568Kb
 bounds [0x0000024487ad0000, 0x0000024487d40000, 0x000002448f000000]
CodeHeap 'profiled nmethods': size=120000Kb used=2165Kb max_used=2165Kb free=117834Kb
 bounds [0x00000244805a0000, 0x0000024480810000, 0x0000024487ad0000]
CodeHeap 'non-nmethods': size=5760Kb used=1346Kb max_used=1364Kb free=4413Kb
 bounds [0x0000024480000000, 0x0000024480270000, 0x00000244805a0000]
 total_blobs=1959 nmethods=1307 adapters=565
 compilation: enabled
              stopped_count=0, restarted_count=0
 full_count=0

Compilation events (20 events):
Event: 14.517 Thread 0x00000244ff9aa4e0 1299       1       com.sun.javafx.geom.transform.BaseTransform::getMyy (2 bytes)
Event: 14.517 Thread 0x00000244ff9aa4e0 nmethod 1299 0x0000024487b39c90 code [0x0000024487b39e40, 0x0000024487b39ef8]
Event: 14.517 Thread 0x00000244ff9aa4e0 1300       1       com.sun.javafx.geom.transform.BaseTransform::getMyt (2 bytes)
Event: 14.517 Thread 0x00000244ff9aa4e0 nmethod 1300 0x0000024487b39f90 code [0x0000024487b3a120, 0x0000024487b3a1d8]
Event: 14.730 Thread 0x00000244ff9aa4e0 1301       1       javafx.geometry.Point3D::getX (5 bytes)
Event: 14.730 Thread 0x00000244ff9aa4e0 nmethod 1301 0x0000024487b3a290 code [0x0000024487b3a420, 0x0000024487b3a4d8]
Event: 14.730 Thread 0x00000244ff9aa4e0 1302       1       javafx.geometry.Point3D::getY (5 bytes)
Event: 14.730 Thread 0x00000244ff9aa4e0 nmethod 1302 0x0000024487b3a590 code [0x0000024487b3a720, 0x0000024487b3a7d8]
Event: 14.730 Thread 0x00000244ff9aa4e0 1303       1       javafx.geometry.Point3D::getZ (5 bytes)
Event: 14.730 Thread 0x00000244ff9aa4e0 nmethod 1303 0x0000024487b3a890 code [0x0000024487b3aa20, 0x0000024487b3aad8]
Event: 14.815 Thread 0x00000244ff9aa4e0 1304       1       com.sun.javafx.geom.transform.Identity::isTranslateOrIdentity (2 bytes)
Event: 14.815 Thread 0x00000244ff9aa4e0 nmethod 1304 0x0000024487b3ab90 code [0x0000024487b3ad20, 0x0000024487b3add8]
Event: 14.979 Thread 0x00000244ff9a6540 1305       4       Neighbours::satisfied (112 bytes)
Event: 14.980 Thread 0x00000244ff9aa4e0 1306       1       com.sun.prism.impl.BaseContext::getPerspectiveTransformNoClone (5 bytes)
Event: 14.980 Thread 0x00000244ff9aa4e0 nmethod 1306 0x0000024487b3ae90 code [0x0000024487b3b020, 0x0000024487b3b0d8]
Event: 14.980 Thread 0x00000244ff9aa4e0 1307       1       com.sun.javafx.geom.transform.GeneralTransform3D::isIdentity (5 bytes)
Event: 14.980 Thread 0x00000244ff9aa4e0 nmethod 1307 0x0000024487b3b190 code [0x0000024487b3b320, 0x0000024487b3b3d8]
Event: 14.980 Thread 0x00000244ff9aa4e0 1308       1       com.sun.prism.impl.BaseGraphics::setDepthTest (6 bytes)
Event: 14.980 Thread 0x00000244ff9aa4e0 nmethod 1308 0x0000024487b3b490 code [0x0000024487b3b620, 0x0000024487b3b6d8]
Event: 14.989 Thread 0x00000244ff9a6540 nmethod 1305 0x0000024487b3b790 code [0x0000024487b3b920, 0x0000024487b3bc98]

GC Heap History (2 events):
Event: 0.486 GC heap before
{Heap before GC invocations=0 (full 0):
 garbage-first heap   total 260096K, used 22528K [0x0000000703200000, 0x0000000800000000)
  region size 2048K, 11 young (22528K), 0 survivors (0K)
 Metaspace       used 5441K, capacity 8149K, committed 8448K, reserved 1056768K
  class space    used 666K, capacity 922K, committed 1024K, reserved 1048576K
}
Event: 0.488 GC heap after
{Heap after GC invocations=1 (full 0):
 garbage-first heap   total 260096K, used 3221K [0x0000000703200000, 0x0000000800000000)
  region size 2048K, 2 young (4096K), 2 survivors (4096K)
 Metaspace       used 5441K, capacity 8149K, committed 8448K, reserved 1056768K
  class space    used 666K, capacity 922K, committed 1024K, reserved 1048576K
}

Deoptimization events (20 events):
Event: 0.292 Thread 0x00000244ef2847e0 Uncommon trap: trap_request=0xffffff45 fr.pc=0x0000024487ae2e14 relative=0x00000000000007d4
Event: 0.292 Thread 0x00000244ef2847e0 Uncommon trap: reason=unstable_if action=reinterpret pc=0x0000024487ae2e14 method=java.lang.String.isEmpty()Z @ 5 c2
Event: 0.292 Thread 0x00000244ef2847e0 DEOPT PACKING pc=0x0000024487ae2e14 sp=0x0000009e3f1fe090
Event: 0.292 Thread 0x00000244ef2847e0 DEOPT UNPACKING pc=0x000002448004e42f sp=0x0000009e3f1fdfd0 mode 2
Event: 0.356 Thread 0x00000244ef2847e0 Uncommon trap: trap_request=0xffffffde fr.pc=0x0000024487aef7c4 relative=0x0000000000000cc4
Event: 0.356 Thread 0x00000244ef2847e0 Uncommon trap: reason=class_check action=maybe_recompile pc=0x0000024487aef7c4 method=java.util.HashMap.putVal(ILjava/lang/Object;Ljava/lang/Object;ZZ)Ljava/lang/Object; @ 152 c2
Event: 0.356 Thread 0x00000244ef2847e0 DEOPT PACKING pc=0x0000024487aef7c4 sp=0x0000009e3f1fce60
Event: 0.356 Thread 0x00000244ef2847e0 DEOPT UNPACKING pc=0x000002448004e42f sp=0x0000009e3f1fcdf0 mode 2
Event: 0.356 Thread 0x00000244ef2847e0 Uncommon trap: trap_request=0xffffffde fr.pc=0x0000024487aef7c4 relative=0x0000000000000cc4
Event: 0.356 Thread 0x00000244ef2847e0 Uncommon trap: reason=class_check action=maybe_recompile pc=0x0000024487aef7c4 method=java.util.HashMap.putVal(ILjava/lang/Object;Ljava/lang/Object;ZZ)Ljava/lang/Object; @ 152 c2
Event: 0.356 Thread 0x00000244ef2847e0 DEOPT PACKING pc=0x0000024487aef7c4 sp=0x0000009e3f1fce60
Event: 0.356 Thread 0x00000244ef2847e0 DEOPT UNPACKING pc=0x000002448004e42f sp=0x0000009e3f1fcdf0 mode 2
Event: 0.356 Thread 0x00000244ef2847e0 Uncommon trap: trap_request=0xffffffde fr.pc=0x0000024487aef7c4 relative=0x0000000000000cc4
Event: 0.356 Thread 0x00000244ef2847e0 Uncommon trap: reason=class_check action=maybe_recompile pc=0x0000024487aef7c4 method=java.util.HashMap.putVal(ILjava/lang/Object;Ljava/lang/Object;ZZ)Ljava/lang/Object; @ 152 c2
Event: 0.356 Thread 0x00000244ef2847e0 DEOPT PACKING pc=0x0000024487aef7c4 sp=0x0000009e3f1fce60
Event: 0.356 Thread 0x00000244ef2847e0 DEOPT UNPACKING pc=0x000002448004e42f sp=0x0000009e3f1fcdf0 mode 2
Event: 0.529 Thread 0x000002449474eff0 Uncommon trap: trap_request=0xffffff45 fr.pc=0x0000024487ae5bb4 relative=0x0000000000000034
Event: 0.529 Thread 0x000002449474eff0 Uncommon trap: reason=unstable_if action=reinterpret pc=0x0000024487ae5bb4 method=java.lang.StringLatin1.canEncode(I)Z @ 4 c2
Event: 0.529 Thread 0x000002449474eff0 DEOPT PACKING pc=0x0000024487ae5bb4 sp=0x0000009e408fb9e0
Event: 0.529 Thread 0x000002449474eff0 DEOPT UNPACKING pc=0x000002448004e42f sp=0x0000009e408fb970 mode 2

Classes unloaded (0 events):
No events

Classes redefined (0 events):
No events

Internal exceptions (20 events):
Event: 0.168 Thread 0x0000024493cd0e80 Exception <a 'java/lang/NoSuchMethodError'{0x00000007129eb648}: 'java.lang.Object java.lang.invoke.DirectMethodHandle$Holder.invokeStaticInit(java.lang.Object)'> (0x00000007129eb648) 
thrown [./open/src/hotspot/share/interpreter/linkResolver.cpp, line 782]
Event: 0.174 Thread 0x0000024493cd0e80 Exception <a 'java/lang/NoSuchMethodError'{0x00000007129f8a10}: 'void java.lang.invoke.DirectMethodHandle$Holder.invokeStatic(java.lang.Object, java.lang.Object)'> (0x00000007129f8a10) 
thrown [./open/src/hotspot/share/interpreter/linkResolver.cpp, line 782]
Event: 0.315 Thread 0x00000244ef2847e0 Exception <a 'java/lang/NoSuchMethodError'{0x00000007125a2598}: 'void java.lang.invoke.DirectMethodHandle$Holder.invokeSpecial(java.lang.Object, java.lang.Object, java.lang.Object)'> (0x00000007125a2598) 
thrown [./open/src/hotspot/share/interpreter/linkResolver.cpp, line 782]
Event: 0.322 Thread 0x00000244ef2847e0 Exception <a 'java/lang/NoSuchMethodError'{0x00000007125d9f50}: 'void java.lang.invoke.DirectMethodHandle$Holder.invokeStatic(java.lang.Object, java.lang.Object, java.lang.Object)'> (0x00000007125d9f50) 
thrown [./open/src/hotspot/share/interpreter/linkResolver.cpp, line 782]
Event: 0.345 Thread 0x00000244ef2847e0 Exception <a 'java/lang/NoSuchMethodError'{0x00000007125f6468}: 'int java.lang.invoke.DirectMethodHandle$Holder.invokeStaticInit(java.lang.Object, java.lang.Object, java.lang.Object)'> (0x00000007125f6468) 
thrown [./open/src/hotspot/share/interpreter/linkResolver.cpp, line 782]
Event: 0.364 Thread 0x00000244ef2847e0 Exception <a 'java/lang/NoSuchMethodError'{0x000000071231c368}: 'java.lang.Object java.lang.invoke.DirectMethodHandle$Holder.newInvokeSpecial(java.lang.Object, java.lang.Object, int, java.lang.Object)'> (0x000000071231c368) 
thrown [./open/src/hotspot/share/interpreter/linkResolver.cpp, line 782]
Event: 0.365 Thread 0x00000244ef2847e0 Exception <a 'java/lang/NoSuchMethodError'{0x0000000712320850}: 'java.lang.Object java.lang.invoke.DirectMethodHandle$Holder.invokeSpecial(java.lang.Object, java.lang.Object, java.lang.Object, int, java.lang.Object)'> (0x0000000712320850) 
thrown [./open/src/hotspot/share/interpreter/linkResolver.cpp, line 782]
Event: 0.415 Thread 0x000002449474eff0 Exception <a 'java/lang/NoSuchMethodError'{0x0000000711e3d5c0}: 'void java.lang.invoke.DirectMethodHandle$Holder.invokeStaticInit(java.lang.Object)'> (0x0000000711e3d5c0) 
thrown [./open/src/hotspot/share/interpreter/linkResolver.cpp, line 782]
Event: 0.417 Thread 0x00000244ef2847e0 Exception <a 'java/lang/NoSuchMethodError'{0x0000000712336b58}: 'java.lang.Object java.lang.invoke.DirectMethodHandle$Holder.newInvokeSpecial(java.lang.Object, java.lang.Object, java.lang.Object, java.lang.Object, java.lang.Object, java.lang.Object)'> (0x0000000712336b58) 
thrown [./open/src/hotspot/share/interpreter/linkResolver.cpp, line 782]
Event: 0.427 Thread 0x00000244ef2847e0 Exception <a 'java/lang/NoSuchMethodError'{0x0000000711f09f30}: 'java.lang.Object java.lang.invoke.DirectMethodHandle$Holder.newInvokeSpecial(java.lang.Object, java.lang.Object, java.lang.Object, java.lang.Object, java.lang.Object)'> (0x0000000711f09f30) 
thrown [./open/src/hotspot/share/interpreter/linkResolver.cpp, line 782]
Event: 0.428 Thread 0x0000024493f30660 Exception <a 'java/lang/NoSuchMethodError'{0x0000000711f60968}: 'void java.lang.invoke.DirectMethodHandle$Holder.invokeStatic(java.lang.Object, java.lang.Object, java.lang.Object, java.lang.Object)'> (0x0000000711f60968) 
thrown [./open/src/hotspot/share/interpreter/linkResolver.cpp, line 782]
Event: 0.460 Thread 0x000002449474eff0 Exception <a 'java/lang/NoSuchMethodError'{0x0000000711a3b328}: 'java.lang.Object java.lang.invoke.DirectMethodHandle$Holder.invokeStaticInit(java.lang.Object, java.lang.Object, java.lang.Object, java.lang.Object)'> (0x0000000711a3b328) 
thrown [./open/src/hotspot/share/interpreter/linkResolver.cpp, line 782]
Event: 0.462 Thread 0x000002449474eff0 Exception <a 'java/lang/NullPointerException'{0x0000000711a47268}> (0x0000000711a47268) 
thrown [./open/src/hotspot/share/interpreter/linkResolver.cpp, line 1374]
Event: 0.464 Thread 0x000002449474eff0 Exception <a 'java/lang/NoSuchMethodError'{0x0000000711a63310}: 'void java.lang.invoke.DirectMethodHandle$Holder.invokeSpecial(java.lang.Object, java.lang.Object, java.lang.Object, java.lang.Object, java.lang.Object)'> (0x0000000711a63310) 
thrown [./open/src/hotspot/share/interpreter/linkResolver.cpp, line 782]
Event: 0.587 Thread 0x000002449474eff0 Exception <a 'java/lang/NoSuchMethodError'{0x000000071282e170}: 'java.lang.Object java.lang.invoke.DirectMethodHandle$Holder.newInvokeSpecial(java.lang.Object, java.lang.Object, int)'> (0x000000071282e170) 
thrown [./open/src/hotspot/share/interpreter/linkResolver.cpp, line 782]
Event: 0.594 Thread 0x000002449474eff0 Exception <a 'java/lang/NoSuchMethodError'{0x0000000712852328}: 'long java.lang.invoke.DirectMethodHandle$Holder.invokeStatic(java.lang.Object, java.lang.Object, java.lang.Object)'> (0x0000000712852328) 
thrown [./open/src/hotspot/share/interpreter/linkResolver.cpp, line 782]
Event: 0.594 Thread 0x000002449474eff0 Exception <a 'java/lang/NoSuchMethodError'{0x0000000712855cd8}: 'long java.lang.invoke.DirectMethodHandle$Holder.invokeStaticInit(java.lang.Object, java.lang.Object, java.lang.Object)'> (0x0000000712855cd8) 
thrown [./open/src/hotspot/share/interpreter/linkResolver.cpp, line 782]
Event: 0.596 Thread 0x000002449474eff0 Exception <a 'java/lang/NoSuchMethodError'{0x000000071291c5f8}: 'java.lang.Object java.lang.invoke.DirectMethodHandle$Holder.newInvokeSpecial(java.lang.Object, java.lang.Object, long)'> (0x000000071291c5f8) 
thrown [./open/src/hotspot/share/interpreter/linkResolver.cpp, line 782]
Event: 0.597 Thread 0x000002449474eff0 Exception <a 'java/lang/NoSuchMethodError'{0x0000000712920368}: 'java.lang.Object java.lang.invoke.Invokers$Holder.linkToTargetMethod(java.lang.Object, long, java.lang.Object)'> (0x0000000712920368) 
thrown [./open/src/hotspot/share/interpreter/linkResolver.cpp, line 782]
Event: 0.622 Thread 0x0000024493e6d060 Exception <a 'java/lang/NoSuchMethodError'{0x000000071260e1b0}: 'int java.lang.invoke.DirectMethodHandle$Holder.invokeStaticInit(java.lang.Object, java.lang.Object)'> (0x000000071260e1b0) 
thrown [./open/src/hotspot/share/interpreter/linkResolver.cpp, line 782]

Events (20 events):
Event: 3.490 Executing VM operation: HandshakeAllThreads
Event: 3.490 Executing VM operation: HandshakeAllThreads done
Event: 4.491 Executing VM operation: HandshakeAllThreads
Event: 4.491 Executing VM operation: HandshakeAllThreads done
Event: 5.492 Executing VM operation: HandshakeAllThreads
Event: 5.492 Executing VM operation: HandshakeAllThreads done
Event: 6.492 Executing VM operation: HandshakeAllThreads
Event: 6.492 Executing VM operation: HandshakeAllThreads done
Event: 7.492 Executing VM operation: HandshakeAllThreads
Event: 7.492 Executing VM operation: HandshakeAllThreads done
Event: 8.493 Executing VM operation: HandshakeAllThreads
Event: 8.493 Executing VM operation: HandshakeAllThreads done
Event: 9.494 Executing VM operation: HandshakeAllThreads
Event: 9.494 Executing VM operation: HandshakeAllThreads done
Event: 10.494 Executing VM operation: HandshakeAllThreads
Event: 10.494 Executing VM operation: HandshakeAllThreads done
Event: 11.495 Executing VM operation: HandshakeAllThreads
Event: 11.495 Executing VM operation: HandshakeAllThreads done
Event: 14.496 Executing VM operation: HandshakeAllThreads
Event: 14.496 Executing VM operation: HandshakeAllThreads done


Dynamic libraries:
0x00007ff650810000 - 0x00007ff65081d000 	C:\Users\lehun\jdk-15.0.2\bin\java.exe
0x00007ffa32c40000 - 0x00007ffa32e30000 	C:\Windows\SYSTEM32\ntdll.dll
0x00007ffa317b0000 - 0x00007ffa31862000 	C:\Windows\System32\KERNEL32.DLL
0x00007ffa309c0000 - 0x00007ffa30c65000 	C:\Windows\System32\KERNELBASE.dll
0x00007ffa2fbc0000 - 0x00007ffa2fcba000 	C:\Windows\System32\ucrtbase.dll
0x00007ffa2c3a0000 - 0x00007ffa2c3b8000 	C:\Users\lehun\jdk-15.0.2\bin\jli.dll
0x00007ffa2c3c0000 - 0x00007ffa2c3d9000 	C:\Users\lehun\jdk-15.0.2\bin\VCRUNTIME140.dll
0x00007ffa32300000 - 0x00007ffa32494000 	C:\Windows\System32\USER32.dll
0x00007ffa1b220000 - 0x00007ffa1b4a4000 	C:\Windows\WinSxS\amd64_microsoft.windows.common-controls_6595b64144ccf1df_6.0.18362.1316_none_9e7a364fe461dbd7\COMCTL32.dll
0x00007ffa30760000 - 0x00007ffa30781000 	C:\Windows\System32\win32u.dll
0x00007ffa31a90000 - 0x00007ffa31b2e000 	C:\Windows\System32\msvcrt.dll
0x00007ffa31890000 - 0x00007ffa318b6000 	C:\Windows\System32\GDI32.dll
0x00007ffa312a0000 - 0x00007ffa315d7000 	C:\Windows\System32\combase.dll
0x00007ffa30790000 - 0x00007ffa30928000 	C:\Windows\System32\gdi32full.dll
0x00007ffa31c40000 - 0x00007ffa31d5f000 	C:\Windows\System32\RPCRT4.dll
0x00007ffa304c0000 - 0x00007ffa3055e000 	C:\Windows\System32\msvcp_win.dll
0x00007ffa30930000 - 0x00007ffa309b1000 	C:\Windows\System32\bcryptPrimitives.dll
0x00007ffa31f90000 - 0x00007ffa31fbe000 	C:\Windows\System32\IMM32.DLL
0x00007ffa2c390000 - 0x00007ffa2c39c000 	C:\Users\lehun\jdk-15.0.2\bin\vcruntime140_1.dll
0x00007ff9f7300000 - 0x00007ff9f7391000 	C:\Users\lehun\jdk-15.0.2\bin\msvcp140.dll
0x00007ff9d4680000 - 0x00007ff9d51de000 	C:\Users\lehun\jdk-15.0.2\bin\server\jvm.dll
0x00007ffa315e0000 - 0x00007ffa31683000 	C:\Windows\System32\ADVAPI32.dll
0x00007ffa31690000 - 0x00007ffa31727000 	C:\Windows\System32\sechost.dll
0x00007ffa30dc0000 - 0x00007ffa30dc8000 	C:\Windows\System32\PSAPI.DLL
0x00007ffa0d890000 - 0x00007ffa0d899000 	C:\Windows\SYSTEM32\WSOCK32.dll
0x00007ffa2db90000 - 0x00007ffa2dbb4000 	C:\Windows\SYSTEM32\WINMM.dll
0x00007ffa28370000 - 0x00007ffa2837a000 	C:\Windows\SYSTEM32\VERSION.dll
0x00007ffa31ea0000 - 0x00007ffa31f0f000 	C:\Windows\System32\WS2_32.dll
0x00007ffa2db60000 - 0x00007ffa2db8d000 	C:\Windows\SYSTEM32\winmmbase.dll
0x00007ffa2fcc0000 - 0x00007ffa2fd0a000 	C:\Windows\System32\cfgmgr32.dll
0x00007ffa2fb00000 - 0x00007ffa2fb11000 	C:\Windows\System32\kernel.appcore.dll
0x00007ffa2c340000 - 0x00007ffa2c34a000 	C:\Users\lehun\jdk-15.0.2\bin\jimage.dll
0x00007ffa225d0000 - 0x00007ffa227c4000 	C:\Windows\SYSTEM32\DBGHELP.DLL
0x00007ffa12d30000 - 0x00007ffa12d5a000 	C:\Windows\SYSTEM32\dbgcore.DLL
0x00007ffa2c330000 - 0x00007ffa2c33e000 	C:\Users\lehun\jdk-15.0.2\bin\instrument.dll
0x00007ffa29980000 - 0x00007ffa299a5000 	C:\Users\lehun\jdk-15.0.2\bin\java.dll
0x00007ffa32510000 - 0x00007ffa32bf8000 	C:\Windows\System32\SHELL32.dll
0x00007ffa31b90000 - 0x00007ffa31c37000 	C:\Windows\System32\shcore.dll
0x00007ffa2fd40000 - 0x00007ffa304bb000 	C:\Windows\System32\windows.storage.dll
0x00007ffa2fb70000 - 0x00007ffa2fb93000 	C:\Windows\System32\profapi.dll
0x00007ffa2fb20000 - 0x00007ffa2fb6a000 	C:\Windows\System32\powrprof.dll
0x00007ffa2faf0000 - 0x00007ffa2fb00000 	C:\Windows\System32\UMPDC.dll
0x00007ffa31fc0000 - 0x00007ffa32012000 	C:\Windows\System32\shlwapi.dll
0x00007ffa30c70000 - 0x00007ffa30c87000 	C:\Windows\System32\cryptsp.dll
0x00007ffa29940000 - 0x00007ffa29959000 	C:\Users\lehun\jdk-15.0.2\bin\net.dll
0x00007ffa2abf0000 - 0x00007ffa2ace0000 	C:\Windows\SYSTEM32\WINHTTP.dll
0x00007ffa2f330000 - 0x00007ffa2f397000 	C:\Windows\system32\mswsock.dll
0x00007ffa062b0000 - 0x00007ffa062c2000 	C:\Users\lehun\jdk-15.0.2\bin\nio.dll
0x00007ffa06290000 - 0x00007ffa062a8000 	C:\Users\lehun\jdk-15.0.2\bin\zip.dll
0x00007ffa06160000 - 0x00007ffa0617a000 	C:\Program Files\JetBrains\IntelliJ IDEA Community Edition 2020.3.1\bin\breakgen64.dll
0x00000244ef230000 - 0x00000244ef233000 	C:\Users\lehun\javafx-sdk-15.0.1\bin\api-ms-win-core-console-l1-1-0.dll
0x00000244ef240000 - 0x00000244ef243000 	C:\Users\lehun\javafx-sdk-15.0.1\bin\api-ms-win-core-console-l1-2-0.dll
0x00000244ffe80000 - 0x00000244ffe83000 	C:\Users\lehun\javafx-sdk-15.0.1\bin\api-ms-win-core-datetime-l1-1-0.dll
0x00000244ffe90000 - 0x00000244ffe93000 	C:\Users\lehun\javafx-sdk-15.0.1\bin\api-ms-win-core-debug-l1-1-0.dll
0x00000244ffea0000 - 0x00000244ffea3000 	C:\Users\lehun\javafx-sdk-15.0.1\bin\api-ms-win-core-errorhandling-l1-1-0.dll
0x00000244ffeb0000 - 0x00000244ffeb4000 	C:\Users\lehun\javafx-sdk-15.0.1\bin\api-ms-win-core-file-l1-1-0.dll
0x00000244ffec0000 - 0x00000244ffec3000 	C:\Users\lehun\javafx-sdk-15.0.1\bin\api-ms-win-core-file-l1-2-0.dll
0x00000244ffed0000 - 0x00000244ffed3000 	C:\Users\lehun\javafx-sdk-15.0.1\bin\api-ms-win-core-file-l2-1-0.dll
0x00000244ffee0000 - 0x00000244ffee3000 	C:\Users\lehun\javafx-sdk-15.0.1\bin\api-ms-win-core-handle-l1-1-0.dll
0x00000244ffef0000 - 0x00000244ffef3000 	C:\Users\lehun\javafx-sdk-15.0.1\bin\api-ms-win-core-heap-l1-1-0.dll
0x00000244fff00000 - 0x00000244fff03000 	C:\Users\lehun\javafx-sdk-15.0.1\bin\api-ms-win-core-interlocked-l1-1-0.dll
0x00000244fff10000 - 0x00000244fff13000 	C:\Users\lehun\javafx-sdk-15.0.1\bin\api-ms-win-core-libraryloader-l1-1-0.dll
0x00000244fff20000 - 0x00000244fff23000 	C:\Users\lehun\javafx-sdk-15.0.1\bin\api-ms-win-core-localization-l1-2-0.dll
0x00000244fff30000 - 0x00000244fff33000 	C:\Users\lehun\javafx-sdk-15.0.1\bin\api-ms-win-core-memory-l1-1-0.dll
0x00000244fff40000 - 0x00000244fff43000 	C:\Users\lehun\javafx-sdk-15.0.1\bin\api-ms-win-core-namedpipe-l1-1-0.dll
0x00000244fff50000 - 0x00000244fff53000 	C:\Users\lehun\javafx-sdk-15.0.1\bin\api-ms-win-core-processenvironment-l1-1-0.dll
0x00000244fff60000 - 0x00000244fff63000 	C:\Users\lehun\javafx-sdk-15.0.1\bin\api-ms-win-core-processthreads-l1-1-0.dll
0x00000244fff70000 - 0x00000244fff73000 	C:\Users\lehun\javafx-sdk-15.0.1\bin\api-ms-win-core-processthreads-l1-1-1.dll
0x0000024494f10000 - 0x0000024494f13000 	C:\Users\lehun\javafx-sdk-15.0.1\bin\api-ms-win-core-profile-l1-1-0.dll
0x0000024494f20000 - 0x0000024494f23000 	C:\Users\lehun\javafx-sdk-15.0.1\bin\api-ms-win-core-rtlsupport-l1-1-0.dll
0x0000024494f30000 - 0x0000024494f33000 	C:\Users\lehun\javafx-sdk-15.0.1\bin\api-ms-win-core-string-l1-1-0.dll
0x0000024494f40000 - 0x0000024494f43000 	C:\Users\lehun\javafx-sdk-15.0.1\bin\api-ms-win-core-synch-l1-1-0.dll
0x0000024494f50000 - 0x0000024494f53000 	C:\Users\lehun\javafx-sdk-15.0.1\bin\api-ms-win-core-synch-l1-2-0.dll
0x0000024494f60000 - 0x0000024494f63000 	C:\Users\lehun\javafx-sdk-15.0.1\bin\api-ms-win-core-sysinfo-l1-1-0.dll
0x0000024494f70000 - 0x0000024494f73000 	C:\Users\lehun\javafx-sdk-15.0.1\bin\api-ms-win-core-timezone-l1-1-0.dll
0x0000024494f80000 - 0x0000024494f83000 	C:\Users\lehun\javafx-sdk-15.0.1\bin\api-ms-win-core-util-l1-1-0.dll
0x0000024494f90000 - 0x0000024494f93000 	C:\Users\lehun\javafx-sdk-15.0.1\bin\api-ms-win-crt-conio-l1-1-0.dll
0x0000024494fa0000 - 0x0000024494fa4000 	C:\Users\lehun\javafx-sdk-15.0.1\bin\api-ms-win-crt-convert-l1-1-0.dll
0x0000024494fb0000 - 0x0000024494fb3000 	C:\Users\lehun\javafx-sdk-15.0.1\bin\api-ms-win-crt-environment-l1-1-0.dll
0x0000024494fc0000 - 0x0000024494fc3000 	C:\Users\lehun\javafx-sdk-15.0.1\bin\api-ms-win-crt-filesystem-l1-1-0.dll
0x0000024494fd0000 - 0x0000024494fd3000 	C:\Users\lehun\javafx-sdk-15.0.1\bin\api-ms-win-crt-heap-l1-1-0.dll
0x0000024494fe0000 - 0x0000024494fe3000 	C:\Users\lehun\javafx-sdk-15.0.1\bin\api-ms-win-crt-locale-l1-1-0.dll
0x0000024494ff0000 - 0x0000024494ff5000 	C:\Users\lehun\javafx-sdk-15.0.1\bin\api-ms-win-crt-math-l1-1-0.dll
0x0000024495000000 - 0x0000024495005000 	C:\Users\lehun\javafx-sdk-15.0.1\bin\api-ms-win-crt-multibyte-l1-1-0.dll
0x0000024495010000 - 0x0000024495020000 	C:\Users\lehun\javafx-sdk-15.0.1\bin\api-ms-win-crt-private-l1-1-0.dll
0x0000024495020000 - 0x0000024495023000 	C:\Users\lehun\javafx-sdk-15.0.1\bin\api-ms-win-crt-process-l1-1-0.dll
0x0000024495030000 - 0x0000024495034000 	C:\Users\lehun\javafx-sdk-15.0.1\bin\api-ms-win-crt-runtime-l1-1-0.dll
0x0000024495040000 - 0x0000024495044000 	C:\Users\lehun\javafx-sdk-15.0.1\bin\api-ms-win-crt-stdio-l1-1-0.dll
0x0000024495050000 - 0x0000024495054000 	C:\Users\lehun\javafx-sdk-15.0.1\bin\api-ms-win-crt-string-l1-1-0.dll
0x0000024495060000 - 0x0000024495063000 	C:\Users\lehun\javafx-sdk-15.0.1\bin\api-ms-win-crt-time-l1-1-0.dll
0x0000024495070000 - 0x0000024495073000 	C:\Users\lehun\javafx-sdk-15.0.1\bin\api-ms-win-crt-utility-l1-1-0.dll
0x00007ff9ee2a0000 - 0x00007ff9ee39c000 	C:\Users\lehun\javafx-sdk-15.0.1\bin\ucrtbase.dll
0x00007ffa06060000 - 0x00007ffa06075000 	C:\Users\lehun\javafx-sdk-15.0.1\bin\vcruntime140.dll
0x00007ff9e7f90000 - 0x00007ff9e802b000 	C:\Users\lehun\javafx-sdk-15.0.1\bin\msvcp140.dll
0x00007ffa02870000 - 0x00007ffa02893000 	C:\Users\lehun\javafx-sdk-15.0.1\bin\prism_d3d.dll
0x00007ff9d8f30000 - 0x00007ff9d90f7000 	C:\Windows\system32\d3d9.dll
0x00007ffa2deb0000 - 0x00007ffa2dedd000 	C:\Windows\SYSTEM32\dwmapi.dll
0x00007ffa2e6f0000 - 0x00007ffa2e710000 	C:\Windows\SYSTEM32\dxcore.dll
0x00007ffa2ddc0000 - 0x00007ffa2de59000 	C:\Windows\system32\uxtheme.dll
0x00007ff9d7860000 - 0x00007ff9d79c3000 	C:\Windows\System32\DriverStore\FileRepository\iigd_dch.inf_amd64_a27adb6f3c75ef42\igdumdim64.dll
0x00007ff9b1560000 - 0x00007ff9b571f000 	C:\Windows\System32\DriverStore\FileRepository\iigd_dch.inf_amd64_a27adb6f3c75ef42\igd9dxva64.dll
0x00007ffa320f0000 - 0x00007ffa32247000 	C:\Windows\System32\ole32.dll
0x00007ffa30cf0000 - 0x00007ffa30db5000 	C:\Windows\System32\OLEAUT32.dll
0x00007ffa281c0000 - 0x00007ffa28363000 	C:\Windows\System32\DriverStore\FileRepository\iigd_dch.inf_amd64_a27adb6f3c75ef42\igdgmm64.dll
0x00007ffa012a0000 - 0x00007ffa012e5000 	C:\Users\lehun\javafx-sdk-15.0.1\bin\glass.dll
0x00007ffa32020000 - 0x00007ffa320f0000 	C:\Windows\System32\COMDLG32.dll
0x00007ffa31d60000 - 0x00007ffa31e95000 	C:\Windows\System32\MSCTF.dll
0x00007ffa1aca0000 - 0x00007ffa1acc6000 	C:\Windows\System32\DriverStore\FileRepository\iigd_dch.inf_amd64_a27adb6f3c75ef42\igdinfo64.dll
0x00007ffa23900000 - 0x00007ffa25d3d000 	C:\Windows\System32\DriverStore\FileRepository\iigd_dch.inf_amd64_a27adb6f3c75ef42\igc64.dll
0x00007ffa01280000 - 0x00007ffa01294000 	C:\Users\lehun\javafx-sdk-15.0.1\bin\javafx_font.dll
0x00007ffa1fc10000 - 0x00007ffa1ff0e000 	C:\Windows\SYSTEM32\dwrite.dll
0x00007ffa32250000 - 0x00007ffa322f2000 	C:\Windows\System32\clbcatq.dll
0x00007ffa2aa30000 - 0x00007ffa2abdf000 	C:\Windows\SYSTEM32\WindowsCodecs.dll
0x00007ff9f6660000 - 0x00007ff9f669b000 	C:\Windows\system32\dataexchange.dll
0x00007ffa2d0a0000 - 0x00007ffa2d27d000 	C:\Windows\system32\dcomp.dll
0x00007ffa2ce30000 - 0x00007ffa2d08b000 	C:\Windows\system32\d3d11.dll
0x00007ffa2e780000 - 0x00007ffa2e86b000 	C:\Windows\system32\dxgi.dll
0x00007ffa2dee0000 - 0x00007ffa2e13a000 	C:\Windows\system32\twinapi.appcore.dll
0x00007ffa2e3c0000 - 0x00007ffa2e3e9000 	C:\Windows\system32\RMCLIENT.dll
0x00007ffa011f0000 - 0x00007ffa01223000 	C:\Program Files\Common Files\Microsoft Shared\Ink\rtscom.dll
0x00007ffa21740000 - 0x00007ffa217dd000 	C:\Windows\System32\TextInputFramework.dll
0x00007ffa2b1e0000 - 0x00007ffa2b50a000 	C:\Windows\System32\CoreUIComponents.dll
0x00007ffa2d5f0000 - 0x00007ffa2d6c4000 	C:\Windows\System32\CoreMessaging.dll
0x00007ffa2baa0000 - 0x00007ffa2bbf2000 	C:\Windows\SYSTEM32\wintypes.dll
0x00007ffa2eb00000 - 0x00007ffa2eb31000 	C:\Windows\SYSTEM32\ntmarta.dll
0x00007ffa20210000 - 0x00007ffa204b7000 	C:\Windows\System32\iertutil.dll
0x00007ffa04510000 - 0x00007ffa04575000 	C:\Windows\system32\Oleacc.dll

dbghelp: loaded successfully - version: 4.0.5 - missing functions: none
symbol engine: initialized successfully - sym options: 0x614 - pdb path: .;C:\Users\lehun\jdk-15.0.2\bin;C:\Windows\SYSTEM32;C:\Windows\WinSxS\amd64_microsoft.windows.common-controls_6595b64144ccf1df_6.0.18362.1316_none_9e7a364fe461dbd7;C:\Users\lehun\jdk-15.0.2\bin\server;C:\Program Files\JetBrains\IntelliJ IDEA Community Edition 2020.3.1\bin;C:\Users\lehun\javafx-sdk-15.0.1\bin;C:\Windows\System32\DriverStore\FileRepository\iigd_dch.inf_amd64_a27adb6f3c75ef42;C:\Program Files\Common Files\Microsoft Shared\Ink

VM Arguments:
jvm_args: --module-path=C:\Users\lehun\javafx-sdk-15.0.1\lib --add-modules=javafx.base,javafx.controls,javafx.fxml,javafx.graphics,javafx.media -javaagent:C:\Program Files\JetBrains\IntelliJ IDEA Community Edition 2020.3.1\lib\idea_rt.jar=50648:C:\Program Files\JetBrains\IntelliJ IDEA Community Edition 2020.3.1\bin -Dfile.encoding=UTF-8 
java_command: Neighbours
java_class_path (initial): C:\Users\lehun\dat043\neighbours\out\production\neighbours;C:\Users\lehun\javafx-sdk-15.0.1\lib\src.zip;C:\Users\lehun\javafx-sdk-15.0.1\lib\javafx-swt.jar;C:\Users\lehun\javafx-sdk-15.0.1\lib\javafx.web.jar;C:\Users\lehun\javafx-sdk-15.0.1\lib\javafx.base.jar;C:\Users\lehun\javafx-sdk-15.0.1\lib\javafx.fxml.jar;C:\Users\lehun\javafx-sdk-15.0.1\lib\javafx.media.jar;C:\Users\lehun\javafx-sdk-15.0.1\lib\javafx.swing.jar;C:\Users\lehun\javafx-sdk-15.0.1\lib\javafx.controls.jar;C:\Users\lehun\javafx-sdk-15.0.1\lib\javafx.graphics.jar
Launcher Type: SUN_STANDARD

[Global flags]
     intx CICompilerCount                          = 4                                         {product} {ergonomic}
     uint ConcGCThreads                            = 2                                         {product} {ergonomic}
     uint G1ConcRefinementThreads                  = 8                                         {product} {ergonomic}
   size_t G1HeapRegionSize                         = 2097152                                   {product} {ergonomic}
    uintx GCDrainStackTargetSize                   = 64                                        {product} {ergonomic}
   size_t InitialHeapSize                          = 266338304                                 {product} {ergonomic}
   size_t MarkStackSize                            = 4194304                                   {product} {ergonomic}
   size_t MaxHeapSize                              = 4242538496                                {product} {ergonomic}
   size_t MaxNewSize                               = 2543845376                                {product} {ergonomic}
   size_t MinHeapDeltaBytes                        = 2097152                                   {product} {ergonomic}
   size_t MinHeapSize                              = 8388608                                   {product} {ergonomic}
    uintx NonNMethodCodeHeapSize                   = 5839372                                {pd product} {ergonomic}
    uintx NonProfiledCodeHeapSize                  = 122909434                              {pd product} {ergonomic}
    uintx ProfiledCodeHeapSize                     = 122909434                              {pd product} {ergonomic}
    uintx ReservedCodeCacheSize                    = 251658240                              {pd product} {ergonomic}
     bool SegmentedCodeCache                       = true                                      {product} {ergonomic}
   size_t SoftMaxHeapSize                          = 4242538496                             {manageable} {ergonomic}
     bool UseCompressedClassPointers               = true                                 {lp64_product} {ergonomic}
     bool UseCompressedOops                        = true                                 {lp64_product} {ergonomic}
     bool UseG1GC                                  = true                                      {product} {ergonomic}
     bool UseLargePagesIndividualAllocation        = false                                  {pd product} {ergonomic}

Logging:
Log output configuration:
 #0: stdout all=warning uptime,level,tags
 #1: stderr all=off uptime,level,tags

Environment Variables:
PATH=C:\Program Files (x86)\Common Files\Oracle\Java\javapath;C:\Windows\system32;C:\Windows;C:\Windows\System32\Wbem;C:\Windows\System32\WindowsPowerShell\v1.0\;C:\Windows\System32\OpenSSH\;C:\ProgramData\chocolatey\bin;C:\Program Files\MATLAB\R2020b\bin;C:\Program Files\Git\cmd;C:\Users\lehun\AppData\Local\Microsoft\WindowsApps;C:\Users\lehun\AppData\Roaming\cabal\bin;C:\ProgramData\chocolatey\lib\ghc\tools\ghc-8.10.2\bin;C:\tools\msys64;C:\Users\lehun\AppData\Local\Programs\Microsoft VS Code\bin
USERNAME=lehun
OS=Windows_NT
PROCESSOR_IDENTIFIER=Intel64 Family 6 Model 142 Stepping 12, GenuineIntel



---------------  S Y S T E M  ---------------

OS:
 Windows 10 , 64 bit Build 18362 (10.0.18362.1316)
OS uptime: 2 days 3:56 hours
HyperV virtualization detected

CPU: total 8 (initial active 8) (4 cores per cpu, 2 threads per core) family 6 model 142 stepping 12 microcode 0xd6, cmov, cx8, fxsr, mmx, sse, sse2, sse3, ssse3, sse4.1, sse4.2, popcnt, vzeroupper, avx, avx2, aes, clmul, erms, 3dnowpref, lzcnt, ht, tsc, tscinvbit, bmi1, bmi2, adx, fma, clflush, clflushopt

Memory: 4k page, system-wide physical 16180M (8819M free)
TotalPageFile size 18612M (AvailPageFile size 9374M)
current process WorkingSet (physical memory assigned to process): 126M, peak: 140M
current process commit charge ("private bytes"): 408M, peak: 424M

vm_info: OpenJDK 64-Bit Server VM (15.0.2+7-27) for windows-amd64 JRE (15.0.2+7-27), built on Dec  7 2020 20:02:38 by "mach5one" with unknown MS VC++:1925

END.
