#
# A fatal error has been detected by the Java Runtime Environment:
#
#  EXCEPTION_ACCESS_VIOLATION (0xc0000005) at pc=0x000001fce453b0e7, pid=12712, tid=17800
#
# JRE version: OpenJDK Runtime Environment (15.0.2+7) (build 15.0.2+7-27)
# Java VM: OpenJDK 64-Bit Server VM (15.0.2+7-27, mixed mode, sharing, tiered, compressed oops, g1 gc, windows-amd64)
# Problematic frame:
# J 1325 c2 Neighbours.satisfied([[LNeighbours$Actor;IID)Z (112 bytes) @ 0x000001fce453b0e7 [0x000001fce453af20+0x00000000000001c7]
#
# No core dump will be written. Minidumps are not enabled by default on client versions of Windows
#
# If you would like to submit a bug report, please visit:
#   https://bugreport.java.com/bugreport/crash.jsp
#

---------------  S U M M A R Y ------------

Command Line: --module-path=C:\Users\lehun\javafx-sdk-15.0.1\lib --add-modules=javafx.base,javafx.controls,javafx.fxml,javafx.graphics,javafx.media -javaagent:C:\Program Files\JetBrains\IntelliJ IDEA Community Edition 2020.3.1\lib\idea_rt.jar=50562:C:\Program Files\JetBrains\IntelliJ IDEA Community Edition 2020.3.1\bin -Dfile.encoding=UTF-8 Neighbours

Host: Intel(R) Core(TM) i7-10510U CPU @ 1.80GHz, 8 cores, 15G,  Windows 10 , 64 bit Build 18362 (10.0.18362.1316)
Time: Mon Feb  1 14:54:57 2021 Västeuropa, normaltid elapsed time: 14.956785 seconds (0d 0h 0m 14s)

---------------  T H R E A D  ---------------

Current thread (0x000001fcf97d7760):  JavaThread "JavaFX Application Thread" [_thread_in_Java, id=17800, stack(0x000000aebaf00000,0x000000aebb000000)]

Stack: [0x000000aebaf00000,0x000000aebb000000],  sp=0x000000aebaffe160,  free space=1016k
Native frames: (J=compiled Java code, j=interpreted, Vv=VM code, C=native code)
C  0x000001fce453b0e7


siginfo: EXCEPTION_ACCESS_VIOLATION (0xc0000005), reading address 0x0000000b1162ae44


Register to memory mapping:

RIP=0x000001fce453b0e7 is at entry_point+455 in (nmethod*)0x000001fce453ad90
RAX=0x0 is NULL
RBX=3794556383 is a compressed pointer to object: javafx.scene.paint.Color 
{0x000000071162aef8} - klass: 'javafx/scene/paint/Color'
RCX=0x0000000711807768 is an oop: Neighbours 
{0x0000000711807768} - klass: 'Neighbours'
RDX=0x000000000000000a is an unknown value
RSP=0x000000aebaffe160 is pointing into the stack for thread: 0x000001fcf97d7760
RBP=0x000000aebaffe238 is pointing into the stack for thread: 0x000001fcf97d7760
RSI=0x00000000ffffffff is an unknown value
RDI=0x0 is NULL
R8 =0x000000071162ae38 is an oop: [[LNeighbours$Actor; 
{0x000000071162ae38} - klass: 'Neighbours$Actor'[][]
 - length: 10
R9 =0x0 is NULL
R10=0x0000000000000001 is an unknown value
R11=0x0 is NULL
R12=0x0 is NULL
R13=0x000000aebaffe1c0 is pointing into the stack for thread: 0x000001fcf97d7760
R14=0x0000000000000002 is an unknown value
R15=0x000001fcf97d7760 is a thread


Registers:
RAX=0x0000000000000000, RBX=0x00000000e22c55df, RCX=0x0000000711807768, RDX=0x000000000000000a
RSP=0x000000aebaffe160, RBP=0x000000aebaffe238, RSI=0x00000000ffffffff, RDI=0x0000000000000000
R8 =0x000000071162ae38, R9 =0x0000000000000000, R10=0x0000000000000001, R11=0x0000000000000000
R12=0x0000000000000000, R13=0x000000aebaffe1c0, R14=0x0000000000000002, R15=0x000001fcf97d7760
RIP=0x000001fce453b0e7, EFLAGS=0x0000000000010282

Top of Stack: (sp=0x000000aebaffe160)
0x000000aebaffe160:   0000000000000002 000001fcf97d7760
0x000000aebaffe170:   000001fcf9d37801 000001fcf97d7760
0x000000aebaffe180:   0000000711807768 00007ff9d49cba35
0x000000aebaffe190:   000001fcf97d7760 000000aebaffe238
0x000000aebaffe1a0:   000000aebaffe238 000001fcdca09950
0x000000aebaffe1b0:   0000000711807768 000001fcdca09950
0x000000aebaffe1c0:   3fe0000000000000 0000000712f4cb00
0x000000aebaffe1d0:   0000000000000000 0000000000000000
0x000000aebaffe1e0:   000000071162ae38 0000000711807768
0x000000aebaffe1f0:   000000aebaffe1f0 000001fcf82106d0
0x000000aebaffe200:   000000aebaffe290 000001fcf83d6580
0x000000aebaffe210:   0000000000000000 0000000711800690
0x000000aebaffe220:   000001fcf8210808 000000aebaffe1c0
0x000000aebaffe230:   000000aebaffe278 000000aebaffe2e8
0x000000aebaffe240:   000001fcdca09f00 0000000000000000
0x000000aebaffe250:   0000000000000000 0000000000000000 

Instructions: (pc=0x000001fce453b0e7)
0x000001fce453afe7:   89 44 24 04 e9 e2 00 00 00 ff c0 44 8b e9 41 ff
0x000001fce453aff7:   c5 44 3b ea 73 2c 66 66 90 41 3b f1 75 05 44 3b
0x000001fce453b007:   ef 74 1f 4c 63 e9 46 8b 6c ad 14 41 ff c3 45 85
0x000001fce453b017:   ed 74 0f 66 0f 1f 44 00 00 43 3b 5c ec 10 75 02
0x000001fce453b027:   ff c0 83 c1 02 41 3b c8 0f 8c 46 01 00 00 4d 8b
0x000001fce453b037:   87 10 01 00 00 41 85 00 90 41 3b ca 0f 8c 0f 01
0x000001fce453b047:   00 00 41 3b ce 0f 8d 30 00 00 00 3b ca 73 1f 41
0x000001fce453b057:   3b f1 75 04 3b cf 74 16 44 8b 6c 8d 10 41 ff c3
0x000001fce453b067:   45 85 ed 74 09 43 3b 5c ec 10 75 02 ff c0 ff c1
0x000001fce453b077:   41 3b ce 66 0f 1f 44 00 00 7c d0 4d 8b 87 10 01
0x000001fce453b087:   00 00 ff c6 41 85 00 3b 34 24 7c 3f 45 85 db 0f
0x000001fce453b097:   84 6d 01 00 00 3d 00 00 00 80 75 08 33 d2 41 83
0x000001fce453b0a7:   fb ff 74 04 99 41 f7 fb c5 f3 2a c8 c5 f9 2e c1
0x000001fce453b0b7:   0f 86 8b 01 00 00 b8 01 00 00 00 48 83 c4 40 5d
0x000001fce453b0c7:   4d 8b 97 10 01 00 00 41 85 02 c3 c4 c1 79 7e d8
0x000001fce453b0d7:   45 3b c6 66 0f 1f 44 00 00 7d a0 c4 c1 f9 7e c8
0x000001fce453b0e7:   41 8b 4c b0 10 45 8b 44 cc 0c 49 63 e8 c4 c1 f9
0x000001fce453b0f7:   7e e5 4c 3b ed 0f 1f 40 00 0f 83 c3 00 00 00 3b
0x000001fce453b107:   f2 0f 83 ab 00 00 00 c5 f9 7e dd 41 3b e8 0f 83
0x000001fce453b117:   ae 00 00 00 49 8d 2c cc c5 f9 7e d9 3b ca 73 22
0x000001fce453b127:   41 3b f1 75 04 3b cf 74 19 44 8b 44 8d 10 41 ff
0x000001fce453b137:   c3 45 85 c0 74 0c 66 66 90 43 3b 5c c4 10 75 02
0x000001fce453b147:   ff c0 ff c1 3b cf 7c d4 41 3b ca 0f 8d f1 fe ff
0x000001fce453b157:   ff 45 8b c2 44 2b c1 44 3b d1 44 0f 4c 44 24 04
0x000001fce453b167:   41 81 f8 d0 07 00 00 41 bd d0 07 00 00 45 0f 47
0x000001fce453b177:   c5 44 03 c1 3b ca 66 66 90 0f 83 6c fe ff ff 41
0x000001fce453b187:   3b f1 75 08 3b cf 0f 84 5f fe ff ff 44 8b 6c 8d
0x000001fce453b197:   10 41 ff c3 0f 1f 44 00 00 45 85 ed 0f 84 49 fe
0x000001fce453b1a7:   ff ff 43 3b 5c ec 10 0f 84 3c fe ff ff e9 39 fe
0x000001fce453b1b7:   ff ff c5 f9 7e d9 66 66 90 41 3b c8 0f 82 b9 fe
0x000001fce453b1c7:   ff ff ba be ff ff ff c4 e1 f9 7e d5 c5 fb 11 0c
0x000001fce453b1d7:   24 44 89 4c 24 08 89 7c 24 0c c5 fb 11 44 24 10 


Stack slot to memory mapping:
stack at sp + 0 slots: 0x0000000000000002 is an unknown value
stack at sp + 1 slots: 0x000001fcf97d7760 is a thread
stack at sp + 2 slots: 0x000001fcf9d37801 points into unknown readable memory: 61 6e 67 2f 4f 62 6a
stack at sp + 3 slots: 0x000001fcf97d7760 is a thread
stack at sp + 4 slots: 0x0000000711807768 is an oop: Neighbours 
{0x0000000711807768} - klass: 'Neighbours'
stack at sp + 5 slots: 0x00007ff9d49cba35 jvm.dll
stack at sp + 6 slots: 0x000001fcf97d7760 is a thread
stack at sp + 7 slots: 0x000000aebaffe238 is pointing into the stack for thread: 0x000001fcf97d7760

--------------------------------------------------------------------------------
[Constant Pool (empty)]

--------------------------------------------------------------------------------

[MachCode]
  0x000001fce453af20: 448b 5208 | 49c1 e203 | 49bb 0000 | 0000 0800 | 0000 4d03 | d349 3bc2 | 0f85 c214 | 51f8 6690 
  0x000001fce453af40: 8984 2400 | 90ff ff55 | 4883 ec40 | c4e1 f96e | d241 8bf1 | ffce 458b | d141 83c2 | 0266 6690 
  0x000001fce453af60: 413b f20f | 8d9b 0200 | 0041 8b50 | 0c44 3bca | 0f83 a602 | 0000 478b | 5c88 100f | 1f44 0000 
  0x000001fce453af80: 438b 5cdc | 0c3b fb0f | 838f 0200 | 0049 c1e3 | 0345 8b5c | bb10 6666 | 0f1f 8400 | 0000 0000 
  0x000001fce453afa0: 438b 5cdc | 1044 8914 | 24c4 c1f9 | 6ec8 448b | d741 ffc2 | 448b c741 | ffc8 c4c1 | 796e d844 
  0x000001fce453afc0: 8bf7 4183 | c602 4d63 | de49 ffcb | c4c1 f96e | e341 b800 | 0000 8045 | 3bf2 450f | 4cd0 4533 
  0x000001fce453afe0: db33 c045 | 33c0 4489 | 4424 04e9 | e200 0000 | ffc0 448b | e941 ffc5 | 443b ea73 | 2c66 6690 
  0x000001fce453b000: 413b f175 | 0544 3bef | 741f 4c63 | e946 8b6c | ad14 41ff | c345 85ed | 740f 660f | 1f44 0000 
  0x000001fce453b020: 433b 5cec | 1075 02ff | c083 c102 | 413b c80f | 8c46 0100 | 004d 8b87 | 1001 0000 | 4185 0090 
  0x000001fce453b040: 413b ca0f | 8c0f 0100 | 0041 3bce | 0f8d 3000 | 0000 3bca | 731f 413b | f175 043b | cf74 1644 
  0x000001fce453b060: 8b6c 8d10 | 41ff c345 | 85ed 7409 | 433b 5cec | 1075 02ff | c0ff c141 | 3bce 660f | 1f44 0000 
  0x000001fce453b080: 7cd0 4d8b | 8710 0100 | 00ff c641 | 8500 3b34 | 247c 3f45 | 85db 0f84 | 6d01 0000 | 3d00 0000 
  0x000001fce453b0a0: 8075 0833 | d241 83fb | ff74 0499 | 41f7 fbc5 | f32a c8c5 | f92e c10f | 868b 0100 | 00b8 0100 
  0x000001fce453b0c0: 0000 4883 | c440 5d4d | 8b97 1001 | 0000 4185 | 02c3 c4c1 | 797e d845 | 3bc6 660f | 1f44 0000 
  0x000001fce453b0e0: 7da0 c4c1 | f97e c841 | 8b4c b010 | 458b 44cc | 0c49 63e8 | c4c1 f97e | e54c 3bed | 0f1f 4000 
  0x000001fce453b100: 0f83 c300 | 0000 3bf2 | 0f83 ab00 | 0000 c5f9 | 7edd 413b | e80f 83ae | 0000 0049 | 8d2c ccc5 
  0x000001fce453b120: f97e d93b | ca73 2241 | 3bf1 7504 | 3bcf 7419 | 448b 448d | 1041 ffc3 | 4585 c074 | 0c66 6690 
  0x000001fce453b140: 433b 5cc4 | 1075 02ff | c0ff c13b | cf7c d441 | 3bca 0f8d | f1fe ffff | 458b c244 | 2bc1 443b 
  0x000001fce453b160: d144 0f4c | 4424 0441 | 81f8 d007 | 0000 41bd | d007 0000 | 450f 47c5 | 4403 c13b | ca66 6690 
  0x000001fce453b180: 0f83 6cfe | ffff 413b | f175 083b | cf0f 845f | feff ff44 | 8b6c 8d10 | 41ff c30f | 1f44 0000 
  0x000001fce453b1a0: 4585 ed0f | 8449 feff | ff43 3b5c | ec10 0f84 | 3cfe ffff | e939 feff | ffc5 f97e | d966 6690 
  0x000001fce453b1c0: 413b c80f | 82b9 feff | ffba beff | ffff c4e1 | f97e d5c5 | fb11 0c24 | 4489 4c24 | 0889 7c24 
  0x000001fce453b1e0: 0cc5 fb11 | 4424 1044 | 895c 2418 | 8944 241c | 8974 2420 | c5fa 115c | 2428 4489 | 7424 2ce8 
  0x000001fce453b200: 7c31 51f8 | 4533 d2eb | 0344 8bd0 | ba86 ffff | ff41 8bea | 6666 90e8 | 6431 51f8 | babe ffff 
  0x000001fce453b220: ffc4 e1f9 | 7ed5 4c89 | 0424 4489 | 4c24 0889 | 7c24 0cc5 | fb11 4424 | 1089 7424 | 1c44 8954 
  0x000001fce453b240: 2420 90e8 | 3831 51f8 | c5f9 2ec1 | bdff ffff | ff0f 8a0e | 0000 000f | 8208 0000 | 0040 0f95 
  0x000001fce453b260: c540 0fb6 | edf7 ddba | 45ff ffff | 6666 90e8 | 0c31 51f8 | f4f4 f4f4 | f4f4 f4f4 | f4f4 f4f4 
  0x000001fce453b280: e9fb cd5b | f8e8 0000 | 0000 4883 | 2c24 05e9 | 0c2d 51f8 | f4f4 f4f4 
[/MachCode]
--------------------------------------------------------------------------------


---------------  P R O C E S S  ---------------

Threads class SMR info:
_java_thread_list=0x000001fcf94ce810, length=17, elements={
0x000001fcd47d46d0, 0x000001fcf7dfacf0, 0x000001fcf7dfce60, 0x000001fcf8610fd0,
0x000001fcf86139a0, 0x000001fcf8614b00, 0x000001fcf8616800, 0x000001fcf861b6f0,
0x000001fcf86310a0, 0x000001fcf7de2370, 0x000001fcf8e3c4c0, 0x000001fcf8e3c990,
0x000001fcf930c420, 0x000001fcf9ba35e0, 0x000001fcf97d7760, 0x000001fcf92dbe40,
0x000001fcf92e2b30
}

Java Threads: ( => current thread )
  0x000001fcd47d46d0 JavaThread "main" [_thread_blocked, id=7048, stack(0x000000aeb9800000,0x000000aeb9900000)]
  0x000001fcf7dfacf0 JavaThread "Reference Handler" daemon [_thread_blocked, id=15600, stack(0x000000aeb9f00000,0x000000aeba000000)]
  0x000001fcf7dfce60 JavaThread "Finalizer" daemon [_thread_blocked, id=8292, stack(0x000000aeba000000,0x000000aeba100000)]
  0x000001fcf8610fd0 JavaThread "Signal Dispatcher" daemon [_thread_blocked, id=9032, stack(0x000000aeba100000,0x000000aeba200000)]
  0x000001fcf86139a0 JavaThread "Attach Listener" daemon [_thread_blocked, id=9796, stack(0x000000aeba200000,0x000000aeba300000)]
  0x000001fcf8614b00 JavaThread "Service Thread" daemon [_thread_blocked, id=6188, stack(0x000000aeba300000,0x000000aeba400000)]
  0x000001fcf8616800 JavaThread "C2 CompilerThread0" daemon [_thread_blocked, id=9800, stack(0x000000aeba400000,0x000000aeba500000)]
  0x000001fcf861b6f0 JavaThread "C1 CompilerThread0" daemon [_thread_blocked, id=5284, stack(0x000000aeba500000,0x000000aeba600000)]
  0x000001fcf86310a0 JavaThread "Sweeper thread" daemon [_thread_blocked, id=17596, stack(0x000000aeba600000,0x000000aeba700000)]
  0x000001fcf7de2370 JavaThread "Common-Cleaner" daemon [_thread_blocked, id=5600, stack(0x000000aeba700000,0x000000aeba800000)]
  0x000001fcf8e3c4c0 JavaThread "Monitor Ctrl-Break" daemon [_thread_in_native, id=17376, stack(0x000000aebaa00000,0x000000aebab00000)]
  0x000001fcf8e3c990 JavaThread "Notification Thread" daemon [_thread_blocked, id=16880, stack(0x000000aebab00000,0x000000aebac00000)]
  0x000001fcf930c420 JavaThread "QuantumRenderer-0" daemon [_thread_blocked, id=14920, stack(0x000000aebad00000,0x000000aebae00000)]
  0x000001fcf9ba35e0 JavaThread "InvokeLaterDispatcher" daemon [_thread_blocked, id=14796, stack(0x000000aebae00000,0x000000aebaf00000)]
=>0x000001fcf97d7760 JavaThread "JavaFX Application Thread" [_thread_in_Java, id=17800, stack(0x000000aebaf00000,0x000000aebb000000)]
  0x000001fcf92dbe40 JavaThread "JavaFX-Launcher" [_thread_blocked, id=15920, stack(0x000000aebb400000,0x000000aebb500000)]
  0x000001fcf92e2b30 JavaThread "Thread-2" daemon [_thread_in_native, id=15268, stack(0x000000aebb300000,0x000000aebb400000)]

Other Threads:
  0x000001fcf7df89c0 VMThread "VM Thread" [stack: 0x000000aeb9e00000,0x000000aeb9f00000] [id=9380]
  0x000001fcf90e3400 WatcherThread [stack: 0x000000aebac00000,0x000000aebad00000] [id=17044]
  0x000001fcd4821b30 GCTaskThread "GC Thread#0" [stack: 0x000000aeb9900000,0x000000aeb9a00000] [id=15820]
  0x000001fcf8fe97a0 GCTaskThread "GC Thread#1" [stack: 0x000000aebb500000,0x000000aebb600000] [id=4704]
  0x000001fcf8fe87b0 GCTaskThread "GC Thread#2" [stack: 0x000000aebb600000,0x000000aebb700000] [id=15748]
  0x000001fcf94a9e20 GCTaskThread "GC Thread#3" [stack: 0x000000aebb700000,0x000000aebb800000] [id=13108]
  0x000001fcf94aa150 GCTaskThread "GC Thread#4" [stack: 0x000000aebb800000,0x000000aebb900000] [id=11616]
  0x000001fcf94ac790 GCTaskThread "GC Thread#5" [stack: 0x000000aebb900000,0x000000aebba00000] [id=13456]
  0x000001fcd4834a00 ConcurrentGCThread "G1 Main Marker" [stack: 0x000000aeb9a00000,0x000000aeb9b00000] [id=3092]
  0x000001fcd4835d20 ConcurrentGCThread "G1 Conc#0" [stack: 0x000000aeb9b00000,0x000000aeb9c00000] [id=17832]
  0x000001fcf7c824d0 ConcurrentGCThread "G1 Refine#0" [stack: 0x000000aeb9c00000,0x000000aeb9d00000] [id=7236]
  0x000001fcf7c82ee0 ConcurrentGCThread "G1 Young RemSet Sampling" [stack: 0x000000aeb9d00000,0x000000aeb9e00000] [id=13972]

Threads with active compile tasks:

VM state: not at safepoint (normal execution)

VM Mutex/Monitor currently owned by a thread: None

Heap address: 0x0000000703200000, size: 4046 MB, Compressed Oops mode: Zero based, Oop shift amount: 3
CDS archive(s) mapped at: [0x0000000800000000-0x0000000800b50000-0x0000000800b50000), size 11862016, SharedBaseAddress: 0x0000000800000000, ArchiveRelocationMode: 0.
Compressed class space mapped at: 0x0000000800b50000-0x0000000840b50000, size: 1073741824
Narrow klass base: 0x0000000800000000, Narrow klass shift: 3, Narrow klass range: 0x100000000

GC Precious Log:
 CPUs: 8 total, 8 available
 Memory: 16180M
 Large Page Support: Disabled
 NUMA Support: Disabled
 Compressed Oops: Enabled (Zero based)
 Heap Region Size: 2M
 Heap Min Capacity: 8M
 Heap Initial Capacity: 254M
 Heap Max Capacity: 4046M
 Pre-touch: Disabled
 Parallel Workers: 8
 Concurrent Workers: 2
 Concurrent Refinement Workers: 8
 Periodic GC: Disabled

Heap:
 garbage-first heap   total 260096K, used 13274K [0x0000000703200000, 0x0000000800000000)
  region size 2048K, 8 young (16384K), 2 survivors (4096K)
 Metaspace       used 8387K, capacity 10491K, committed 10752K, reserved 1058816K
  class space    used 1029K, capacity 1251K, committed 1280K, reserved 1048576K

Heap Regions: E=young(eden), S=young(survivor), O=old, HS=humongous(starts), HC=humongous(continues), CS=collection set, F=free, OA=open archive, CA=closed archive, TAMS=top-at-mark-start (previous, next)
|   0|0x0000000703200000, 0x0000000703200000, 0x0000000703400000|  0%| F|  |TAMS 0x0000000703200000, 0x0000000703200000| Untracked 
|   1|0x0000000703400000, 0x0000000703400000, 0x0000000703600000|  0%| F|  |TAMS 0x0000000703400000, 0x0000000703400000| Untracked 
|   2|0x0000000703600000, 0x0000000703600000, 0x0000000703800000|  0%| F|  |TAMS 0x0000000703600000, 0x0000000703600000| Untracked 
|   3|0x0000000703800000, 0x0000000703800000, 0x0000000703a00000|  0%| F|  |TAMS 0x0000000703800000, 0x0000000703800000| Untracked 
|   4|0x0000000703a00000, 0x0000000703a00000, 0x0000000703c00000|  0%| F|  |TAMS 0x0000000703a00000, 0x0000000703a00000| Untracked 
|   5|0x0000000703c00000, 0x0000000703c00000, 0x0000000703e00000|  0%| F|  |TAMS 0x0000000703c00000, 0x0000000703c00000| Untracked 
|   6|0x0000000703e00000, 0x0000000703e00000, 0x0000000704000000|  0%| F|  |TAMS 0x0000000703e00000, 0x0000000703e00000| Untracked 
|   7|0x0000000704000000, 0x0000000704000000, 0x0000000704200000|  0%| F|  |TAMS 0x0000000704000000, 0x0000000704000000| Untracked 
|   8|0x0000000704200000, 0x0000000704200000, 0x0000000704400000|  0%| F|  |TAMS 0x0000000704200000, 0x0000000704200000| Untracked 
|   9|0x0000000704400000, 0x0000000704400000, 0x0000000704600000|  0%| F|  |TAMS 0x0000000704400000, 0x0000000704400000| Untracked 
|  10|0x0000000704600000, 0x0000000704600000, 0x0000000704800000|  0%| F|  |TAMS 0x0000000704600000, 0x0000000704600000| Untracked 
|  11|0x0000000704800000, 0x0000000704800000, 0x0000000704a00000|  0%| F|  |TAMS 0x0000000704800000, 0x0000000704800000| Untracked 
|  12|0x0000000704a00000, 0x0000000704a00000, 0x0000000704c00000|  0%| F|  |TAMS 0x0000000704a00000, 0x0000000704a00000| Untracked 
|  13|0x0000000704c00000, 0x0000000704c00000, 0x0000000704e00000|  0%| F|  |TAMS 0x0000000704c00000, 0x0000000704c00000| Untracked 
|  14|0x0000000704e00000, 0x0000000704e00000, 0x0000000705000000|  0%| F|  |TAMS 0x0000000704e00000, 0x0000000704e00000| Untracked 
|  15|0x0000000705000000, 0x0000000705000000, 0x0000000705200000|  0%| F|  |TAMS 0x0000000705000000, 0x0000000705000000| Untracked 
|  16|0x0000000705200000, 0x0000000705200000, 0x0000000705400000|  0%| F|  |TAMS 0x0000000705200000, 0x0000000705200000| Untracked 
|  17|0x0000000705400000, 0x0000000705400000, 0x0000000705600000|  0%| F|  |TAMS 0x0000000705400000, 0x0000000705400000| Untracked 
|  18|0x0000000705600000, 0x0000000705600000, 0x0000000705800000|  0%| F|  |TAMS 0x0000000705600000, 0x0000000705600000| Untracked 
|  19|0x0000000705800000, 0x0000000705800000, 0x0000000705a00000|  0%| F|  |TAMS 0x0000000705800000, 0x0000000705800000| Untracked 
|  20|0x0000000705a00000, 0x0000000705a00000, 0x0000000705c00000|  0%| F|  |TAMS 0x0000000705a00000, 0x0000000705a00000| Untracked 
|  21|0x0000000705c00000, 0x0000000705c00000, 0x0000000705e00000|  0%| F|  |TAMS 0x0000000705c00000, 0x0000000705c00000| Untracked 
|  22|0x0000000705e00000, 0x0000000705e00000, 0x0000000706000000|  0%| F|  |TAMS 0x0000000705e00000, 0x0000000705e00000| Untracked 
|  23|0x0000000706000000, 0x0000000706000000, 0x0000000706200000|  0%| F|  |TAMS 0x0000000706000000, 0x0000000706000000| Untracked 
|  24|0x0000000706200000, 0x0000000706200000, 0x0000000706400000|  0%| F|  |TAMS 0x0000000706200000, 0x0000000706200000| Untracked 
|  25|0x0000000706400000, 0x0000000706400000, 0x0000000706600000|  0%| F|  |TAMS 0x0000000706400000, 0x0000000706400000| Untracked 
|  26|0x0000000706600000, 0x0000000706600000, 0x0000000706800000|  0%| F|  |TAMS 0x0000000706600000, 0x0000000706600000| Untracked 
|  27|0x0000000706800000, 0x0000000706800000, 0x0000000706a00000|  0%| F|  |TAMS 0x0000000706800000, 0x0000000706800000| Untracked 
|  28|0x0000000706a00000, 0x0000000706a00000, 0x0000000706c00000|  0%| F|  |TAMS 0x0000000706a00000, 0x0000000706a00000| Untracked 
|  29|0x0000000706c00000, 0x0000000706c00000, 0x0000000706e00000|  0%| F|  |TAMS 0x0000000706c00000, 0x0000000706c00000| Untracked 
|  30|0x0000000706e00000, 0x0000000706e00000, 0x0000000707000000|  0%| F|  |TAMS 0x0000000706e00000, 0x0000000706e00000| Untracked 
|  31|0x0000000707000000, 0x0000000707000000, 0x0000000707200000|  0%| F|  |TAMS 0x0000000707000000, 0x0000000707000000| Untracked 
|  32|0x0000000707200000, 0x0000000707200000, 0x0000000707400000|  0%| F|  |TAMS 0x0000000707200000, 0x0000000707200000| Untracked 
|  33|0x0000000707400000, 0x0000000707400000, 0x0000000707600000|  0%| F|  |TAMS 0x0000000707400000, 0x0000000707400000| Untracked 
|  34|0x0000000707600000, 0x0000000707600000, 0x0000000707800000|  0%| F|  |TAMS 0x0000000707600000, 0x0000000707600000| Untracked 
|  35|0x0000000707800000, 0x0000000707800000, 0x0000000707a00000|  0%| F|  |TAMS 0x0000000707800000, 0x0000000707800000| Untracked 
|  36|0x0000000707a00000, 0x0000000707a00000, 0x0000000707c00000|  0%| F|  |TAMS 0x0000000707a00000, 0x0000000707a00000| Untracked 
|  37|0x0000000707c00000, 0x0000000707c00000, 0x0000000707e00000|  0%| F|  |TAMS 0x0000000707c00000, 0x0000000707c00000| Untracked 
|  38|0x0000000707e00000, 0x0000000707e00000, 0x0000000708000000|  0%| F|  |TAMS 0x0000000707e00000, 0x0000000707e00000| Untracked 
|  39|0x0000000708000000, 0x0000000708000000, 0x0000000708200000|  0%| F|  |TAMS 0x0000000708000000, 0x0000000708000000| Untracked 
|  40|0x0000000708200000, 0x0000000708200000, 0x0000000708400000|  0%| F|  |TAMS 0x0000000708200000, 0x0000000708200000| Untracked 
|  41|0x0000000708400000, 0x0000000708400000, 0x0000000708600000|  0%| F|  |TAMS 0x0000000708400000, 0x0000000708400000| Untracked 
|  42|0x0000000708600000, 0x0000000708600000, 0x0000000708800000|  0%| F|  |TAMS 0x0000000708600000, 0x0000000708600000| Untracked 
|  43|0x0000000708800000, 0x0000000708800000, 0x0000000708a00000|  0%| F|  |TAMS 0x0000000708800000, 0x0000000708800000| Untracked 
|  44|0x0000000708a00000, 0x0000000708a00000, 0x0000000708c00000|  0%| F|  |TAMS 0x0000000708a00000, 0x0000000708a00000| Untracked 
|  45|0x0000000708c00000, 0x0000000708c00000, 0x0000000708e00000|  0%| F|  |TAMS 0x0000000708c00000, 0x0000000708c00000| Untracked 
|  46|0x0000000708e00000, 0x0000000708e00000, 0x0000000709000000|  0%| F|  |TAMS 0x0000000708e00000, 0x0000000708e00000| Untracked 
|  47|0x0000000709000000, 0x0000000709000000, 0x0000000709200000|  0%| F|  |TAMS 0x0000000709000000, 0x0000000709000000| Untracked 
|  48|0x0000000709200000, 0x0000000709200000, 0x0000000709400000|  0%| F|  |TAMS 0x0000000709200000, 0x0000000709200000| Untracked 
|  49|0x0000000709400000, 0x0000000709400000, 0x0000000709600000|  0%| F|  |TAMS 0x0000000709400000, 0x0000000709400000| Untracked 
|  50|0x0000000709600000, 0x0000000709600000, 0x0000000709800000|  0%| F|  |TAMS 0x0000000709600000, 0x0000000709600000| Untracked 
|  51|0x0000000709800000, 0x0000000709800000, 0x0000000709a00000|  0%| F|  |TAMS 0x0000000709800000, 0x0000000709800000| Untracked 
|  52|0x0000000709a00000, 0x0000000709a00000, 0x0000000709c00000|  0%| F|  |TAMS 0x0000000709a00000, 0x0000000709a00000| Untracked 
|  53|0x0000000709c00000, 0x0000000709c00000, 0x0000000709e00000|  0%| F|  |TAMS 0x0000000709c00000, 0x0000000709c00000| Untracked 
|  54|0x0000000709e00000, 0x0000000709e00000, 0x000000070a000000|  0%| F|  |TAMS 0x0000000709e00000, 0x0000000709e00000| Untracked 
|  55|0x000000070a000000, 0x000000070a000000, 0x000000070a200000|  0%| F|  |TAMS 0x000000070a000000, 0x000000070a000000| Untracked 
|  56|0x000000070a200000, 0x000000070a200000, 0x000000070a400000|  0%| F|  |TAMS 0x000000070a200000, 0x000000070a200000| Untracked 
|  57|0x000000070a400000, 0x000000070a400000, 0x000000070a600000|  0%| F|  |TAMS 0x000000070a400000, 0x000000070a400000| Untracked 
|  58|0x000000070a600000, 0x000000070a600000, 0x000000070a800000|  0%| F|  |TAMS 0x000000070a600000, 0x000000070a600000| Untracked 
|  59|0x000000070a800000, 0x000000070a800000, 0x000000070aa00000|  0%| F|  |TAMS 0x000000070a800000, 0x000000070a800000| Untracked 
|  60|0x000000070aa00000, 0x000000070aa00000, 0x000000070ac00000|  0%| F|  |TAMS 0x000000070aa00000, 0x000000070aa00000| Untracked 
|  61|0x000000070ac00000, 0x000000070ac00000, 0x000000070ae00000|  0%| F|  |TAMS 0x000000070ac00000, 0x000000070ac00000| Untracked 
|  62|0x000000070ae00000, 0x000000070ae00000, 0x000000070b000000|  0%| F|  |TAMS 0x000000070ae00000, 0x000000070ae00000| Untracked 
|  63|0x000000070b000000, 0x000000070b000000, 0x000000070b200000|  0%| F|  |TAMS 0x000000070b000000, 0x000000070b000000| Untracked 
|  64|0x000000070b200000, 0x000000070b200000, 0x000000070b400000|  0%| F|  |TAMS 0x000000070b200000, 0x000000070b200000| Untracked 
|  65|0x000000070b400000, 0x000000070b400000, 0x000000070b600000|  0%| F|  |TAMS 0x000000070b400000, 0x000000070b400000| Untracked 
|  66|0x000000070b600000, 0x000000070b600000, 0x000000070b800000|  0%| F|  |TAMS 0x000000070b600000, 0x000000070b600000| Untracked 
|  67|0x000000070b800000, 0x000000070b800000, 0x000000070ba00000|  0%| F|  |TAMS 0x000000070b800000, 0x000000070b800000| Untracked 
|  68|0x000000070ba00000, 0x000000070ba00000, 0x000000070bc00000|  0%| F|  |TAMS 0x000000070ba00000, 0x000000070ba00000| Untracked 
|  69|0x000000070bc00000, 0x000000070bc00000, 0x000000070be00000|  0%| F|  |TAMS 0x000000070bc00000, 0x000000070bc00000| Untracked 
|  70|0x000000070be00000, 0x000000070be00000, 0x000000070c000000|  0%| F|  |TAMS 0x000000070be00000, 0x000000070be00000| Untracked 
|  71|0x000000070c000000, 0x000000070c000000, 0x000000070c200000|  0%| F|  |TAMS 0x000000070c000000, 0x000000070c000000| Untracked 
|  72|0x000000070c200000, 0x000000070c200000, 0x000000070c400000|  0%| F|  |TAMS 0x000000070c200000, 0x000000070c200000| Untracked 
|  73|0x000000070c400000, 0x000000070c400000, 0x000000070c600000|  0%| F|  |TAMS 0x000000070c400000, 0x000000070c400000| Untracked 
|  74|0x000000070c600000, 0x000000070c600000, 0x000000070c800000|  0%| F|  |TAMS 0x000000070c600000, 0x000000070c600000| Untracked 
|  75|0x000000070c800000, 0x000000070c800000, 0x000000070ca00000|  0%| F|  |TAMS 0x000000070c800000, 0x000000070c800000| Untracked 
|  76|0x000000070ca00000, 0x000000070ca00000, 0x000000070cc00000|  0%| F|  |TAMS 0x000000070ca00000, 0x000000070ca00000| Untracked 
|  77|0x000000070cc00000, 0x000000070cc00000, 0x000000070ce00000|  0%| F|  |TAMS 0x000000070cc00000, 0x000000070cc00000| Untracked 
|  78|0x000000070ce00000, 0x000000070ce00000, 0x000000070d000000|  0%| F|  |TAMS 0x000000070ce00000, 0x000000070ce00000| Untracked 
|  79|0x000000070d000000, 0x000000070d000000, 0x000000070d200000|  0%| F|  |TAMS 0x000000070d000000, 0x000000070d000000| Untracked 
|  80|0x000000070d200000, 0x000000070d200000, 0x000000070d400000|  0%| F|  |TAMS 0x000000070d200000, 0x000000070d200000| Untracked 
|  81|0x000000070d400000, 0x000000070d400000, 0x000000070d600000|  0%| F|  |TAMS 0x000000070d400000, 0x000000070d400000| Untracked 
|  82|0x000000070d600000, 0x000000070d600000, 0x000000070d800000|  0%| F|  |TAMS 0x000000070d600000, 0x000000070d600000| Untracked 
|  83|0x000000070d800000, 0x000000070d800000, 0x000000070da00000|  0%| F|  |TAMS 0x000000070d800000, 0x000000070d800000| Untracked 
|  84|0x000000070da00000, 0x000000070da00000, 0x000000070dc00000|  0%| F|  |TAMS 0x000000070da00000, 0x000000070da00000| Untracked 
|  85|0x000000070dc00000, 0x000000070dc00000, 0x000000070de00000|  0%| F|  |TAMS 0x000000070dc00000, 0x000000070dc00000| Untracked 
|  86|0x000000070de00000, 0x000000070de00000, 0x000000070e000000|  0%| F|  |TAMS 0x000000070de00000, 0x000000070de00000| Untracked 
|  87|0x000000070e000000, 0x000000070e000000, 0x000000070e200000|  0%| F|  |TAMS 0x000000070e000000, 0x000000070e000000| Untracked 
|  88|0x000000070e200000, 0x000000070e200000, 0x000000070e400000|  0%| F|  |TAMS 0x000000070e200000, 0x000000070e200000| Untracked 
|  89|0x000000070e400000, 0x000000070e400000, 0x000000070e600000|  0%| F|  |TAMS 0x000000070e400000, 0x000000070e400000| Untracked 
|  90|0x000000070e600000, 0x000000070e600000, 0x000000070e800000|  0%| F|  |TAMS 0x000000070e600000, 0x000000070e600000| Untracked 
|  91|0x000000070e800000, 0x000000070e800000, 0x000000070ea00000|  0%| F|  |TAMS 0x000000070e800000, 0x000000070e800000| Untracked 
|  92|0x000000070ea00000, 0x000000070ea00000, 0x000000070ec00000|  0%| F|  |TAMS 0x000000070ea00000, 0x000000070ea00000| Untracked 
|  93|0x000000070ec00000, 0x000000070ec00000, 0x000000070ee00000|  0%| F|  |TAMS 0x000000070ec00000, 0x000000070ec00000| Untracked 
|  94|0x000000070ee00000, 0x000000070ee00000, 0x000000070f000000|  0%| F|  |TAMS 0x000000070ee00000, 0x000000070ee00000| Untracked 
|  95|0x000000070f000000, 0x000000070f000000, 0x000000070f200000|  0%| F|  |TAMS 0x000000070f000000, 0x000000070f000000| Untracked 
|  96|0x000000070f200000, 0x000000070f200000, 0x000000070f400000|  0%| F|  |TAMS 0x000000070f200000, 0x000000070f200000| Untracked 
|  97|0x000000070f400000, 0x000000070f400000, 0x000000070f600000|  0%| F|  |TAMS 0x000000070f400000, 0x000000070f400000| Untracked 
|  98|0x000000070f600000, 0x000000070f600000, 0x000000070f800000|  0%| F|  |TAMS 0x000000070f600000, 0x000000070f600000| Untracked 
|  99|0x000000070f800000, 0x000000070f800000, 0x000000070fa00000|  0%| F|  |TAMS 0x000000070f800000, 0x000000070f800000| Untracked 
| 100|0x000000070fa00000, 0x000000070fa00000, 0x000000070fc00000|  0%| F|  |TAMS 0x000000070fa00000, 0x000000070fa00000| Untracked 
| 101|0x000000070fc00000, 0x000000070fc00000, 0x000000070fe00000|  0%| F|  |TAMS 0x000000070fc00000, 0x000000070fc00000| Untracked 
| 102|0x000000070fe00000, 0x000000070fe00000, 0x0000000710000000|  0%| F|  |TAMS 0x000000070fe00000, 0x000000070fe00000| Untracked 
| 103|0x0000000710000000, 0x0000000710000000, 0x0000000710200000|  0%| F|  |TAMS 0x0000000710000000, 0x0000000710000000| Untracked 
| 104|0x0000000710200000, 0x0000000710200000, 0x0000000710400000|  0%| F|  |TAMS 0x0000000710200000, 0x0000000710200000| Untracked 
| 105|0x0000000710400000, 0x0000000710400000, 0x0000000710600000|  0%| F|  |TAMS 0x0000000710400000, 0x0000000710400000| Untracked 
| 106|0x0000000710600000, 0x0000000710600000, 0x0000000710800000|  0%| F|  |TAMS 0x0000000710600000, 0x0000000710600000| Untracked 
| 107|0x0000000710800000, 0x0000000710800000, 0x0000000710a00000|  0%| F|  |TAMS 0x0000000710800000, 0x0000000710800000| Untracked 
| 108|0x0000000710a00000, 0x0000000710a00000, 0x0000000710c00000|  0%| F|  |TAMS 0x0000000710a00000, 0x0000000710a00000| Untracked 
| 109|0x0000000710c00000, 0x0000000710c00000, 0x0000000710e00000|  0%| F|  |TAMS 0x0000000710c00000, 0x0000000710c00000| Untracked 
| 110|0x0000000710e00000, 0x0000000710e00000, 0x0000000711000000|  0%| F|  |TAMS 0x0000000710e00000, 0x0000000710e00000| Untracked 
| 111|0x0000000711000000, 0x0000000711000000, 0x0000000711200000|  0%| F|  |TAMS 0x0000000711000000, 0x0000000711000000| Untracked 
| 112|0x0000000711200000, 0x0000000711200000, 0x0000000711400000|  0%| F|  |TAMS 0x0000000711200000, 0x0000000711200000| Untracked 
| 113|0x0000000711400000, 0x0000000711400000, 0x0000000711600000|  0%| F|  |TAMS 0x0000000711400000, 0x0000000711400000| Untracked 
| 114|0x0000000711600000, 0x00000007116f6aa8, 0x0000000711800000| 48%| S|CS|TAMS 0x0000000711600000, 0x0000000711600000| Complete 
| 115|0x0000000711800000, 0x0000000711a00000, 0x0000000711a00000|100%| S|CS|TAMS 0x0000000711800000, 0x0000000711800000| Complete 
| 116|0x0000000711a00000, 0x0000000711a00000, 0x0000000711c00000|  0%| F|  |TAMS 0x0000000711a00000, 0x0000000711a00000| Untracked 
| 117|0x0000000711c00000, 0x0000000711c00000, 0x0000000711e00000|  0%| F|  |TAMS 0x0000000711c00000, 0x0000000711c00000| Untracked 
| 118|0x0000000711e00000, 0x0000000711e00000, 0x0000000712000000|  0%| F|  |TAMS 0x0000000711e00000, 0x0000000711e00000| Untracked 
| 119|0x0000000712000000, 0x0000000712000000, 0x0000000712200000|  0%| F|  |TAMS 0x0000000712000000, 0x0000000712000000| Untracked 
| 120|0x0000000712200000, 0x0000000712200000, 0x0000000712400000|  0%| F|  |TAMS 0x0000000712200000, 0x0000000712200000| Untracked 
| 121|0x0000000712400000, 0x00000007124d8390, 0x0000000712600000| 42%| E|  |TAMS 0x0000000712400000, 0x0000000712400000| Complete 
| 122|0x0000000712600000, 0x0000000712800000, 0x0000000712800000|100%| E|CS|TAMS 0x0000000712600000, 0x0000000712600000| Complete 
| 123|0x0000000712800000, 0x0000000712a00000, 0x0000000712a00000|100%| E|CS|TAMS 0x0000000712800000, 0x0000000712800000| Complete 
| 124|0x0000000712a00000, 0x0000000712c00000, 0x0000000712c00000|100%| E|CS|TAMS 0x0000000712a00000, 0x0000000712a00000| Complete 
| 125|0x0000000712c00000, 0x0000000712e00000, 0x0000000712e00000|100%| E|CS|TAMS 0x0000000712c00000, 0x0000000712c00000| Complete 
| 126|0x0000000712e00000, 0x0000000713000000, 0x0000000713000000|100%| E|CS|TAMS 0x0000000712e00000, 0x0000000712e00000| Complete 

Card table byte_map: [0x000001fcec520000,0x000001fcecd10000] _byte_map_base: 0x000001fce8d07000

Marking Bits (Prev, Next): (CMBitMap*) 0x000001fcd48242d0, (CMBitMap*) 0x000001fcd4824310
 Prev Bits: [0x000001fced500000, 0x000001fcf1438000)
 Next Bits: [0x000001fcf1440000, 0x000001fcf5378000)

Polling page: 0x000001fcd2610000

Metaspace:

Usage:
  Non-class:      9.02 MB capacity,     7.19 MB ( 80%) used,     1.83 MB ( 20%) free+waste,    13.13 KB ( <1%) overhead. 
      Class:      1.22 MB capacity,     1.01 MB ( 82%) used,   215.86 KB ( 17%) free+waste,     5.50 KB ( <1%) overhead. 
       Both:     10.25 MB capacity,     8.19 MB ( 80%) used,     2.04 MB ( 20%) free+waste,    18.63 KB ( <1%) overhead. 

Virtual space:
  Non-class space:       10.00 MB reserved,       9.25 MB ( 93%) committed 
      Class space:        1.00 GB reserved,       1.25 MB ( <1%) committed 
             Both:        1.01 GB reserved,      10.50 MB (  1%) committed 

Chunk freelists:
   Non-Class:  40.00 KB
       Class:  29.00 KB
        Both:  69.00 KB

MaxMetaspaceSize: 17179869184.00 GB
CompressedClassSpaceSize: 1.00 GB

CodeHeap 'non-profiled nmethods': size=120000Kb used=429Kb max_used=429Kb free=119570Kb
 bounds [0x000001fce44d0000, 0x000001fce4740000, 0x000001fceba00000]
CodeHeap 'profiled nmethods': size=120000Kb used=2229Kb max_used=2229Kb free=117770Kb
 bounds [0x000001fcdcfa0000, 0x000001fcdd210000, 0x000001fce44d0000]
CodeHeap 'non-nmethods': size=5760Kb used=1346Kb max_used=1370Kb free=4413Kb
 bounds [0x000001fcdca00000, 0x000001fcdcc70000, 0x000001fcdcfa0000]
 total_blobs=1982 nmethods=1330 adapters=565
 compilation: enabled
              stopped_count=0, restarted_count=0
 full_count=0

Compilation events (20 events):
Event: 12.639 Thread 0x000001fcf8616800 1322       4       com.sun.javafx.sg.prism.GrowableDataBuffer::getInt (102 bytes)
Event: 12.642 Thread 0x000001fcf8616800 nmethod 1322 0x000001fce4539490 code [0x000001fce4539620, 0x000001fce4539758]
Event: 13.101 Thread 0x000001fcf8616800 1323       4       java.util.RegularEnumSet::isEmpty (15 bytes)
Event: 13.101 Thread 0x000001fcf861b6f0 1324       3       com.sun.javafx.geom.RectBounds::getBoundsType (4 bytes)
Event: 13.102 Thread 0x000001fcf8616800 nmethod 1323 0x000001fce4539890 code [0x000001fce4539a00, 0x000001fce4539a78]
Event: 13.102 Thread 0x000001fcf861b6f0 nmethod 1324 0x000001fcdd1cd410 code [0x000001fcdd1cd5a0, 0x000001fcdd1cd6b8]
Event: 14.492 Thread 0x000001fcf8616800 1325       4       Neighbours::satisfied (112 bytes)
Event: 14.492 Thread 0x000001fcf861b6f0 1326       1       com.sun.javafx.geom.transform.BaseTransform::getMxx (2 bytes)
Event: 14.492 Thread 0x000001fcf861b6f0 nmethod 1326 0x000001fce4539b90 code [0x000001fce4539d40, 0x000001fce4539df8]
Event: 14.492 Thread 0x000001fcf861b6f0 1327       1       com.sun.javafx.geom.transform.BaseTransform::getMxy (2 bytes)
Event: 14.492 Thread 0x000001fcf861b6f0 nmethod 1327 0x000001fce4539e90 code [0x000001fce453a020, 0x000001fce453a0d8]
Event: 14.492 Thread 0x000001fcf861b6f0 1328       1       com.sun.javafx.geom.transform.BaseTransform::getMxt (2 bytes)
Event: 14.492 Thread 0x000001fcf861b6f0 nmethod 1328 0x000001fce453a190 code [0x000001fce453a320, 0x000001fce453a3d8]
Event: 14.492 Thread 0x000001fcf861b6f0 1329       1       com.sun.javafx.geom.transform.BaseTransform::getMyx (2 bytes)
Event: 14.492 Thread 0x000001fcf861b6f0 nmethod 1329 0x000001fce453a490 code [0x000001fce453a620, 0x000001fce453a6d8]
Event: 14.492 Thread 0x000001fcf861b6f0 1330       1       com.sun.javafx.geom.transform.BaseTransform::getMyy (2 bytes)
Event: 14.492 Thread 0x000001fcf861b6f0 nmethod 1330 0x000001fce453a790 code [0x000001fce453a940, 0x000001fce453a9f8]
Event: 14.492 Thread 0x000001fcf861b6f0 1331       1       com.sun.javafx.geom.transform.BaseTransform::getMyt (2 bytes)
Event: 14.492 Thread 0x000001fcf861b6f0 nmethod 1331 0x000001fce453aa90 code [0x000001fce453ac20, 0x000001fce453acd8]
Event: 14.495 Thread 0x000001fcf8616800 nmethod 1325 0x000001fce453ad90 code [0x000001fce453af20, 0x000001fce453b298]

GC Heap History (2 events):
Event: 0.463 GC heap before
{Heap before GC invocations=0 (full 0):
 garbage-first heap   total 260096K, used 22528K [0x0000000703200000, 0x0000000800000000)
  region size 2048K, 11 young (22528K), 0 survivors (0K)
 Metaspace       used 5449K, capacity 8149K, committed 8448K, reserved 1056768K
  class space    used 664K, capacity 922K, committed 1024K, reserved 1048576K
}
Event: 0.465 GC heap after
{Heap after GC invocations=1 (full 0):
 garbage-first heap   total 260096K, used 3034K [0x0000000703200000, 0x0000000800000000)
  region size 2048K, 2 young (4096K), 2 survivors (4096K)
 Metaspace       used 5449K, capacity 8149K, committed 8448K, reserved 1056768K
  class space    used 664K, capacity 922K, committed 1024K, reserved 1048576K
}

Deoptimization events (20 events):
Event: 0.475 Thread 0x000001fcf97d7760 Uncommon trap: trap_request=0xffffffde fr.pc=0x000001fce45175c8 relative=0x0000000000000128
Event: 0.475 Thread 0x000001fcf97d7760 Uncommon trap: reason=class_check action=maybe_recompile pc=0x000001fce45175c8 method=jdk.internal.misc.Unsafe.allocateUninitializedArray(Ljava/lang/Class;I)Ljava/lang/Object; @ 51 c2
Event: 0.475 Thread 0x000001fcf97d7760 DEOPT PACKING pc=0x000001fce45175c8 sp=0x000000aebaffd430
Event: 0.475 Thread 0x000001fcf97d7760 DEOPT UNPACKING pc=0x000001fcdca4e42f sp=0x000000aebaffd3b8 mode 2
Event: 0.475 Thread 0x000001fcf97d7760 Uncommon trap: trap_request=0xffffffde fr.pc=0x000001fce45175c8 relative=0x0000000000000128
Event: 0.475 Thread 0x000001fcf97d7760 Uncommon trap: reason=class_check action=maybe_recompile pc=0x000001fce45175c8 method=jdk.internal.misc.Unsafe.allocateUninitializedArray(Ljava/lang/Class;I)Ljava/lang/Object; @ 51 c2
Event: 0.475 Thread 0x000001fcf97d7760 DEOPT PACKING pc=0x000001fce45175c8 sp=0x000000aebaffd430
Event: 0.475 Thread 0x000001fcf97d7760 DEOPT UNPACKING pc=0x000001fcdca4e42f sp=0x000000aebaffd3b8 mode 2
Event: 0.475 Thread 0x000001fcf97d7760 Uncommon trap: trap_request=0xffffffde fr.pc=0x000001fce45175c8 relative=0x0000000000000128
Event: 0.475 Thread 0x000001fcf97d7760 Uncommon trap: reason=class_check action=maybe_recompile pc=0x000001fce45175c8 method=jdk.internal.misc.Unsafe.allocateUninitializedArray(Ljava/lang/Class;I)Ljava/lang/Object; @ 51 c2
Event: 0.475 Thread 0x000001fcf97d7760 DEOPT PACKING pc=0x000001fce45175c8 sp=0x000000aebaffd4b0
Event: 0.475 Thread 0x000001fcf97d7760 DEOPT UNPACKING pc=0x000001fcdca4e42f sp=0x000000aebaffd438 mode 2
Event: 0.475 Thread 0x000001fcf97d7760 Uncommon trap: trap_request=0xffffffde fr.pc=0x000001fce45175c8 relative=0x0000000000000128
Event: 0.475 Thread 0x000001fcf97d7760 Uncommon trap: reason=class_check action=maybe_recompile pc=0x000001fce45175c8 method=jdk.internal.misc.Unsafe.allocateUninitializedArray(Ljava/lang/Class;I)Ljava/lang/Object; @ 51 c2
Event: 0.475 Thread 0x000001fcf97d7760 DEOPT PACKING pc=0x000001fce45175c8 sp=0x000000aebaffd3b0
Event: 0.475 Thread 0x000001fcf97d7760 DEOPT UNPACKING pc=0x000001fcdca4e42f sp=0x000000aebaffd338 mode 2
Event: 0.503 Thread 0x000001fcf97d7760 Uncommon trap: trap_request=0xffffff45 fr.pc=0x000001fce44f16b4 relative=0x0000000000000034
Event: 0.503 Thread 0x000001fcf97d7760 Uncommon trap: reason=unstable_if action=reinterpret pc=0x000001fce44f16b4 method=java.lang.StringLatin1.canEncode(I)Z @ 4 c2
Event: 0.503 Thread 0x000001fcf97d7760 DEOPT PACKING pc=0x000001fce44f16b4 sp=0x000000aebaffbb50
Event: 0.503 Thread 0x000001fcf97d7760 DEOPT UNPACKING pc=0x000001fcdca4e42f sp=0x000000aebaffbae0 mode 2

Classes unloaded (0 events):
No events

Classes redefined (0 events):
No events

Internal exceptions (20 events):
Event: 0.156 Thread 0x000001fcf8e3c4c0 Exception <a 'java/lang/NoSuchMethodError'{0x00000007129eb670}: 'java.lang.Object java.lang.invoke.DirectMethodHandle$Holder.invokeStaticInit(java.lang.Object)'> (0x00000007129eb670) 
thrown [./open/src/hotspot/share/interpreter/linkResolver.cpp, line 782]
Event: 0.160 Thread 0x000001fcf8e3c4c0 Exception <a 'java/lang/NoSuchMethodError'{0x00000007129f8a38}: 'void java.lang.invoke.DirectMethodHandle$Holder.invokeStatic(java.lang.Object, java.lang.Object)'> (0x00000007129f8a38) 
thrown [./open/src/hotspot/share/interpreter/linkResolver.cpp, line 782]
Event: 0.296 Thread 0x000001fcd47d46d0 Exception <a 'java/lang/NoSuchMethodError'{0x00000007125a2070}: 'void java.lang.invoke.DirectMethodHandle$Holder.invokeSpecial(java.lang.Object, java.lang.Object, java.lang.Object)'> (0x00000007125a2070) 
thrown [./open/src/hotspot/share/interpreter/linkResolver.cpp, line 782]
Event: 0.303 Thread 0x000001fcd47d46d0 Exception <a 'java/lang/NoSuchMethodError'{0x00000007125d9a28}: 'void java.lang.invoke.DirectMethodHandle$Holder.invokeStatic(java.lang.Object, java.lang.Object, java.lang.Object)'> (0x00000007125d9a28) 
thrown [./open/src/hotspot/share/interpreter/linkResolver.cpp, line 782]
Event: 0.326 Thread 0x000001fcd47d46d0 Exception <a 'java/lang/NoSuchMethodError'{0x00000007125f5f40}: 'int java.lang.invoke.DirectMethodHandle$Holder.invokeStaticInit(java.lang.Object, java.lang.Object, java.lang.Object)'> (0x00000007125f5f40) 
thrown [./open/src/hotspot/share/interpreter/linkResolver.cpp, line 782]
Event: 0.341 Thread 0x000001fcd47d46d0 Exception <a 'java/lang/NoSuchMethodError'{0x000000071231c7f0}: 'java.lang.Object java.lang.invoke.DirectMethodHandle$Holder.newInvokeSpecial(java.lang.Object, java.lang.Object, int, java.lang.Object)'> (0x000000071231c7f0) 
thrown [./open/src/hotspot/share/interpreter/linkResolver.cpp, line 782]
Event: 0.341 Thread 0x000001fcd47d46d0 Exception <a 'java/lang/NoSuchMethodError'{0x0000000712320cd8}: 'java.lang.Object java.lang.invoke.DirectMethodHandle$Holder.invokeSpecial(java.lang.Object, java.lang.Object, java.lang.Object, int, java.lang.Object)'> (0x0000000712320cd8) 
thrown [./open/src/hotspot/share/interpreter/linkResolver.cpp, line 782]
Event: 0.393 Thread 0x000001fcf97d7760 Exception <a 'java/lang/NoSuchMethodError'{0x0000000711e3d5c0}: 'void java.lang.invoke.DirectMethodHandle$Holder.invokeStaticInit(java.lang.Object)'> (0x0000000711e3d5c0) 
thrown [./open/src/hotspot/share/interpreter/linkResolver.cpp, line 782]
Event: 0.395 Thread 0x000001fcd47d46d0 Exception <a 'java/lang/NoSuchMethodError'{0x0000000712336fa0}: 'java.lang.Object java.lang.invoke.DirectMethodHandle$Holder.newInvokeSpecial(java.lang.Object, java.lang.Object, java.lang.Object, java.lang.Object, java.lang.Object, java.lang.Object)'> (0x0000000712336fa0) 
thrown [./open/src/hotspot/share/interpreter/linkResolver.cpp, line 782]
Event: 0.408 Thread 0x000001fcd47d46d0 Exception <a 'java/lang/NoSuchMethodError'{0x0000000711f09eb8}: 'java.lang.Object java.lang.invoke.DirectMethodHandle$Holder.newInvokeSpecial(java.lang.Object, java.lang.Object, java.lang.Object, java.lang.Object, java.lang.Object)'> (0x0000000711f09eb8) 
thrown [./open/src/hotspot/share/interpreter/linkResolver.cpp, line 782]
Event: 0.409 Thread 0x000001fcf92dbe40 Exception <a 'java/lang/NoSuchMethodError'{0x0000000711f60968}: 'void java.lang.invoke.DirectMethodHandle$Holder.invokeStatic(java.lang.Object, java.lang.Object, java.lang.Object, java.lang.Object)'> (0x0000000711f60968) 
thrown [./open/src/hotspot/share/interpreter/linkResolver.cpp, line 782]
Event: 0.440 Thread 0x000001fcf97d7760 Exception <a 'java/lang/NoSuchMethodError'{0x0000000711a3b328}: 'java.lang.Object java.lang.invoke.DirectMethodHandle$Holder.invokeStaticInit(java.lang.Object, java.lang.Object, java.lang.Object, java.lang.Object)'> (0x0000000711a3b328) 
thrown [./open/src/hotspot/share/interpreter/linkResolver.cpp, line 782]
Event: 0.441 Thread 0x000001fcf97d7760 Exception <a 'java/lang/NullPointerException'{0x0000000711a47268}> (0x0000000711a47268) 
thrown [./open/src/hotspot/share/interpreter/linkResolver.cpp, line 1374]
Event: 0.443 Thread 0x000001fcf97d7760 Exception <a 'java/lang/NoSuchMethodError'{0x0000000711a63310}: 'void java.lang.invoke.DirectMethodHandle$Holder.invokeSpecial(java.lang.Object, java.lang.Object, java.lang.Object, java.lang.Object, java.lang.Object)'> (0x0000000711a63310) 
thrown [./open/src/hotspot/share/interpreter/linkResolver.cpp, line 782]
Event: 0.563 Thread 0x000001fcf97d7760 Exception <a 'java/lang/NoSuchMethodError'{0x0000000712be9bf0}: 'java.lang.Object java.lang.invoke.DirectMethodHandle$Holder.newInvokeSpecial(java.lang.Object, java.lang.Object, int)'> (0x0000000712be9bf0) 
thrown [./open/src/hotspot/share/interpreter/linkResolver.cpp, line 782]
Event: 0.573 Thread 0x000001fcf97d7760 Exception <a 'java/lang/NoSuchMethodError'{0x00000007128661f8}: 'long java.lang.invoke.DirectMethodHandle$Holder.invokeStatic(java.lang.Object, java.lang.Object, java.lang.Object)'> (0x00000007128661f8) 
thrown [./open/src/hotspot/share/interpreter/linkResolver.cpp, line 782]
Event: 0.574 Thread 0x000001fcf97d7760 Exception <a 'java/lang/NoSuchMethodError'{0x0000000712869ba8}: 'long java.lang.invoke.DirectMethodHandle$Holder.invokeStaticInit(java.lang.Object, java.lang.Object, java.lang.Object)'> (0x0000000712869ba8) 
thrown [./open/src/hotspot/share/interpreter/linkResolver.cpp, line 782]
Event: 0.576 Thread 0x000001fcf97d7760 Exception <a 'java/lang/NoSuchMethodError'{0x0000000712882098}: 'java.lang.Object java.lang.invoke.DirectMethodHandle$Holder.newInvokeSpecial(java.lang.Object, java.lang.Object, long)'> (0x0000000712882098) 
thrown [./open/src/hotspot/share/interpreter/linkResolver.cpp, line 782]
Event: 0.577 Thread 0x000001fcf97d7760 Exception <a 'java/lang/NoSuchMethodError'{0x0000000712885e08}: 'java.lang.Object java.lang.invoke.Invokers$Holder.linkToTargetMethod(java.lang.Object, long, java.lang.Object)'> (0x0000000712885e08) 
thrown [./open/src/hotspot/share/interpreter/linkResolver.cpp, line 782]
Event: 0.590 Thread 0x000001fcf930c420 Exception <a 'java/lang/NoSuchMethodError'{0x000000071294a658}: 'int java.lang.invoke.DirectMethodHandle$Holder.invokeStaticInit(java.lang.Object, java.lang.Object)'> (0x000000071294a658) 
thrown [./open/src/hotspot/share/interpreter/linkResolver.cpp, line 782]

Events (20 events):
Event: 3.465 Executing VM operation: HandshakeAllThreads
Event: 3.465 Executing VM operation: HandshakeAllThreads done
Event: 4.465 Executing VM operation: HandshakeAllThreads
Event: 4.465 Executing VM operation: HandshakeAllThreads done
Event: 5.466 Executing VM operation: HandshakeAllThreads
Event: 5.466 Executing VM operation: HandshakeAllThreads done
Event: 6.466 Executing VM operation: HandshakeAllThreads
Event: 6.466 Executing VM operation: HandshakeAllThreads done
Event: 7.466 Executing VM operation: HandshakeAllThreads
Event: 7.466 Executing VM operation: HandshakeAllThreads done
Event: 8.466 Executing VM operation: HandshakeAllThreads
Event: 8.466 Executing VM operation: HandshakeAllThreads done
Event: 9.467 Executing VM operation: HandshakeAllThreads
Event: 9.467 Executing VM operation: HandshakeAllThreads done
Event: 10.467 Executing VM operation: HandshakeAllThreads
Event: 10.467 Executing VM operation: HandshakeAllThreads done
Event: 11.467 Executing VM operation: HandshakeAllThreads
Event: 11.467 Executing VM operation: HandshakeAllThreads done
Event: 13.468 Executing VM operation: HandshakeAllThreads
Event: 13.468 Executing VM operation: HandshakeAllThreads done


Dynamic libraries:
0x00007ff650810000 - 0x00007ff65081d000 	C:\Users\lehun\jdk-15.0.2\bin\java.exe
0x00007ffa32c40000 - 0x00007ffa32e30000 	C:\Windows\SYSTEM32\ntdll.dll
0x00007ffa317b0000 - 0x00007ffa31862000 	C:\Windows\System32\KERNEL32.DLL
0x00007ffa309c0000 - 0x00007ffa30c65000 	C:\Windows\System32\KERNELBASE.dll
0x00007ffa2fbc0000 - 0x00007ffa2fcba000 	C:\Windows\System32\ucrtbase.dll
0x00007ffa2c3c0000 - 0x00007ffa2c3d9000 	C:\Users\lehun\jdk-15.0.2\bin\VCRUNTIME140.dll
0x00007ffa2c3a0000 - 0x00007ffa2c3b8000 	C:\Users\lehun\jdk-15.0.2\bin\jli.dll
0x00007ffa32300000 - 0x00007ffa32494000 	C:\Windows\System32\USER32.dll
0x00007ffa1b220000 - 0x00007ffa1b4a4000 	C:\Windows\WinSxS\amd64_microsoft.windows.common-controls_6595b64144ccf1df_6.0.18362.1316_none_9e7a364fe461dbd7\COMCTL32.dll
0x00007ffa30760000 - 0x00007ffa30781000 	C:\Windows\System32\win32u.dll
0x00007ffa31a90000 - 0x00007ffa31b2e000 	C:\Windows\System32\msvcrt.dll
0x00007ffa31890000 - 0x00007ffa318b6000 	C:\Windows\System32\GDI32.dll
0x00007ffa312a0000 - 0x00007ffa315d7000 	C:\Windows\System32\combase.dll
0x00007ffa30790000 - 0x00007ffa30928000 	C:\Windows\System32\gdi32full.dll
0x00007ffa31c40000 - 0x00007ffa31d5f000 	C:\Windows\System32\RPCRT4.dll
0x00007ffa304c0000 - 0x00007ffa3055e000 	C:\Windows\System32\msvcp_win.dll
0x00007ffa30930000 - 0x00007ffa309b1000 	C:\Windows\System32\bcryptPrimitives.dll
0x00007ffa31f90000 - 0x00007ffa31fbe000 	C:\Windows\System32\IMM32.DLL
0x00007ffa2c390000 - 0x00007ffa2c39c000 	C:\Users\lehun\jdk-15.0.2\bin\vcruntime140_1.dll
0x00007ff9f7300000 - 0x00007ff9f7391000 	C:\Users\lehun\jdk-15.0.2\bin\msvcp140.dll
0x00007ff9d4680000 - 0x00007ff9d51de000 	C:\Users\lehun\jdk-15.0.2\bin\server\jvm.dll
0x00007ffa315e0000 - 0x00007ffa31683000 	C:\Windows\System32\ADVAPI32.dll
0x00007ffa31690000 - 0x00007ffa31727000 	C:\Windows\System32\sechost.dll
0x00007ffa30dc0000 - 0x00007ffa30dc8000 	C:\Windows\System32\PSAPI.DLL
0x00007ffa0d890000 - 0x00007ffa0d899000 	C:\Windows\SYSTEM32\WSOCK32.dll
0x00007ffa2db90000 - 0x00007ffa2dbb4000 	C:\Windows\SYSTEM32\WINMM.dll
0x00007ffa28370000 - 0x00007ffa2837a000 	C:\Windows\SYSTEM32\VERSION.dll
0x00007ffa31ea0000 - 0x00007ffa31f0f000 	C:\Windows\System32\WS2_32.dll
0x00007ffa2db60000 - 0x00007ffa2db8d000 	C:\Windows\SYSTEM32\WINMMBASE.dll
0x00007ffa2fcc0000 - 0x00007ffa2fd0a000 	C:\Windows\System32\cfgmgr32.dll
0x00007ffa2fb00000 - 0x00007ffa2fb11000 	C:\Windows\System32\kernel.appcore.dll
0x00007ffa2c340000 - 0x00007ffa2c34a000 	C:\Users\lehun\jdk-15.0.2\bin\jimage.dll
0x00007ffa225d0000 - 0x00007ffa227c4000 	C:\Windows\SYSTEM32\DBGHELP.DLL
0x00007ffa12d30000 - 0x00007ffa12d5a000 	C:\Windows\SYSTEM32\dbgcore.DLL
0x00007ffa2c330000 - 0x00007ffa2c33e000 	C:\Users\lehun\jdk-15.0.2\bin\instrument.dll
0x00007ffa29980000 - 0x00007ffa299a5000 	C:\Users\lehun\jdk-15.0.2\bin\java.dll
0x00007ffa32510000 - 0x00007ffa32bf8000 	C:\Windows\System32\SHELL32.dll
0x00007ffa31b90000 - 0x00007ffa31c37000 	C:\Windows\System32\shcore.dll
0x00007ffa2fd40000 - 0x00007ffa304bb000 	C:\Windows\System32\windows.storage.dll
0x00007ffa2fb70000 - 0x00007ffa2fb93000 	C:\Windows\System32\profapi.dll
0x00007ffa2fb20000 - 0x00007ffa2fb6a000 	C:\Windows\System32\powrprof.dll
0x00007ffa2faf0000 - 0x00007ffa2fb00000 	C:\Windows\System32\UMPDC.dll
0x00007ffa31fc0000 - 0x00007ffa32012000 	C:\Windows\System32\shlwapi.dll
0x00007ffa30c70000 - 0x00007ffa30c87000 	C:\Windows\System32\cryptsp.dll
0x00007ffa29940000 - 0x00007ffa29959000 	C:\Users\lehun\jdk-15.0.2\bin\net.dll
0x00007ffa2abf0000 - 0x00007ffa2ace0000 	C:\Windows\SYSTEM32\WINHTTP.dll
0x00007ffa2f330000 - 0x00007ffa2f397000 	C:\Windows\system32\mswsock.dll
0x00007ffa06230000 - 0x00007ffa06242000 	C:\Users\lehun\jdk-15.0.2\bin\nio.dll
0x00007ffa06160000 - 0x00007ffa06178000 	C:\Users\lehun\jdk-15.0.2\bin\zip.dll
0x00007ffa02880000 - 0x00007ffa0289a000 	C:\Program Files\JetBrains\IntelliJ IDEA Community Edition 2020.3.1\bin\breakgen64.dll
0x000001fcfa2d0000 - 0x000001fcfa2d3000 	C:\Users\lehun\javafx-sdk-15.0.1\bin\api-ms-win-core-console-l1-1-0.dll
0x000001fcfa2e0000 - 0x000001fcfa2e3000 	C:\Users\lehun\javafx-sdk-15.0.1\bin\api-ms-win-core-console-l1-2-0.dll
0x000001fcfa2f0000 - 0x000001fcfa2f3000 	C:\Users\lehun\javafx-sdk-15.0.1\bin\api-ms-win-core-datetime-l1-1-0.dll
0x000001fcfa300000 - 0x000001fcfa303000 	C:\Users\lehun\javafx-sdk-15.0.1\bin\api-ms-win-core-debug-l1-1-0.dll
0x000001fcfa310000 - 0x000001fcfa313000 	C:\Users\lehun\javafx-sdk-15.0.1\bin\api-ms-win-core-errorhandling-l1-1-0.dll
0x000001fcfa320000 - 0x000001fcfa324000 	C:\Users\lehun\javafx-sdk-15.0.1\bin\api-ms-win-core-file-l1-1-0.dll
0x000001fcfa330000 - 0x000001fcfa333000 	C:\Users\lehun\javafx-sdk-15.0.1\bin\api-ms-win-core-file-l1-2-0.dll
0x000001fcfa340000 - 0x000001fcfa343000 	C:\Users\lehun\javafx-sdk-15.0.1\bin\api-ms-win-core-file-l2-1-0.dll
0x000001fcfa350000 - 0x000001fcfa353000 	C:\Users\lehun\javafx-sdk-15.0.1\bin\api-ms-win-core-handle-l1-1-0.dll
0x000001fcfa360000 - 0x000001fcfa363000 	C:\Users\lehun\javafx-sdk-15.0.1\bin\api-ms-win-core-heap-l1-1-0.dll
0x000001fcfa370000 - 0x000001fcfa373000 	C:\Users\lehun\javafx-sdk-15.0.1\bin\api-ms-win-core-interlocked-l1-1-0.dll
0x000001fcfa380000 - 0x000001fcfa383000 	C:\Users\lehun\javafx-sdk-15.0.1\bin\api-ms-win-core-libraryloader-l1-1-0.dll
0x000001fcfa6e0000 - 0x000001fcfa6e3000 	C:\Users\lehun\javafx-sdk-15.0.1\bin\api-ms-win-core-localization-l1-2-0.dll
0x000001fcfa6f0000 - 0x000001fcfa6f3000 	C:\Users\lehun\javafx-sdk-15.0.1\bin\api-ms-win-core-memory-l1-1-0.dll
0x000001fcfa700000 - 0x000001fcfa703000 	C:\Users\lehun\javafx-sdk-15.0.1\bin\api-ms-win-core-namedpipe-l1-1-0.dll
0x000001fcfa710000 - 0x000001fcfa713000 	C:\Users\lehun\javafx-sdk-15.0.1\bin\api-ms-win-core-processenvironment-l1-1-0.dll
0x000001fcfa390000 - 0x000001fcfa393000 	C:\Users\lehun\javafx-sdk-15.0.1\bin\api-ms-win-core-processthreads-l1-1-0.dll
0x000001fcfa3a0000 - 0x000001fcfa3a3000 	C:\Users\lehun\javafx-sdk-15.0.1\bin\api-ms-win-core-processthreads-l1-1-1.dll
0x000001fcfa3b0000 - 0x000001fcfa3b3000 	C:\Users\lehun\javafx-sdk-15.0.1\bin\api-ms-win-core-profile-l1-1-0.dll
0x000001fcfa3c0000 - 0x000001fcfa3c3000 	C:\Users\lehun\javafx-sdk-15.0.1\bin\api-ms-win-core-rtlsupport-l1-1-0.dll
0x000001fcfa3d0000 - 0x000001fcfa3d3000 	C:\Users\lehun\javafx-sdk-15.0.1\bin\api-ms-win-core-string-l1-1-0.dll
0x000001fcfa3e0000 - 0x000001fcfa3e3000 	C:\Users\lehun\javafx-sdk-15.0.1\bin\api-ms-win-core-synch-l1-1-0.dll
0x000001fcfa3f0000 - 0x000001fcfa3f3000 	C:\Users\lehun\javafx-sdk-15.0.1\bin\api-ms-win-core-synch-l1-2-0.dll
0x000001fcfa400000 - 0x000001fcfa403000 	C:\Users\lehun\javafx-sdk-15.0.1\bin\api-ms-win-core-sysinfo-l1-1-0.dll
0x000001fcfa410000 - 0x000001fcfa413000 	C:\Users\lehun\javafx-sdk-15.0.1\bin\api-ms-win-core-timezone-l1-1-0.dll
0x000001fcfa420000 - 0x000001fcfa423000 	C:\Users\lehun\javafx-sdk-15.0.1\bin\api-ms-win-core-util-l1-1-0.dll
0x000001fcfa430000 - 0x000001fcfa433000 	C:\Users\lehun\javafx-sdk-15.0.1\bin\api-ms-win-crt-conio-l1-1-0.dll
0x000001fcfa440000 - 0x000001fcfa444000 	C:\Users\lehun\javafx-sdk-15.0.1\bin\api-ms-win-crt-convert-l1-1-0.dll
0x000001fcfa450000 - 0x000001fcfa453000 	C:\Users\lehun\javafx-sdk-15.0.1\bin\api-ms-win-crt-environment-l1-1-0.dll
0x000001fcfa460000 - 0x000001fcfa463000 	C:\Users\lehun\javafx-sdk-15.0.1\bin\api-ms-win-crt-filesystem-l1-1-0.dll
0x000001fcfa470000 - 0x000001fcfa473000 	C:\Users\lehun\javafx-sdk-15.0.1\bin\api-ms-win-crt-heap-l1-1-0.dll
0x000001fcfa480000 - 0x000001fcfa483000 	C:\Users\lehun\javafx-sdk-15.0.1\bin\api-ms-win-crt-locale-l1-1-0.dll
0x000001fcfa490000 - 0x000001fcfa495000 	C:\Users\lehun\javafx-sdk-15.0.1\bin\api-ms-win-crt-math-l1-1-0.dll
0x000001fcfa4a0000 - 0x000001fcfa4a5000 	C:\Users\lehun\javafx-sdk-15.0.1\bin\api-ms-win-crt-multibyte-l1-1-0.dll
0x000001fcfa4b0000 - 0x000001fcfa4c0000 	C:\Users\lehun\javafx-sdk-15.0.1\bin\api-ms-win-crt-private-l1-1-0.dll
0x000001fcfa4c0000 - 0x000001fcfa4c3000 	C:\Users\lehun\javafx-sdk-15.0.1\bin\api-ms-win-crt-process-l1-1-0.dll
0x000001fcfa4d0000 - 0x000001fcfa4d4000 	C:\Users\lehun\javafx-sdk-15.0.1\bin\api-ms-win-crt-runtime-l1-1-0.dll
0x000001fcfa4e0000 - 0x000001fcfa4e4000 	C:\Users\lehun\javafx-sdk-15.0.1\bin\api-ms-win-crt-stdio-l1-1-0.dll
0x000001fcfa4f0000 - 0x000001fcfa4f4000 	C:\Users\lehun\javafx-sdk-15.0.1\bin\api-ms-win-crt-string-l1-1-0.dll
0x000001fcfa500000 - 0x000001fcfa503000 	C:\Users\lehun\javafx-sdk-15.0.1\bin\api-ms-win-crt-time-l1-1-0.dll
0x000001fcfa510000 - 0x000001fcfa513000 	C:\Users\lehun\javafx-sdk-15.0.1\bin\api-ms-win-crt-utility-l1-1-0.dll
0x00007ff9ee2a0000 - 0x00007ff9ee39c000 	C:\Users\lehun\javafx-sdk-15.0.1\bin\ucrtbase.dll
0x00007ffa02860000 - 0x00007ffa02875000 	C:\Users\lehun\javafx-sdk-15.0.1\bin\vcruntime140.dll
0x00007ff9e7f90000 - 0x00007ff9e802b000 	C:\Users\lehun\javafx-sdk-15.0.1\bin\msvcp140.dll
0x00007ffa012c0000 - 0x00007ffa012e3000 	C:\Users\lehun\javafx-sdk-15.0.1\bin\prism_d3d.dll
0x00007ff9d8f30000 - 0x00007ff9d90f7000 	C:\Windows\system32\d3d9.dll
0x00007ffa2deb0000 - 0x00007ffa2dedd000 	C:\Windows\SYSTEM32\dwmapi.dll
0x00007ffa2e6f0000 - 0x00007ffa2e710000 	C:\Windows\SYSTEM32\dxcore.dll
0x00007ffa2ddc0000 - 0x00007ffa2de59000 	C:\Windows\system32\uxtheme.dll
0x00007ff9d69f0000 - 0x00007ff9d6b53000 	C:\Windows\System32\DriverStore\FileRepository\iigd_dch.inf_amd64_a27adb6f3c75ef42\igdumdim64.dll
0x00007ff9b1560000 - 0x00007ff9b571f000 	C:\Windows\System32\DriverStore\FileRepository\iigd_dch.inf_amd64_a27adb6f3c75ef42\igd9dxva64.dll
0x00007ffa320f0000 - 0x00007ffa32247000 	C:\Windows\System32\ole32.dll
0x00007ffa30cf0000 - 0x00007ffa30db5000 	C:\Windows\System32\OLEAUT32.dll
0x00007ffa281c0000 - 0x00007ffa28363000 	C:\Windows\System32\DriverStore\FileRepository\iigd_dch.inf_amd64_a27adb6f3c75ef42\igdgmm64.dll
0x00007ffa01270000 - 0x00007ffa012b5000 	C:\Users\lehun\javafx-sdk-15.0.1\bin\glass.dll
0x00007ffa32020000 - 0x00007ffa320f0000 	C:\Windows\System32\COMDLG32.dll
0x00007ffa31d60000 - 0x00007ffa31e95000 	C:\Windows\System32\MSCTF.dll
0x00007ffa1aca0000 - 0x00007ffa1acc6000 	C:\Windows\System32\DriverStore\FileRepository\iigd_dch.inf_amd64_a27adb6f3c75ef42\igdinfo64.dll
0x00007ffa23900000 - 0x00007ffa25d3d000 	C:\Windows\System32\DriverStore\FileRepository\iigd_dch.inf_amd64_a27adb6f3c75ef42\igc64.dll
0x00007ffa01210000 - 0x00007ffa01224000 	C:\Users\lehun\javafx-sdk-15.0.1\bin\javafx_font.dll
0x00007ffa1fc10000 - 0x00007ffa1ff0e000 	C:\Windows\SYSTEM32\dwrite.dll
0x00007ffa32250000 - 0x00007ffa322f2000 	C:\Windows\System32\clbcatq.dll
0x00007ffa2aa30000 - 0x00007ffa2abdf000 	C:\Windows\SYSTEM32\WindowsCodecs.dll
0x00007ff9f6660000 - 0x00007ff9f669b000 	C:\Windows\system32\dataexchange.dll
0x00007ffa2ce30000 - 0x00007ffa2d08b000 	C:\Windows\system32\d3d11.dll
0x00007ffa2d0a0000 - 0x00007ffa2d27d000 	C:\Windows\system32\dcomp.dll
0x00007ffa2e780000 - 0x00007ffa2e86b000 	C:\Windows\system32\dxgi.dll
0x00007ffa2dee0000 - 0x00007ffa2e13a000 	C:\Windows\system32\twinapi.appcore.dll
0x00007ffa2e3c0000 - 0x00007ffa2e3e9000 	C:\Windows\system32\RMCLIENT.dll
0x00007ff9f4320000 - 0x00007ff9f4353000 	C:\Program Files\Common Files\Microsoft Shared\Ink\rtscom.dll
0x00007ffa21740000 - 0x00007ffa217dd000 	C:\Windows\System32\TextInputFramework.dll
0x00007ffa2b1e0000 - 0x00007ffa2b50a000 	C:\Windows\System32\CoreUIComponents.dll
0x00007ffa2d5f0000 - 0x00007ffa2d6c4000 	C:\Windows\System32\CoreMessaging.dll
0x00007ffa2baa0000 - 0x00007ffa2bbf2000 	C:\Windows\SYSTEM32\wintypes.dll
0x00007ffa2eb00000 - 0x00007ffa2eb31000 	C:\Windows\SYSTEM32\ntmarta.dll
0x00007ffa20210000 - 0x00007ffa204b7000 	C:\Windows\System32\iertutil.dll
0x00007ffa04510000 - 0x00007ffa04575000 	C:\Windows\system32\Oleacc.dll

dbghelp: loaded successfully - version: 4.0.5 - missing functions: none
symbol engine: initialized successfully - sym options: 0x614 - pdb path: .;C:\Users\lehun\jdk-15.0.2\bin;C:\Windows\SYSTEM32;C:\Windows\WinSxS\amd64_microsoft.windows.common-controls_6595b64144ccf1df_6.0.18362.1316_none_9e7a364fe461dbd7;C:\Users\lehun\jdk-15.0.2\bin\server;C:\Program Files\JetBrains\IntelliJ IDEA Community Edition 2020.3.1\bin;C:\Users\lehun\javafx-sdk-15.0.1\bin;C:\Windows\System32\DriverStore\FileRepository\iigd_dch.inf_amd64_a27adb6f3c75ef42;C:\Program Files\Common Files\Microsoft Shared\Ink

VM Arguments:
jvm_args: --module-path=C:\Users\lehun\javafx-sdk-15.0.1\lib --add-modules=javafx.base,javafx.controls,javafx.fxml,javafx.graphics,javafx.media -javaagent:C:\Program Files\JetBrains\IntelliJ IDEA Community Edition 2020.3.1\lib\idea_rt.jar=50562:C:\Program Files\JetBrains\IntelliJ IDEA Community Edition 2020.3.1\bin -Dfile.encoding=UTF-8 
java_command: Neighbours
java_class_path (initial): C:\Users\lehun\dat043\neighbours\out\production\neighbours;C:\Users\lehun\javafx-sdk-15.0.1\lib\src.zip;C:\Users\lehun\javafx-sdk-15.0.1\lib\javafx-swt.jar;C:\Users\lehun\javafx-sdk-15.0.1\lib\javafx.web.jar;C:\Users\lehun\javafx-sdk-15.0.1\lib\javafx.base.jar;C:\Users\lehun\javafx-sdk-15.0.1\lib\javafx.fxml.jar;C:\Users\lehun\javafx-sdk-15.0.1\lib\javafx.media.jar;C:\Users\lehun\javafx-sdk-15.0.1\lib\javafx.swing.jar;C:\Users\lehun\javafx-sdk-15.0.1\lib\javafx.controls.jar;C:\Users\lehun\javafx-sdk-15.0.1\lib\javafx.graphics.jar
Launcher Type: SUN_STANDARD

[Global flags]
     intx CICompilerCount                          = 4                                         {product} {ergonomic}
     uint ConcGCThreads                            = 2                                         {product} {ergonomic}
     uint G1ConcRefinementThreads                  = 8                                         {product} {ergonomic}
   size_t G1HeapRegionSize                         = 2097152                                   {product} {ergonomic}
    uintx GCDrainStackTargetSize                   = 64                                        {product} {ergonomic}
   size_t InitialHeapSize                          = 266338304                                 {product} {ergonomic}
   size_t MarkStackSize                            = 4194304                                   {product} {ergonomic}
   size_t MaxHeapSize                              = 4242538496                                {product} {ergonomic}
   size_t MaxNewSize                               = 2543845376                                {product} {ergonomic}
   size_t MinHeapDeltaBytes                        = 2097152                                   {product} {ergonomic}
   size_t MinHeapSize                              = 8388608                                   {product} {ergonomic}
    uintx NonNMethodCodeHeapSize                   = 5839372                                {pd product} {ergonomic}
    uintx NonProfiledCodeHeapSize                  = 122909434                              {pd product} {ergonomic}
    uintx ProfiledCodeHeapSize                     = 122909434                              {pd product} {ergonomic}
    uintx ReservedCodeCacheSize                    = 251658240                              {pd product} {ergonomic}
     bool SegmentedCodeCache                       = true                                      {product} {ergonomic}
   size_t SoftMaxHeapSize                          = 4242538496                             {manageable} {ergonomic}
     bool UseCompressedClassPointers               = true                                 {lp64_product} {ergonomic}
     bool UseCompressedOops                        = true                                 {lp64_product} {ergonomic}
     bool UseG1GC                                  = true                                      {product} {ergonomic}
     bool UseLargePagesIndividualAllocation        = false                                  {pd product} {ergonomic}

Logging:
Log output configuration:
 #0: stdout all=warning uptime,level,tags
 #1: stderr all=off uptime,level,tags

Environment Variables:
PATH=C:\Program Files (x86)\Common Files\Oracle\Java\javapath;C:\Windows\system32;C:\Windows;C:\Windows\System32\Wbem;C:\Windows\System32\WindowsPowerShell\v1.0\;C:\Windows\System32\OpenSSH\;C:\ProgramData\chocolatey\bin;C:\Program Files\MATLAB\R2020b\bin;C:\Program Files\Git\cmd;C:\Users\lehun\AppData\Local\Microsoft\WindowsApps;C:\Users\lehun\AppData\Roaming\cabal\bin;C:\ProgramData\chocolatey\lib\ghc\tools\ghc-8.10.2\bin;C:\tools\msys64;C:\Users\lehun\AppData\Local\Programs\Microsoft VS Code\bin
USERNAME=lehun
OS=Windows_NT
PROCESSOR_IDENTIFIER=Intel64 Family 6 Model 142 Stepping 12, GenuineIntel



---------------  S Y S T E M  ---------------

OS:
 Windows 10 , 64 bit Build 18362 (10.0.18362.1316)
OS uptime: 2 days 3:44 hours
HyperV virtualization detected

CPU: total 8 (initial active 8) (4 cores per cpu, 2 threads per core) family 6 model 142 stepping 12 microcode 0xd6, cmov, cx8, fxsr, mmx, sse, sse2, sse3, ssse3, sse4.1, sse4.2, popcnt, vzeroupper, avx, avx2, aes, clmul, erms, 3dnowpref, lzcnt, ht, tsc, tscinvbit, bmi1, bmi2, adx, fma, clflush, clflushopt

Memory: 4k page, system-wide physical 16180M (8872M free)
TotalPageFile size 18612M (AvailPageFile size 9401M)
current process WorkingSet (physical memory assigned to process): 126M, peak: 141M
current process commit charge ("private bytes"): 410M, peak: 424M

vm_info: OpenJDK 64-Bit Server VM (15.0.2+7-27) for windows-amd64 JRE (15.0.2+7-27), built on Dec  7 2020 20:02:38 by "mach5one" with unknown MS VC++:1925

END.
