#
# A fatal error has been detected by the Java Runtime Environment:
#
#  EXCEPTION_ACCESS_VIOLATION (0xc0000005) at pc=0x000001b03f404d67, pid=15576, tid=11896
#
# JRE version: OpenJDK Runtime Environment (15.0.2+7) (build 15.0.2+7-27)
# Java VM: OpenJDK 64-Bit Server VM (15.0.2+7-27, mixed mode, sharing, tiered, compressed oops, g1 gc, windows-amd64)
# Problematic frame:
# J 1060 c2 Neighbours.satisfied([[LNeighbours$Actor;IID)Z (112 bytes) @ 0x000001b03f404d67 [0x000001b03f404ba0+0x00000000000001c7]
#
# No core dump will be written. Minidumps are not enabled by default on client versions of Windows
#
# If you would like to submit a bug report, please visit:
#   https://bugreport.java.com/bugreport/crash.jsp
#

---------------  S U M M A R Y ------------

Command Line: --module-path=C:\Users\lehun\javafx-sdk-15.0.1\lib --add-modules=javafx.base,javafx.controls,javafx.fxml,javafx.graphics,javafx.media -javaagent:C:\Program Files\JetBrains\IntelliJ IDEA Community Edition 2020.3.1\lib\idea_rt.jar=50348:C:\Program Files\JetBrains\IntelliJ IDEA Community Edition 2020.3.1\bin -Dfile.encoding=UTF-8 Neighbours

Host: Intel(R) Core(TM) i7-10510U CPU @ 1.80GHz, 8 cores, 15G,  Windows 10 , 64 bit Build 18362 (10.0.18362.1316)
Time: Mon Feb  1 14:26:22 2021 Västeuropa, normaltid elapsed time: 1.087023 seconds (0d 0h 0m 1s)

---------------  T H R E A D  ---------------

Current thread (0x000001b05499a780):  JavaThread "JavaFX Application Thread" [_thread_in_Java, id=11896, stack(0x0000002c1e900000,0x0000002c1ea00000)]

Stack: [0x0000002c1e900000,0x0000002c1ea00000],  sp=0x0000002c1e9fdc50,  free space=1015k
Native frames: (J=compiled Java code, j=interpreted, Vv=VM code, C=native code)
C  0x000001b03f404d67


siginfo: EXCEPTION_ACCESS_VIOLATION (0xc0000005), reading address 0x0000000b1191e46c


Register to memory mapping:

RIP=0x000001b03f404d67 is at entry_point+455 in (nmethod*)0x000001b03f404a10
RAX=0x0 is NULL
RBX=3794943146 is a compressed pointer to object: javafx.scene.paint.Color 
{0x000000071191e550} - klass: 'javafx/scene/paint/Color'
RCX=0x0000000711808cb8 is an oop: Neighbours 
{0x0000000711808cb8} - klass: 'Neighbours'
RDX=0x000000000000000a is an unknown value
RSP=0x0000002c1e9fdc50 is pointing into the stack for thread: 0x000001b05499a780
RBP=0x0000002c1e9fdd28 is pointing into the stack for thread: 0x000001b05499a780
RSI=0x00000000ffffffff is an unknown value
RDI=0x0000000000000001 is an unknown value
R8 =0x000000071191e460 is an oop: [[LNeighbours$Actor; 
{0x000000071191e460} - klass: 'Neighbours$Actor'[][]
 - length: 10
R9 =0x0 is NULL
R10=0x0000000000000002 is an unknown value
R11=0x0 is NULL
R12=0x0 is NULL
R13=0x0000002c1e9fdcb0 is pointing into the stack for thread: 0x000001b05499a780
R14=0x0000000000000003 is an unknown value
R15=0x000001b05499a780 is a thread


Registers:
RAX=0x0000000000000000, RBX=0x00000000e2323caa, RCX=0x0000000711808cb8, RDX=0x000000000000000a
RSP=0x0000002c1e9fdc50, RBP=0x0000002c1e9fdd28, RSI=0x00000000ffffffff, RDI=0x0000000000000001
R8 =0x000000071191e460, R9 =0x0000000000000000, R10=0x0000000000000002, R11=0x0000000000000000
R12=0x0000000000000000, R13=0x0000002c1e9fdcb0, R14=0x0000000000000003, R15=0x000001b05499a780
RIP=0x000001b03f404d67, EFLAGS=0x0000000000010293

Top of Stack: (sp=0x0000002c1e9fdc50)
0x0000002c1e9fdc50:   0000000000000002 0000002c1e9f0000
0x0000002c1e9fdc60:   0000000000000001 000001b05499a780
0x0000002c1e9fdc70:   000001b05359bd68 00007ff9d211ba35
0x0000002c1e9fdc80:   000001b05499a780 0000002c1e9fdd28
0x0000002c1e9fdc90:   0000002c1e9fdd28 000001b0378e9950
0x0000002c1e9fdca0:   000001b05359bd68 000001b0378e9950
0x0000002c1e9fdcb0:   3fe6666666666666 00007ff9d26426c0
0x0000002c1e9fdcc0:   0000000000000001 0000000000000000
0x0000002c1e9fdcd0:   000000071191e460 0000000711808cb8
0x0000002c1e9fdce0:   0000002c1e9fdce0 000001b0538a5cff
0x0000002c1e9fdcf0:   0000002c1e9fdd78 000001b053a76580
0x0000002c1e9fdd00:   000001b05c8d7d98 0000000711800690
0x0000002c1e9fdd10:   000001b0538a5df0 0000002c1e9fdcb0
0x0000002c1e9fdd20:   0000002c1e9fdd78 0000002c1e9fddc8
0x0000002c1e9fdd30:   000001b0378ea1aa 0000000000000001
0x0000002c1e9fdd40:   0000000000000000 0000000000000000 

Instructions: (pc=0x000001b03f404d67)
0x000001b03f404c67:   89 44 24 04 e9 e2 00 00 00 ff c0 44 8b e9 41 ff
0x000001b03f404c77:   c5 44 3b ea 73 2c 66 66 90 41 3b f1 75 05 44 3b
0x000001b03f404c87:   ef 74 1f 4c 63 e9 46 8b 6c ad 14 41 ff c3 45 85
0x000001b03f404c97:   ed 74 0f 66 0f 1f 44 00 00 43 3b 5c ec 10 75 02
0x000001b03f404ca7:   ff c0 83 c1 02 41 3b c8 0f 8c 46 01 00 00 4d 8b
0x000001b03f404cb7:   87 10 01 00 00 41 85 00 90 41 3b ca 0f 8c 0f 01
0x000001b03f404cc7:   00 00 41 3b ce 0f 8d 30 00 00 00 3b ca 73 1f 41
0x000001b03f404cd7:   3b f1 75 04 3b cf 74 16 44 8b 6c 8d 10 41 ff c3
0x000001b03f404ce7:   45 85 ed 74 09 43 3b 5c ec 10 75 02 ff c0 ff c1
0x000001b03f404cf7:   41 3b ce 66 0f 1f 44 00 00 7c d0 4d 8b 87 10 01
0x000001b03f404d07:   00 00 ff c6 41 85 00 3b 34 24 7c 3f 45 85 db 0f
0x000001b03f404d17:   84 6d 01 00 00 3d 00 00 00 80 75 08 33 d2 41 83
0x000001b03f404d27:   fb ff 74 04 99 41 f7 fb c5 f3 2a c8 c5 f9 2e c1
0x000001b03f404d37:   0f 86 8b 01 00 00 b8 01 00 00 00 48 83 c4 40 5d
0x000001b03f404d47:   4d 8b 97 10 01 00 00 41 85 02 c3 c4 c1 79 7e d8
0x000001b03f404d57:   45 3b c6 66 0f 1f 44 00 00 7d a0 c4 c1 f9 7e c8
0x000001b03f404d67:   41 8b 4c b0 10 45 8b 44 cc 0c 49 63 e8 c4 c1 f9
0x000001b03f404d77:   7e e5 4c 3b ed 0f 1f 40 00 0f 83 c3 00 00 00 3b
0x000001b03f404d87:   f2 0f 83 ab 00 00 00 c5 f9 7e dd 41 3b e8 0f 83
0x000001b03f404d97:   ae 00 00 00 49 8d 2c cc c5 f9 7e d9 3b ca 73 22
0x000001b03f404da7:   41 3b f1 75 04 3b cf 74 19 44 8b 44 8d 10 41 ff
0x000001b03f404db7:   c3 45 85 c0 74 0c 66 66 90 43 3b 5c c4 10 75 02
0x000001b03f404dc7:   ff c0 ff c1 3b cf 7c d4 41 3b ca 0f 8d f1 fe ff
0x000001b03f404dd7:   ff 45 8b c2 44 2b c1 44 3b d1 44 0f 4c 44 24 04
0x000001b03f404de7:   41 81 f8 d0 07 00 00 41 bd d0 07 00 00 45 0f 47
0x000001b03f404df7:   c5 44 03 c1 3b ca 66 66 90 0f 83 6c fe ff ff 41
0x000001b03f404e07:   3b f1 75 08 3b cf 0f 84 5f fe ff ff 44 8b 6c 8d
0x000001b03f404e17:   10 41 ff c3 0f 1f 44 00 00 45 85 ed 0f 84 49 fe
0x000001b03f404e27:   ff ff 43 3b 5c ec 10 0f 84 3c fe ff ff e9 39 fe
0x000001b03f404e37:   ff ff c5 f9 7e d9 66 66 90 41 3b c8 0f 82 b9 fe
0x000001b03f404e47:   ff ff ba be ff ff ff c4 e1 f9 7e d5 c5 fb 11 0c
0x000001b03f404e57:   24 44 89 4c 24 08 89 7c 24 0c c5 fb 11 44 24 10 


Stack slot to memory mapping:
stack at sp + 0 slots: 0x0000000000000002 is an unknown value
stack at sp + 1 slots: 0x0000002c1e9f0000 is pointing into the stack for thread: 0x000001b05499a780
stack at sp + 2 slots: 0x0000000000000001 is an unknown value
stack at sp + 3 slots: 0x000001b05499a780 is a thread
stack at sp + 4 slots: 0x000001b05359bd68 is pointing into metadata
stack at sp + 5 slots: 0x00007ff9d211ba35 jvm.dll
stack at sp + 6 slots: 0x000001b05499a780 is a thread
stack at sp + 7 slots: 0x0000002c1e9fdd28 is pointing into the stack for thread: 0x000001b05499a780

--------------------------------------------------------------------------------
[Constant Pool (empty)]

--------------------------------------------------------------------------------

[MachCode]
  0x000001b03f404ba0: 448b 5208 | 49c1 e203 | 49bb 0000 | 0000 0800 | 0000 4d03 | d349 3bc2 | 0f85 4278 | 52f8 6690 
  0x000001b03f404bc0: 8984 2400 | 90ff ff55 | 4883 ec40 | c4e1 f96e | d241 8bf1 | ffce 458b | d141 83c2 | 0266 6690 
  0x000001b03f404be0: 413b f20f | 8d9b 0200 | 0041 8b50 | 0c44 3bca | 0f83 a602 | 0000 478b | 5c88 100f | 1f44 0000 
  0x000001b03f404c00: 438b 5cdc | 0c3b fb0f | 838f 0200 | 0049 c1e3 | 0345 8b5c | bb10 6666 | 0f1f 8400 | 0000 0000 
  0x000001b03f404c20: 438b 5cdc | 1044 8914 | 24c4 c1f9 | 6ec8 448b | d741 ffc2 | 448b c741 | ffc8 c4c1 | 796e d844 
  0x000001b03f404c40: 8bf7 4183 | c602 4d63 | de49 ffcb | c4c1 f96e | e341 b800 | 0000 8045 | 3bf2 450f | 4cd0 4533 
  0x000001b03f404c60: db33 c045 | 33c0 4489 | 4424 04e9 | e200 0000 | ffc0 448b | e941 ffc5 | 443b ea73 | 2c66 6690 
  0x000001b03f404c80: 413b f175 | 0544 3bef | 741f 4c63 | e946 8b6c | ad14 41ff | c345 85ed | 740f 660f | 1f44 0000 
  0x000001b03f404ca0: 433b 5cec | 1075 02ff | c083 c102 | 413b c80f | 8c46 0100 | 004d 8b87 | 1001 0000 | 4185 0090 
  0x000001b03f404cc0: 413b ca0f | 8c0f 0100 | 0041 3bce | 0f8d 3000 | 0000 3bca | 731f 413b | f175 043b | cf74 1644 
  0x000001b03f404ce0: 8b6c 8d10 | 41ff c345 | 85ed 7409 | 433b 5cec | 1075 02ff | c0ff c141 | 3bce 660f | 1f44 0000 
  0x000001b03f404d00: 7cd0 4d8b | 8710 0100 | 00ff c641 | 8500 3b34 | 247c 3f45 | 85db 0f84 | 6d01 0000 | 3d00 0000 
  0x000001b03f404d20: 8075 0833 | d241 83fb | ff74 0499 | 41f7 fbc5 | f32a c8c5 | f92e c10f | 868b 0100 | 00b8 0100 
  0x000001b03f404d40: 0000 4883 | c440 5d4d | 8b97 1001 | 0000 4185 | 02c3 c4c1 | 797e d845 | 3bc6 660f | 1f44 0000 
  0x000001b03f404d60: 7da0 c4c1 | f97e c841 | 8b4c b010 | 458b 44cc | 0c49 63e8 | c4c1 f97e | e54c 3bed | 0f1f 4000 
  0x000001b03f404d80: 0f83 c300 | 0000 3bf2 | 0f83 ab00 | 0000 c5f9 | 7edd 413b | e80f 83ae | 0000 0049 | 8d2c ccc5 
  0x000001b03f404da0: f97e d93b | ca73 2241 | 3bf1 7504 | 3bcf 7419 | 448b 448d | 1041 ffc3 | 4585 c074 | 0c66 6690 
  0x000001b03f404dc0: 433b 5cc4 | 1075 02ff | c0ff c13b | cf7c d441 | 3bca 0f8d | f1fe ffff | 458b c244 | 2bc1 443b 
  0x000001b03f404de0: d144 0f4c | 4424 0441 | 81f8 d007 | 0000 41bd | d007 0000 | 450f 47c5 | 4403 c13b | ca66 6690 
  0x000001b03f404e00: 0f83 6cfe | ffff 413b | f175 083b | cf0f 845f | feff ff44 | 8b6c 8d10 | 41ff c30f | 1f44 0000 
  0x000001b03f404e20: 4585 ed0f | 8449 feff | ff43 3b5c | ec10 0f84 | 3cfe ffff | e939 feff | ffc5 f97e | d966 6690 
  0x000001b03f404e40: 413b c80f | 82b9 feff | ffba beff | ffff c4e1 | f97e d5c5 | fb11 0c24 | 4489 4c24 | 0889 7c24 
  0x000001b03f404e60: 0cc5 fb11 | 4424 1044 | 895c 2418 | 8944 241c | 8974 2420 | c5fa 115c | 2428 4489 | 7424 2ce8 
  0x000001b03f404e80: fc94 52f8 | 4533 d2eb | 0344 8bd0 | ba86 ffff | ff41 8bea | 6666 90e8 | e494 52f8 | babe ffff 
  0x000001b03f404ea0: ffc4 e1f9 | 7ed5 4c89 | 0424 4489 | 4c24 0889 | 7c24 0cc5 | fb11 4424 | 1089 7424 | 1c44 8954 
  0x000001b03f404ec0: 2420 90e8 | b894 52f8 | c5f9 2ec1 | bdff ffff | ff0f 8a0e | 0000 000f | 8208 0000 | 0040 0f95 
  0x000001b03f404ee0: c540 0fb6 | edf7 ddba | 45ff ffff | 6666 90e8 | 8c94 52f8 | f4f4 f4f4 | f4f4 f4f4 | f4f4 f4f4 
  0x000001b03f404f00: e97b 315d | f8e8 0000 | 0000 4883 | 2c24 05e9 | 8c90 52f8 | f4f4 f4f4 
[/MachCode]
--------------------------------------------------------------------------------


---------------  P R O C E S S  ---------------

Threads class SMR info:
_java_thread_list=0x000001b054708e80, length=17, elements={
0x000001b02de93c90, 0x000001b05349e980, 0x000001b053ca3490, 0x000001b053cb8640,
0x000001b053cbb010, 0x000001b053cbb9d0, 0x000001b053cbd780, 0x000001b053cc1f40,
0x000001b053ccd170, 0x000001b02df5d700, 0x000001b053eeed00, 0x000001b0545ad980,
0x000001b05465a440, 0x000001b054eb44e0, 0x000001b05499a780, 0x000001b053f42420,
0x000001b055826440
}

Java Threads: ( => current thread )
  0x000001b02de93c90 JavaThread "main" [_thread_blocked, id=2864, stack(0x0000002c1d200000,0x0000002c1d300000)]
  0x000001b05349e980 JavaThread "Reference Handler" daemon [_thread_blocked, id=13168, stack(0x0000002c1d900000,0x0000002c1da00000)]
  0x000001b053ca3490 JavaThread "Finalizer" daemon [_thread_blocked, id=18308, stack(0x0000002c1da00000,0x0000002c1db00000)]
  0x000001b053cb8640 JavaThread "Signal Dispatcher" daemon [_thread_blocked, id=16964, stack(0x0000002c1db00000,0x0000002c1dc00000)]
  0x000001b053cbb010 JavaThread "Attach Listener" daemon [_thread_blocked, id=752, stack(0x0000002c1dc00000,0x0000002c1dd00000)]
  0x000001b053cbb9d0 JavaThread "Service Thread" daemon [_thread_blocked, id=5528, stack(0x0000002c1dd00000,0x0000002c1de00000)]
  0x000001b053cbd780 JavaThread "C2 CompilerThread0" daemon [_thread_blocked, id=14472, stack(0x0000002c1de00000,0x0000002c1df00000)]
  0x000001b053cc1f40 JavaThread "C1 CompilerThread0" daemon [_thread_blocked, id=2328, stack(0x0000002c1df00000,0x0000002c1e000000)]
  0x000001b053ccd170 JavaThread "Sweeper thread" daemon [_thread_blocked, id=9072, stack(0x0000002c1e000000,0x0000002c1e100000)]
  0x000001b02df5d700 JavaThread "Common-Cleaner" daemon [_thread_blocked, id=8064, stack(0x0000002c1e100000,0x0000002c1e200000)]
  0x000001b053eeed00 JavaThread "Monitor Ctrl-Break" daemon [_thread_in_native, id=14292, stack(0x0000002c1e400000,0x0000002c1e500000)]
  0x000001b0545ad980 JavaThread "Notification Thread" daemon [_thread_blocked, id=3212, stack(0x0000002c1e500000,0x0000002c1e600000)]
  0x000001b05465a440 JavaThread "QuantumRenderer-0" daemon [_thread_blocked, id=16932, stack(0x0000002c1e700000,0x0000002c1e800000)]
  0x000001b054eb44e0 JavaThread "InvokeLaterDispatcher" daemon [_thread_blocked, id=11908, stack(0x0000002c1e800000,0x0000002c1e900000)]
=>0x000001b05499a780 JavaThread "JavaFX Application Thread" [_thread_in_Java, id=11896, stack(0x0000002c1e900000,0x0000002c1ea00000)]
  0x000001b053f42420 JavaThread "JavaFX-Launcher" [_thread_blocked, id=3460, stack(0x0000002c1ee00000,0x0000002c1ef00000)]
  0x000001b055826440 JavaThread "Thread-2" daemon [_thread_in_native, id=12916, stack(0x0000002c1ed00000,0x0000002c1ee00000)]

Other Threads:
  0x000001b05349cfc0 VMThread "VM Thread" [stack: 0x0000002c1d800000,0x0000002c1d900000] [id=10968]
  0x000001b0543c3070 WatcherThread [stack: 0x0000002c1e600000,0x0000002c1e700000] [id=17200]
  0x000001b02dee1e80 GCTaskThread "GC Thread#0" [stack: 0x0000002c1d300000,0x0000002c1d400000] [id=16520]
  0x000001b0543f9ad0 GCTaskThread "GC Thread#1" [stack: 0x0000002c1ef00000,0x0000002c1f000000] [id=9408]
  0x000001b0543fadf0 GCTaskThread "GC Thread#2" [stack: 0x0000002c1f000000,0x0000002c1f100000] [id=16828]
  0x000001b054632850 GCTaskThread "GC Thread#3" [stack: 0x0000002c1f100000,0x0000002c1f200000] [id=18396]
  0x000001b0546321f0 GCTaskThread "GC Thread#4" [stack: 0x0000002c1f200000,0x0000002c1f300000] [id=16620]
  0x000001b054630540 GCTaskThread "GC Thread#5" [stack: 0x0000002c1f300000,0x0000002c1f400000] [id=16164]
  0x000001b02def4bd0 ConcurrentGCThread "G1 Main Marker" [stack: 0x0000002c1d400000,0x0000002c1d500000] [id=3100]
  0x000001b02def56d0 ConcurrentGCThread "G1 Conc#0" [stack: 0x0000002c1d500000,0x0000002c1d600000] [id=15116]
  0x000001b0533224d0 ConcurrentGCThread "G1 Refine#0" [stack: 0x0000002c1d600000,0x0000002c1d700000] [id=5364]
  0x000001b053322fe0 ConcurrentGCThread "G1 Young RemSet Sampling" [stack: 0x0000002c1d700000,0x0000002c1d800000] [id=14584]

Threads with active compile tasks:

VM state: not at safepoint (normal execution)

VM Mutex/Monitor currently owned by a thread: None

Heap address: 0x0000000703200000, size: 4046 MB, Compressed Oops mode: Zero based, Oop shift amount: 3
CDS archive(s) mapped at: [0x0000000800000000-0x0000000800b50000-0x0000000800b50000), size 11862016, SharedBaseAddress: 0x0000000800000000, ArchiveRelocationMode: 0.
Compressed class space mapped at: 0x0000000800b50000-0x0000000840b50000, size: 1073741824
Narrow klass base: 0x0000000800000000, Narrow klass shift: 3, Narrow klass range: 0x100000000

GC Precious Log:
 CPUs: 8 total, 8 available
 Memory: 16180M
 Large Page Support: Disabled
 NUMA Support: Disabled
 Compressed Oops: Enabled (Zero based)
 Heap Region Size: 2M
 Heap Min Capacity: 8M
 Heap Initial Capacity: 254M
 Heap Max Capacity: 4046M
 Pre-touch: Disabled
 Parallel Workers: 8
 Concurrent Workers: 2
 Concurrent Refinement Workers: 8
 Periodic GC: Disabled

Heap:
 garbage-first heap   total 260096K, used 11590K [0x0000000703200000, 0x0000000800000000)
  region size 2048K, 7 young (14336K), 2 survivors (4096K)
 Metaspace       used 7713K, capacity 9841K, committed 9984K, reserved 1058816K
  class space    used 980K, capacity 1186K, committed 1280K, reserved 1048576K

Heap Regions: E=young(eden), S=young(survivor), O=old, HS=humongous(starts), HC=humongous(continues), CS=collection set, F=free, OA=open archive, CA=closed archive, TAMS=top-at-mark-start (previous, next)
|   0|0x0000000703200000, 0x0000000703200000, 0x0000000703400000|  0%| F|  |TAMS 0x0000000703200000, 0x0000000703200000| Untracked 
|   1|0x0000000703400000, 0x0000000703400000, 0x0000000703600000|  0%| F|  |TAMS 0x0000000703400000, 0x0000000703400000| Untracked 
|   2|0x0000000703600000, 0x0000000703600000, 0x0000000703800000|  0%| F|  |TAMS 0x0000000703600000, 0x0000000703600000| Untracked 
|   3|0x0000000703800000, 0x0000000703800000, 0x0000000703a00000|  0%| F|  |TAMS 0x0000000703800000, 0x0000000703800000| Untracked 
|   4|0x0000000703a00000, 0x0000000703a00000, 0x0000000703c00000|  0%| F|  |TAMS 0x0000000703a00000, 0x0000000703a00000| Untracked 
|   5|0x0000000703c00000, 0x0000000703c00000, 0x0000000703e00000|  0%| F|  |TAMS 0x0000000703c00000, 0x0000000703c00000| Untracked 
|   6|0x0000000703e00000, 0x0000000703e00000, 0x0000000704000000|  0%| F|  |TAMS 0x0000000703e00000, 0x0000000703e00000| Untracked 
|   7|0x0000000704000000, 0x0000000704000000, 0x0000000704200000|  0%| F|  |TAMS 0x0000000704000000, 0x0000000704000000| Untracked 
|   8|0x0000000704200000, 0x0000000704200000, 0x0000000704400000|  0%| F|  |TAMS 0x0000000704200000, 0x0000000704200000| Untracked 
|   9|0x0000000704400000, 0x0000000704400000, 0x0000000704600000|  0%| F|  |TAMS 0x0000000704400000, 0x0000000704400000| Untracked 
|  10|0x0000000704600000, 0x0000000704600000, 0x0000000704800000|  0%| F|  |TAMS 0x0000000704600000, 0x0000000704600000| Untracked 
|  11|0x0000000704800000, 0x0000000704800000, 0x0000000704a00000|  0%| F|  |TAMS 0x0000000704800000, 0x0000000704800000| Untracked 
|  12|0x0000000704a00000, 0x0000000704a00000, 0x0000000704c00000|  0%| F|  |TAMS 0x0000000704a00000, 0x0000000704a00000| Untracked 
|  13|0x0000000704c00000, 0x0000000704c00000, 0x0000000704e00000|  0%| F|  |TAMS 0x0000000704c00000, 0x0000000704c00000| Untracked 
|  14|0x0000000704e00000, 0x0000000704e00000, 0x0000000705000000|  0%| F|  |TAMS 0x0000000704e00000, 0x0000000704e00000| Untracked 
|  15|0x0000000705000000, 0x0000000705000000, 0x0000000705200000|  0%| F|  |TAMS 0x0000000705000000, 0x0000000705000000| Untracked 
|  16|0x0000000705200000, 0x0000000705200000, 0x0000000705400000|  0%| F|  |TAMS 0x0000000705200000, 0x0000000705200000| Untracked 
|  17|0x0000000705400000, 0x0000000705400000, 0x0000000705600000|  0%| F|  |TAMS 0x0000000705400000, 0x0000000705400000| Untracked 
|  18|0x0000000705600000, 0x0000000705600000, 0x0000000705800000|  0%| F|  |TAMS 0x0000000705600000, 0x0000000705600000| Untracked 
|  19|0x0000000705800000, 0x0000000705800000, 0x0000000705a00000|  0%| F|  |TAMS 0x0000000705800000, 0x0000000705800000| Untracked 
|  20|0x0000000705a00000, 0x0000000705a00000, 0x0000000705c00000|  0%| F|  |TAMS 0x0000000705a00000, 0x0000000705a00000| Untracked 
|  21|0x0000000705c00000, 0x0000000705c00000, 0x0000000705e00000|  0%| F|  |TAMS 0x0000000705c00000, 0x0000000705c00000| Untracked 
|  22|0x0000000705e00000, 0x0000000705e00000, 0x0000000706000000|  0%| F|  |TAMS 0x0000000705e00000, 0x0000000705e00000| Untracked 
|  23|0x0000000706000000, 0x0000000706000000, 0x0000000706200000|  0%| F|  |TAMS 0x0000000706000000, 0x0000000706000000| Untracked 
|  24|0x0000000706200000, 0x0000000706200000, 0x0000000706400000|  0%| F|  |TAMS 0x0000000706200000, 0x0000000706200000| Untracked 
|  25|0x0000000706400000, 0x0000000706400000, 0x0000000706600000|  0%| F|  |TAMS 0x0000000706400000, 0x0000000706400000| Untracked 
|  26|0x0000000706600000, 0x0000000706600000, 0x0000000706800000|  0%| F|  |TAMS 0x0000000706600000, 0x0000000706600000| Untracked 
|  27|0x0000000706800000, 0x0000000706800000, 0x0000000706a00000|  0%| F|  |TAMS 0x0000000706800000, 0x0000000706800000| Untracked 
|  28|0x0000000706a00000, 0x0000000706a00000, 0x0000000706c00000|  0%| F|  |TAMS 0x0000000706a00000, 0x0000000706a00000| Untracked 
|  29|0x0000000706c00000, 0x0000000706c00000, 0x0000000706e00000|  0%| F|  |TAMS 0x0000000706c00000, 0x0000000706c00000| Untracked 
|  30|0x0000000706e00000, 0x0000000706e00000, 0x0000000707000000|  0%| F|  |TAMS 0x0000000706e00000, 0x0000000706e00000| Untracked 
|  31|0x0000000707000000, 0x0000000707000000, 0x0000000707200000|  0%| F|  |TAMS 0x0000000707000000, 0x0000000707000000| Untracked 
|  32|0x0000000707200000, 0x0000000707200000, 0x0000000707400000|  0%| F|  |TAMS 0x0000000707200000, 0x0000000707200000| Untracked 
|  33|0x0000000707400000, 0x0000000707400000, 0x0000000707600000|  0%| F|  |TAMS 0x0000000707400000, 0x0000000707400000| Untracked 
|  34|0x0000000707600000, 0x0000000707600000, 0x0000000707800000|  0%| F|  |TAMS 0x0000000707600000, 0x0000000707600000| Untracked 
|  35|0x0000000707800000, 0x0000000707800000, 0x0000000707a00000|  0%| F|  |TAMS 0x0000000707800000, 0x0000000707800000| Untracked 
|  36|0x0000000707a00000, 0x0000000707a00000, 0x0000000707c00000|  0%| F|  |TAMS 0x0000000707a00000, 0x0000000707a00000| Untracked 
|  37|0x0000000707c00000, 0x0000000707c00000, 0x0000000707e00000|  0%| F|  |TAMS 0x0000000707c00000, 0x0000000707c00000| Untracked 
|  38|0x0000000707e00000, 0x0000000707e00000, 0x0000000708000000|  0%| F|  |TAMS 0x0000000707e00000, 0x0000000707e00000| Untracked 
|  39|0x0000000708000000, 0x0000000708000000, 0x0000000708200000|  0%| F|  |TAMS 0x0000000708000000, 0x0000000708000000| Untracked 
|  40|0x0000000708200000, 0x0000000708200000, 0x0000000708400000|  0%| F|  |TAMS 0x0000000708200000, 0x0000000708200000| Untracked 
|  41|0x0000000708400000, 0x0000000708400000, 0x0000000708600000|  0%| F|  |TAMS 0x0000000708400000, 0x0000000708400000| Untracked 
|  42|0x0000000708600000, 0x0000000708600000, 0x0000000708800000|  0%| F|  |TAMS 0x0000000708600000, 0x0000000708600000| Untracked 
|  43|0x0000000708800000, 0x0000000708800000, 0x0000000708a00000|  0%| F|  |TAMS 0x0000000708800000, 0x0000000708800000| Untracked 
|  44|0x0000000708a00000, 0x0000000708a00000, 0x0000000708c00000|  0%| F|  |TAMS 0x0000000708a00000, 0x0000000708a00000| Untracked 
|  45|0x0000000708c00000, 0x0000000708c00000, 0x0000000708e00000|  0%| F|  |TAMS 0x0000000708c00000, 0x0000000708c00000| Untracked 
|  46|0x0000000708e00000, 0x0000000708e00000, 0x0000000709000000|  0%| F|  |TAMS 0x0000000708e00000, 0x0000000708e00000| Untracked 
|  47|0x0000000709000000, 0x0000000709000000, 0x0000000709200000|  0%| F|  |TAMS 0x0000000709000000, 0x0000000709000000| Untracked 
|  48|0x0000000709200000, 0x0000000709200000, 0x0000000709400000|  0%| F|  |TAMS 0x0000000709200000, 0x0000000709200000| Untracked 
|  49|0x0000000709400000, 0x0000000709400000, 0x0000000709600000|  0%| F|  |TAMS 0x0000000709400000, 0x0000000709400000| Untracked 
|  50|0x0000000709600000, 0x0000000709600000, 0x0000000709800000|  0%| F|  |TAMS 0x0000000709600000, 0x0000000709600000| Untracked 
|  51|0x0000000709800000, 0x0000000709800000, 0x0000000709a00000|  0%| F|  |TAMS 0x0000000709800000, 0x0000000709800000| Untracked 
|  52|0x0000000709a00000, 0x0000000709a00000, 0x0000000709c00000|  0%| F|  |TAMS 0x0000000709a00000, 0x0000000709a00000| Untracked 
|  53|0x0000000709c00000, 0x0000000709c00000, 0x0000000709e00000|  0%| F|  |TAMS 0x0000000709c00000, 0x0000000709c00000| Untracked 
|  54|0x0000000709e00000, 0x0000000709e00000, 0x000000070a000000|  0%| F|  |TAMS 0x0000000709e00000, 0x0000000709e00000| Untracked 
|  55|0x000000070a000000, 0x000000070a000000, 0x000000070a200000|  0%| F|  |TAMS 0x000000070a000000, 0x000000070a000000| Untracked 
|  56|0x000000070a200000, 0x000000070a200000, 0x000000070a400000|  0%| F|  |TAMS 0x000000070a200000, 0x000000070a200000| Untracked 
|  57|0x000000070a400000, 0x000000070a400000, 0x000000070a600000|  0%| F|  |TAMS 0x000000070a400000, 0x000000070a400000| Untracked 
|  58|0x000000070a600000, 0x000000070a600000, 0x000000070a800000|  0%| F|  |TAMS 0x000000070a600000, 0x000000070a600000| Untracked 
|  59|0x000000070a800000, 0x000000070a800000, 0x000000070aa00000|  0%| F|  |TAMS 0x000000070a800000, 0x000000070a800000| Untracked 
|  60|0x000000070aa00000, 0x000000070aa00000, 0x000000070ac00000|  0%| F|  |TAMS 0x000000070aa00000, 0x000000070aa00000| Untracked 
|  61|0x000000070ac00000, 0x000000070ac00000, 0x000000070ae00000|  0%| F|  |TAMS 0x000000070ac00000, 0x000000070ac00000| Untracked 
|  62|0x000000070ae00000, 0x000000070ae00000, 0x000000070b000000|  0%| F|  |TAMS 0x000000070ae00000, 0x000000070ae00000| Untracked 
|  63|0x000000070b000000, 0x000000070b000000, 0x000000070b200000|  0%| F|  |TAMS 0x000000070b000000, 0x000000070b000000| Untracked 
|  64|0x000000070b200000, 0x000000070b200000, 0x000000070b400000|  0%| F|  |TAMS 0x000000070b200000, 0x000000070b200000| Untracked 
|  65|0x000000070b400000, 0x000000070b400000, 0x000000070b600000|  0%| F|  |TAMS 0x000000070b400000, 0x000000070b400000| Untracked 
|  66|0x000000070b600000, 0x000000070b600000, 0x000000070b800000|  0%| F|  |TAMS 0x000000070b600000, 0x000000070b600000| Untracked 
|  67|0x000000070b800000, 0x000000070b800000, 0x000000070ba00000|  0%| F|  |TAMS 0x000000070b800000, 0x000000070b800000| Untracked 
|  68|0x000000070ba00000, 0x000000070ba00000, 0x000000070bc00000|  0%| F|  |TAMS 0x000000070ba00000, 0x000000070ba00000| Untracked 
|  69|0x000000070bc00000, 0x000000070bc00000, 0x000000070be00000|  0%| F|  |TAMS 0x000000070bc00000, 0x000000070bc00000| Untracked 
|  70|0x000000070be00000, 0x000000070be00000, 0x000000070c000000|  0%| F|  |TAMS 0x000000070be00000, 0x000000070be00000| Untracked 
|  71|0x000000070c000000, 0x000000070c000000, 0x000000070c200000|  0%| F|  |TAMS 0x000000070c000000, 0x000000070c000000| Untracked 
|  72|0x000000070c200000, 0x000000070c200000, 0x000000070c400000|  0%| F|  |TAMS 0x000000070c200000, 0x000000070c200000| Untracked 
|  73|0x000000070c400000, 0x000000070c400000, 0x000000070c600000|  0%| F|  |TAMS 0x000000070c400000, 0x000000070c400000| Untracked 
|  74|0x000000070c600000, 0x000000070c600000, 0x000000070c800000|  0%| F|  |TAMS 0x000000070c600000, 0x000000070c600000| Untracked 
|  75|0x000000070c800000, 0x000000070c800000, 0x000000070ca00000|  0%| F|  |TAMS 0x000000070c800000, 0x000000070c800000| Untracked 
|  76|0x000000070ca00000, 0x000000070ca00000, 0x000000070cc00000|  0%| F|  |TAMS 0x000000070ca00000, 0x000000070ca00000| Untracked 
|  77|0x000000070cc00000, 0x000000070cc00000, 0x000000070ce00000|  0%| F|  |TAMS 0x000000070cc00000, 0x000000070cc00000| Untracked 
|  78|0x000000070ce00000, 0x000000070ce00000, 0x000000070d000000|  0%| F|  |TAMS 0x000000070ce00000, 0x000000070ce00000| Untracked 
|  79|0x000000070d000000, 0x000000070d000000, 0x000000070d200000|  0%| F|  |TAMS 0x000000070d000000, 0x000000070d000000| Untracked 
|  80|0x000000070d200000, 0x000000070d200000, 0x000000070d400000|  0%| F|  |TAMS 0x000000070d200000, 0x000000070d200000| Untracked 
|  81|0x000000070d400000, 0x000000070d400000, 0x000000070d600000|  0%| F|  |TAMS 0x000000070d400000, 0x000000070d400000| Untracked 
|  82|0x000000070d600000, 0x000000070d600000, 0x000000070d800000|  0%| F|  |TAMS 0x000000070d600000, 0x000000070d600000| Untracked 
|  83|0x000000070d800000, 0x000000070d800000, 0x000000070da00000|  0%| F|  |TAMS 0x000000070d800000, 0x000000070d800000| Untracked 
|  84|0x000000070da00000, 0x000000070da00000, 0x000000070dc00000|  0%| F|  |TAMS 0x000000070da00000, 0x000000070da00000| Untracked 
|  85|0x000000070dc00000, 0x000000070dc00000, 0x000000070de00000|  0%| F|  |TAMS 0x000000070dc00000, 0x000000070dc00000| Untracked 
|  86|0x000000070de00000, 0x000000070de00000, 0x000000070e000000|  0%| F|  |TAMS 0x000000070de00000, 0x000000070de00000| Untracked 
|  87|0x000000070e000000, 0x000000070e000000, 0x000000070e200000|  0%| F|  |TAMS 0x000000070e000000, 0x000000070e000000| Untracked 
|  88|0x000000070e200000, 0x000000070e200000, 0x000000070e400000|  0%| F|  |TAMS 0x000000070e200000, 0x000000070e200000| Untracked 
|  89|0x000000070e400000, 0x000000070e400000, 0x000000070e600000|  0%| F|  |TAMS 0x000000070e400000, 0x000000070e400000| Untracked 
|  90|0x000000070e600000, 0x000000070e600000, 0x000000070e800000|  0%| F|  |TAMS 0x000000070e600000, 0x000000070e600000| Untracked 
|  91|0x000000070e800000, 0x000000070e800000, 0x000000070ea00000|  0%| F|  |TAMS 0x000000070e800000, 0x000000070e800000| Untracked 
|  92|0x000000070ea00000, 0x000000070ea00000, 0x000000070ec00000|  0%| F|  |TAMS 0x000000070ea00000, 0x000000070ea00000| Untracked 
|  93|0x000000070ec00000, 0x000000070ec00000, 0x000000070ee00000|  0%| F|  |TAMS 0x000000070ec00000, 0x000000070ec00000| Untracked 
|  94|0x000000070ee00000, 0x000000070ee00000, 0x000000070f000000|  0%| F|  |TAMS 0x000000070ee00000, 0x000000070ee00000| Untracked 
|  95|0x000000070f000000, 0x000000070f000000, 0x000000070f200000|  0%| F|  |TAMS 0x000000070f000000, 0x000000070f000000| Untracked 
|  96|0x000000070f200000, 0x000000070f200000, 0x000000070f400000|  0%| F|  |TAMS 0x000000070f200000, 0x000000070f200000| Untracked 
|  97|0x000000070f400000, 0x000000070f400000, 0x000000070f600000|  0%| F|  |TAMS 0x000000070f400000, 0x000000070f400000| Untracked 
|  98|0x000000070f600000, 0x000000070f600000, 0x000000070f800000|  0%| F|  |TAMS 0x000000070f600000, 0x000000070f600000| Untracked 
|  99|0x000000070f800000, 0x000000070f800000, 0x000000070fa00000|  0%| F|  |TAMS 0x000000070f800000, 0x000000070f800000| Untracked 
| 100|0x000000070fa00000, 0x000000070fa00000, 0x000000070fc00000|  0%| F|  |TAMS 0x000000070fa00000, 0x000000070fa00000| Untracked 
| 101|0x000000070fc00000, 0x000000070fc00000, 0x000000070fe00000|  0%| F|  |TAMS 0x000000070fc00000, 0x000000070fc00000| Untracked 
| 102|0x000000070fe00000, 0x000000070fe00000, 0x0000000710000000|  0%| F|  |TAMS 0x000000070fe00000, 0x000000070fe00000| Untracked 
| 103|0x0000000710000000, 0x0000000710000000, 0x0000000710200000|  0%| F|  |TAMS 0x0000000710000000, 0x0000000710000000| Untracked 
| 104|0x0000000710200000, 0x0000000710200000, 0x0000000710400000|  0%| F|  |TAMS 0x0000000710200000, 0x0000000710200000| Untracked 
| 105|0x0000000710400000, 0x0000000710400000, 0x0000000710600000|  0%| F|  |TAMS 0x0000000710400000, 0x0000000710400000| Untracked 
| 106|0x0000000710600000, 0x0000000710600000, 0x0000000710800000|  0%| F|  |TAMS 0x0000000710600000, 0x0000000710600000| Untracked 
| 107|0x0000000710800000, 0x0000000710800000, 0x0000000710a00000|  0%| F|  |TAMS 0x0000000710800000, 0x0000000710800000| Untracked 
| 108|0x0000000710a00000, 0x0000000710a00000, 0x0000000710c00000|  0%| F|  |TAMS 0x0000000710a00000, 0x0000000710a00000| Untracked 
| 109|0x0000000710c00000, 0x0000000710c00000, 0x0000000710e00000|  0%| F|  |TAMS 0x0000000710c00000, 0x0000000710c00000| Untracked 
| 110|0x0000000710e00000, 0x0000000710e00000, 0x0000000711000000|  0%| F|  |TAMS 0x0000000710e00000, 0x0000000710e00000| Untracked 
| 111|0x0000000711000000, 0x0000000711000000, 0x0000000711200000|  0%| F|  |TAMS 0x0000000711000000, 0x0000000711000000| Untracked 
| 112|0x0000000711200000, 0x0000000711200000, 0x0000000711400000|  0%| F|  |TAMS 0x0000000711200000, 0x0000000711200000| Untracked 
| 113|0x0000000711400000, 0x0000000711400000, 0x0000000711600000|  0%| F|  |TAMS 0x0000000711400000, 0x0000000711400000| Untracked 
| 114|0x0000000711600000, 0x0000000711751ba0, 0x0000000711800000| 65%| S|CS|TAMS 0x0000000711600000, 0x0000000711600000| Complete 
| 115|0x0000000711800000, 0x0000000711a00000, 0x0000000711a00000|100%| S|CS|TAMS 0x0000000711800000, 0x0000000711800000| Complete 
| 116|0x0000000711a00000, 0x0000000711a00000, 0x0000000711c00000|  0%| F|  |TAMS 0x0000000711a00000, 0x0000000711a00000| Untracked 
| 117|0x0000000711c00000, 0x0000000711c00000, 0x0000000711e00000|  0%| F|  |TAMS 0x0000000711c00000, 0x0000000711c00000| Untracked 
| 118|0x0000000711e00000, 0x0000000711e00000, 0x0000000712000000|  0%| F|  |TAMS 0x0000000711e00000, 0x0000000711e00000| Untracked 
| 119|0x0000000712000000, 0x0000000712000000, 0x0000000712200000|  0%| F|  |TAMS 0x0000000712000000, 0x0000000712000000| Untracked 
| 120|0x0000000712200000, 0x0000000712200000, 0x0000000712400000|  0%| F|  |TAMS 0x0000000712200000, 0x0000000712200000| Untracked 
| 121|0x0000000712400000, 0x0000000712400000, 0x0000000712600000|  0%| F|  |TAMS 0x0000000712400000, 0x0000000712400000| Untracked 
| 122|0x0000000712600000, 0x0000000712719828, 0x0000000712800000| 54%| E|  |TAMS 0x0000000712600000, 0x0000000712600000| Complete 
| 123|0x0000000712800000, 0x0000000712a00000, 0x0000000712a00000|100%| E|CS|TAMS 0x0000000712800000, 0x0000000712800000| Complete 
| 124|0x0000000712a00000, 0x0000000712c00000, 0x0000000712c00000|100%| E|CS|TAMS 0x0000000712a00000, 0x0000000712a00000| Complete 
| 125|0x0000000712c00000, 0x0000000712e00000, 0x0000000712e00000|100%| E|CS|TAMS 0x0000000712c00000, 0x0000000712c00000| Complete 
| 126|0x0000000712e00000, 0x0000000713000000, 0x0000000713000000|100%| E|CS|TAMS 0x0000000712e00000, 0x0000000712e00000| Complete 

Card table byte_map: [0x000001b047b30000,0x000001b048320000] _byte_map_base: 0x000001b044317000

Marking Bits (Prev, Next): (CMBitMap*) 0x000001b02dee45a0, (CMBitMap*) 0x000001b02dee45e0
 Prev Bits: [0x000001b048b10000, 0x000001b04ca48000)
 Next Bits: [0x000001b04ca50000, 0x000001b050988000)

Polling page: 0x000001b02df60000

Metaspace:

Usage:
  Non-class:      8.45 MB capacity,     6.58 MB ( 78%) used,     1.86 MB ( 22%) free+waste,    12.19 KB ( <1%) overhead. 
      Class:      1.16 MB capacity,   980.38 KB ( 83%) used,   200.30 KB ( 17%) free+waste,     5.31 KB ( <1%) overhead. 
       Both:      9.61 MB capacity,     7.53 MB ( 78%) used,     2.06 MB ( 21%) free+waste,    17.50 KB ( <1%) overhead. 

Virtual space:
  Non-class space:       10.00 MB reserved,       8.50 MB ( 85%) committed 
      Class space:        1.00 GB reserved,       1.25 MB ( <1%) committed 
             Both:        1.01 GB reserved,       9.75 MB ( <1%) committed 

Chunk freelists:
   Non-Class:  49.00 KB
       Class:  0 bytes
        Both:  49.00 KB

MaxMetaspaceSize: 17179869184.00 GB
CompressedClassSpaceSize: 1.00 GB

CodeHeap 'non-profiled nmethods': size=120000Kb used=340Kb max_used=340Kb free=119659Kb
 bounds [0x000001b03f3b0000, 0x000001b03f620000, 0x000001b0468e0000]
CodeHeap 'profiled nmethods': size=120000Kb used=1665Kb max_used=1665Kb free=118334Kb
 bounds [0x000001b037e80000, 0x000001b0380f0000, 0x000001b03f3b0000]
CodeHeap 'non-nmethods': size=5760Kb used=1321Kb max_used=1336Kb free=4438Kb
 bounds [0x000001b0378e0000, 0x000001b037b50000, 0x000001b037e80000]
 total_blobs=1682 nmethods=1063 adapters=532
 compilation: enabled
              stopped_count=0, restarted_count=0
 full_count=0

Compilation events (20 events):
Event: 1.029 Thread 0x000001b053cc1f40 1055       3       java.util.LinkedHashMap::afterNodeInsertion (40 bytes)
Event: 1.030 Thread 0x000001b053cc1f40 nmethod 1055 0x000001b03801e510 code [0x000001b03801e6c0, 0x000001b03801e898]
Event: 1.030 Thread 0x000001b053cc1f40 1051       1       java.util.LinkedHashMap::removeEldestEntry (2 bytes)
Event: 1.030 Thread 0x000001b053cc1f40 nmethod 1051 0x000001b03f403010 code [0x000001b03f4031a0, 0x000001b03f403258]
Event: 1.032 Thread 0x000001b053cc1f40 1056       3       java.util.concurrent.ConcurrentHashMap::put (8 bytes)
Event: 1.032 Thread 0x000001b053cc1f40 nmethod 1056 0x000001b03801e990 code [0x000001b03801eb40, 0x000001b03801ec68]
Event: 1.032 Thread 0x000001b053cbd780 1057       4       java.lang.StringBuilder::append (8 bytes)
Event: 1.032 Thread 0x000001b053cc1f40 1059       3       java.nio.CharBuffer::array (35 bytes)
Event: 1.033 Thread 0x000001b053cc1f40 nmethod 1059 0x000001b03801ed10 code [0x000001b03801eee0, 0x000001b03801f1b8]
Event: 1.035 Thread 0x000001b053cbd780 nmethod 1057 0x000001b03f403310 code [0x000001b03f4034a0, 0x000001b03f4039d8]
Event: 1.035 Thread 0x000001b053cbd780 1058       4       java.lang.AbstractStringBuilder::append (77 bytes)
Event: 1.037 Thread 0x000001b053cbd780 nmethod 1058 0x000001b03f403c90 code [0x000001b03f403e20, 0x000001b03f404358]
Event: 1.060 Thread 0x000001b053cbd780 1060       4       Neighbours::satisfied (112 bytes)
Event: 1.060 Thread 0x000001b053cc1f40 1061  s    3       java.io.BufferedOutputStream::write (67 bytes)
Event: 1.061 Thread 0x000001b053cc1f40 nmethod 1061 0x000001b03801f310 code [0x000001b03801f500, 0x000001b03801fc78]
Event: 1.061 Thread 0x000001b053cc1f40 1062       3       java.io.FileOutputStream::write (20 bytes)
Event: 1.061 Thread 0x000001b053cc1f40 nmethod 1062 0x000001b03801fe90 code [0x000001b038020040, 0x000001b0380201e8]
Event: 1.061 Thread 0x000001b053cc1f40 1063       3       java.io.FileDescriptor$1::getAppend (5 bytes)
Event: 1.061 Thread 0x000001b053cc1f40 nmethod 1063 0x000001b038020310 code [0x000001b0380204a0, 0x000001b0380205b8]
Event: 1.064 Thread 0x000001b053cbd780 nmethod 1060 0x000001b03f404a10 code [0x000001b03f404ba0, 0x000001b03f404f18]

GC Heap History (2 events):
Event: 0.470 GC heap before
{Heap before GC invocations=0 (full 0):
 garbage-first heap   total 260096K, used 22528K [0x0000000703200000, 0x0000000800000000)
  region size 2048K, 11 young (22528K), 0 survivors (0K)
 Metaspace       used 5421K, capacity 8149K, committed 8448K, reserved 1056768K
  class space    used 660K, capacity 922K, committed 1024K, reserved 1048576K
}
Event: 0.472 GC heap after
{Heap after GC invocations=1 (full 0):
 garbage-first heap   total 260096K, used 3398K [0x0000000703200000, 0x0000000800000000)
  region size 2048K, 2 young (4096K), 2 survivors (4096K)
 Metaspace       used 5421K, capacity 8149K, committed 8448K, reserved 1056768K
  class space    used 660K, capacity 922K, committed 1024K, reserved 1048576K
}

Deoptimization events (20 events):
Event: 0.286 Thread 0x000001b02de93c90 Uncommon trap: trap_request=0xffffff45 fr.pc=0x000001b03f3c2c8c relative=0x00000000000007cc
Event: 0.286 Thread 0x000001b02de93c90 Uncommon trap: reason=unstable_if action=reinterpret pc=0x000001b03f3c2c8c method=java.lang.String.isEmpty()Z @ 5 c2
Event: 0.286 Thread 0x000001b02de93c90 DEOPT PACKING pc=0x000001b03f3c2c8c sp=0x0000002c1d2fe000
Event: 0.286 Thread 0x000001b02de93c90 DEOPT UNPACKING pc=0x000001b03792e42f sp=0x0000002c1d2fdf40 mode 2
Event: 0.349 Thread 0x000001b02de93c90 Uncommon trap: trap_request=0xffffffde fr.pc=0x000001b03f3d2b2c relative=0x0000000000000b2c
Event: 0.349 Thread 0x000001b02de93c90 Uncommon trap: reason=class_check action=maybe_recompile pc=0x000001b03f3d2b2c method=java.util.HashMap.putVal(ILjava/lang/Object;Ljava/lang/Object;ZZ)Ljava/lang/Object; @ 152 c2
Event: 0.349 Thread 0x000001b02de93c90 DEOPT PACKING pc=0x000001b03f3d2b2c sp=0x0000002c1d2fcde0
Event: 0.349 Thread 0x000001b02de93c90 DEOPT UNPACKING pc=0x000001b03792e42f sp=0x0000002c1d2fcd60 mode 2
Event: 0.349 Thread 0x000001b02de93c90 Uncommon trap: trap_request=0xffffffde fr.pc=0x000001b03f3d2b2c relative=0x0000000000000b2c
Event: 0.349 Thread 0x000001b02de93c90 Uncommon trap: reason=class_check action=maybe_recompile pc=0x000001b03f3d2b2c method=java.util.HashMap.putVal(ILjava/lang/Object;Ljava/lang/Object;ZZ)Ljava/lang/Object; @ 152 c2
Event: 0.349 Thread 0x000001b02de93c90 DEOPT PACKING pc=0x000001b03f3d2b2c sp=0x0000002c1d2fcde0
Event: 0.349 Thread 0x000001b02de93c90 DEOPT UNPACKING pc=0x000001b03792e42f sp=0x0000002c1d2fcd60 mode 2
Event: 0.349 Thread 0x000001b02de93c90 Uncommon trap: trap_request=0xffffffde fr.pc=0x000001b03f3d2b2c relative=0x0000000000000b2c
Event: 0.349 Thread 0x000001b02de93c90 Uncommon trap: reason=class_check action=maybe_recompile pc=0x000001b03f3d2b2c method=java.util.HashMap.putVal(ILjava/lang/Object;Ljava/lang/Object;ZZ)Ljava/lang/Object; @ 152 c2
Event: 0.349 Thread 0x000001b02de93c90 DEOPT PACKING pc=0x000001b03f3d2b2c sp=0x0000002c1d2fcde0
Event: 0.349 Thread 0x000001b02de93c90 DEOPT UNPACKING pc=0x000001b03792e42f sp=0x0000002c1d2fcd60 mode 2
Event: 0.509 Thread 0x000001b05499a780 Uncommon trap: trap_request=0xffffff45 fr.pc=0x000001b03f3d1cb4 relative=0x0000000000000034
Event: 0.509 Thread 0x000001b05499a780 Uncommon trap: reason=unstable_if action=reinterpret pc=0x000001b03f3d1cb4 method=java.lang.StringLatin1.canEncode(I)Z @ 4 c2
Event: 0.509 Thread 0x000001b05499a780 DEOPT PACKING pc=0x000001b03f3d1cb4 sp=0x0000002c1e9fb760
Event: 0.509 Thread 0x000001b05499a780 DEOPT UNPACKING pc=0x000001b03792e42f sp=0x0000002c1e9fb6f0 mode 2

Classes unloaded (0 events):
No events

Classes redefined (0 events):
No events

Internal exceptions (20 events):
Event: 0.756 Thread 0x000001b05499a780 Exception <a 'java/lang/ArrayIndexOutOfBoundsException'{0x000000071298ed18}: Index 49 out of bounds for length 49> (0x000000071298ed18) 
thrown [./open/src/hotspot/share/interpreter/interpreterRuntime.cpp, line 443]
Event: 0.772 Thread 0x000001b05499a780 Exception <a 'java/lang/ArrayIndexOutOfBoundsException'{0x00000007129942a8}: Index 49 out of bounds for length 49> (0x00000007129942a8) 
thrown [./open/src/hotspot/share/interpreter/interpreterRuntime.cpp, line 443]
Event: 0.788 Thread 0x000001b05499a780 Exception <a 'java/lang/ArrayIndexOutOfBoundsException'{0x0000000712999838}: Index 49 out of bounds for length 49> (0x0000000712999838) 
thrown [./open/src/hotspot/share/interpreter/interpreterRuntime.cpp, line 443]
Event: 0.804 Thread 0x000001b05499a780 Exception <a 'java/lang/ArrayIndexOutOfBoundsException'{0x000000071299edc8}: Index 49 out of bounds for length 49> (0x000000071299edc8) 
thrown [./open/src/hotspot/share/interpreter/interpreterRuntime.cpp, line 443]
Event: 0.820 Thread 0x000001b05499a780 Exception <a 'java/lang/ArrayIndexOutOfBoundsException'{0x00000007129a4358}: Index 49 out of bounds for length 49> (0x00000007129a4358) 
thrown [./open/src/hotspot/share/interpreter/interpreterRuntime.cpp, line 443]
Event: 0.835 Thread 0x000001b05499a780 Exception <a 'java/lang/ArrayIndexOutOfBoundsException'{0x00000007129a98e8}: Index 49 out of bounds for length 49> (0x00000007129a98e8) 
thrown [./open/src/hotspot/share/interpreter/interpreterRuntime.cpp, line 443]
Event: 0.852 Thread 0x000001b05499a780 Exception <a 'java/lang/ArrayIndexOutOfBoundsException'{0x00000007129aee78}: Index 49 out of bounds for length 49> (0x00000007129aee78) 
thrown [./open/src/hotspot/share/interpreter/interpreterRuntime.cpp, line 443]
Event: 0.868 Thread 0x000001b05499a780 Exception <a 'java/lang/ArrayIndexOutOfBoundsException'{0x00000007129b4408}: Index 49 out of bounds for length 49> (0x00000007129b4408) 
thrown [./open/src/hotspot/share/interpreter/interpreterRuntime.cpp, line 443]
Event: 0.884 Thread 0x000001b05499a780 Exception <a 'java/lang/ArrayIndexOutOfBoundsException'{0x00000007129b9998}: Index 49 out of bounds for length 49> (0x00000007129b9998) 
thrown [./open/src/hotspot/share/interpreter/interpreterRuntime.cpp, line 443]
Event: 0.900 Thread 0x000001b05499a780 Exception <a 'java/lang/ArrayIndexOutOfBoundsException'{0x00000007129bef28}: Index 49 out of bounds for length 49> (0x00000007129bef28) 
thrown [./open/src/hotspot/share/interpreter/interpreterRuntime.cpp, line 443]
Event: 0.916 Thread 0x000001b05499a780 Exception <a 'java/lang/ArrayIndexOutOfBoundsException'{0x00000007129c44b8}: Index 49 out of bounds for length 49> (0x00000007129c44b8) 
thrown [./open/src/hotspot/share/interpreter/interpreterRuntime.cpp, line 443]
Event: 0.931 Thread 0x000001b05499a780 Exception <a 'java/lang/ArrayIndexOutOfBoundsException'{0x00000007129c9a48}: Index 49 out of bounds for length 49> (0x00000007129c9a48) 
thrown [./open/src/hotspot/share/interpreter/interpreterRuntime.cpp, line 443]
Event: 0.947 Thread 0x000001b05499a780 Exception <a 'java/lang/ArrayIndexOutOfBoundsException'{0x00000007129cefd8}: Index 49 out of bounds for length 49> (0x00000007129cefd8) 
thrown [./open/src/hotspot/share/interpreter/interpreterRuntime.cpp, line 443]
Event: 0.963 Thread 0x000001b05499a780 Exception <a 'java/lang/ArrayIndexOutOfBoundsException'{0x00000007129d4568}: Index 49 out of bounds for length 49> (0x00000007129d4568) 
thrown [./open/src/hotspot/share/interpreter/interpreterRuntime.cpp, line 443]
Event: 0.979 Thread 0x000001b05499a780 Exception <a 'java/lang/ArrayIndexOutOfBoundsException'{0x00000007129d9af8}: Index 49 out of bounds for length 49> (0x00000007129d9af8) 
thrown [./open/src/hotspot/share/interpreter/interpreterRuntime.cpp, line 443]
Event: 0.995 Thread 0x000001b05499a780 Exception <a 'java/lang/ArrayIndexOutOfBoundsException'{0x00000007129df088}: Index 49 out of bounds for length 49> (0x00000007129df088) 
thrown [./open/src/hotspot/share/interpreter/interpreterRuntime.cpp, line 443]
Event: 1.011 Thread 0x000001b05499a780 Exception <a 'java/lang/ArrayIndexOutOfBoundsException'{0x00000007129e4618}: Index 49 out of bounds for length 49> (0x00000007129e4618) 
thrown [./open/src/hotspot/share/interpreter/interpreterRuntime.cpp, line 443]
Event: 1.027 Thread 0x000001b05499a780 Exception <a 'java/lang/ArrayIndexOutOfBoundsException'{0x00000007129e9ba8}: Index 49 out of bounds for length 49> (0x00000007129e9ba8) 
thrown [./open/src/hotspot/share/interpreter/interpreterRuntime.cpp, line 443]
Event: 1.043 Thread 0x000001b05499a780 Exception <a 'java/lang/ArrayIndexOutOfBoundsException'{0x00000007129ef138}: Index 49 out of bounds for length 49> (0x00000007129ef138) 
thrown [./open/src/hotspot/share/interpreter/interpreterRuntime.cpp, line 443]
Event: 1.060 Thread 0x000001b05499a780 Exception <a 'java/lang/ArrayIndexOutOfBoundsException'{0x00000007126b0490}: Index 49 out of bounds for length 49> (0x00000007126b0490) 
thrown [./open/src/hotspot/share/interpreter/interpreterRuntime.cpp, line 443]

Events (20 events):
Event: 1.025 loading class sun/util/locale/provider/TimeZoneNameProviderImpl done
Event: 1.025 loading class sun/util/cldr/CLDRTimeZoneNameProviderImpl done
Event: 1.026 loading class sun/util/locale/provider/BaseLocaleDataMetaInfo
Event: 1.027 loading class sun/util/locale/provider/BaseLocaleDataMetaInfo done
Event: 1.028 loading class sun/util/resources/cldr/TimeZoneNames
Event: 1.028 loading class sun/util/resources/TimeZoneNamesBundle
Event: 1.028 loading class sun/util/resources/OpenListResourceBundle
Event: 1.028 loading class sun/util/resources/OpenListResourceBundle done
Event: 1.028 loading class sun/util/resources/TimeZoneNamesBundle done
Event: 1.028 loading class sun/util/resources/cldr/TimeZoneNames done
Event: 1.028 loading class sun/util/resources/cldr/TimeZoneNames_en
Event: 1.028 loading class sun/util/resources/cldr/TimeZoneNames_en done
Event: 1.029 loading class sun/util/resources/cldr/TimeZoneNames_en_US
Event: 1.029 loading class sun/util/resources/cldr/TimeZoneNames_en_US done
Event: 1.029 loading class java/util/LinkedHashMap$LinkedKeySet
Event: 1.029 loading class java/util/LinkedHashMap$LinkedKeySet done
Event: 1.029 loading class sun/util/resources/TimeZoneNames
Event: 1.030 loading class sun/util/resources/TimeZoneNames done
Event: 1.030 loading class sun/util/resources/TimeZoneNames_en
Event: 1.030 loading class sun/util/resources/TimeZoneNames_en done


Dynamic libraries:
0x00007ff650810000 - 0x00007ff65081d000 	C:\Users\lehun\jdk-15.0.2\bin\java.exe
0x00007ffa32c40000 - 0x00007ffa32e30000 	C:\Windows\SYSTEM32\ntdll.dll
0x00007ffa317b0000 - 0x00007ffa31862000 	C:\Windows\System32\KERNEL32.DLL
0x00007ffa309c0000 - 0x00007ffa30c65000 	C:\Windows\System32\KERNELBASE.dll
0x00007ffa2fbc0000 - 0x00007ffa2fcba000 	C:\Windows\System32\ucrtbase.dll
0x00007ffa2c3a0000 - 0x00007ffa2c3b9000 	C:\Users\lehun\jdk-15.0.2\bin\VCRUNTIME140.dll
0x00007ffa2c3c0000 - 0x00007ffa2c3d8000 	C:\Users\lehun\jdk-15.0.2\bin\jli.dll
0x00007ffa32300000 - 0x00007ffa32494000 	C:\Windows\System32\USER32.dll
0x00007ffa1b220000 - 0x00007ffa1b4a4000 	C:\Windows\WinSxS\amd64_microsoft.windows.common-controls_6595b64144ccf1df_6.0.18362.1316_none_9e7a364fe461dbd7\COMCTL32.dll
0x00007ffa30760000 - 0x00007ffa30781000 	C:\Windows\System32\win32u.dll
0x00007ffa31a90000 - 0x00007ffa31b2e000 	C:\Windows\System32\msvcrt.dll
0x00007ffa31890000 - 0x00007ffa318b6000 	C:\Windows\System32\GDI32.dll
0x00007ffa30790000 - 0x00007ffa30928000 	C:\Windows\System32\gdi32full.dll
0x00007ffa312a0000 - 0x00007ffa315d7000 	C:\Windows\System32\combase.dll
0x00007ffa31c40000 - 0x00007ffa31d5f000 	C:\Windows\System32\RPCRT4.dll
0x00007ffa304c0000 - 0x00007ffa3055e000 	C:\Windows\System32\msvcp_win.dll
0x00007ffa30930000 - 0x00007ffa309b1000 	C:\Windows\System32\bcryptPrimitives.dll
0x00007ffa31f90000 - 0x00007ffa31fbe000 	C:\Windows\System32\IMM32.DLL
0x00007ffa2c390000 - 0x00007ffa2c39c000 	C:\Users\lehun\jdk-15.0.2\bin\vcruntime140_1.dll
0x00007ff9f7300000 - 0x00007ff9f7391000 	C:\Users\lehun\jdk-15.0.2\bin\msvcp140.dll
0x00007ff9d1dd0000 - 0x00007ff9d292e000 	C:\Users\lehun\jdk-15.0.2\bin\server\jvm.dll
0x00007ffa315e0000 - 0x00007ffa31683000 	C:\Windows\System32\ADVAPI32.dll
0x00007ffa31690000 - 0x00007ffa31727000 	C:\Windows\System32\sechost.dll
0x00007ffa30dc0000 - 0x00007ffa30dc8000 	C:\Windows\System32\PSAPI.DLL
0x00007ffa2db90000 - 0x00007ffa2dbb4000 	C:\Windows\SYSTEM32\WINMM.dll
0x00007ffa28370000 - 0x00007ffa2837a000 	C:\Windows\SYSTEM32\VERSION.dll
0x00007ffa0d890000 - 0x00007ffa0d899000 	C:\Windows\SYSTEM32\WSOCK32.dll
0x00007ffa2db60000 - 0x00007ffa2db8d000 	C:\Windows\SYSTEM32\WINMMBASE.dll
0x00007ffa31ea0000 - 0x00007ffa31f0f000 	C:\Windows\System32\WS2_32.dll
0x00007ffa2fcc0000 - 0x00007ffa2fd0a000 	C:\Windows\System32\cfgmgr32.dll
0x00007ffa2fb00000 - 0x00007ffa2fb11000 	C:\Windows\System32\kernel.appcore.dll
0x00007ffa2c340000 - 0x00007ffa2c34a000 	C:\Users\lehun\jdk-15.0.2\bin\jimage.dll
0x00007ffa225d0000 - 0x00007ffa227c4000 	C:\Windows\SYSTEM32\DBGHELP.DLL
0x00007ffa12d30000 - 0x00007ffa12d5a000 	C:\Windows\SYSTEM32\dbgcore.DLL
0x00007ffa2c330000 - 0x00007ffa2c33e000 	C:\Users\lehun\jdk-15.0.2\bin\instrument.dll
0x00007ffa29980000 - 0x00007ffa299a5000 	C:\Users\lehun\jdk-15.0.2\bin\java.dll
0x00007ffa32510000 - 0x00007ffa32bf8000 	C:\Windows\System32\SHELL32.dll
0x00007ffa31b90000 - 0x00007ffa31c37000 	C:\Windows\System32\shcore.dll
0x00007ffa2fd40000 - 0x00007ffa304bb000 	C:\Windows\System32\windows.storage.dll
0x00007ffa2fb70000 - 0x00007ffa2fb93000 	C:\Windows\System32\profapi.dll
0x00007ffa2fb20000 - 0x00007ffa2fb6a000 	C:\Windows\System32\powrprof.dll
0x00007ffa2faf0000 - 0x00007ffa2fb00000 	C:\Windows\System32\UMPDC.dll
0x00007ffa31fc0000 - 0x00007ffa32012000 	C:\Windows\System32\shlwapi.dll
0x00007ffa30c70000 - 0x00007ffa30c87000 	C:\Windows\System32\cryptsp.dll
0x00007ffa29940000 - 0x00007ffa29959000 	C:\Users\lehun\jdk-15.0.2\bin\net.dll
0x00007ffa2abf0000 - 0x00007ffa2ace0000 	C:\Windows\SYSTEM32\WINHTTP.dll
0x00007ffa2f330000 - 0x00007ffa2f397000 	C:\Windows\system32\mswsock.dll
0x00007ffa06230000 - 0x00007ffa06242000 	C:\Users\lehun\jdk-15.0.2\bin\nio.dll
0x00007ffa06160000 - 0x00007ffa06178000 	C:\Users\lehun\jdk-15.0.2\bin\zip.dll
0x00007ffa036a0000 - 0x00007ffa036ba000 	C:\Program Files\JetBrains\IntelliJ IDEA Community Edition 2020.3.1\bin\breakgen64.dll
0x000001b02dfb0000 - 0x000001b02dfb3000 	C:\Users\lehun\javafx-sdk-15.0.1\bin\api-ms-win-core-console-l1-1-0.dll
0x000001b02dfc0000 - 0x000001b02dfc3000 	C:\Users\lehun\javafx-sdk-15.0.1\bin\api-ms-win-core-console-l1-2-0.dll
0x000001b055970000 - 0x000001b055973000 	C:\Users\lehun\javafx-sdk-15.0.1\bin\api-ms-win-core-datetime-l1-1-0.dll
0x000001b055aa0000 - 0x000001b055aa3000 	C:\Users\lehun\javafx-sdk-15.0.1\bin\api-ms-win-core-debug-l1-1-0.dll
0x000001b055980000 - 0x000001b055983000 	C:\Users\lehun\javafx-sdk-15.0.1\bin\api-ms-win-core-errorhandling-l1-1-0.dll
0x000001b055990000 - 0x000001b055994000 	C:\Users\lehun\javafx-sdk-15.0.1\bin\api-ms-win-core-file-l1-1-0.dll
0x000001b0559a0000 - 0x000001b0559a3000 	C:\Users\lehun\javafx-sdk-15.0.1\bin\api-ms-win-core-file-l1-2-0.dll
0x000001b0559b0000 - 0x000001b0559b3000 	C:\Users\lehun\javafx-sdk-15.0.1\bin\api-ms-win-core-file-l2-1-0.dll
0x000001b0559c0000 - 0x000001b0559c3000 	C:\Users\lehun\javafx-sdk-15.0.1\bin\api-ms-win-core-handle-l1-1-0.dll
0x000001b0559d0000 - 0x000001b0559d3000 	C:\Users\lehun\javafx-sdk-15.0.1\bin\api-ms-win-core-heap-l1-1-0.dll
0x000001b0559e0000 - 0x000001b0559e3000 	C:\Users\lehun\javafx-sdk-15.0.1\bin\api-ms-win-core-interlocked-l1-1-0.dll
0x000001b0559f0000 - 0x000001b0559f3000 	C:\Users\lehun\javafx-sdk-15.0.1\bin\api-ms-win-core-libraryloader-l1-1-0.dll
0x000001b055a00000 - 0x000001b055a03000 	C:\Users\lehun\javafx-sdk-15.0.1\bin\api-ms-win-core-localization-l1-2-0.dll
0x000001b055a10000 - 0x000001b055a13000 	C:\Users\lehun\javafx-sdk-15.0.1\bin\api-ms-win-core-memory-l1-1-0.dll
0x000001b055a20000 - 0x000001b055a23000 	C:\Users\lehun\javafx-sdk-15.0.1\bin\api-ms-win-core-namedpipe-l1-1-0.dll
0x000001b055a30000 - 0x000001b055a33000 	C:\Users\lehun\javafx-sdk-15.0.1\bin\api-ms-win-core-processenvironment-l1-1-0.dll
0x000001b055a40000 - 0x000001b055a43000 	C:\Users\lehun\javafx-sdk-15.0.1\bin\api-ms-win-core-processthreads-l1-1-0.dll
0x000001b055a50000 - 0x000001b055a53000 	C:\Users\lehun\javafx-sdk-15.0.1\bin\api-ms-win-core-processthreads-l1-1-1.dll
0x000001b055a60000 - 0x000001b055a63000 	C:\Users\lehun\javafx-sdk-15.0.1\bin\api-ms-win-core-profile-l1-1-0.dll
0x000001b055a70000 - 0x000001b055a73000 	C:\Users\lehun\javafx-sdk-15.0.1\bin\api-ms-win-core-rtlsupport-l1-1-0.dll
0x000001b055a80000 - 0x000001b055a83000 	C:\Users\lehun\javafx-sdk-15.0.1\bin\api-ms-win-core-string-l1-1-0.dll
0x000001b055a90000 - 0x000001b055a93000 	C:\Users\lehun\javafx-sdk-15.0.1\bin\api-ms-win-core-synch-l1-1-0.dll
0x000001b055ab0000 - 0x000001b055ab3000 	C:\Users\lehun\javafx-sdk-15.0.1\bin\api-ms-win-core-synch-l1-2-0.dll
0x000001b055ac0000 - 0x000001b055ac3000 	C:\Users\lehun\javafx-sdk-15.0.1\bin\api-ms-win-core-sysinfo-l1-1-0.dll
0x000001b055e20000 - 0x000001b055e23000 	C:\Users\lehun\javafx-sdk-15.0.1\bin\api-ms-win-core-timezone-l1-1-0.dll
0x000001b055e30000 - 0x000001b055e33000 	C:\Users\lehun\javafx-sdk-15.0.1\bin\api-ms-win-core-util-l1-1-0.dll
0x000001b055e40000 - 0x000001b055e43000 	C:\Users\lehun\javafx-sdk-15.0.1\bin\api-ms-win-crt-conio-l1-1-0.dll
0x000001b055e50000 - 0x000001b055e54000 	C:\Users\lehun\javafx-sdk-15.0.1\bin\api-ms-win-crt-convert-l1-1-0.dll
0x000001b055e60000 - 0x000001b055e63000 	C:\Users\lehun\javafx-sdk-15.0.1\bin\api-ms-win-crt-environment-l1-1-0.dll
0x000001b055ad0000 - 0x000001b055ad3000 	C:\Users\lehun\javafx-sdk-15.0.1\bin\api-ms-win-crt-filesystem-l1-1-0.dll
0x000001b055ae0000 - 0x000001b055ae3000 	C:\Users\lehun\javafx-sdk-15.0.1\bin\api-ms-win-crt-heap-l1-1-0.dll
0x000001b055af0000 - 0x000001b055af3000 	C:\Users\lehun\javafx-sdk-15.0.1\bin\api-ms-win-crt-locale-l1-1-0.dll
0x000001b055b00000 - 0x000001b055b05000 	C:\Users\lehun\javafx-sdk-15.0.1\bin\api-ms-win-crt-math-l1-1-0.dll
0x000001b055b10000 - 0x000001b055b15000 	C:\Users\lehun\javafx-sdk-15.0.1\bin\api-ms-win-crt-multibyte-l1-1-0.dll
0x000001b055b20000 - 0x000001b055b30000 	C:\Users\lehun\javafx-sdk-15.0.1\bin\api-ms-win-crt-private-l1-1-0.dll
0x000001b055b30000 - 0x000001b055b33000 	C:\Users\lehun\javafx-sdk-15.0.1\bin\api-ms-win-crt-process-l1-1-0.dll
0x000001b055b40000 - 0x000001b055b44000 	C:\Users\lehun\javafx-sdk-15.0.1\bin\api-ms-win-crt-runtime-l1-1-0.dll
0x000001b055b50000 - 0x000001b055b54000 	C:\Users\lehun\javafx-sdk-15.0.1\bin\api-ms-win-crt-stdio-l1-1-0.dll
0x000001b055b60000 - 0x000001b055b64000 	C:\Users\lehun\javafx-sdk-15.0.1\bin\api-ms-win-crt-string-l1-1-0.dll
0x000001b055b70000 - 0x000001b055b73000 	C:\Users\lehun\javafx-sdk-15.0.1\bin\api-ms-win-crt-time-l1-1-0.dll
0x000001b055b80000 - 0x000001b055b83000 	C:\Users\lehun\javafx-sdk-15.0.1\bin\api-ms-win-crt-utility-l1-1-0.dll
0x00007ff9ee2a0000 - 0x00007ff9ee39c000 	C:\Users\lehun\javafx-sdk-15.0.1\bin\ucrtbase.dll
0x00007ffa03680000 - 0x00007ffa03695000 	C:\Users\lehun\javafx-sdk-15.0.1\bin\vcruntime140.dll
0x00007ff9e7f90000 - 0x00007ff9e802b000 	C:\Users\lehun\javafx-sdk-15.0.1\bin\msvcp140.dll
0x00007ffa012c0000 - 0x00007ffa012e3000 	C:\Users\lehun\javafx-sdk-15.0.1\bin\prism_d3d.dll
0x00007ff9d8f30000 - 0x00007ff9d90f7000 	C:\Windows\system32\d3d9.dll
0x00007ffa2deb0000 - 0x00007ffa2dedd000 	C:\Windows\SYSTEM32\dwmapi.dll
0x00007ffa2e6f0000 - 0x00007ffa2e710000 	C:\Windows\SYSTEM32\dxcore.dll
0x00007ffa2ddc0000 - 0x00007ffa2de59000 	C:\Windows\system32\uxtheme.dll
0x00007ff9d7860000 - 0x00007ff9d79c3000 	C:\Windows\System32\DriverStore\FileRepository\iigd_dch.inf_amd64_a27adb6f3c75ef42\igdumdim64.dll
0x00007ff9b1560000 - 0x00007ff9b571f000 	C:\Windows\System32\DriverStore\FileRepository\iigd_dch.inf_amd64_a27adb6f3c75ef42\igd9dxva64.dll
0x00007ffa320f0000 - 0x00007ffa32247000 	C:\Windows\System32\ole32.dll
0x00007ffa30cf0000 - 0x00007ffa30db5000 	C:\Windows\System32\OLEAUT32.dll
0x00007ffa281c0000 - 0x00007ffa28363000 	C:\Windows\System32\DriverStore\FileRepository\iigd_dch.inf_amd64_a27adb6f3c75ef42\igdgmm64.dll
0x00007ffa01270000 - 0x00007ffa012b5000 	C:\Users\lehun\javafx-sdk-15.0.1\bin\glass.dll
0x00007ffa32020000 - 0x00007ffa320f0000 	C:\Windows\System32\COMDLG32.dll
0x00007ffa31d60000 - 0x00007ffa31e95000 	C:\Windows\System32\MSCTF.dll
0x00007ffa1aca0000 - 0x00007ffa1acc6000 	C:\Windows\System32\DriverStore\FileRepository\iigd_dch.inf_amd64_a27adb6f3c75ef42\igdinfo64.dll
0x00007ffa23900000 - 0x00007ffa25d3d000 	C:\Windows\System32\DriverStore\FileRepository\iigd_dch.inf_amd64_a27adb6f3c75ef42\igc64.dll
0x00007ffa02880000 - 0x00007ffa02894000 	C:\Users\lehun\javafx-sdk-15.0.1\bin\javafx_font.dll
0x00007ffa1fc10000 - 0x00007ffa1ff0e000 	C:\Windows\SYSTEM32\dwrite.dll
0x00007ffa32250000 - 0x00007ffa322f2000 	C:\Windows\System32\clbcatq.dll
0x00007ffa2aa30000 - 0x00007ffa2abdf000 	C:\Windows\SYSTEM32\WindowsCodecs.dll
0x00007ff9f6660000 - 0x00007ff9f669b000 	C:\Windows\system32\dataexchange.dll
0x00007ffa2ce30000 - 0x00007ffa2d08b000 	C:\Windows\system32\d3d11.dll
0x00007ffa2d0a0000 - 0x00007ffa2d27d000 	C:\Windows\system32\dcomp.dll
0x00007ffa2e780000 - 0x00007ffa2e86b000 	C:\Windows\system32\dxgi.dll
0x00007ffa2dee0000 - 0x00007ffa2e13a000 	C:\Windows\system32\twinapi.appcore.dll
0x00007ffa2e3c0000 - 0x00007ffa2e3e9000 	C:\Windows\system32\RMCLIENT.dll
0x00007ff9f72c0000 - 0x00007ff9f72f3000 	C:\Program Files\Common Files\Microsoft Shared\Ink\rtscom.dll
0x00007ffa21740000 - 0x00007ffa217dd000 	C:\Windows\System32\TextInputFramework.dll
0x00007ffa2d5f0000 - 0x00007ffa2d6c4000 	C:\Windows\System32\CoreMessaging.dll
0x00007ffa2b1e0000 - 0x00007ffa2b50a000 	C:\Windows\System32\CoreUIComponents.dll
0x00007ffa2baa0000 - 0x00007ffa2bbf2000 	C:\Windows\SYSTEM32\wintypes.dll
0x00007ffa2eb00000 - 0x00007ffa2eb31000 	C:\Windows\SYSTEM32\ntmarta.dll
0x00007ffa20210000 - 0x00007ffa204b7000 	C:\Windows\System32\iertutil.dll
0x00007ffa04510000 - 0x00007ffa04575000 	C:\Windows\system32\Oleacc.dll

dbghelp: loaded successfully - version: 4.0.5 - missing functions: none
symbol engine: initialized successfully - sym options: 0x614 - pdb path: .;C:\Users\lehun\jdk-15.0.2\bin;C:\Windows\SYSTEM32;C:\Windows\WinSxS\amd64_microsoft.windows.common-controls_6595b64144ccf1df_6.0.18362.1316_none_9e7a364fe461dbd7;C:\Users\lehun\jdk-15.0.2\bin\server;C:\Program Files\JetBrains\IntelliJ IDEA Community Edition 2020.3.1\bin;C:\Users\lehun\javafx-sdk-15.0.1\bin;C:\Windows\System32\DriverStore\FileRepository\iigd_dch.inf_amd64_a27adb6f3c75ef42;C:\Program Files\Common Files\Microsoft Shared\Ink

VM Arguments:
jvm_args: --module-path=C:\Users\lehun\javafx-sdk-15.0.1\lib --add-modules=javafx.base,javafx.controls,javafx.fxml,javafx.graphics,javafx.media -javaagent:C:\Program Files\JetBrains\IntelliJ IDEA Community Edition 2020.3.1\lib\idea_rt.jar=50348:C:\Program Files\JetBrains\IntelliJ IDEA Community Edition 2020.3.1\bin -Dfile.encoding=UTF-8 
java_command: Neighbours
java_class_path (initial): C:\Users\lehun\dat043\neighbours\out\production\neighbours;C:\Users\lehun\javafx-sdk-15.0.1\lib\src.zip;C:\Users\lehun\javafx-sdk-15.0.1\lib\javafx-swt.jar;C:\Users\lehun\javafx-sdk-15.0.1\lib\javafx.web.jar;C:\Users\lehun\javafx-sdk-15.0.1\lib\javafx.base.jar;C:\Users\lehun\javafx-sdk-15.0.1\lib\javafx.fxml.jar;C:\Users\lehun\javafx-sdk-15.0.1\lib\javafx.media.jar;C:\Users\lehun\javafx-sdk-15.0.1\lib\javafx.swing.jar;C:\Users\lehun\javafx-sdk-15.0.1\lib\javafx.controls.jar;C:\Users\lehun\javafx-sdk-15.0.1\lib\javafx.graphics.jar
Launcher Type: SUN_STANDARD

[Global flags]
     intx CICompilerCount                          = 4                                         {product} {ergonomic}
     uint ConcGCThreads                            = 2                                         {product} {ergonomic}
     uint G1ConcRefinementThreads                  = 8                                         {product} {ergonomic}
   size_t G1HeapRegionSize                         = 2097152                                   {product} {ergonomic}
    uintx GCDrainStackTargetSize                   = 64                                        {product} {ergonomic}
   size_t InitialHeapSize                          = 266338304                                 {product} {ergonomic}
   size_t MarkStackSize                            = 4194304                                   {product} {ergonomic}
   size_t MaxHeapSize                              = 4242538496                                {product} {ergonomic}
   size_t MaxNewSize                               = 2543845376                                {product} {ergonomic}
   size_t MinHeapDeltaBytes                        = 2097152                                   {product} {ergonomic}
   size_t MinHeapSize                              = 8388608                                   {product} {ergonomic}
    uintx NonNMethodCodeHeapSize                   = 5839372                                {pd product} {ergonomic}
    uintx NonProfiledCodeHeapSize                  = 122909434                              {pd product} {ergonomic}
    uintx ProfiledCodeHeapSize                     = 122909434                              {pd product} {ergonomic}
    uintx ReservedCodeCacheSize                    = 251658240                              {pd product} {ergonomic}
     bool SegmentedCodeCache                       = true                                      {product} {ergonomic}
   size_t SoftMaxHeapSize                          = 4242538496                             {manageable} {ergonomic}
     bool UseCompressedClassPointers               = true                                 {lp64_product} {ergonomic}
     bool UseCompressedOops                        = true                                 {lp64_product} {ergonomic}
     bool UseG1GC                                  = true                                      {product} {ergonomic}
     bool UseLargePagesIndividualAllocation        = false                                  {pd product} {ergonomic}

Logging:
Log output configuration:
 #0: stdout all=warning uptime,level,tags
 #1: stderr all=off uptime,level,tags

Environment Variables:
PATH=C:\Program Files (x86)\Common Files\Oracle\Java\javapath;C:\Windows\system32;C:\Windows;C:\Windows\System32\Wbem;C:\Windows\System32\WindowsPowerShell\v1.0\;C:\Windows\System32\OpenSSH\;C:\ProgramData\chocolatey\bin;C:\Program Files\MATLAB\R2020b\bin;C:\Program Files\Git\cmd;C:\Users\lehun\AppData\Local\Microsoft\WindowsApps;C:\Users\lehun\AppData\Roaming\cabal\bin;C:\ProgramData\chocolatey\lib\ghc\tools\ghc-8.10.2\bin;C:\tools\msys64;C:\Users\lehun\AppData\Local\Programs\Microsoft VS Code\bin
USERNAME=lehun
OS=Windows_NT
PROCESSOR_IDENTIFIER=Intel64 Family 6 Model 142 Stepping 12, GenuineIntel



---------------  S Y S T E M  ---------------

OS:
 Windows 10 , 64 bit Build 18362 (10.0.18362.1316)
OS uptime: 2 days 3:15 hours
HyperV virtualization detected

CPU: total 8 (initial active 8) (4 cores per cpu, 2 threads per core) family 6 model 142 stepping 12 microcode 0xd6, cmov, cx8, fxsr, mmx, sse, sse2, sse3, ssse3, sse4.1, sse4.2, popcnt, vzeroupper, avx, avx2, aes, clmul, erms, 3dnowpref, lzcnt, ht, tsc, tscinvbit, bmi1, bmi2, adx, fma, clflush, clflushopt

Memory: 4k page, system-wide physical 16180M (8799M free)
TotalPageFile size 18612M (AvailPageFile size 9454M)
current process WorkingSet (physical memory assigned to process): 115M, peak: 115M
current process commit charge ("private bytes"): 400M, peak: 400M

vm_info: OpenJDK 64-Bit Server VM (15.0.2+7-27) for windows-amd64 JRE (15.0.2+7-27), built on Dec  7 2020 20:02:38 by "mach5one" with unknown MS VC++:1925

END.
