#
# A fatal error has been detected by the Java Runtime Environment:
#
#  EXCEPTION_ACCESS_VIOLATION (0xc0000005) at pc=0x00000208181c9433, pid=6352, tid=5444
#
# JRE version: OpenJDK Runtime Environment (15.0.2+7) (build 15.0.2+7-27)
# Java VM: OpenJDK 64-Bit Server VM (15.0.2+7-27, mixed mode, sharing, tiered, compressed oops, g1 gc, windows-amd64)
# Problematic frame:
# J 1314 c2 Neighbours.satisfied([[LNeighbours$Actor;IID)Z (112 bytes) @ 0x00000208181c9433 [0x00000208181c92a0+0x0000000000000193]
#
# No core dump will be written. Minidumps are not enabled by default on client versions of Windows
#
# If you would like to submit a bug report, please visit:
#   https://bugreport.java.com/bugreport/crash.jsp
#

---------------  S U M M A R Y ------------

Command Line: --module-path=C:\Users\lehun\javafx-sdk-15.0.1\lib --add-modules=javafx.base,javafx.controls,javafx.fxml,javafx.graphics,javafx.media -javaagent:C:\Program Files\JetBrains\IntelliJ IDEA Community Edition 2020.3.1\lib\idea_rt.jar=50531:C:\Program Files\JetBrains\IntelliJ IDEA Community Edition 2020.3.1\bin -Dfile.encoding=UTF-8 Neighbours

Host: Intel(R) Core(TM) i7-10510U CPU @ 1.80GHz, 8 cores, 15G,  Windows 10 , 64 bit Build 18362 (10.0.18362.1316)
Time: Mon Feb  1 14:51:20 2021 Västeuropa, normaltid elapsed time: 14.967930 seconds (0d 0h 0m 14s)

---------------  T H R E A D  ---------------

Current thread (0x000002082ce2b610):  JavaThread "JavaFX Application Thread" [_thread_in_Java, id=5444, stack(0x000000c8dbd00000,0x000000c8dbe00000)]

Stack: [0x000000c8dbd00000,0x000000c8dbe00000],  sp=0x000000c8dbdfe1f0,  free space=1016k
Native frames: (J=compiled Java code, j=interpreted, Vv=VM code, C=native code)
C  0x00000208181c9433


siginfo: EXCEPTION_ACCESS_VIOLATION (0xc0000005), reading address 0x0000000b1181f874


Register to memory mapping:

RIP=0x00000208181c9433 is at entry_point+403 in (nmethod*)0x00000208181c9110
RAX=0x0 is NULL
RBX=3794812722 is a compressed pointer to object: javafx.scene.paint.Color 
{0x000000071181f990} - klass: 'javafx/scene/paint/Color'
RCX=0x0000000711807e08 is an oop: Neighbours 
{0x0000000711807e08} - klass: 'Neighbours'
RDX=0x000000000000000a is an unknown value
RSP=0x000000c8dbdfe1f0 is pointing into the stack for thread: 0x000002082ce2b610
RBP=0x000000c8dbdfe2c8 is pointing into the stack for thread: 0x000002082ce2b610
RSI=0x00000000ffffffff is an unknown value
RDI=0x0 is NULL
R8 =0x000000071181f868 is an oop: [[LNeighbours$Actor; 
{0x000000071181f868} - klass: 'Neighbours$Actor'[][]
 - length: 10
R9 =0x0 is NULL
R10=0x0000000000000001 is an unknown value
R11=0x0 is NULL
R12=0x0 is NULL
R13=0x000000c8dbdfe250 is pointing into the stack for thread: 0x000002082ce2b610
R14=0x0000000000000002 is an unknown value
R15=0x000002082ce2b610 is a thread


Registers:
RAX=0x0000000000000000, RBX=0x00000000e2303f32, RCX=0x0000000711807e08, RDX=0x000000000000000a
RSP=0x000000c8dbdfe1f0, RBP=0x000000c8dbdfe2c8, RSI=0x00000000ffffffff, RDI=0x0000000000000000
R8 =0x000000071181f868, R9 =0x0000000000000000, R10=0x0000000000000001, R11=0x0000000000000000
R12=0x0000000000000000, R13=0x000000c8dbdfe250, R14=0x0000000000000002, R15=0x000002082ce2b610
RIP=0x00000208181c9433, EFLAGS=0x0000000000010282

Top of Stack: (sp=0x000000c8dbdfe1f0)
0x000000c8dbdfe1f0:   0000000000000002 000002082ce2b610
0x000000c8dbdfe200:   000002082cec8c01 000002082ce2b610
0x000000c8dbdfe210:   0000000711807e08 00007ff9d49cba35
0x000000c8dbdfe220:   000002082ce2b610 000000c8dbdfe2c8
0x000000c8dbdfe230:   000000c8dbdfe2c8 0000020810699950
0x000000c8dbdfe240:   0000000711807e08 0000020810699950
0x000000c8dbdfe250:   3fe6666666666666 0000000712f57c00
0x000000c8dbdfe260:   0000000000000000 0000000000000000
0x000000c8dbdfe270:   000000071181f868 0000000711807e08
0x000000c8dbdfe280:   000000c8dbdfe280 000002082bea06d0
0x000000c8dbdfe290:   000000c8dbdfe320 000002082c066580
0x000000c8dbdfe2a0:   0000000000000000 0000000711803130
0x000000c8dbdfe2b0:   000002082bea0810 000000c8dbdfe250
0x000000c8dbdfe2c0:   000000c8dbdfe308 000000c8dbdfe378
0x000000c8dbdfe2d0:   0000020810699f00 0000000000000000
0x000000c8dbdfe2e0:   0000000000000000 0000000000000000 

Instructions: (pc=0x00000208181c9433)
0x00000208181c9333:   c2 44 8b c7 41 ff c8 c4 c1 79 6e d8 44 8b f7 41
0x00000208181c9343:   83 c6 02 4d 63 de 49 ff cb c4 c1 f9 6e e3 41 b8
0x00000208181c9353:   00 00 00 80 45 3b f2 45 0f 4c d0 45 33 db 33 c0
0x00000208181c9363:   45 33 c0 44 89 44 24 04 e9 b4 00 00 00 ff c0 83
0x00000208181c9373:   c1 02 41 3b c8 0f 8c 52 01 00 00 4d 8b 87 10 01
0x00000208181c9383:   00 00 41 85 00 41 3b ca 0f 8c 1c 01 00 00 41 3b
0x00000208181c9393:   ce 0f 8d 36 00 00 00 3b ca 73 2b 66 90 41 3b f1
0x00000208181c93a3:   75 04 3b cf 74 20 44 8b 6c 8d 10 41 ff c3 45 85
0x00000208181c93b3:   ed 74 13 66 66 0f 1f 84 00 00 00 00 00 43 3b 5c
0x00000208181c93c3:   ec 10 75 02 ff c0 ff c1 41 3b ce 7c ca 4d 8b 87
0x00000208181c93d3:   10 01 00 00 ff c6 41 85 00 0f 1f 40 00 3b 34 24
0x00000208181c93e3:   7c 3f 45 85 db 0f 84 9b 01 00 00 3d 00 00 00 80
0x00000208181c93f3:   75 08 33 d2 41 83 fb ff 74 04 99 41 f7 fb c5 f3
0x00000208181c9403:   2a c8 c5 f9 2e c1 0f 86 b9 01 00 00 b8 01 00 00
0x00000208181c9413:   00 48 83 c4 40 5d 4d 8b 97 10 01 00 00 41 85 02
0x00000208181c9423:   c3 c4 c1 79 7e d8 45 3b c6 7d a2 c4 c1 f9 7e c8
0x00000208181c9433:   41 8b 4c b0 10 0f 1f 84 00 00 00 00 00 45 8b 44
0x00000208181c9443:   cc 0c 49 63 e8 c4 c1 f9 7e e5 4c 3b ed 0f 83 f3
0x00000208181c9453:   00 00 00 3b f2 0f 83 db 00 00 00 c5 f9 7e dd 41
0x00000208181c9463:   3b e8 0f 83 de 00 00 00 49 8d 2c cc c5 f9 7e d9
0x00000208181c9473:   3b ca 73 23 41 3b f1 75 08 0f 1f 40 00 3b cf 74
0x00000208181c9483:   16 44 8b 44 8d 10 41 ff c3 45 85 c0 74 09 43 3b
0x00000208181c9493:   5c c4 10 75 02 ff c0 ff c1 0f 1f 40 00 3b cf 7c
0x00000208181c94a3:   cf 41 3b ca 0f 8d e4 fe ff ff 45 8b c2 44 2b c1
0x00000208181c94b3:   44 3b d1 44 0f 4c 44 24 04 41 81 f8 d0 07 00 00
0x00000208181c94c3:   41 bd d0 07 00 00 45 0f 47 c5 44 03 c1 3b ca 73
0x00000208181c94d3:   1f 41 3b f1 75 04 3b cf 74 16 44 8b 6c 8d 10 41
0x00000208181c94e3:   ff c3 45 85 ed 74 09 43 3b 5c ec 10 75 02 ff c0
0x00000208181c94f3:   44 8b e9 41 ff c5 44 3b ea 0f 1f 40 00 0f 83 6c
0x00000208181c9503:   fe ff ff 41 3b f1 75 09 44 3b ef 0f 84 5e fe ff
0x00000208181c9513:   ff 4c 63 e9 46 8b 6c ad 14 41 ff c3 90 45 85 ed
0x00000208181c9523:   0f 84 49 fe ff ff 43 3b 5c ec 10 0f 84 3c fe ff 


Stack slot to memory mapping:
stack at sp + 0 slots: 0x0000000000000002 is an unknown value
stack at sp + 1 slots: 0x000002082ce2b610 is a thread
stack at sp + 2 slots: 0x000002082cec8c01 points into unknown readable memory: 30 30 30 38 30 30 62
stack at sp + 3 slots: 0x000002082ce2b610 is a thread
stack at sp + 4 slots: 0x0000000711807e08 is an oop: Neighbours 
{0x0000000711807e08} - klass: 'Neighbours'
stack at sp + 5 slots: 0x00007ff9d49cba35 jvm.dll
stack at sp + 6 slots: 0x000002082ce2b610 is a thread
stack at sp + 7 slots: 0x000000c8dbdfe2c8 is pointing into the stack for thread: 0x000002082ce2b610

--------------------------------------------------------------------------------
[Constant Pool (empty)]

--------------------------------------------------------------------------------

[MachCode]
  0x00000208181c92a0: 448b 5208 | 49c1 e203 | 49bb 0000 | 0000 0800 | 0000 4d03 | d349 3bc2 | 0f85 4231 | 51f8 6690 
  0x00000208181c92c0: 8984 2400 | 90ff ff55 | 4883 ec40 | c4e1 f96e | d241 8bf1 | ffce 458b | d141 83c2 | 0266 6690 
  0x00000208181c92e0: 413b f20f | 8d9b 0200 | 0041 8b50 | 0c44 3bca | 0f83 a602 | 0000 478b | 5c88 100f | 1f44 0000 
  0x00000208181c9300: 438b 5cdc | 0c3b fb0f | 838f 0200 | 0049 c1e3 | 0345 8b5c | bb10 6666 | 0f1f 8400 | 0000 0000 
  0x00000208181c9320: 438b 5cdc | 1044 8914 | 24c4 c1f9 | 6ec8 448b | d741 ffc2 | 448b c741 | ffc8 c4c1 | 796e d844 
  0x00000208181c9340: 8bf7 4183 | c602 4d63 | de49 ffcb | c4c1 f96e | e341 b800 | 0000 8045 | 3bf2 450f | 4cd0 4533 
  0x00000208181c9360: db33 c045 | 33c0 4489 | 4424 04e9 | b400 0000 | ffc0 83c1 | 0241 3bc8 | 0f8c 5201 | 0000 4d8b 
  0x00000208181c9380: 8710 0100 | 0041 8500 | 413b ca0f | 8c1c 0100 | 0041 3bce | 0f8d 3600 | 0000 3bca | 732b 6690 
  0x00000208181c93a0: 413b f175 | 043b cf74 | 2044 8b6c | 8d10 41ff | c345 85ed | 7413 6666 | 0f1f 8400 | 0000 0000 
  0x00000208181c93c0: 433b 5cec | 1075 02ff | c0ff c141 | 3bce 7cca | 4d8b 8710 | 0100 00ff | c641 8500 | 0f1f 4000 
  0x00000208181c93e0: 3b34 247c | 3f45 85db | 0f84 9b01 | 0000 3d00 | 0000 8075 | 0833 d241 | 83fb ff74 | 0499 41f7 
  0x00000208181c9400: fbc5 f32a | c8c5 f92e | c10f 86b9 | 0100 00b8 | 0100 0000 | 4883 c440 | 5d4d 8b97 | 1001 0000 
  0x00000208181c9420: 4185 02c3 | c4c1 797e | d845 3bc6 | 7da2 c4c1 | f97e c841 | 8b4c b010 | 0f1f 8400 | 0000 0000 
  0x00000208181c9440: 458b 44cc | 0c49 63e8 | c4c1 f97e | e54c 3bed | 0f83 f300 | 0000 3bf2 | 0f83 db00 | 0000 c5f9 
  0x00000208181c9460: 7edd 413b | e80f 83de | 0000 0049 | 8d2c ccc5 | f97e d93b | ca73 2341 | 3bf1 7508 | 0f1f 4000 
  0x00000208181c9480: 3bcf 7416 | 448b 448d | 1041 ffc3 | 4585 c074 | 0943 3b5c | c410 7502 | ffc0 ffc1 | 0f1f 4000 
  0x00000208181c94a0: 3bcf 7ccf | 413b ca0f | 8de4 feff | ff45 8bc2 | 442b c144 | 3bd1 440f | 4c44 2404 | 4181 f8d0 
  0x00000208181c94c0: 0700 0041 | bdd0 0700 | 0045 0f47 | c544 03c1 | 3bca 731f | 413b f175 | 043b cf74 | 1644 8b6c 
  0x00000208181c94e0: 8d10 41ff | c345 85ed | 7409 433b | 5cec 1075 | 02ff c044 | 8be9 41ff | c544 3bea | 0f1f 4000 
  0x00000208181c9500: 0f83 6cfe | ffff 413b | f175 0944 | 3bef 0f84 | 5efe ffff | 4c63 e946 | 8b6c ad14 | 41ff c390 
  0x00000208181c9520: 4585 ed0f | 8449 feff | ff43 3b5c | ec10 0f84 | 3cfe ffff | e939 feff | ffc5 f97e | d966 6690 
  0x00000208181c9540: 413b c80f | 8287 feff | ffba beff | ffff c4e1 | f97e d5c5 | fb11 0c24 | 4489 4c24 | 0889 7c24 
  0x00000208181c9560: 0cc5 fb11 | 4424 1044 | 895c 2418 | 8944 241c | 8974 2420 | c5fa 115c | 2428 4489 | 7424 2ce8 
  0x00000208181c9580: fc4d 51f8 | 4533 d2eb | 0344 8bd0 | ba86 ffff | ff41 8bea | 6666 90e8 | e44d 51f8 | babe ffff 
  0x00000208181c95a0: ffc4 e1f9 | 7ed5 4c89 | 0424 4489 | 4c24 0889 | 7c24 0cc5 | fb11 4424 | 1089 7424 | 1c44 8954 
  0x00000208181c95c0: 2420 90e8 | b84d 51f8 | c5f9 2ec1 | bdff ffff | ff0f 8a0e | 0000 000f | 8208 0000 | 0040 0f95 
  0x00000208181c95e0: c540 0fb6 | edf7 ddba | 45ff ffff | 6666 90e8 | 8c4d 51f8 | f4f4 f4f4 | f4f4 f4f4 | f4f4 f4f4 
  0x00000208181c9600: e97b ea5b | f8e8 0000 | 0000 4883 | 2c24 05e9 | 8c49 51f8 | f4f4 f4f4 
[/MachCode]
--------------------------------------------------------------------------------


---------------  P R O C E S S  ---------------

Threads class SMR info:
_java_thread_list=0x000002082d67a2c0, length=17, elements={
0x0000020808463670, 0x000002082ba8e8f0, 0x000002082c2915a0, 0x000002082c2aa070,
0x000002082c2ac940, 0x000002082c2ad200, 0x000002082c2af3b0, 0x000002082c2bd380,
0x000002082c2bdd80, 0x000002082c3c6b60, 0x000002082cd1ae50, 0x000002082cc69ec0,
0x000002082ce2a7a0, 0x000002082ce2a2d0, 0x000002082ce2b610, 0x000002082ce2dc90,
0x000002082ce2b140
}

Java Threads: ( => current thread )
  0x0000020808463670 JavaThread "main" [_thread_blocked, id=9304, stack(0x000000c8da700000,0x000000c8da800000)]
  0x000002082ba8e8f0 JavaThread "Reference Handler" daemon [_thread_blocked, id=9692, stack(0x000000c8dae00000,0x000000c8daf00000)]
  0x000002082c2915a0 JavaThread "Finalizer" daemon [_thread_blocked, id=9836, stack(0x000000c8daf00000,0x000000c8db000000)]
  0x000002082c2aa070 JavaThread "Signal Dispatcher" daemon [_thread_blocked, id=9000, stack(0x000000c8db000000,0x000000c8db100000)]
  0x000002082c2ac940 JavaThread "Attach Listener" daemon [_thread_blocked, id=14044, stack(0x000000c8db100000,0x000000c8db200000)]
  0x000002082c2ad200 JavaThread "Service Thread" daemon [_thread_blocked, id=424, stack(0x000000c8db200000,0x000000c8db300000)]
  0x000002082c2af3b0 JavaThread "C2 CompilerThread0" daemon [_thread_blocked, id=14408, stack(0x000000c8db300000,0x000000c8db400000)]
  0x000002082c2bd380 JavaThread "C1 CompilerThread0" daemon [_thread_blocked, id=14780, stack(0x000000c8db400000,0x000000c8db500000)]
  0x000002082c2bdd80 JavaThread "Sweeper thread" daemon [_thread_blocked, id=1048, stack(0x000000c8db500000,0x000000c8db600000)]
  0x000002082c3c6b60 JavaThread "Common-Cleaner" daemon [_thread_blocked, id=7036, stack(0x000000c8db600000,0x000000c8db700000)]
  0x000002082cd1ae50 JavaThread "Monitor Ctrl-Break" daemon [_thread_in_native, id=7600, stack(0x000000c8db900000,0x000000c8dba00000)]
  0x000002082cc69ec0 JavaThread "Notification Thread" daemon [_thread_blocked, id=9476, stack(0x000000c8dba00000,0x000000c8dbb00000)]
  0x000002082ce2a7a0 JavaThread "QuantumRenderer-0" daemon [_thread_blocked, id=11040, stack(0x000000c8db800000,0x000000c8db900000)]
  0x000002082ce2a2d0 JavaThread "InvokeLaterDispatcher" daemon [_thread_blocked, id=18020, stack(0x000000c8dbc00000,0x000000c8dbd00000)]
=>0x000002082ce2b610 JavaThread "JavaFX Application Thread" [_thread_in_Java, id=5444, stack(0x000000c8dbd00000,0x000000c8dbe00000)]
  0x000002082ce2dc90 JavaThread "JavaFX-Launcher" [_thread_blocked, id=4476, stack(0x000000c8dc200000,0x000000c8dc300000)]
  0x000002082ce2b140 JavaThread "Thread-2" daemon [_thread_in_native, id=17236, stack(0x000000c8dc100000,0x000000c8dc200000)]

Other Threads:
  0x000002082ba8c160 VMThread "VM Thread" [stack: 0x000000c8dad00000,0x000000c8dae00000] [id=6596]
  0x00000208084646b0 WatcherThread [stack: 0x000000c8dbb00000,0x000000c8dbc00000] [id=3228]
  0x00000208084b4790 GCTaskThread "GC Thread#0" [stack: 0x000000c8da800000,0x000000c8da900000] [id=14308]
  0x000002082cb988b0 GCTaskThread "GC Thread#1" [stack: 0x000000c8dc300000,0x000000c8dc400000] [id=6132]
  0x000002082cb98f10 GCTaskThread "GC Thread#2" [stack: 0x000000c8dc400000,0x000000c8dc500000] [id=17788]
  0x000002082da5d640 GCTaskThread "GC Thread#3" [stack: 0x000000c8dc500000,0x000000c8dc600000] [id=15808]
  0x000002082da5d970 GCTaskThread "GC Thread#4" [stack: 0x000000c8dc600000,0x000000c8dc700000] [id=14804]
  0x000002082da5bff0 GCTaskThread "GC Thread#5" [stack: 0x000000c8dc700000,0x000000c8dc800000] [id=1940]
  0x00000208084c64d0 ConcurrentGCThread "G1 Main Marker" [stack: 0x000000c8da900000,0x000000c8daa00000] [id=5940]
  0x00000208084c6fd0 ConcurrentGCThread "G1 Conc#0" [stack: 0x000000c8daa00000,0x000000c8dab00000] [id=1028]
  0x000002082b9124d0 ConcurrentGCThread "G1 Refine#0" [stack: 0x000000c8dab00000,0x000000c8dac00000] [id=2564]
  0x000002082b912fe0 ConcurrentGCThread "G1 Young RemSet Sampling" [stack: 0x000000c8dac00000,0x000000c8dad00000] [id=7080]

Threads with active compile tasks:

VM state: not at safepoint (normal execution)

VM Mutex/Monitor currently owned by a thread: None

Heap address: 0x0000000703200000, size: 4046 MB, Compressed Oops mode: Zero based, Oop shift amount: 3
CDS archive(s) mapped at: [0x0000000800000000-0x0000000800b50000-0x0000000800b50000), size 11862016, SharedBaseAddress: 0x0000000800000000, ArchiveRelocationMode: 0.
Compressed class space mapped at: 0x0000000800b50000-0x0000000840b50000, size: 1073741824
Narrow klass base: 0x0000000800000000, Narrow klass shift: 3, Narrow klass range: 0x100000000

GC Precious Log:
 CPUs: 8 total, 8 available
 Memory: 16180M
 Large Page Support: Disabled
 NUMA Support: Disabled
 Compressed Oops: Enabled (Zero based)
 Heap Region Size: 2M
 Heap Min Capacity: 8M
 Heap Initial Capacity: 254M
 Heap Max Capacity: 4046M
 Pre-touch: Disabled
 Parallel Workers: 8
 Concurrent Workers: 2
 Concurrent Refinement Workers: 8
 Periodic GC: Disabled

Heap:
 garbage-first heap   total 260096K, used 13383K [0x0000000703200000, 0x0000000800000000)
  region size 2048K, 8 young (16384K), 2 survivors (4096K)
 Metaspace       used 8388K, capacity 10491K, committed 10752K, reserved 1058816K
  class space    used 1030K, capacity 1251K, committed 1280K, reserved 1048576K

Heap Regions: E=young(eden), S=young(survivor), O=old, HS=humongous(starts), HC=humongous(continues), CS=collection set, F=free, OA=open archive, CA=closed archive, TAMS=top-at-mark-start (previous, next)
|   0|0x0000000703200000, 0x0000000703200000, 0x0000000703400000|  0%| F|  |TAMS 0x0000000703200000, 0x0000000703200000| Untracked 
|   1|0x0000000703400000, 0x0000000703400000, 0x0000000703600000|  0%| F|  |TAMS 0x0000000703400000, 0x0000000703400000| Untracked 
|   2|0x0000000703600000, 0x0000000703600000, 0x0000000703800000|  0%| F|  |TAMS 0x0000000703600000, 0x0000000703600000| Untracked 
|   3|0x0000000703800000, 0x0000000703800000, 0x0000000703a00000|  0%| F|  |TAMS 0x0000000703800000, 0x0000000703800000| Untracked 
|   4|0x0000000703a00000, 0x0000000703a00000, 0x0000000703c00000|  0%| F|  |TAMS 0x0000000703a00000, 0x0000000703a00000| Untracked 
|   5|0x0000000703c00000, 0x0000000703c00000, 0x0000000703e00000|  0%| F|  |TAMS 0x0000000703c00000, 0x0000000703c00000| Untracked 
|   6|0x0000000703e00000, 0x0000000703e00000, 0x0000000704000000|  0%| F|  |TAMS 0x0000000703e00000, 0x0000000703e00000| Untracked 
|   7|0x0000000704000000, 0x0000000704000000, 0x0000000704200000|  0%| F|  |TAMS 0x0000000704000000, 0x0000000704000000| Untracked 
|   8|0x0000000704200000, 0x0000000704200000, 0x0000000704400000|  0%| F|  |TAMS 0x0000000704200000, 0x0000000704200000| Untracked 
|   9|0x0000000704400000, 0x0000000704400000, 0x0000000704600000|  0%| F|  |TAMS 0x0000000704400000, 0x0000000704400000| Untracked 
|  10|0x0000000704600000, 0x0000000704600000, 0x0000000704800000|  0%| F|  |TAMS 0x0000000704600000, 0x0000000704600000| Untracked 
|  11|0x0000000704800000, 0x0000000704800000, 0x0000000704a00000|  0%| F|  |TAMS 0x0000000704800000, 0x0000000704800000| Untracked 
|  12|0x0000000704a00000, 0x0000000704a00000, 0x0000000704c00000|  0%| F|  |TAMS 0x0000000704a00000, 0x0000000704a00000| Untracked 
|  13|0x0000000704c00000, 0x0000000704c00000, 0x0000000704e00000|  0%| F|  |TAMS 0x0000000704c00000, 0x0000000704c00000| Untracked 
|  14|0x0000000704e00000, 0x0000000704e00000, 0x0000000705000000|  0%| F|  |TAMS 0x0000000704e00000, 0x0000000704e00000| Untracked 
|  15|0x0000000705000000, 0x0000000705000000, 0x0000000705200000|  0%| F|  |TAMS 0x0000000705000000, 0x0000000705000000| Untracked 
|  16|0x0000000705200000, 0x0000000705200000, 0x0000000705400000|  0%| F|  |TAMS 0x0000000705200000, 0x0000000705200000| Untracked 
|  17|0x0000000705400000, 0x0000000705400000, 0x0000000705600000|  0%| F|  |TAMS 0x0000000705400000, 0x0000000705400000| Untracked 
|  18|0x0000000705600000, 0x0000000705600000, 0x0000000705800000|  0%| F|  |TAMS 0x0000000705600000, 0x0000000705600000| Untracked 
|  19|0x0000000705800000, 0x0000000705800000, 0x0000000705a00000|  0%| F|  |TAMS 0x0000000705800000, 0x0000000705800000| Untracked 
|  20|0x0000000705a00000, 0x0000000705a00000, 0x0000000705c00000|  0%| F|  |TAMS 0x0000000705a00000, 0x0000000705a00000| Untracked 
|  21|0x0000000705c00000, 0x0000000705c00000, 0x0000000705e00000|  0%| F|  |TAMS 0x0000000705c00000, 0x0000000705c00000| Untracked 
|  22|0x0000000705e00000, 0x0000000705e00000, 0x0000000706000000|  0%| F|  |TAMS 0x0000000705e00000, 0x0000000705e00000| Untracked 
|  23|0x0000000706000000, 0x0000000706000000, 0x0000000706200000|  0%| F|  |TAMS 0x0000000706000000, 0x0000000706000000| Untracked 
|  24|0x0000000706200000, 0x0000000706200000, 0x0000000706400000|  0%| F|  |TAMS 0x0000000706200000, 0x0000000706200000| Untracked 
|  25|0x0000000706400000, 0x0000000706400000, 0x0000000706600000|  0%| F|  |TAMS 0x0000000706400000, 0x0000000706400000| Untracked 
|  26|0x0000000706600000, 0x0000000706600000, 0x0000000706800000|  0%| F|  |TAMS 0x0000000706600000, 0x0000000706600000| Untracked 
|  27|0x0000000706800000, 0x0000000706800000, 0x0000000706a00000|  0%| F|  |TAMS 0x0000000706800000, 0x0000000706800000| Untracked 
|  28|0x0000000706a00000, 0x0000000706a00000, 0x0000000706c00000|  0%| F|  |TAMS 0x0000000706a00000, 0x0000000706a00000| Untracked 
|  29|0x0000000706c00000, 0x0000000706c00000, 0x0000000706e00000|  0%| F|  |TAMS 0x0000000706c00000, 0x0000000706c00000| Untracked 
|  30|0x0000000706e00000, 0x0000000706e00000, 0x0000000707000000|  0%| F|  |TAMS 0x0000000706e00000, 0x0000000706e00000| Untracked 
|  31|0x0000000707000000, 0x0000000707000000, 0x0000000707200000|  0%| F|  |TAMS 0x0000000707000000, 0x0000000707000000| Untracked 
|  32|0x0000000707200000, 0x0000000707200000, 0x0000000707400000|  0%| F|  |TAMS 0x0000000707200000, 0x0000000707200000| Untracked 
|  33|0x0000000707400000, 0x0000000707400000, 0x0000000707600000|  0%| F|  |TAMS 0x0000000707400000, 0x0000000707400000| Untracked 
|  34|0x0000000707600000, 0x0000000707600000, 0x0000000707800000|  0%| F|  |TAMS 0x0000000707600000, 0x0000000707600000| Untracked 
|  35|0x0000000707800000, 0x0000000707800000, 0x0000000707a00000|  0%| F|  |TAMS 0x0000000707800000, 0x0000000707800000| Untracked 
|  36|0x0000000707a00000, 0x0000000707a00000, 0x0000000707c00000|  0%| F|  |TAMS 0x0000000707a00000, 0x0000000707a00000| Untracked 
|  37|0x0000000707c00000, 0x0000000707c00000, 0x0000000707e00000|  0%| F|  |TAMS 0x0000000707c00000, 0x0000000707c00000| Untracked 
|  38|0x0000000707e00000, 0x0000000707e00000, 0x0000000708000000|  0%| F|  |TAMS 0x0000000707e00000, 0x0000000707e00000| Untracked 
|  39|0x0000000708000000, 0x0000000708000000, 0x0000000708200000|  0%| F|  |TAMS 0x0000000708000000, 0x0000000708000000| Untracked 
|  40|0x0000000708200000, 0x0000000708200000, 0x0000000708400000|  0%| F|  |TAMS 0x0000000708200000, 0x0000000708200000| Untracked 
|  41|0x0000000708400000, 0x0000000708400000, 0x0000000708600000|  0%| F|  |TAMS 0x0000000708400000, 0x0000000708400000| Untracked 
|  42|0x0000000708600000, 0x0000000708600000, 0x0000000708800000|  0%| F|  |TAMS 0x0000000708600000, 0x0000000708600000| Untracked 
|  43|0x0000000708800000, 0x0000000708800000, 0x0000000708a00000|  0%| F|  |TAMS 0x0000000708800000, 0x0000000708800000| Untracked 
|  44|0x0000000708a00000, 0x0000000708a00000, 0x0000000708c00000|  0%| F|  |TAMS 0x0000000708a00000, 0x0000000708a00000| Untracked 
|  45|0x0000000708c00000, 0x0000000708c00000, 0x0000000708e00000|  0%| F|  |TAMS 0x0000000708c00000, 0x0000000708c00000| Untracked 
|  46|0x0000000708e00000, 0x0000000708e00000, 0x0000000709000000|  0%| F|  |TAMS 0x0000000708e00000, 0x0000000708e00000| Untracked 
|  47|0x0000000709000000, 0x0000000709000000, 0x0000000709200000|  0%| F|  |TAMS 0x0000000709000000, 0x0000000709000000| Untracked 
|  48|0x0000000709200000, 0x0000000709200000, 0x0000000709400000|  0%| F|  |TAMS 0x0000000709200000, 0x0000000709200000| Untracked 
|  49|0x0000000709400000, 0x0000000709400000, 0x0000000709600000|  0%| F|  |TAMS 0x0000000709400000, 0x0000000709400000| Untracked 
|  50|0x0000000709600000, 0x0000000709600000, 0x0000000709800000|  0%| F|  |TAMS 0x0000000709600000, 0x0000000709600000| Untracked 
|  51|0x0000000709800000, 0x0000000709800000, 0x0000000709a00000|  0%| F|  |TAMS 0x0000000709800000, 0x0000000709800000| Untracked 
|  52|0x0000000709a00000, 0x0000000709a00000, 0x0000000709c00000|  0%| F|  |TAMS 0x0000000709a00000, 0x0000000709a00000| Untracked 
|  53|0x0000000709c00000, 0x0000000709c00000, 0x0000000709e00000|  0%| F|  |TAMS 0x0000000709c00000, 0x0000000709c00000| Untracked 
|  54|0x0000000709e00000, 0x0000000709e00000, 0x000000070a000000|  0%| F|  |TAMS 0x0000000709e00000, 0x0000000709e00000| Untracked 
|  55|0x000000070a000000, 0x000000070a000000, 0x000000070a200000|  0%| F|  |TAMS 0x000000070a000000, 0x000000070a000000| Untracked 
|  56|0x000000070a200000, 0x000000070a200000, 0x000000070a400000|  0%| F|  |TAMS 0x000000070a200000, 0x000000070a200000| Untracked 
|  57|0x000000070a400000, 0x000000070a400000, 0x000000070a600000|  0%| F|  |TAMS 0x000000070a400000, 0x000000070a400000| Untracked 
|  58|0x000000070a600000, 0x000000070a600000, 0x000000070a800000|  0%| F|  |TAMS 0x000000070a600000, 0x000000070a600000| Untracked 
|  59|0x000000070a800000, 0x000000070a800000, 0x000000070aa00000|  0%| F|  |TAMS 0x000000070a800000, 0x000000070a800000| Untracked 
|  60|0x000000070aa00000, 0x000000070aa00000, 0x000000070ac00000|  0%| F|  |TAMS 0x000000070aa00000, 0x000000070aa00000| Untracked 
|  61|0x000000070ac00000, 0x000000070ac00000, 0x000000070ae00000|  0%| F|  |TAMS 0x000000070ac00000, 0x000000070ac00000| Untracked 
|  62|0x000000070ae00000, 0x000000070ae00000, 0x000000070b000000|  0%| F|  |TAMS 0x000000070ae00000, 0x000000070ae00000| Untracked 
|  63|0x000000070b000000, 0x000000070b000000, 0x000000070b200000|  0%| F|  |TAMS 0x000000070b000000, 0x000000070b000000| Untracked 
|  64|0x000000070b200000, 0x000000070b200000, 0x000000070b400000|  0%| F|  |TAMS 0x000000070b200000, 0x000000070b200000| Untracked 
|  65|0x000000070b400000, 0x000000070b400000, 0x000000070b600000|  0%| F|  |TAMS 0x000000070b400000, 0x000000070b400000| Untracked 
|  66|0x000000070b600000, 0x000000070b600000, 0x000000070b800000|  0%| F|  |TAMS 0x000000070b600000, 0x000000070b600000| Untracked 
|  67|0x000000070b800000, 0x000000070b800000, 0x000000070ba00000|  0%| F|  |TAMS 0x000000070b800000, 0x000000070b800000| Untracked 
|  68|0x000000070ba00000, 0x000000070ba00000, 0x000000070bc00000|  0%| F|  |TAMS 0x000000070ba00000, 0x000000070ba00000| Untracked 
|  69|0x000000070bc00000, 0x000000070bc00000, 0x000000070be00000|  0%| F|  |TAMS 0x000000070bc00000, 0x000000070bc00000| Untracked 
|  70|0x000000070be00000, 0x000000070be00000, 0x000000070c000000|  0%| F|  |TAMS 0x000000070be00000, 0x000000070be00000| Untracked 
|  71|0x000000070c000000, 0x000000070c000000, 0x000000070c200000|  0%| F|  |TAMS 0x000000070c000000, 0x000000070c000000| Untracked 
|  72|0x000000070c200000, 0x000000070c200000, 0x000000070c400000|  0%| F|  |TAMS 0x000000070c200000, 0x000000070c200000| Untracked 
|  73|0x000000070c400000, 0x000000070c400000, 0x000000070c600000|  0%| F|  |TAMS 0x000000070c400000, 0x000000070c400000| Untracked 
|  74|0x000000070c600000, 0x000000070c600000, 0x000000070c800000|  0%| F|  |TAMS 0x000000070c600000, 0x000000070c600000| Untracked 
|  75|0x000000070c800000, 0x000000070c800000, 0x000000070ca00000|  0%| F|  |TAMS 0x000000070c800000, 0x000000070c800000| Untracked 
|  76|0x000000070ca00000, 0x000000070ca00000, 0x000000070cc00000|  0%| F|  |TAMS 0x000000070ca00000, 0x000000070ca00000| Untracked 
|  77|0x000000070cc00000, 0x000000070cc00000, 0x000000070ce00000|  0%| F|  |TAMS 0x000000070cc00000, 0x000000070cc00000| Untracked 
|  78|0x000000070ce00000, 0x000000070ce00000, 0x000000070d000000|  0%| F|  |TAMS 0x000000070ce00000, 0x000000070ce00000| Untracked 
|  79|0x000000070d000000, 0x000000070d000000, 0x000000070d200000|  0%| F|  |TAMS 0x000000070d000000, 0x000000070d000000| Untracked 
|  80|0x000000070d200000, 0x000000070d200000, 0x000000070d400000|  0%| F|  |TAMS 0x000000070d200000, 0x000000070d200000| Untracked 
|  81|0x000000070d400000, 0x000000070d400000, 0x000000070d600000|  0%| F|  |TAMS 0x000000070d400000, 0x000000070d400000| Untracked 
|  82|0x000000070d600000, 0x000000070d600000, 0x000000070d800000|  0%| F|  |TAMS 0x000000070d600000, 0x000000070d600000| Untracked 
|  83|0x000000070d800000, 0x000000070d800000, 0x000000070da00000|  0%| F|  |TAMS 0x000000070d800000, 0x000000070d800000| Untracked 
|  84|0x000000070da00000, 0x000000070da00000, 0x000000070dc00000|  0%| F|  |TAMS 0x000000070da00000, 0x000000070da00000| Untracked 
|  85|0x000000070dc00000, 0x000000070dc00000, 0x000000070de00000|  0%| F|  |TAMS 0x000000070dc00000, 0x000000070dc00000| Untracked 
|  86|0x000000070de00000, 0x000000070de00000, 0x000000070e000000|  0%| F|  |TAMS 0x000000070de00000, 0x000000070de00000| Untracked 
|  87|0x000000070e000000, 0x000000070e000000, 0x000000070e200000|  0%| F|  |TAMS 0x000000070e000000, 0x000000070e000000| Untracked 
|  88|0x000000070e200000, 0x000000070e200000, 0x000000070e400000|  0%| F|  |TAMS 0x000000070e200000, 0x000000070e200000| Untracked 
|  89|0x000000070e400000, 0x000000070e400000, 0x000000070e600000|  0%| F|  |TAMS 0x000000070e400000, 0x000000070e400000| Untracked 
|  90|0x000000070e600000, 0x000000070e600000, 0x000000070e800000|  0%| F|  |TAMS 0x000000070e600000, 0x000000070e600000| Untracked 
|  91|0x000000070e800000, 0x000000070e800000, 0x000000070ea00000|  0%| F|  |TAMS 0x000000070e800000, 0x000000070e800000| Untracked 
|  92|0x000000070ea00000, 0x000000070ea00000, 0x000000070ec00000|  0%| F|  |TAMS 0x000000070ea00000, 0x000000070ea00000| Untracked 
|  93|0x000000070ec00000, 0x000000070ec00000, 0x000000070ee00000|  0%| F|  |TAMS 0x000000070ec00000, 0x000000070ec00000| Untracked 
|  94|0x000000070ee00000, 0x000000070ee00000, 0x000000070f000000|  0%| F|  |TAMS 0x000000070ee00000, 0x000000070ee00000| Untracked 
|  95|0x000000070f000000, 0x000000070f000000, 0x000000070f200000|  0%| F|  |TAMS 0x000000070f000000, 0x000000070f000000| Untracked 
|  96|0x000000070f200000, 0x000000070f200000, 0x000000070f400000|  0%| F|  |TAMS 0x000000070f200000, 0x000000070f200000| Untracked 
|  97|0x000000070f400000, 0x000000070f400000, 0x000000070f600000|  0%| F|  |TAMS 0x000000070f400000, 0x000000070f400000| Untracked 
|  98|0x000000070f600000, 0x000000070f600000, 0x000000070f800000|  0%| F|  |TAMS 0x000000070f600000, 0x000000070f600000| Untracked 
|  99|0x000000070f800000, 0x000000070f800000, 0x000000070fa00000|  0%| F|  |TAMS 0x000000070f800000, 0x000000070f800000| Untracked 
| 100|0x000000070fa00000, 0x000000070fa00000, 0x000000070fc00000|  0%| F|  |TAMS 0x000000070fa00000, 0x000000070fa00000| Untracked 
| 101|0x000000070fc00000, 0x000000070fc00000, 0x000000070fe00000|  0%| F|  |TAMS 0x000000070fc00000, 0x000000070fc00000| Untracked 
| 102|0x000000070fe00000, 0x000000070fe00000, 0x0000000710000000|  0%| F|  |TAMS 0x000000070fe00000, 0x000000070fe00000| Untracked 
| 103|0x0000000710000000, 0x0000000710000000, 0x0000000710200000|  0%| F|  |TAMS 0x0000000710000000, 0x0000000710000000| Untracked 
| 104|0x0000000710200000, 0x0000000710200000, 0x0000000710400000|  0%| F|  |TAMS 0x0000000710200000, 0x0000000710200000| Untracked 
| 105|0x0000000710400000, 0x0000000710400000, 0x0000000710600000|  0%| F|  |TAMS 0x0000000710400000, 0x0000000710400000| Untracked 
| 106|0x0000000710600000, 0x0000000710600000, 0x0000000710800000|  0%| F|  |TAMS 0x0000000710600000, 0x0000000710600000| Untracked 
| 107|0x0000000710800000, 0x0000000710800000, 0x0000000710a00000|  0%| F|  |TAMS 0x0000000710800000, 0x0000000710800000| Untracked 
| 108|0x0000000710a00000, 0x0000000710a00000, 0x0000000710c00000|  0%| F|  |TAMS 0x0000000710a00000, 0x0000000710a00000| Untracked 
| 109|0x0000000710c00000, 0x0000000710c00000, 0x0000000710e00000|  0%| F|  |TAMS 0x0000000710c00000, 0x0000000710c00000| Untracked 
| 110|0x0000000710e00000, 0x0000000710e00000, 0x0000000711000000|  0%| F|  |TAMS 0x0000000710e00000, 0x0000000710e00000| Untracked 
| 111|0x0000000711000000, 0x0000000711000000, 0x0000000711200000|  0%| F|  |TAMS 0x0000000711000000, 0x0000000711000000| Untracked 
| 112|0x0000000711200000, 0x0000000711200000, 0x0000000711400000|  0%| F|  |TAMS 0x0000000711200000, 0x0000000711200000| Untracked 
| 113|0x0000000711400000, 0x0000000711400000, 0x0000000711600000|  0%| F|  |TAMS 0x0000000711400000, 0x0000000711400000| Untracked 
| 114|0x0000000711600000, 0x0000000711711f08, 0x0000000711800000| 53%| S|CS|TAMS 0x0000000711600000, 0x0000000711600000| Complete 
| 115|0x0000000711800000, 0x0000000711a00000, 0x0000000711a00000|100%| S|CS|TAMS 0x0000000711800000, 0x0000000711800000| Complete 
| 116|0x0000000711a00000, 0x0000000711a00000, 0x0000000711c00000|  0%| F|  |TAMS 0x0000000711a00000, 0x0000000711a00000| Untracked 
| 117|0x0000000711c00000, 0x0000000711c00000, 0x0000000711e00000|  0%| F|  |TAMS 0x0000000711c00000, 0x0000000711c00000| Untracked 
| 118|0x0000000711e00000, 0x0000000711e00000, 0x0000000712000000|  0%| F|  |TAMS 0x0000000711e00000, 0x0000000711e00000| Untracked 
| 119|0x0000000712000000, 0x0000000712000000, 0x0000000712200000|  0%| F|  |TAMS 0x0000000712000000, 0x0000000712000000| Untracked 
| 120|0x0000000712200000, 0x0000000712200000, 0x0000000712400000|  0%| F|  |TAMS 0x0000000712200000, 0x0000000712200000| Untracked 
| 121|0x0000000712400000, 0x0000000712536440, 0x0000000712600000| 60%| E|  |TAMS 0x0000000712400000, 0x0000000712400000| Complete 
| 122|0x0000000712600000, 0x0000000712800000, 0x0000000712800000|100%| E|CS|TAMS 0x0000000712600000, 0x0000000712600000| Complete 
| 123|0x0000000712800000, 0x0000000712a00000, 0x0000000712a00000|100%| E|CS|TAMS 0x0000000712800000, 0x0000000712800000| Complete 
| 124|0x0000000712a00000, 0x0000000712c00000, 0x0000000712c00000|100%| E|CS|TAMS 0x0000000712a00000, 0x0000000712a00000| Complete 
| 125|0x0000000712c00000, 0x0000000712e00000, 0x0000000712e00000|100%| E|CS|TAMS 0x0000000712c00000, 0x0000000712c00000| Complete 
| 126|0x0000000712e00000, 0x0000000713000000, 0x0000000713000000|100%| E|CS|TAMS 0x0000000712e00000, 0x0000000712e00000| Complete 

Card table byte_map: [0x00000208201b0000,0x00000208209a0000] _byte_map_base: 0x000002081c997000

Marking Bits (Prev, Next): (CMBitMap*) 0x00000208084b5ea0, (CMBitMap*) 0x00000208084b5ee0
 Prev Bits: [0x0000020821190000, 0x00000208250c8000)
 Next Bits: [0x00000208250d0000, 0x0000020829008000)

Polling page: 0x0000020806320000

Metaspace:

Usage:
  Non-class:      9.02 MB capacity,     7.19 MB ( 80%) used,     1.82 MB ( 20%) free+waste,    13.13 KB ( <1%) overhead. 
      Class:      1.22 MB capacity,     1.01 MB ( 82%) used,   214.84 KB ( 17%) free+waste,     5.50 KB ( <1%) overhead. 
       Both:     10.25 MB capacity,     8.19 MB ( 80%) used,     2.03 MB ( 20%) free+waste,    18.63 KB ( <1%) overhead. 

Virtual space:
  Non-class space:       10.00 MB reserved,       9.25 MB ( 93%) committed 
      Class space:        1.00 GB reserved,       1.25 MB ( <1%) committed 
             Both:        1.01 GB reserved,      10.50 MB (  1%) committed 

Chunk freelists:
   Non-Class:  40.00 KB
       Class:  29.00 KB
        Both:  69.00 KB

MaxMetaspaceSize: 17179869184.00 GB
CompressedClassSpaceSize: 1.00 GB

CodeHeap 'non-profiled nmethods': size=120000Kb used=422Kb max_used=422Kb free=119578Kb
 bounds [0x0000020818160000, 0x00000208183d0000, 0x000002081f690000]
CodeHeap 'profiled nmethods': size=120000Kb used=2202Kb max_used=2202Kb free=117797Kb
 bounds [0x0000020810c30000, 0x0000020810ea0000, 0x0000020818160000]
CodeHeap 'non-nmethods': size=5760Kb used=1346Kb max_used=1363Kb free=4413Kb
 bounds [0x0000020810690000, 0x0000020810900000, 0x0000020810c30000]
 total_blobs=1973 nmethods=1320 adapters=565
 compilation: enabled
              stopped_count=0, restarted_count=0
 full_count=0

Compilation events (20 events):
Event: 13.564 Thread 0x000002082c2bd380 nmethod 1312 0x00000208181c7610 code [0x00000208181c77a0, 0x00000208181c7858]
Event: 13.565 Thread 0x000002082c2af3b0 nmethod 1311 0x00000208181c7910 code [0x00000208181c7a80, 0x00000208181c7af8]
Event: 13.565 Thread 0x000002082c2bd380 1313       1       com.sun.javafx.geom.PickRay::getFarClip (5 bytes)
Event: 13.565 Thread 0x000002082c2bd380 nmethod 1313 0x00000208181c7c10 code [0x00000208181c7da0, 0x00000208181c7e58]
Event: 14.492 Thread 0x000002082c2af3b0 1314       4       Neighbours::satisfied (112 bytes)
Event: 14.493 Thread 0x000002082c2bd380 1315       3       javafx.scene.Node::updateLocalToParentTransform (442 bytes)
Event: 14.496 Thread 0x000002082c2bd380 nmethod 1315 0x0000020810e4e010 code [0x0000020810e4e9e0, 0x0000020810e54ff8]
Event: 14.496 Thread 0x000002082c2bd380 1316       1       com.sun.javafx.geom.transform.BaseTransform::getMxx (2 bytes)
Event: 14.496 Thread 0x000002082c2bd380 nmethod 1316 0x00000208181c7f10 code [0x00000208181c80c0, 0x00000208181c8178]
Event: 14.496 Thread 0x000002082c2bd380 1317       1       com.sun.javafx.geom.transform.BaseTransform::getMxy (2 bytes)
Event: 14.496 Thread 0x000002082c2bd380 nmethod 1317 0x00000208181c8210 code [0x00000208181c83a0, 0x00000208181c8458]
Event: 14.496 Thread 0x000002082c2bd380 1318       1       com.sun.javafx.geom.transform.BaseTransform::getMxt (2 bytes)
Event: 14.496 Thread 0x000002082c2bd380 nmethod 1318 0x00000208181c8510 code [0x00000208181c86a0, 0x00000208181c8758]
Event: 14.496 Thread 0x000002082c2bd380 1319       1       com.sun.javafx.geom.transform.BaseTransform::getMyx (2 bytes)
Event: 14.496 Thread 0x000002082c2bd380 nmethod 1319 0x00000208181c8810 code [0x00000208181c89a0, 0x00000208181c8a58]
Event: 14.496 Thread 0x000002082c2bd380 1320       1       com.sun.javafx.geom.transform.BaseTransform::getMyy (2 bytes)
Event: 14.496 Thread 0x000002082c2bd380 nmethod 1320 0x00000208181c8b10 code [0x00000208181c8cc0, 0x00000208181c8d78]
Event: 14.496 Thread 0x000002082c2bd380 1321       1       com.sun.javafx.geom.transform.BaseTransform::getMyt (2 bytes)
Event: 14.496 Thread 0x000002082c2bd380 nmethod 1321 0x00000208181c8e10 code [0x00000208181c8fa0, 0x00000208181c9058]
Event: 14.496 Thread 0x000002082c2af3b0 nmethod 1314 0x00000208181c9110 code [0x00000208181c92a0, 0x00000208181c9618]

GC Heap History (2 events):
Event: 0.470 GC heap before
{Heap before GC invocations=0 (full 0):
 garbage-first heap   total 260096K, used 22528K [0x0000000703200000, 0x0000000800000000)
  region size 2048K, 11 young (22528K), 0 survivors (0K)
 Metaspace       used 5444K, capacity 8149K, committed 8448K, reserved 1056768K
  class space    used 659K, capacity 922K, committed 1024K, reserved 1048576K
}
Event: 0.472 GC heap after
{Heap after GC invocations=1 (full 0):
 garbage-first heap   total 260096K, used 3143K [0x0000000703200000, 0x0000000800000000)
  region size 2048K, 2 young (4096K), 2 survivors (4096K)
 Metaspace       used 5444K, capacity 8149K, committed 8448K, reserved 1056768K
  class space    used 659K, capacity 922K, committed 1024K, reserved 1048576K
}

Deoptimization events (20 events):
Event: 0.482 Thread 0x000002082ce2b610 Uncommon trap: trap_request=0xffffffde fr.pc=0x00000208181a7ec8 relative=0x0000000000000128
Event: 0.482 Thread 0x000002082ce2b610 Uncommon trap: reason=class_check action=maybe_recompile pc=0x00000208181a7ec8 method=jdk.internal.misc.Unsafe.allocateUninitializedArray(Ljava/lang/Class;I)Ljava/lang/Object; @ 51 c2
Event: 0.482 Thread 0x000002082ce2b610 DEOPT PACKING pc=0x00000208181a7ec8 sp=0x000000c8dbdf9ea0
Event: 0.482 Thread 0x000002082ce2b610 DEOPT UNPACKING pc=0x00000208106de42f sp=0x000000c8dbdf9e28 mode 2
Event: 0.482 Thread 0x000002082ce2b610 Uncommon trap: trap_request=0xffffffde fr.pc=0x00000208181a7ec8 relative=0x0000000000000128
Event: 0.482 Thread 0x000002082ce2b610 Uncommon trap: reason=class_check action=maybe_recompile pc=0x00000208181a7ec8 method=jdk.internal.misc.Unsafe.allocateUninitializedArray(Ljava/lang/Class;I)Ljava/lang/Object; @ 51 c2
Event: 0.482 Thread 0x000002082ce2b610 DEOPT PACKING pc=0x00000208181a7ec8 sp=0x000000c8dbdf9ea0
Event: 0.482 Thread 0x000002082ce2b610 DEOPT UNPACKING pc=0x00000208106de42f sp=0x000000c8dbdf9e28 mode 2
Event: 0.482 Thread 0x000002082ce2b610 Uncommon trap: trap_request=0xffffffde fr.pc=0x00000208181a7ec8 relative=0x0000000000000128
Event: 0.482 Thread 0x000002082ce2b610 Uncommon trap: reason=class_check action=maybe_recompile pc=0x00000208181a7ec8 method=jdk.internal.misc.Unsafe.allocateUninitializedArray(Ljava/lang/Class;I)Ljava/lang/Object; @ 51 c2
Event: 0.482 Thread 0x000002082ce2b610 DEOPT PACKING pc=0x00000208181a7ec8 sp=0x000000c8dbdfd4c0
Event: 0.482 Thread 0x000002082ce2b610 DEOPT UNPACKING pc=0x00000208106de42f sp=0x000000c8dbdfd448 mode 2
Event: 0.482 Thread 0x000002082ce2b610 Uncommon trap: trap_request=0xffffffde fr.pc=0x00000208181a7ec8 relative=0x0000000000000128
Event: 0.482 Thread 0x000002082ce2b610 Uncommon trap: reason=class_check action=maybe_recompile pc=0x00000208181a7ec8 method=jdk.internal.misc.Unsafe.allocateUninitializedArray(Ljava/lang/Class;I)Ljava/lang/Object; @ 51 c2
Event: 0.482 Thread 0x000002082ce2b610 DEOPT PACKING pc=0x00000208181a7ec8 sp=0x000000c8dbdfd4c0
Event: 0.483 Thread 0x000002082ce2b610 DEOPT UNPACKING pc=0x00000208106de42f sp=0x000000c8dbdfd448 mode 2
Event: 0.510 Thread 0x000002082ce2b610 Uncommon trap: trap_request=0xffffff45 fr.pc=0x00000208181828b4 relative=0x0000000000000034
Event: 0.510 Thread 0x000002082ce2b610 Uncommon trap: reason=unstable_if action=reinterpret pc=0x00000208181828b4 method=java.lang.StringLatin1.canEncode(I)Z @ 4 c2
Event: 0.510 Thread 0x000002082ce2b610 DEOPT PACKING pc=0x00000208181828b4 sp=0x000000c8dbdfbbe0
Event: 0.510 Thread 0x000002082ce2b610 DEOPT UNPACKING pc=0x00000208106de42f sp=0x000000c8dbdfbb70 mode 2

Classes unloaded (0 events):
No events

Classes redefined (0 events):
No events

Internal exceptions (20 events):
Event: 0.160 Thread 0x000002082cd1ae50 Exception <a 'java/lang/NoSuchMethodError'{0x00000007129eba60}: 'java.lang.Object java.lang.invoke.DirectMethodHandle$Holder.invokeStaticInit(java.lang.Object)'> (0x00000007129eba60) 
thrown [./open/src/hotspot/share/interpreter/linkResolver.cpp, line 782]
Event: 0.166 Thread 0x000002082cd1ae50 Exception <a 'java/lang/NoSuchMethodError'{0x00000007129f8e28}: 'void java.lang.invoke.DirectMethodHandle$Holder.invokeStatic(java.lang.Object, java.lang.Object)'> (0x00000007129f8e28) 
thrown [./open/src/hotspot/share/interpreter/linkResolver.cpp, line 782]
Event: 0.298 Thread 0x0000020808463670 Exception <a 'java/lang/NoSuchMethodError'{0x00000007125a1658}: 'void java.lang.invoke.DirectMethodHandle$Holder.invokeSpecial(java.lang.Object, java.lang.Object, java.lang.Object)'> (0x00000007125a1658) 
thrown [./open/src/hotspot/share/interpreter/linkResolver.cpp, line 782]
Event: 0.306 Thread 0x0000020808463670 Exception <a 'java/lang/NoSuchMethodError'{0x00000007125d9060}: 'void java.lang.invoke.DirectMethodHandle$Holder.invokeStatic(java.lang.Object, java.lang.Object, java.lang.Object)'> (0x00000007125d9060) 
thrown [./open/src/hotspot/share/interpreter/linkResolver.cpp, line 782]
Event: 0.326 Thread 0x0000020808463670 Exception <a 'java/lang/NoSuchMethodError'{0x00000007125f5578}: 'int java.lang.invoke.DirectMethodHandle$Holder.invokeStaticInit(java.lang.Object, java.lang.Object, java.lang.Object)'> (0x00000007125f5578) 
thrown [./open/src/hotspot/share/interpreter/linkResolver.cpp, line 782]
Event: 0.343 Thread 0x0000020808463670 Exception <a 'java/lang/NoSuchMethodError'{0x000000071231ba90}: 'java.lang.Object java.lang.invoke.DirectMethodHandle$Holder.newInvokeSpecial(java.lang.Object, java.lang.Object, int, java.lang.Object)'> (0x000000071231ba90) 
thrown [./open/src/hotspot/share/interpreter/linkResolver.cpp, line 782]
Event: 0.343 Thread 0x0000020808463670 Exception <a 'java/lang/NoSuchMethodError'{0x000000071231ff78}: 'java.lang.Object java.lang.invoke.DirectMethodHandle$Holder.invokeSpecial(java.lang.Object, java.lang.Object, java.lang.Object, int, java.lang.Object)'> (0x000000071231ff78) 
thrown [./open/src/hotspot/share/interpreter/linkResolver.cpp, line 782]
Event: 0.392 Thread 0x000002082ce2b610 Exception <a 'java/lang/NoSuchMethodError'{0x0000000711e41870}: 'void java.lang.invoke.DirectMethodHandle$Holder.invokeStaticInit(java.lang.Object)'> (0x0000000711e41870) 
thrown [./open/src/hotspot/share/interpreter/linkResolver.cpp, line 782]
Event: 0.395 Thread 0x0000020808463670 Exception <a 'java/lang/NoSuchMethodError'{0x0000000712336280}: 'java.lang.Object java.lang.invoke.DirectMethodHandle$Holder.newInvokeSpecial(java.lang.Object, java.lang.Object, java.lang.Object, java.lang.Object, java.lang.Object, java.lang.Object)'> (0x0000000712336280) 
thrown [./open/src/hotspot/share/interpreter/linkResolver.cpp, line 782]
Event: 0.412 Thread 0x0000020808463670 Exception <a 'java/lang/NoSuchMethodError'{0x0000000711efd250}: 'java.lang.Object java.lang.invoke.DirectMethodHandle$Holder.newInvokeSpecial(java.lang.Object, java.lang.Object, java.lang.Object, java.lang.Object, java.lang.Object)'> (0x0000000711efd250) 
thrown [./open/src/hotspot/share/interpreter/linkResolver.cpp, line 782]
Event: 0.413 Thread 0x000002082ce2dc90 Exception <a 'java/lang/NoSuchMethodError'{0x0000000711fc9450}: 'void java.lang.invoke.DirectMethodHandle$Holder.invokeStatic(java.lang.Object, java.lang.Object, java.lang.Object, java.lang.Object)'> (0x0000000711fc9450) 
thrown [./open/src/hotspot/share/interpreter/linkResolver.cpp, line 782]
Event: 0.445 Thread 0x000002082ce2b610 Exception <a 'java/lang/NoSuchMethodError'{0x0000000711a47fc8}: 'java.lang.Object java.lang.invoke.DirectMethodHandle$Holder.invokeStaticInit(java.lang.Object, java.lang.Object, java.lang.Object, java.lang.Object)'> (0x0000000711a47fc8) 
thrown [./open/src/hotspot/share/interpreter/linkResolver.cpp, line 782]
Event: 0.446 Thread 0x000002082ce2b610 Exception <a 'java/lang/NullPointerException'{0x0000000711a53f08}> (0x0000000711a53f08) 
thrown [./open/src/hotspot/share/interpreter/linkResolver.cpp, line 1374]
Event: 0.449 Thread 0x000002082ce2b610 Exception <a 'java/lang/NoSuchMethodError'{0x0000000711a6ffb0}: 'void java.lang.invoke.DirectMethodHandle$Holder.invokeSpecial(java.lang.Object, java.lang.Object, java.lang.Object, java.lang.Object, java.lang.Object)'> (0x0000000711a6ffb0) 
thrown [./open/src/hotspot/share/interpreter/linkResolver.cpp, line 782]
Event: 0.575 Thread 0x000002082ce2b610 Exception <a 'java/lang/NoSuchMethodError'{0x0000000712841e98}: 'java.lang.Object java.lang.invoke.DirectMethodHandle$Holder.newInvokeSpecial(java.lang.Object, java.lang.Object, int)'> (0x0000000712841e98) 
thrown [./open/src/hotspot/share/interpreter/linkResolver.cpp, line 782]
Event: 0.583 Thread 0x000002082ce2b610 Exception <a 'java/lang/NoSuchMethodError'{0x0000000712866050}: 'long java.lang.invoke.DirectMethodHandle$Holder.invokeStatic(java.lang.Object, java.lang.Object, java.lang.Object)'> (0x0000000712866050) 
thrown [./open/src/hotspot/share/interpreter/linkResolver.cpp, line 782]
Event: 0.583 Thread 0x000002082ce2b610 Exception <a 'java/lang/NoSuchMethodError'{0x0000000712869a00}: 'long java.lang.invoke.DirectMethodHandle$Holder.invokeStaticInit(java.lang.Object, java.lang.Object, java.lang.Object)'> (0x0000000712869a00) 
thrown [./open/src/hotspot/share/interpreter/linkResolver.cpp, line 782]
Event: 0.586 Thread 0x000002082ce2b610 Exception <a 'java/lang/NoSuchMethodError'{0x0000000712930698}: 'java.lang.Object java.lang.invoke.DirectMethodHandle$Holder.newInvokeSpecial(java.lang.Object, java.lang.Object, long)'> (0x0000000712930698) 
thrown [./open/src/hotspot/share/interpreter/linkResolver.cpp, line 782]
Event: 0.586 Thread 0x000002082ce2b610 Exception <a 'java/lang/NoSuchMethodError'{0x0000000712934408}: 'java.lang.Object java.lang.invoke.Invokers$Holder.linkToTargetMethod(java.lang.Object, long, java.lang.Object)'> (0x0000000712934408) 
thrown [./open/src/hotspot/share/interpreter/linkResolver.cpp, line 782]
Event: 0.599 Thread 0x000002082ce2a7a0 Exception <a 'java/lang/NoSuchMethodError'{0x0000000712613da8}: 'int java.lang.invoke.DirectMethodHandle$Holder.invokeStaticInit(java.lang.Object, java.lang.Object)'> (0x0000000712613da8) 
thrown [./open/src/hotspot/share/interpreter/linkResolver.cpp, line 782]

Events (20 events):
Event: 1.023 loading class sun/util/resources/TimeZoneNames_en done
Event: 1.473 Executing VM operation: HandshakeAllThreads
Event: 1.473 Executing VM operation: HandshakeAllThreads done
Event: 2.013 Loaded shared library C:\Users\lehun\jdk-15.0.2\bin\java.dll
Event: 3.474 Executing VM operation: HandshakeAllThreads
Event: 3.474 Executing VM operation: HandshakeAllThreads done
Event: 5.475 Executing VM operation: HandshakeAllThreads
Event: 5.475 Executing VM operation: HandshakeAllThreads done
Event: 6.475 Executing VM operation: HandshakeAllThreads
Event: 6.476 Executing VM operation: HandshakeAllThreads done
Event: 7.476 Executing VM operation: HandshakeAllThreads
Event: 7.476 Executing VM operation: HandshakeAllThreads done
Event: 9.477 Executing VM operation: HandshakeAllThreads
Event: 9.477 Executing VM operation: HandshakeAllThreads done
Event: 10.477 Executing VM operation: HandshakeAllThreads
Event: 10.477 Executing VM operation: HandshakeAllThreads done
Event: 11.478 Executing VM operation: HandshakeAllThreads
Event: 11.478 Executing VM operation: HandshakeAllThreads done
Event: 14.480 Executing VM operation: HandshakeAllThreads
Event: 14.480 Executing VM operation: HandshakeAllThreads done


Dynamic libraries:
0x00007ff650810000 - 0x00007ff65081d000 	C:\Users\lehun\jdk-15.0.2\bin\java.exe
0x00007ffa32c40000 - 0x00007ffa32e30000 	C:\Windows\SYSTEM32\ntdll.dll
0x00007ffa317b0000 - 0x00007ffa31862000 	C:\Windows\System32\KERNEL32.DLL
0x00007ffa309c0000 - 0x00007ffa30c65000 	C:\Windows\System32\KERNELBASE.dll
0x00007ffa2fbc0000 - 0x00007ffa2fcba000 	C:\Windows\System32\ucrtbase.dll
0x00007ffa2c3c0000 - 0x00007ffa2c3d9000 	C:\Users\lehun\jdk-15.0.2\bin\VCRUNTIME140.dll
0x00007ffa2c3a0000 - 0x00007ffa2c3b8000 	C:\Users\lehun\jdk-15.0.2\bin\jli.dll
0x00007ffa32300000 - 0x00007ffa32494000 	C:\Windows\System32\USER32.dll
0x00007ffa1b220000 - 0x00007ffa1b4a4000 	C:\Windows\WinSxS\amd64_microsoft.windows.common-controls_6595b64144ccf1df_6.0.18362.1316_none_9e7a364fe461dbd7\COMCTL32.dll
0x00007ffa30760000 - 0x00007ffa30781000 	C:\Windows\System32\win32u.dll
0x00007ffa31a90000 - 0x00007ffa31b2e000 	C:\Windows\System32\msvcrt.dll
0x00007ffa31890000 - 0x00007ffa318b6000 	C:\Windows\System32\GDI32.dll
0x00007ffa312a0000 - 0x00007ffa315d7000 	C:\Windows\System32\combase.dll
0x00007ffa30790000 - 0x00007ffa30928000 	C:\Windows\System32\gdi32full.dll
0x00007ffa304c0000 - 0x00007ffa3055e000 	C:\Windows\System32\msvcp_win.dll
0x00007ffa31c40000 - 0x00007ffa31d5f000 	C:\Windows\System32\RPCRT4.dll
0x00007ffa30930000 - 0x00007ffa309b1000 	C:\Windows\System32\bcryptPrimitives.dll
0x00007ffa31f90000 - 0x00007ffa31fbe000 	C:\Windows\System32\IMM32.DLL
0x00007ffa2c390000 - 0x00007ffa2c39c000 	C:\Users\lehun\jdk-15.0.2\bin\vcruntime140_1.dll
0x00007ff9f7300000 - 0x00007ff9f7391000 	C:\Users\lehun\jdk-15.0.2\bin\msvcp140.dll
0x00007ff9d4680000 - 0x00007ff9d51de000 	C:\Users\lehun\jdk-15.0.2\bin\server\jvm.dll
0x00007ffa315e0000 - 0x00007ffa31683000 	C:\Windows\System32\ADVAPI32.dll
0x00007ffa31690000 - 0x00007ffa31727000 	C:\Windows\System32\sechost.dll
0x00007ffa30dc0000 - 0x00007ffa30dc8000 	C:\Windows\System32\PSAPI.DLL
0x00007ffa0d890000 - 0x00007ffa0d899000 	C:\Windows\SYSTEM32\WSOCK32.dll
0x00007ffa2db90000 - 0x00007ffa2dbb4000 	C:\Windows\SYSTEM32\WINMM.dll
0x00007ffa28370000 - 0x00007ffa2837a000 	C:\Windows\SYSTEM32\VERSION.dll
0x00007ffa31ea0000 - 0x00007ffa31f0f000 	C:\Windows\System32\WS2_32.dll
0x00007ffa2db60000 - 0x00007ffa2db8d000 	C:\Windows\SYSTEM32\WINMMBASE.dll
0x00007ffa2fcc0000 - 0x00007ffa2fd0a000 	C:\Windows\System32\cfgmgr32.dll
0x00007ffa2fb00000 - 0x00007ffa2fb11000 	C:\Windows\System32\kernel.appcore.dll
0x00007ffa2c340000 - 0x00007ffa2c34a000 	C:\Users\lehun\jdk-15.0.2\bin\jimage.dll
0x00007ffa225d0000 - 0x00007ffa227c4000 	C:\Windows\SYSTEM32\DBGHELP.DLL
0x00007ffa12d30000 - 0x00007ffa12d5a000 	C:\Windows\SYSTEM32\dbgcore.DLL
0x00007ffa2c330000 - 0x00007ffa2c33e000 	C:\Users\lehun\jdk-15.0.2\bin\instrument.dll
0x00007ffa29980000 - 0x00007ffa299a5000 	C:\Users\lehun\jdk-15.0.2\bin\java.dll
0x00007ffa32510000 - 0x00007ffa32bf8000 	C:\Windows\System32\SHELL32.dll
0x00007ffa31b90000 - 0x00007ffa31c37000 	C:\Windows\System32\shcore.dll
0x00007ffa2fd40000 - 0x00007ffa304bb000 	C:\Windows\System32\windows.storage.dll
0x00007ffa2fb70000 - 0x00007ffa2fb93000 	C:\Windows\System32\profapi.dll
0x00007ffa2fb20000 - 0x00007ffa2fb6a000 	C:\Windows\System32\powrprof.dll
0x00007ffa2faf0000 - 0x00007ffa2fb00000 	C:\Windows\System32\UMPDC.dll
0x00007ffa31fc0000 - 0x00007ffa32012000 	C:\Windows\System32\shlwapi.dll
0x00007ffa30c70000 - 0x00007ffa30c87000 	C:\Windows\System32\cryptsp.dll
0x00007ffa29940000 - 0x00007ffa29959000 	C:\Users\lehun\jdk-15.0.2\bin\net.dll
0x00007ffa2abf0000 - 0x00007ffa2ace0000 	C:\Windows\SYSTEM32\WINHTTP.dll
0x00007ffa2f330000 - 0x00007ffa2f397000 	C:\Windows\system32\mswsock.dll
0x00007ffa06230000 - 0x00007ffa06242000 	C:\Users\lehun\jdk-15.0.2\bin\nio.dll
0x00007ffa06160000 - 0x00007ffa06178000 	C:\Users\lehun\jdk-15.0.2\bin\zip.dll
0x00007ffa06060000 - 0x00007ffa0607a000 	C:\Program Files\JetBrains\IntelliJ IDEA Community Edition 2020.3.1\bin\breakgen64.dll
0x0000020806370000 - 0x0000020806373000 	C:\Users\lehun\javafx-sdk-15.0.1\bin\api-ms-win-core-console-l1-1-0.dll
0x0000020806380000 - 0x0000020806383000 	C:\Users\lehun\javafx-sdk-15.0.1\bin\api-ms-win-core-console-l1-2-0.dll
0x0000020808410000 - 0x0000020808413000 	C:\Users\lehun\javafx-sdk-15.0.1\bin\api-ms-win-core-datetime-l1-1-0.dll
0x0000020808420000 - 0x0000020808423000 	C:\Users\lehun\javafx-sdk-15.0.1\bin\api-ms-win-core-debug-l1-1-0.dll
0x000002082df60000 - 0x000002082df63000 	C:\Users\lehun\javafx-sdk-15.0.1\bin\api-ms-win-core-errorhandling-l1-1-0.dll
0x000002082df70000 - 0x000002082df74000 	C:\Users\lehun\javafx-sdk-15.0.1\bin\api-ms-win-core-file-l1-1-0.dll
0x000002082df80000 - 0x000002082df83000 	C:\Users\lehun\javafx-sdk-15.0.1\bin\api-ms-win-core-file-l1-2-0.dll
0x000002082df90000 - 0x000002082df93000 	C:\Users\lehun\javafx-sdk-15.0.1\bin\api-ms-win-core-file-l2-1-0.dll
0x000002082e0d0000 - 0x000002082e0d3000 	C:\Users\lehun\javafx-sdk-15.0.1\bin\api-ms-win-core-handle-l1-1-0.dll
0x000002082dfa0000 - 0x000002082dfa3000 	C:\Users\lehun\javafx-sdk-15.0.1\bin\api-ms-win-core-heap-l1-1-0.dll
0x000002082dfb0000 - 0x000002082dfb3000 	C:\Users\lehun\javafx-sdk-15.0.1\bin\api-ms-win-core-interlocked-l1-1-0.dll
0x000002082dfc0000 - 0x000002082dfc3000 	C:\Users\lehun\javafx-sdk-15.0.1\bin\api-ms-win-core-libraryloader-l1-1-0.dll
0x000002082dfd0000 - 0x000002082dfd3000 	C:\Users\lehun\javafx-sdk-15.0.1\bin\api-ms-win-core-localization-l1-2-0.dll
0x000002082dfe0000 - 0x000002082dfe3000 	C:\Users\lehun\javafx-sdk-15.0.1\bin\api-ms-win-core-memory-l1-1-0.dll
0x000002082dff0000 - 0x000002082dff3000 	C:\Users\lehun\javafx-sdk-15.0.1\bin\api-ms-win-core-namedpipe-l1-1-0.dll
0x000002082e000000 - 0x000002082e003000 	C:\Users\lehun\javafx-sdk-15.0.1\bin\api-ms-win-core-processenvironment-l1-1-0.dll
0x000002082e010000 - 0x000002082e013000 	C:\Users\lehun\javafx-sdk-15.0.1\bin\api-ms-win-core-processthreads-l1-1-0.dll
0x000002082e020000 - 0x000002082e023000 	C:\Users\lehun\javafx-sdk-15.0.1\bin\api-ms-win-core-processthreads-l1-1-1.dll
0x000002082e030000 - 0x000002082e033000 	C:\Users\lehun\javafx-sdk-15.0.1\bin\api-ms-win-core-profile-l1-1-0.dll
0x000002082e040000 - 0x000002082e043000 	C:\Users\lehun\javafx-sdk-15.0.1\bin\api-ms-win-core-rtlsupport-l1-1-0.dll
0x000002082e050000 - 0x000002082e053000 	C:\Users\lehun\javafx-sdk-15.0.1\bin\api-ms-win-core-string-l1-1-0.dll
0x000002082e060000 - 0x000002082e063000 	C:\Users\lehun\javafx-sdk-15.0.1\bin\api-ms-win-core-synch-l1-1-0.dll
0x000002082e070000 - 0x000002082e073000 	C:\Users\lehun\javafx-sdk-15.0.1\bin\api-ms-win-core-synch-l1-2-0.dll
0x000002082e080000 - 0x000002082e083000 	C:\Users\lehun\javafx-sdk-15.0.1\bin\api-ms-win-core-sysinfo-l1-1-0.dll
0x000002082e090000 - 0x000002082e093000 	C:\Users\lehun\javafx-sdk-15.0.1\bin\api-ms-win-core-timezone-l1-1-0.dll
0x000002082e0a0000 - 0x000002082e0a3000 	C:\Users\lehun\javafx-sdk-15.0.1\bin\api-ms-win-core-util-l1-1-0.dll
0x000002082e0b0000 - 0x000002082e0b3000 	C:\Users\lehun\javafx-sdk-15.0.1\bin\api-ms-win-crt-conio-l1-1-0.dll
0x000002082e0c0000 - 0x000002082e0c4000 	C:\Users\lehun\javafx-sdk-15.0.1\bin\api-ms-win-crt-convert-l1-1-0.dll
0x000002082e0e0000 - 0x000002082e0e3000 	C:\Users\lehun\javafx-sdk-15.0.1\bin\api-ms-win-crt-environment-l1-1-0.dll
0x000002082e0f0000 - 0x000002082e0f3000 	C:\Users\lehun\javafx-sdk-15.0.1\bin\api-ms-win-crt-filesystem-l1-1-0.dll
0x000002082e100000 - 0x000002082e103000 	C:\Users\lehun\javafx-sdk-15.0.1\bin\api-ms-win-crt-heap-l1-1-0.dll
0x000002082e110000 - 0x000002082e113000 	C:\Users\lehun\javafx-sdk-15.0.1\bin\api-ms-win-crt-locale-l1-1-0.dll
0x000002082e120000 - 0x000002082e125000 	C:\Users\lehun\javafx-sdk-15.0.1\bin\api-ms-win-crt-math-l1-1-0.dll
0x000002082e130000 - 0x000002082e135000 	C:\Users\lehun\javafx-sdk-15.0.1\bin\api-ms-win-crt-multibyte-l1-1-0.dll
0x000002082e4d0000 - 0x000002082e4e0000 	C:\Users\lehun\javafx-sdk-15.0.1\bin\api-ms-win-crt-private-l1-1-0.dll
0x000002082e4e0000 - 0x000002082e4e3000 	C:\Users\lehun\javafx-sdk-15.0.1\bin\api-ms-win-crt-process-l1-1-0.dll
0x000002082e4f0000 - 0x000002082e4f4000 	C:\Users\lehun\javafx-sdk-15.0.1\bin\api-ms-win-crt-runtime-l1-1-0.dll
0x000002082e500000 - 0x000002082e504000 	C:\Users\lehun\javafx-sdk-15.0.1\bin\api-ms-win-crt-stdio-l1-1-0.dll
0x000002082e510000 - 0x000002082e514000 	C:\Users\lehun\javafx-sdk-15.0.1\bin\api-ms-win-crt-string-l1-1-0.dll
0x000002082e520000 - 0x000002082e523000 	C:\Users\lehun\javafx-sdk-15.0.1\bin\api-ms-win-crt-time-l1-1-0.dll
0x000002082e530000 - 0x000002082e533000 	C:\Users\lehun\javafx-sdk-15.0.1\bin\api-ms-win-crt-utility-l1-1-0.dll
0x00007ff9ee2a0000 - 0x00007ff9ee39c000 	C:\Users\lehun\javafx-sdk-15.0.1\bin\ucrtbase.dll
0x00007ffa03680000 - 0x00007ffa03695000 	C:\Users\lehun\javafx-sdk-15.0.1\bin\vcruntime140.dll
0x00007ff9e7f90000 - 0x00007ff9e802b000 	C:\Users\lehun\javafx-sdk-15.0.1\bin\msvcp140.dll
0x00007ffa02870000 - 0x00007ffa02893000 	C:\Users\lehun\javafx-sdk-15.0.1\bin\prism_d3d.dll
0x00007ff9d8f30000 - 0x00007ff9d90f7000 	C:\Windows\system32\d3d9.dll
0x00007ffa2deb0000 - 0x00007ffa2dedd000 	C:\Windows\SYSTEM32\dwmapi.dll
0x00007ffa2e6f0000 - 0x00007ffa2e710000 	C:\Windows\SYSTEM32\dxcore.dll
0x00007ffa2ddc0000 - 0x00007ffa2de59000 	C:\Windows\system32\uxtheme.dll
0x00007ff9d7860000 - 0x00007ff9d79c3000 	C:\Windows\System32\DriverStore\FileRepository\iigd_dch.inf_amd64_a27adb6f3c75ef42\igdumdim64.dll
0x00007ff9b1560000 - 0x00007ff9b571f000 	C:\Windows\System32\DriverStore\FileRepository\iigd_dch.inf_amd64_a27adb6f3c75ef42\igd9dxva64.dll
0x00007ffa320f0000 - 0x00007ffa32247000 	C:\Windows\System32\ole32.dll
0x00007ffa30cf0000 - 0x00007ffa30db5000 	C:\Windows\System32\OLEAUT32.dll
0x00007ffa281c0000 - 0x00007ffa28363000 	C:\Windows\System32\DriverStore\FileRepository\iigd_dch.inf_amd64_a27adb6f3c75ef42\igdgmm64.dll
0x00007ffa012a0000 - 0x00007ffa012e5000 	C:\Users\lehun\javafx-sdk-15.0.1\bin\glass.dll
0x00007ffa32020000 - 0x00007ffa320f0000 	C:\Windows\System32\COMDLG32.dll
0x00007ffa31d60000 - 0x00007ffa31e95000 	C:\Windows\System32\MSCTF.dll
0x00007ffa1aca0000 - 0x00007ffa1acc6000 	C:\Windows\System32\DriverStore\FileRepository\iigd_dch.inf_amd64_a27adb6f3c75ef42\igdinfo64.dll
0x00007ffa23900000 - 0x00007ffa25d3d000 	C:\Windows\System32\DriverStore\FileRepository\iigd_dch.inf_amd64_a27adb6f3c75ef42\igc64.dll
0x00007ffa01280000 - 0x00007ffa01294000 	C:\Users\lehun\javafx-sdk-15.0.1\bin\javafx_font.dll
0x00007ffa1fc10000 - 0x00007ffa1ff0e000 	C:\Windows\SYSTEM32\dwrite.dll
0x00007ffa32250000 - 0x00007ffa322f2000 	C:\Windows\System32\clbcatq.dll
0x00007ffa2aa30000 - 0x00007ffa2abdf000 	C:\Windows\SYSTEM32\WindowsCodecs.dll
0x00007ff9f6660000 - 0x00007ff9f669b000 	C:\Windows\system32\dataexchange.dll
0x00007ffa2d0a0000 - 0x00007ffa2d27d000 	C:\Windows\system32\dcomp.dll
0x00007ffa2ce30000 - 0x00007ffa2d08b000 	C:\Windows\system32\d3d11.dll
0x00007ffa2e780000 - 0x00007ffa2e86b000 	C:\Windows\system32\dxgi.dll
0x00007ffa2dee0000 - 0x00007ffa2e13a000 	C:\Windows\system32\twinapi.appcore.dll
0x00007ffa2e3c0000 - 0x00007ffa2e3e9000 	C:\Windows\system32\RMCLIENT.dll
0x00007ffa011f0000 - 0x00007ffa01223000 	C:\Program Files\Common Files\Microsoft Shared\Ink\rtscom.dll
0x00007ffa21740000 - 0x00007ffa217dd000 	C:\Windows\System32\TextInputFramework.dll
0x00007ffa2d5f0000 - 0x00007ffa2d6c4000 	C:\Windows\System32\CoreMessaging.dll
0x00007ffa2b1e0000 - 0x00007ffa2b50a000 	C:\Windows\System32\CoreUIComponents.dll
0x00007ffa2eb00000 - 0x00007ffa2eb31000 	C:\Windows\SYSTEM32\ntmarta.dll
0x00007ffa2baa0000 - 0x00007ffa2bbf2000 	C:\Windows\SYSTEM32\wintypes.dll
0x00007ffa20210000 - 0x00007ffa204b7000 	C:\Windows\System32\iertutil.dll
0x00007ffa04510000 - 0x00007ffa04575000 	C:\Windows\system32\Oleacc.dll

dbghelp: loaded successfully - version: 4.0.5 - missing functions: none
symbol engine: initialized successfully - sym options: 0x614 - pdb path: .;C:\Users\lehun\jdk-15.0.2\bin;C:\Windows\SYSTEM32;C:\Windows\WinSxS\amd64_microsoft.windows.common-controls_6595b64144ccf1df_6.0.18362.1316_none_9e7a364fe461dbd7;C:\Users\lehun\jdk-15.0.2\bin\server;C:\Program Files\JetBrains\IntelliJ IDEA Community Edition 2020.3.1\bin;C:\Users\lehun\javafx-sdk-15.0.1\bin;C:\Windows\System32\DriverStore\FileRepository\iigd_dch.inf_amd64_a27adb6f3c75ef42;C:\Program Files\Common Files\Microsoft Shared\Ink

VM Arguments:
jvm_args: --module-path=C:\Users\lehun\javafx-sdk-15.0.1\lib --add-modules=javafx.base,javafx.controls,javafx.fxml,javafx.graphics,javafx.media -javaagent:C:\Program Files\JetBrains\IntelliJ IDEA Community Edition 2020.3.1\lib\idea_rt.jar=50531:C:\Program Files\JetBrains\IntelliJ IDEA Community Edition 2020.3.1\bin -Dfile.encoding=UTF-8 
java_command: Neighbours
java_class_path (initial): C:\Users\lehun\dat043\neighbours\out\production\neighbours;C:\Users\lehun\javafx-sdk-15.0.1\lib\src.zip;C:\Users\lehun\javafx-sdk-15.0.1\lib\javafx-swt.jar;C:\Users\lehun\javafx-sdk-15.0.1\lib\javafx.web.jar;C:\Users\lehun\javafx-sdk-15.0.1\lib\javafx.base.jar;C:\Users\lehun\javafx-sdk-15.0.1\lib\javafx.fxml.jar;C:\Users\lehun\javafx-sdk-15.0.1\lib\javafx.media.jar;C:\Users\lehun\javafx-sdk-15.0.1\lib\javafx.swing.jar;C:\Users\lehun\javafx-sdk-15.0.1\lib\javafx.controls.jar;C:\Users\lehun\javafx-sdk-15.0.1\lib\javafx.graphics.jar
Launcher Type: SUN_STANDARD

[Global flags]
     intx CICompilerCount                          = 4                                         {product} {ergonomic}
     uint ConcGCThreads                            = 2                                         {product} {ergonomic}
     uint G1ConcRefinementThreads                  = 8                                         {product} {ergonomic}
   size_t G1HeapRegionSize                         = 2097152                                   {product} {ergonomic}
    uintx GCDrainStackTargetSize                   = 64                                        {product} {ergonomic}
   size_t InitialHeapSize                          = 266338304                                 {product} {ergonomic}
   size_t MarkStackSize                            = 4194304                                   {product} {ergonomic}
   size_t MaxHeapSize                              = 4242538496                                {product} {ergonomic}
   size_t MaxNewSize                               = 2543845376                                {product} {ergonomic}
   size_t MinHeapDeltaBytes                        = 2097152                                   {product} {ergonomic}
   size_t MinHeapSize                              = 8388608                                   {product} {ergonomic}
    uintx NonNMethodCodeHeapSize                   = 5839372                                {pd product} {ergonomic}
    uintx NonProfiledCodeHeapSize                  = 122909434                              {pd product} {ergonomic}
    uintx ProfiledCodeHeapSize                     = 122909434                              {pd product} {ergonomic}
    uintx ReservedCodeCacheSize                    = 251658240                              {pd product} {ergonomic}
     bool SegmentedCodeCache                       = true                                      {product} {ergonomic}
   size_t SoftMaxHeapSize                          = 4242538496                             {manageable} {ergonomic}
     bool UseCompressedClassPointers               = true                                 {lp64_product} {ergonomic}
     bool UseCompressedOops                        = true                                 {lp64_product} {ergonomic}
     bool UseG1GC                                  = true                                      {product} {ergonomic}
     bool UseLargePagesIndividualAllocation        = false                                  {pd product} {ergonomic}

Logging:
Log output configuration:
 #0: stdout all=warning uptime,level,tags
 #1: stderr all=off uptime,level,tags

Environment Variables:
PATH=C:\Program Files (x86)\Common Files\Oracle\Java\javapath;C:\Windows\system32;C:\Windows;C:\Windows\System32\Wbem;C:\Windows\System32\WindowsPowerShell\v1.0\;C:\Windows\System32\OpenSSH\;C:\ProgramData\chocolatey\bin;C:\Program Files\MATLAB\R2020b\bin;C:\Program Files\Git\cmd;C:\Users\lehun\AppData\Local\Microsoft\WindowsApps;C:\Users\lehun\AppData\Roaming\cabal\bin;C:\ProgramData\chocolatey\lib\ghc\tools\ghc-8.10.2\bin;C:\tools\msys64;C:\Users\lehun\AppData\Local\Programs\Microsoft VS Code\bin
USERNAME=lehun
OS=Windows_NT
PROCESSOR_IDENTIFIER=Intel64 Family 6 Model 142 Stepping 12, GenuineIntel



---------------  S Y S T E M  ---------------

OS:
 Windows 10 , 64 bit Build 18362 (10.0.18362.1316)
OS uptime: 2 days 3:40 hours
HyperV virtualization detected

CPU: total 8 (initial active 8) (4 cores per cpu, 2 threads per core) family 6 model 142 stepping 12 microcode 0xd6, cmov, cx8, fxsr, mmx, sse, sse2, sse3, ssse3, sse4.1, sse4.2, popcnt, vzeroupper, avx, avx2, aes, clmul, erms, 3dnowpref, lzcnt, ht, tsc, tscinvbit, bmi1, bmi2, adx, fma, clflush, clflushopt

Memory: 4k page, system-wide physical 16180M (8901M free)
TotalPageFile size 18612M (AvailPageFile size 9448M)
current process WorkingSet (physical memory assigned to process): 127M, peak: 143M
current process commit charge ("private bytes"): 410M, peak: 427M

vm_info: OpenJDK 64-Bit Server VM (15.0.2+7-27) for windows-amd64 JRE (15.0.2+7-27), built on Dec  7 2020 20:02:38 by "mach5one" with unknown MS VC++:1925

END.
