#
# A fatal error has been detected by the Java Runtime Environment:
#
#  EXCEPTION_ACCESS_VIOLATION (0xc0000005) at pc=0x000001d3232b19b4, pid=16952, tid=12568
#
# JRE version: OpenJDK Runtime Environment (15.0.2+7) (build 15.0.2+7-27)
# Java VM: OpenJDK 64-Bit Server VM (15.0.2+7-27, mixed mode, sharing, tiered, compressed oops, g1 gc, windows-amd64)
# Problematic frame:
# J 1167 c2 Neighbours.satisfied([[LNeighbours$Actor;IID)Z (112 bytes) @ 0x000001d3232b19b4 [0x000001d3232b1820+0x0000000000000194]
#
# No core dump will be written. Minidumps are not enabled by default on client versions of Windows
#
# If you would like to submit a bug report, please visit:
#   https://bugreport.java.com/bugreport/crash.jsp
#

---------------  S U M M A R Y ------------

Command Line: --module-path=C:\Users\lehun\javafx-sdk-15.0.1\lib --add-modules=javafx.base,javafx.controls,javafx.fxml,javafx.graphics,javafx.media -javaagent:C:\Program Files\JetBrains\IntelliJ IDEA Community Edition 2020.3.1\lib\idea_rt.jar=50536:C:\Program Files\JetBrains\IntelliJ IDEA Community Edition 2020.3.1\bin -Dfile.encoding=UTF-8 Neighbours

Host: Intel(R) Core(TM) i7-10510U CPU @ 1.80GHz, 8 cores, 15G,  Windows 10 , 64 bit Build 18362 (10.0.18362.1316)
Time: Mon Feb  1 14:52:03 2021 Västeuropa, normaltid elapsed time: 2.444501 seconds (0d 0h 0m 2s)

---------------  T H R E A D  ---------------

Current thread (0x000001d338b33b40):  JavaThread "JavaFX Application Thread" [_thread_in_Java, id=12568, stack(0x000000c383f00000,0x000000c384000000)]

Stack: [0x000000c383f00000,0x000000c384000000],  sp=0x000000c383ffe020,  free space=1016k
Native frames: (J=compiled Java code, j=interpreted, Vv=VM code, C=native code)
C  0x000001d3232b19b4


siginfo: EXCEPTION_ACCESS_VIOLATION (0xc0000005), reading address 0x0000000b1160248c


Register to memory mapping:

RIP=0x000001d3232b19b4 is at entry_point+404 in (nmethod*)0x000001d3232b1690
RAX=0x0 is NULL
RBX=3794978073 is a compressed pointer to object: javafx.scene.paint.Color 
{0x00000007119628c8} - klass: 'javafx/scene/paint/Color'
RCX=0x0000000711807768 is an oop: Neighbours 
{0x0000000711807768} - klass: 'Neighbours'
RDX=0x000000000000001e is an unknown value
RSP=0x000000c383ffe020 is pointing into the stack for thread: 0x000001d338b33b40
RBP=0x000000c383ffe0f8 is pointing into the stack for thread: 0x000001d338b33b40
RSI=0x00000000ffffffff is an unknown value
RDI=0x0 is NULL
R8 =0x0000000711602480 is an oop: [[LNeighbours$Actor; 
{0x0000000711602480} - klass: 'Neighbours$Actor'[][]
 - length: 30
R9 =0x0 is NULL
R10=0x0000000000000001 is an unknown value
R11=0x0 is NULL
R12=0x0 is NULL
R13=0x000000c383ffe080 is pointing into the stack for thread: 0x000001d338b33b40
R14=0x0000000000000002 is an unknown value
R15=0x000001d338b33b40 is a thread


Registers:
RAX=0x0000000000000000, RBX=0x00000000e232c519, RCX=0x0000000711807768, RDX=0x000000000000001e
RSP=0x000000c383ffe020, RBP=0x000000c383ffe0f8, RSI=0x00000000ffffffff, RDI=0x0000000000000000
R8 =0x0000000711602480, R9 =0x0000000000000000, R10=0x0000000000000001, R11=0x0000000000000000
R12=0x0000000000000000, R13=0x000000c383ffe080, R14=0x0000000000000002, R15=0x000001d338b33b40
RIP=0x000001d3232b19b4, EFLAGS=0x0000000000010282

Top of Stack: (sp=0x000000c383ffe020)
0x000000c383ffe020:   0000000200000000 000000c383ffe0b8
0x000000c383ffe030:   000000c383ffe101 000001d338b33b40
0x000000c383ffe040:   000001d336c8e4d0 00007ff9d49cba35
0x000000c383ffe050:   000001d338b33b40 000000c383ffe0f8
0x000000c383ffe060:   000000c383ffe0f8 000001d31b789950
0x000000c383ffe070:   000001d336c8e4d0 000001d31b789950
0x000000c383ffe080:   3fe6666666666666 0000000000000000
0x000000c383ffe090:   0000000000000000 0000000000000000
0x000000c383ffe0a0:   0000000711602480 0000000711807768
0x000000c383ffe0b0:   000000c383ffe0b0 000001d336fb06d0
0x000000c383ffe0c0:   000000c383ffe150 000001d337176580
0x000000c383ffe0d0:   0000000000000000 0000000711801be0
0x000000c383ffe0e0:   000001d336fb0810 000000c383ffe080
0x000000c383ffe0f0:   000000c383ffe138 000000c383ffe1a8
0x000000c383ffe100:   000001d31b789f00 0000000000000000
0x000000c383ffe110:   0000000000000000 0000000000000000 

Instructions: (pc=0x000001d3232b19b4)
0x000001d3232b18b4:   c2 44 8b c7 41 ff c8 c4 c1 79 6e d8 44 8b f7 41
0x000001d3232b18c4:   83 c6 02 4d 63 de 49 ff cb c4 c1 f9 6e e3 41 b8
0x000001d3232b18d4:   00 00 00 80 45 3b f2 45 0f 4c d0 45 33 db 33 c0
0x000001d3232b18e4:   45 33 c0 44 89 04 24 e9 b5 00 00 00 ff c0 83 c1
0x000001d3232b18f4:   02 41 3b c8 0f 8c 51 01 00 00 4d 8b 87 10 01 00
0x000001d3232b1904:   00 41 85 00 41 3b ca 0f 8c 1c 01 00 00 41 3b ce
0x000001d3232b1914:   0f 8d 36 00 00 00 3b ca 73 2b 66 90 41 3b f1 75
0x000001d3232b1924:   04 3b cf 74 20 44 8b 44 8d 10 41 ff c3 45 85 c0
0x000001d3232b1934:   74 13 66 66 0f 1f 84 00 00 00 00 00 43 3b 5c c4
0x000001d3232b1944:   10 75 02 ff c0 ff c1 41 3b ce 7c ca 4d 8b 87 10
0x000001d3232b1954:   01 00 00 ff c6 41 85 00 0f 1f 40 00 3b 74 24 04
0x000001d3232b1964:   7c 3f 45 85 db 0f 84 a1 01 00 00 3d 00 00 00 80
0x000001d3232b1974:   75 08 33 d2 41 83 fb ff 74 04 99 41 f7 fb c5 f3
0x000001d3232b1984:   2a c8 c5 f9 2e c1 0f 86 74 01 00 00 b8 01 00 00
0x000001d3232b1994:   00 48 83 c4 40 5d 4d 8b 97 10 01 00 00 41 85 02
0x000001d3232b19a4:   c3 c4 c1 79 7e d8 45 3b c6 7d a1 c4 c1 f9 7e c8
0x000001d3232b19b4:   41 8b 4c b0 10 0f 1f 80 00 00 00 00 41 8b 6c cc
0x000001d3232b19c4:   0c 4c 63 c5 c4 c1 f9 7e e5 4d 3b e8 0f 83 f3 00
0x000001d3232b19d4:   00 00 3b f2 0f 83 db 00 00 00 c4 c1 79 7e d8 44
0x000001d3232b19e4:   3b c5 0f 83 dd 00 00 00 49 8d 2c cc c5 f9 7e d9
0x000001d3232b19f4:   3b ca 73 22 41 3b f1 75 07 66 66 90 3b cf 74 16
0x000001d3232b1a04:   44 8b 6c 8d 10 41 ff c3 45 85 ed 74 09 43 3b 5c
0x000001d3232b1a14:   ec 10 75 02 ff c0 ff c1 0f 1f 40 00 3b cf 7c d0
0x000001d3232b1a24:   41 3b ca 0f 8d e4 fe ff ff 45 8b c2 44 2b c1 44
0x000001d3232b1a34:   3b d1 44 0f 4c 04 24 41 81 f8 d0 07 00 00 41 bd
0x000001d3232b1a44:   d0 07 00 00 45 0f 47 c5 44 03 c1 3b ca 73 1f 41
0x000001d3232b1a54:   3b f1 75 04 3b cf 74 16 44 8b 6c 8d 10 41 ff c3
0x000001d3232b1a64:   45 85 ed 74 09 43 3b 5c ec 10 75 02 ff c0 44 8b
0x000001d3232b1a74:   e9 41 ff c5 44 3b ea 0f 1f 44 00 00 0f 83 6c fe
0x000001d3232b1a84:   ff ff 41 3b f1 75 09 44 3b ef 0f 84 5e fe ff ff
0x000001d3232b1a94:   4c 63 e9 46 8b 6c ad 14 41 ff c3 90 45 85 ed 0f
0x000001d3232b1aa4:   84 49 fe ff ff 43 3b 5c ec 10 0f 84 3c fe ff ff 


Stack slot to memory mapping:
stack at sp + 0 slots: 0x0000000200000000 is an unknown value
stack at sp + 1 slots: 0x000000c383ffe0b8 is pointing into the stack for thread: 0x000001d338b33b40
stack at sp + 2 slots: 0x000000c383ffe101 is pointing into the stack for thread: 0x000001d338b33b40
stack at sp + 3 slots: 0x000001d338b33b40 is a thread
stack at sp + 4 slots: 0x000001d336c8e4d0 is pointing into metadata
stack at sp + 5 slots: 0x00007ff9d49cba35 jvm.dll
stack at sp + 6 slots: 0x000001d338b33b40 is a thread
stack at sp + 7 slots: 0x000000c383ffe0f8 is pointing into the stack for thread: 0x000001d338b33b40

--------------------------------------------------------------------------------
[Constant Pool (empty)]

--------------------------------------------------------------------------------

[MachCode]
  0x000001d3232b1820: 448b 5208 | 49c1 e203 | 49bb 0000 | 0000 0800 | 0000 4d03 | d349 3bc2 | 0f85 c2ab | 51f8 6690 
  0x000001d3232b1840: 8984 2400 | 90ff ff55 | 4883 ec40 | c4e1 f96e | d241 8bf1 | ffce 458b | d141 83c2 | 0266 6690 
  0x000001d3232b1860: 413b f20f | 8da3 0200 | 0041 8b50 | 0c44 3bca | 0f83 a602 | 0000 478b | 5c88 100f | 1f44 0000 
  0x000001d3232b1880: 438b 5cdc | 0c3b fb0f | 838f 0200 | 0049 c1e3 | 0345 8b5c | bb10 6666 | 0f1f 8400 | 0000 0000 
  0x000001d3232b18a0: 438b 5cdc | 1044 8954 | 2404 c4c1 | f96e c844 | 8bd7 41ff | c244 8bc7 | 41ff c8c4 | c179 6ed8 
  0x000001d3232b18c0: 448b f741 | 83c6 024d | 63de 49ff | cbc4 c1f9 | 6ee3 41b8 | 0000 0080 | 453b f245 | 0f4c d045 
  0x000001d3232b18e0: 33db 33c0 | 4533 c044 | 8904 24e9 | b500 0000 | ffc0 83c1 | 0241 3bc8 | 0f8c 5101 | 0000 4d8b 
  0x000001d3232b1900: 8710 0100 | 0041 8500 | 413b ca0f | 8c1c 0100 | 0041 3bce | 0f8d 3600 | 0000 3bca | 732b 6690 
  0x000001d3232b1920: 413b f175 | 043b cf74 | 2044 8b44 | 8d10 41ff | c345 85c0 | 7413 6666 | 0f1f 8400 | 0000 0000 
  0x000001d3232b1940: 433b 5cc4 | 1075 02ff | c0ff c141 | 3bce 7cca | 4d8b 8710 | 0100 00ff | c641 8500 | 0f1f 4000 
  0x000001d3232b1960: 3b74 2404 | 7c3f 4585 | db0f 84a1 | 0100 003d | 0000 0080 | 7508 33d2 | 4183 fbff | 7404 9941 
  0x000001d3232b1980: f7fb c5f3 | 2ac8 c5f9 | 2ec1 0f86 | 7401 0000 | b801 0000 | 0048 83c4 | 405d 4d8b | 9710 0100 
  0x000001d3232b19a0: 0041 8502 | c3c4 c179 | 7ed8 453b | c67d a1c4 | c1f9 7ec8 | 418b 4cb0 | 100f 1f80 | 0000 0000 
  0x000001d3232b19c0: 418b 6ccc | 0c4c 63c5 | c4c1 f97e | e54d 3be8 | 0f83 f300 | 0000 3bf2 | 0f83 db00 | 0000 c4c1 
  0x000001d3232b19e0: 797e d844 | 3bc5 0f83 | dd00 0000 | 498d 2ccc | c5f9 7ed9 | 3bca 7322 | 413b f175 | 0766 6690 
  0x000001d3232b1a00: 3bcf 7416 | 448b 6c8d | 1041 ffc3 | 4585 ed74 | 0943 3b5c | ec10 7502 | ffc0 ffc1 | 0f1f 4000 
  0x000001d3232b1a20: 3bcf 7cd0 | 413b ca0f | 8de4 feff | ff45 8bc2 | 442b c144 | 3bd1 440f | 4c04 2441 | 81f8 d007 
  0x000001d3232b1a40: 0000 41bd | d007 0000 | 450f 47c5 | 4403 c13b | ca73 1f41 | 3bf1 7504 | 3bcf 7416 | 448b 6c8d 
  0x000001d3232b1a60: 1041 ffc3 | 4585 ed74 | 0943 3b5c | ec10 7502 | ffc0 448b | e941 ffc5 | 443b ea0f | 1f44 0000 
  0x000001d3232b1a80: 0f83 6cfe | ffff 413b | f175 0944 | 3bef 0f84 | 5efe ffff | 4c63 e946 | 8b6c ad14 | 41ff c390 
  0x000001d3232b1aa0: 4585 ed0f | 8449 feff | ff43 3b5c | ec10 0f84 | 3cfe ffff | e939 feff | ffc4 c179 | 7ed8 6690 
  0x000001d3232b1ac0: 443b c50f | 8287 feff | ffba beff | ffff c4e1 | f97e d5c5 | fb11 0c24 | 4489 4c24 | 0889 7c24 
  0x000001d3232b1ae0: 0cc5 fb11 | 4424 1044 | 895c 2418 | 8944 241c | 8974 2420 | c5fa 115c | 2428 4489 | 7424 2ce8 
  0x000001d3232b1b00: 7cc8 51f8 | 8b04 24e9 | 89fe ffff | 33ed eb02 | 8be8 ba86 | ffff ffe8 | 64c8 51f8 | babe ffff 
  0x000001d3232b1b20: ffc4 e1f9 | 7ed5 4c89 | 0424 4489 | 4c24 0889 | 7c24 0cc5 | fb11 4424 | 1089 7424 | 1c44 8954 
  0x000001d3232b1b40: 2420 90e8 | 38c8 51f8 | f4f4 f4f4 | f4f4 f4f4 | f4f4 f4f4 | f4f4 f4f4 | f4f4 f4f4 | f4f4 f4f4 
  0x000001d3232b1b60: e91b 655c | f8e8 0000 | 0000 4883 | 2c24 05e9 | 2cc4 51f8 | f4f4 f4f4 
[/MachCode]
--------------------------------------------------------------------------------


---------------  P R O C E S S  ---------------

Threads class SMR info:
_java_thread_list=0x000001d338963090, length=17, elements={
0x000001d313553bb0, 0x000001d336b9e430, 0x000001d3373a1090, 0x000001d3373b62b0,
0x000001d3373b8f90, 0x000001d3373b9a60, 0x000001d3373bb760, 0x000001d3373bf710,
0x000001d3373f28f0, 0x000001d3374ee370, 0x000001d337bf0980, 0x000001d337b790b0,
0x000001d337cdafd0, 0x000001d337faf460, 0x000001d338b33b40, 0x000001d338666fd0,
0x000001d338295eb0
}

Java Threads: ( => current thread )
  0x000001d313553bb0 JavaThread "main" [_thread_blocked, id=3656, stack(0x000000c382800000,0x000000c382900000)]
  0x000001d336b9e430 JavaThread "Reference Handler" daemon [_thread_blocked, id=15304, stack(0x000000c382f00000,0x000000c383000000)]
  0x000001d3373a1090 JavaThread "Finalizer" daemon [_thread_blocked, id=10744, stack(0x000000c383000000,0x000000c383100000)]
  0x000001d3373b62b0 JavaThread "Signal Dispatcher" daemon [_thread_blocked, id=14256, stack(0x000000c383100000,0x000000c383200000)]
  0x000001d3373b8f90 JavaThread "Attach Listener" daemon [_thread_blocked, id=3812, stack(0x000000c383200000,0x000000c383300000)]
  0x000001d3373b9a60 JavaThread "Service Thread" daemon [_thread_blocked, id=14792, stack(0x000000c383300000,0x000000c383400000)]
  0x000001d3373bb760 JavaThread "C2 CompilerThread0" daemon [_thread_blocked, id=7204, stack(0x000000c383400000,0x000000c383500000)]
  0x000001d3373bf710 JavaThread "C1 CompilerThread0" daemon [_thread_blocked, id=9896, stack(0x000000c383500000,0x000000c383600000)]
  0x000001d3373f28f0 JavaThread "Sweeper thread" daemon [_thread_blocked, id=2556, stack(0x000000c383600000,0x000000c383700000)]
  0x000001d3374ee370 JavaThread "Common-Cleaner" daemon [_thread_blocked, id=6660, stack(0x000000c383700000,0x000000c383800000)]
  0x000001d337bf0980 JavaThread "Monitor Ctrl-Break" daemon [_thread_in_native, id=18004, stack(0x000000c383a00000,0x000000c383b00000)]
  0x000001d337b790b0 JavaThread "Notification Thread" daemon [_thread_blocked, id=6064, stack(0x000000c383b00000,0x000000c383c00000)]
  0x000001d337cdafd0 JavaThread "QuantumRenderer-0" daemon [_thread_blocked, id=2708, stack(0x000000c383d00000,0x000000c383e00000)]
  0x000001d337faf460 JavaThread "InvokeLaterDispatcher" daemon [_thread_blocked, id=2116, stack(0x000000c383e00000,0x000000c383f00000)]
=>0x000001d338b33b40 JavaThread "JavaFX Application Thread" [_thread_in_Java, id=12568, stack(0x000000c383f00000,0x000000c384000000)]
  0x000001d338666fd0 JavaThread "JavaFX-Launcher" [_thread_blocked, id=13888, stack(0x000000c384400000,0x000000c384500000)]
  0x000001d338295eb0 JavaThread "Thread-2" daemon [_thread_in_native, id=3048, stack(0x000000c384300000,0x000000c384400000)]

Other Threads:
  0x000001d336b97890 VMThread "VM Thread" [stack: 0x000000c382e00000,0x000000c382f00000] [id=17816]
  0x000001d33805ded0 WatcherThread [stack: 0x000000c383c00000,0x000000c383d00000] [id=2332]
  0x000001d3135a1da0 GCTaskThread "GC Thread#0" [stack: 0x000000c382900000,0x000000c382a00000] [id=16656]
  0x000001d337992c00 GCTaskThread "GC Thread#1" [stack: 0x000000c384500000,0x000000c384600000] [id=10740]
  0x000001d337991f40 GCTaskThread "GC Thread#2" [stack: 0x000000c384600000,0x000000c384700000] [id=10940]
  0x000001d337cd18f0 GCTaskThread "GC Thread#3" [stack: 0x000000c384700000,0x000000c384800000] [id=15732]
  0x000001d337cd1f50 GCTaskThread "GC Thread#4" [stack: 0x000000c384800000,0x000000c384900000] [id=18124]
  0x000001d337cd1c20 GCTaskThread "GC Thread#5" [stack: 0x000000c384900000,0x000000c384a00000] [id=14124]
  0x000001d3135b4af0 ConcurrentGCThread "G1 Main Marker" [stack: 0x000000c382a00000,0x000000c382b00000] [id=14988]
  0x000001d3135b5d90 ConcurrentGCThread "G1 Conc#0" [stack: 0x000000c382b00000,0x000000c382c00000] [id=13160]
  0x000001d336a224d0 ConcurrentGCThread "G1 Refine#0" [stack: 0x000000c382c00000,0x000000c382d00000] [id=8432]
  0x000001d336a22ee0 ConcurrentGCThread "G1 Young RemSet Sampling" [stack: 0x000000c382d00000,0x000000c382e00000] [id=5652]

Threads with active compile tasks:

VM state: not at safepoint (normal execution)

VM Mutex/Monitor currently owned by a thread: None

Heap address: 0x0000000703200000, size: 4046 MB, Compressed Oops mode: Zero based, Oop shift amount: 3
CDS archive(s) mapped at: [0x0000000800000000-0x0000000800b50000-0x0000000800b50000), size 11862016, SharedBaseAddress: 0x0000000800000000, ArchiveRelocationMode: 0.
Compressed class space mapped at: 0x0000000800b50000-0x0000000840b50000, size: 1073741824
Narrow klass base: 0x0000000800000000, Narrow klass shift: 3, Narrow klass range: 0x100000000

GC Precious Log:
 CPUs: 8 total, 8 available
 Memory: 16180M
 Large Page Support: Disabled
 NUMA Support: Disabled
 Compressed Oops: Enabled (Zero based)
 Heap Region Size: 2M
 Heap Min Capacity: 8M
 Heap Initial Capacity: 254M
 Heap Max Capacity: 4046M
 Pre-touch: Disabled
 Parallel Workers: 8
 Concurrent Workers: 2
 Concurrent Refinement Workers: 8
 Periodic GC: Disabled

Heap:
 garbage-first heap   total 260096K, used 11237K [0x0000000703200000, 0x0000000800000000)
  region size 2048K, 7 young (14336K), 2 survivors (4096K)
 Metaspace       used 8242K, capacity 10362K, committed 10496K, reserved 1058816K
  class space    used 1033K, capacity 1251K, committed 1280K, reserved 1048576K

Heap Regions: E=young(eden), S=young(survivor), O=old, HS=humongous(starts), HC=humongous(continues), CS=collection set, F=free, OA=open archive, CA=closed archive, TAMS=top-at-mark-start (previous, next)
|   0|0x0000000703200000, 0x0000000703200000, 0x0000000703400000|  0%| F|  |TAMS 0x0000000703200000, 0x0000000703200000| Untracked 
|   1|0x0000000703400000, 0x0000000703400000, 0x0000000703600000|  0%| F|  |TAMS 0x0000000703400000, 0x0000000703400000| Untracked 
|   2|0x0000000703600000, 0x0000000703600000, 0x0000000703800000|  0%| F|  |TAMS 0x0000000703600000, 0x0000000703600000| Untracked 
|   3|0x0000000703800000, 0x0000000703800000, 0x0000000703a00000|  0%| F|  |TAMS 0x0000000703800000, 0x0000000703800000| Untracked 
|   4|0x0000000703a00000, 0x0000000703a00000, 0x0000000703c00000|  0%| F|  |TAMS 0x0000000703a00000, 0x0000000703a00000| Untracked 
|   5|0x0000000703c00000, 0x0000000703c00000, 0x0000000703e00000|  0%| F|  |TAMS 0x0000000703c00000, 0x0000000703c00000| Untracked 
|   6|0x0000000703e00000, 0x0000000703e00000, 0x0000000704000000|  0%| F|  |TAMS 0x0000000703e00000, 0x0000000703e00000| Untracked 
|   7|0x0000000704000000, 0x0000000704000000, 0x0000000704200000|  0%| F|  |TAMS 0x0000000704000000, 0x0000000704000000| Untracked 
|   8|0x0000000704200000, 0x0000000704200000, 0x0000000704400000|  0%| F|  |TAMS 0x0000000704200000, 0x0000000704200000| Untracked 
|   9|0x0000000704400000, 0x0000000704400000, 0x0000000704600000|  0%| F|  |TAMS 0x0000000704400000, 0x0000000704400000| Untracked 
|  10|0x0000000704600000, 0x0000000704600000, 0x0000000704800000|  0%| F|  |TAMS 0x0000000704600000, 0x0000000704600000| Untracked 
|  11|0x0000000704800000, 0x0000000704800000, 0x0000000704a00000|  0%| F|  |TAMS 0x0000000704800000, 0x0000000704800000| Untracked 
|  12|0x0000000704a00000, 0x0000000704a00000, 0x0000000704c00000|  0%| F|  |TAMS 0x0000000704a00000, 0x0000000704a00000| Untracked 
|  13|0x0000000704c00000, 0x0000000704c00000, 0x0000000704e00000|  0%| F|  |TAMS 0x0000000704c00000, 0x0000000704c00000| Untracked 
|  14|0x0000000704e00000, 0x0000000704e00000, 0x0000000705000000|  0%| F|  |TAMS 0x0000000704e00000, 0x0000000704e00000| Untracked 
|  15|0x0000000705000000, 0x0000000705000000, 0x0000000705200000|  0%| F|  |TAMS 0x0000000705000000, 0x0000000705000000| Untracked 
|  16|0x0000000705200000, 0x0000000705200000, 0x0000000705400000|  0%| F|  |TAMS 0x0000000705200000, 0x0000000705200000| Untracked 
|  17|0x0000000705400000, 0x0000000705400000, 0x0000000705600000|  0%| F|  |TAMS 0x0000000705400000, 0x0000000705400000| Untracked 
|  18|0x0000000705600000, 0x0000000705600000, 0x0000000705800000|  0%| F|  |TAMS 0x0000000705600000, 0x0000000705600000| Untracked 
|  19|0x0000000705800000, 0x0000000705800000, 0x0000000705a00000|  0%| F|  |TAMS 0x0000000705800000, 0x0000000705800000| Untracked 
|  20|0x0000000705a00000, 0x0000000705a00000, 0x0000000705c00000|  0%| F|  |TAMS 0x0000000705a00000, 0x0000000705a00000| Untracked 
|  21|0x0000000705c00000, 0x0000000705c00000, 0x0000000705e00000|  0%| F|  |TAMS 0x0000000705c00000, 0x0000000705c00000| Untracked 
|  22|0x0000000705e00000, 0x0000000705e00000, 0x0000000706000000|  0%| F|  |TAMS 0x0000000705e00000, 0x0000000705e00000| Untracked 
|  23|0x0000000706000000, 0x0000000706000000, 0x0000000706200000|  0%| F|  |TAMS 0x0000000706000000, 0x0000000706000000| Untracked 
|  24|0x0000000706200000, 0x0000000706200000, 0x0000000706400000|  0%| F|  |TAMS 0x0000000706200000, 0x0000000706200000| Untracked 
|  25|0x0000000706400000, 0x0000000706400000, 0x0000000706600000|  0%| F|  |TAMS 0x0000000706400000, 0x0000000706400000| Untracked 
|  26|0x0000000706600000, 0x0000000706600000, 0x0000000706800000|  0%| F|  |TAMS 0x0000000706600000, 0x0000000706600000| Untracked 
|  27|0x0000000706800000, 0x0000000706800000, 0x0000000706a00000|  0%| F|  |TAMS 0x0000000706800000, 0x0000000706800000| Untracked 
|  28|0x0000000706a00000, 0x0000000706a00000, 0x0000000706c00000|  0%| F|  |TAMS 0x0000000706a00000, 0x0000000706a00000| Untracked 
|  29|0x0000000706c00000, 0x0000000706c00000, 0x0000000706e00000|  0%| F|  |TAMS 0x0000000706c00000, 0x0000000706c00000| Untracked 
|  30|0x0000000706e00000, 0x0000000706e00000, 0x0000000707000000|  0%| F|  |TAMS 0x0000000706e00000, 0x0000000706e00000| Untracked 
|  31|0x0000000707000000, 0x0000000707000000, 0x0000000707200000|  0%| F|  |TAMS 0x0000000707000000, 0x0000000707000000| Untracked 
|  32|0x0000000707200000, 0x0000000707200000, 0x0000000707400000|  0%| F|  |TAMS 0x0000000707200000, 0x0000000707200000| Untracked 
|  33|0x0000000707400000, 0x0000000707400000, 0x0000000707600000|  0%| F|  |TAMS 0x0000000707400000, 0x0000000707400000| Untracked 
|  34|0x0000000707600000, 0x0000000707600000, 0x0000000707800000|  0%| F|  |TAMS 0x0000000707600000, 0x0000000707600000| Untracked 
|  35|0x0000000707800000, 0x0000000707800000, 0x0000000707a00000|  0%| F|  |TAMS 0x0000000707800000, 0x0000000707800000| Untracked 
|  36|0x0000000707a00000, 0x0000000707a00000, 0x0000000707c00000|  0%| F|  |TAMS 0x0000000707a00000, 0x0000000707a00000| Untracked 
|  37|0x0000000707c00000, 0x0000000707c00000, 0x0000000707e00000|  0%| F|  |TAMS 0x0000000707c00000, 0x0000000707c00000| Untracked 
|  38|0x0000000707e00000, 0x0000000707e00000, 0x0000000708000000|  0%| F|  |TAMS 0x0000000707e00000, 0x0000000707e00000| Untracked 
|  39|0x0000000708000000, 0x0000000708000000, 0x0000000708200000|  0%| F|  |TAMS 0x0000000708000000, 0x0000000708000000| Untracked 
|  40|0x0000000708200000, 0x0000000708200000, 0x0000000708400000|  0%| F|  |TAMS 0x0000000708200000, 0x0000000708200000| Untracked 
|  41|0x0000000708400000, 0x0000000708400000, 0x0000000708600000|  0%| F|  |TAMS 0x0000000708400000, 0x0000000708400000| Untracked 
|  42|0x0000000708600000, 0x0000000708600000, 0x0000000708800000|  0%| F|  |TAMS 0x0000000708600000, 0x0000000708600000| Untracked 
|  43|0x0000000708800000, 0x0000000708800000, 0x0000000708a00000|  0%| F|  |TAMS 0x0000000708800000, 0x0000000708800000| Untracked 
|  44|0x0000000708a00000, 0x0000000708a00000, 0x0000000708c00000|  0%| F|  |TAMS 0x0000000708a00000, 0x0000000708a00000| Untracked 
|  45|0x0000000708c00000, 0x0000000708c00000, 0x0000000708e00000|  0%| F|  |TAMS 0x0000000708c00000, 0x0000000708c00000| Untracked 
|  46|0x0000000708e00000, 0x0000000708e00000, 0x0000000709000000|  0%| F|  |TAMS 0x0000000708e00000, 0x0000000708e00000| Untracked 
|  47|0x0000000709000000, 0x0000000709000000, 0x0000000709200000|  0%| F|  |TAMS 0x0000000709000000, 0x0000000709000000| Untracked 
|  48|0x0000000709200000, 0x0000000709200000, 0x0000000709400000|  0%| F|  |TAMS 0x0000000709200000, 0x0000000709200000| Untracked 
|  49|0x0000000709400000, 0x0000000709400000, 0x0000000709600000|  0%| F|  |TAMS 0x0000000709400000, 0x0000000709400000| Untracked 
|  50|0x0000000709600000, 0x0000000709600000, 0x0000000709800000|  0%| F|  |TAMS 0x0000000709600000, 0x0000000709600000| Untracked 
|  51|0x0000000709800000, 0x0000000709800000, 0x0000000709a00000|  0%| F|  |TAMS 0x0000000709800000, 0x0000000709800000| Untracked 
|  52|0x0000000709a00000, 0x0000000709a00000, 0x0000000709c00000|  0%| F|  |TAMS 0x0000000709a00000, 0x0000000709a00000| Untracked 
|  53|0x0000000709c00000, 0x0000000709c00000, 0x0000000709e00000|  0%| F|  |TAMS 0x0000000709c00000, 0x0000000709c00000| Untracked 
|  54|0x0000000709e00000, 0x0000000709e00000, 0x000000070a000000|  0%| F|  |TAMS 0x0000000709e00000, 0x0000000709e00000| Untracked 
|  55|0x000000070a000000, 0x000000070a000000, 0x000000070a200000|  0%| F|  |TAMS 0x000000070a000000, 0x000000070a000000| Untracked 
|  56|0x000000070a200000, 0x000000070a200000, 0x000000070a400000|  0%| F|  |TAMS 0x000000070a200000, 0x000000070a200000| Untracked 
|  57|0x000000070a400000, 0x000000070a400000, 0x000000070a600000|  0%| F|  |TAMS 0x000000070a400000, 0x000000070a400000| Untracked 
|  58|0x000000070a600000, 0x000000070a600000, 0x000000070a800000|  0%| F|  |TAMS 0x000000070a600000, 0x000000070a600000| Untracked 
|  59|0x000000070a800000, 0x000000070a800000, 0x000000070aa00000|  0%| F|  |TAMS 0x000000070a800000, 0x000000070a800000| Untracked 
|  60|0x000000070aa00000, 0x000000070aa00000, 0x000000070ac00000|  0%| F|  |TAMS 0x000000070aa00000, 0x000000070aa00000| Untracked 
|  61|0x000000070ac00000, 0x000000070ac00000, 0x000000070ae00000|  0%| F|  |TAMS 0x000000070ac00000, 0x000000070ac00000| Untracked 
|  62|0x000000070ae00000, 0x000000070ae00000, 0x000000070b000000|  0%| F|  |TAMS 0x000000070ae00000, 0x000000070ae00000| Untracked 
|  63|0x000000070b000000, 0x000000070b000000, 0x000000070b200000|  0%| F|  |TAMS 0x000000070b000000, 0x000000070b000000| Untracked 
|  64|0x000000070b200000, 0x000000070b200000, 0x000000070b400000|  0%| F|  |TAMS 0x000000070b200000, 0x000000070b200000| Untracked 
|  65|0x000000070b400000, 0x000000070b400000, 0x000000070b600000|  0%| F|  |TAMS 0x000000070b400000, 0x000000070b400000| Untracked 
|  66|0x000000070b600000, 0x000000070b600000, 0x000000070b800000|  0%| F|  |TAMS 0x000000070b600000, 0x000000070b600000| Untracked 
|  67|0x000000070b800000, 0x000000070b800000, 0x000000070ba00000|  0%| F|  |TAMS 0x000000070b800000, 0x000000070b800000| Untracked 
|  68|0x000000070ba00000, 0x000000070ba00000, 0x000000070bc00000|  0%| F|  |TAMS 0x000000070ba00000, 0x000000070ba00000| Untracked 
|  69|0x000000070bc00000, 0x000000070bc00000, 0x000000070be00000|  0%| F|  |TAMS 0x000000070bc00000, 0x000000070bc00000| Untracked 
|  70|0x000000070be00000, 0x000000070be00000, 0x000000070c000000|  0%| F|  |TAMS 0x000000070be00000, 0x000000070be00000| Untracked 
|  71|0x000000070c000000, 0x000000070c000000, 0x000000070c200000|  0%| F|  |TAMS 0x000000070c000000, 0x000000070c000000| Untracked 
|  72|0x000000070c200000, 0x000000070c200000, 0x000000070c400000|  0%| F|  |TAMS 0x000000070c200000, 0x000000070c200000| Untracked 
|  73|0x000000070c400000, 0x000000070c400000, 0x000000070c600000|  0%| F|  |TAMS 0x000000070c400000, 0x000000070c400000| Untracked 
|  74|0x000000070c600000, 0x000000070c600000, 0x000000070c800000|  0%| F|  |TAMS 0x000000070c600000, 0x000000070c600000| Untracked 
|  75|0x000000070c800000, 0x000000070c800000, 0x000000070ca00000|  0%| F|  |TAMS 0x000000070c800000, 0x000000070c800000| Untracked 
|  76|0x000000070ca00000, 0x000000070ca00000, 0x000000070cc00000|  0%| F|  |TAMS 0x000000070ca00000, 0x000000070ca00000| Untracked 
|  77|0x000000070cc00000, 0x000000070cc00000, 0x000000070ce00000|  0%| F|  |TAMS 0x000000070cc00000, 0x000000070cc00000| Untracked 
|  78|0x000000070ce00000, 0x000000070ce00000, 0x000000070d000000|  0%| F|  |TAMS 0x000000070ce00000, 0x000000070ce00000| Untracked 
|  79|0x000000070d000000, 0x000000070d000000, 0x000000070d200000|  0%| F|  |TAMS 0x000000070d000000, 0x000000070d000000| Untracked 
|  80|0x000000070d200000, 0x000000070d200000, 0x000000070d400000|  0%| F|  |TAMS 0x000000070d200000, 0x000000070d200000| Untracked 
|  81|0x000000070d400000, 0x000000070d400000, 0x000000070d600000|  0%| F|  |TAMS 0x000000070d400000, 0x000000070d400000| Untracked 
|  82|0x000000070d600000, 0x000000070d600000, 0x000000070d800000|  0%| F|  |TAMS 0x000000070d600000, 0x000000070d600000| Untracked 
|  83|0x000000070d800000, 0x000000070d800000, 0x000000070da00000|  0%| F|  |TAMS 0x000000070d800000, 0x000000070d800000| Untracked 
|  84|0x000000070da00000, 0x000000070da00000, 0x000000070dc00000|  0%| F|  |TAMS 0x000000070da00000, 0x000000070da00000| Untracked 
|  85|0x000000070dc00000, 0x000000070dc00000, 0x000000070de00000|  0%| F|  |TAMS 0x000000070dc00000, 0x000000070dc00000| Untracked 
|  86|0x000000070de00000, 0x000000070de00000, 0x000000070e000000|  0%| F|  |TAMS 0x000000070de00000, 0x000000070de00000| Untracked 
|  87|0x000000070e000000, 0x000000070e000000, 0x000000070e200000|  0%| F|  |TAMS 0x000000070e000000, 0x000000070e000000| Untracked 
|  88|0x000000070e200000, 0x000000070e200000, 0x000000070e400000|  0%| F|  |TAMS 0x000000070e200000, 0x000000070e200000| Untracked 
|  89|0x000000070e400000, 0x000000070e400000, 0x000000070e600000|  0%| F|  |TAMS 0x000000070e400000, 0x000000070e400000| Untracked 
|  90|0x000000070e600000, 0x000000070e600000, 0x000000070e800000|  0%| F|  |TAMS 0x000000070e600000, 0x000000070e600000| Untracked 
|  91|0x000000070e800000, 0x000000070e800000, 0x000000070ea00000|  0%| F|  |TAMS 0x000000070e800000, 0x000000070e800000| Untracked 
|  92|0x000000070ea00000, 0x000000070ea00000, 0x000000070ec00000|  0%| F|  |TAMS 0x000000070ea00000, 0x000000070ea00000| Untracked 
|  93|0x000000070ec00000, 0x000000070ec00000, 0x000000070ee00000|  0%| F|  |TAMS 0x000000070ec00000, 0x000000070ec00000| Untracked 
|  94|0x000000070ee00000, 0x000000070ee00000, 0x000000070f000000|  0%| F|  |TAMS 0x000000070ee00000, 0x000000070ee00000| Untracked 
|  95|0x000000070f000000, 0x000000070f000000, 0x000000070f200000|  0%| F|  |TAMS 0x000000070f000000, 0x000000070f000000| Untracked 
|  96|0x000000070f200000, 0x000000070f200000, 0x000000070f400000|  0%| F|  |TAMS 0x000000070f200000, 0x000000070f200000| Untracked 
|  97|0x000000070f400000, 0x000000070f400000, 0x000000070f600000|  0%| F|  |TAMS 0x000000070f400000, 0x000000070f400000| Untracked 
|  98|0x000000070f600000, 0x000000070f600000, 0x000000070f800000|  0%| F|  |TAMS 0x000000070f600000, 0x000000070f600000| Untracked 
|  99|0x000000070f800000, 0x000000070f800000, 0x000000070fa00000|  0%| F|  |TAMS 0x000000070f800000, 0x000000070f800000| Untracked 
| 100|0x000000070fa00000, 0x000000070fa00000, 0x000000070fc00000|  0%| F|  |TAMS 0x000000070fa00000, 0x000000070fa00000| Untracked 
| 101|0x000000070fc00000, 0x000000070fc00000, 0x000000070fe00000|  0%| F|  |TAMS 0x000000070fc00000, 0x000000070fc00000| Untracked 
| 102|0x000000070fe00000, 0x000000070fe00000, 0x0000000710000000|  0%| F|  |TAMS 0x000000070fe00000, 0x000000070fe00000| Untracked 
| 103|0x0000000710000000, 0x0000000710000000, 0x0000000710200000|  0%| F|  |TAMS 0x0000000710000000, 0x0000000710000000| Untracked 
| 104|0x0000000710200000, 0x0000000710200000, 0x0000000710400000|  0%| F|  |TAMS 0x0000000710200000, 0x0000000710200000| Untracked 
| 105|0x0000000710400000, 0x0000000710400000, 0x0000000710600000|  0%| F|  |TAMS 0x0000000710400000, 0x0000000710400000| Untracked 
| 106|0x0000000710600000, 0x0000000710600000, 0x0000000710800000|  0%| F|  |TAMS 0x0000000710600000, 0x0000000710600000| Untracked 
| 107|0x0000000710800000, 0x0000000710800000, 0x0000000710a00000|  0%| F|  |TAMS 0x0000000710800000, 0x0000000710800000| Untracked 
| 108|0x0000000710a00000, 0x0000000710a00000, 0x0000000710c00000|  0%| F|  |TAMS 0x0000000710a00000, 0x0000000710a00000| Untracked 
| 109|0x0000000710c00000, 0x0000000710c00000, 0x0000000710e00000|  0%| F|  |TAMS 0x0000000710c00000, 0x0000000710c00000| Untracked 
| 110|0x0000000710e00000, 0x0000000710e00000, 0x0000000711000000|  0%| F|  |TAMS 0x0000000710e00000, 0x0000000710e00000| Untracked 
| 111|0x0000000711000000, 0x0000000711000000, 0x0000000711200000|  0%| F|  |TAMS 0x0000000711000000, 0x0000000711000000| Untracked 
| 112|0x0000000711200000, 0x0000000711200000, 0x0000000711400000|  0%| F|  |TAMS 0x0000000711200000, 0x0000000711200000| Untracked 
| 113|0x0000000711400000, 0x0000000711400000, 0x0000000711600000|  0%| F|  |TAMS 0x0000000711400000, 0x0000000711400000| Untracked 
| 114|0x0000000711600000, 0x00000007116f9520, 0x0000000711800000| 48%| S|CS|TAMS 0x0000000711600000, 0x0000000711600000| Complete 
| 115|0x0000000711800000, 0x0000000711a00000, 0x0000000711a00000|100%| S|CS|TAMS 0x0000000711800000, 0x0000000711800000| Complete 
| 116|0x0000000711a00000, 0x0000000711a00000, 0x0000000711c00000|  0%| F|  |TAMS 0x0000000711a00000, 0x0000000711a00000| Untracked 
| 117|0x0000000711c00000, 0x0000000711c00000, 0x0000000711e00000|  0%| F|  |TAMS 0x0000000711c00000, 0x0000000711c00000| Untracked 
| 118|0x0000000711e00000, 0x0000000711e00000, 0x0000000712000000|  0%| F|  |TAMS 0x0000000711e00000, 0x0000000711e00000| Untracked 
| 119|0x0000000712000000, 0x0000000712000000, 0x0000000712200000|  0%| F|  |TAMS 0x0000000712000000, 0x0000000712000000| Untracked 
| 120|0x0000000712200000, 0x0000000712200000, 0x0000000712400000|  0%| F|  |TAMS 0x0000000712200000, 0x0000000712200000| Untracked 
| 121|0x0000000712400000, 0x0000000712400000, 0x0000000712600000|  0%| F|  |TAMS 0x0000000712400000, 0x0000000712400000| Untracked 
| 122|0x0000000712600000, 0x00000007127dbc90, 0x0000000712800000| 92%| E|  |TAMS 0x0000000712600000, 0x0000000712600000| Complete 
| 123|0x0000000712800000, 0x0000000712a00000, 0x0000000712a00000|100%| E|CS|TAMS 0x0000000712800000, 0x0000000712800000| Complete 
| 124|0x0000000712a00000, 0x0000000712c00000, 0x0000000712c00000|100%| E|CS|TAMS 0x0000000712a00000, 0x0000000712a00000| Complete 
| 125|0x0000000712c00000, 0x0000000712e00000, 0x0000000712e00000|100%| E|CS|TAMS 0x0000000712c00000, 0x0000000712c00000| Complete 
| 126|0x0000000712e00000, 0x0000000713000000, 0x0000000713000000|100%| E|CS|TAMS 0x0000000712e00000, 0x0000000712e00000| Complete 

Card table byte_map: [0x000001d32b2a0000,0x000001d32ba90000] _byte_map_base: 0x000001d327a87000

Marking Bits (Prev, Next): (CMBitMap*) 0x000001d3135a44c0, (CMBitMap*) 0x000001d3135a4500
 Prev Bits: [0x000001d32c280000, 0x000001d3301b8000)
 Next Bits: [0x000001d3301c0000, 0x000001d3340f8000)

Polling page: 0x000001d312d20000

Metaspace:

Usage:
  Non-class:      8.90 MB capacity,     7.04 MB ( 79%) used,     1.85 MB ( 21%) free+waste,    12.94 KB ( <1%) overhead. 
      Class:      1.22 MB capacity,     1.01 MB ( 83%) used,   211.84 KB ( 17%) free+waste,     5.50 KB ( <1%) overhead. 
       Both:     10.12 MB capacity,     8.05 MB ( 80%) used,     2.05 MB ( 20%) free+waste,    18.44 KB ( <1%) overhead. 

Virtual space:
  Non-class space:       10.00 MB reserved,       9.00 MB ( 90%) committed 
      Class space:        1.00 GB reserved,       1.25 MB ( <1%) committed 
             Both:        1.01 GB reserved,      10.25 MB ( <1%) committed 

Chunk freelists:
   Non-Class:  41.00 KB
       Class:  29.00 KB
        Both:  70.00 KB

MaxMetaspaceSize: 17179869184.00 GB
CompressedClassSpaceSize: 1.00 GB

CodeHeap 'non-profiled nmethods': size=120000Kb used=396Kb max_used=396Kb free=119604Kb
 bounds [0x000001d323250000, 0x000001d3234c0000, 0x000001d32a780000]
CodeHeap 'profiled nmethods': size=120000Kb used=1906Kb max_used=1906Kb free=118093Kb
 bounds [0x000001d31bd20000, 0x000001d31bf90000, 0x000001d323250000]
CodeHeap 'non-nmethods': size=5760Kb used=1346Kb max_used=1364Kb free=4413Kb
 bounds [0x000001d31b780000, 0x000001d31b9f0000, 0x000001d31bd20000]
 total_blobs=1835 nmethods=1183 adapters=565
 compilation: enabled
              stopped_count=0, restarted_count=0
 full_count=0

Compilation events (20 events):
Event: 2.049 Thread 0x000001d3373bf710 1175       3       java.util.concurrent.locks.ReentrantLock::lock (8 bytes)
Event: 2.049 Thread 0x000001d3373bf710 nmethod 1175 0x000001d31bef9290 code [0x000001d31bef9440, 0x000001d31bef96f8]
Event: 2.049 Thread 0x000001d3373bf710 1177       3       java.util.WeakHashMap$EntryIterator::next (5 bytes)
Event: 2.049 Thread 0x000001d3373bf710 nmethod 1177 0x000001d31bef9810 code [0x000001d31bef99c0, 0x000001d31bef9be8]
Event: 2.049 Thread 0x000001d3373bf710 1178       3       java.util.WeakHashMap$EntryIterator::next (5 bytes)
Event: 2.049 Thread 0x000001d3373bf710 nmethod 1178 0x000001d31bef9c90 code [0x000001d31bef9e40, 0x000001d31befa008]
Event: 2.050 Thread 0x000001d3373bf710 1176       3       java.util.concurrent.locks.ReentrantLock$Sync::lock (13 bytes)
Event: 2.050 Thread 0x000001d3373bf710 nmethod 1176 0x000001d31befa090 code [0x000001d31befa240, 0x000001d31befa478]
Event: 2.130 Thread 0x000001d3373bf710 1179       3       java.lang.Thread::interrupted (23 bytes)
Event: 2.131 Thread 0x000001d3373bf710 nmethod 1179 0x000001d31befa510 code [0x000001d31befa6c0, 0x000001d31befa848]
Event: 2.145 Thread 0x000001d3373bf710 1180       3       java.util.concurrent.atomic.AtomicBoolean::get (13 bytes)
Event: 2.146 Thread 0x000001d3373bf710 nmethod 1180 0x000001d31befa910 code [0x000001d31befaaa0, 0x000001d31befabf8]
Event: 2.306 Thread 0x000001d3373bf710 1181       3       jdk.internal.misc.Unsafe::putReferenceOpaque (9 bytes)
Event: 2.306 Thread 0x000001d3373bf710 nmethod 1181 0x000001d31befac90 code [0x000001d31befae20, 0x000001d31befaf78]
Event: 2.338 Thread 0x000001d3373bf710 1182       3       javafx.scene.Scene::getRoot (22 bytes)
Event: 2.339 Thread 0x000001d3373bf710 nmethod 1182 0x000001d31befb010 code [0x000001d31befb1c0, 0x000001d31befb4e8]
Event: 2.353 Thread 0x000001d3373bf710 1183       3       java.util.concurrent.locks.AbstractQueuedSynchronizer$ConditionObject::signal (34 bytes)
Event: 2.354 Thread 0x000001d3373bf710 nmethod 1183 0x000001d31befb610 code [0x000001d31befb7e0, 0x000001d31befbb48]
Event: 2.401 Thread 0x000001d3373bf710 1184       3       jdk.internal.misc.Unsafe::getAndBitwiseAndInt (27 bytes)
Event: 2.401 Thread 0x000001d3373bf710 nmethod 1184 0x000001d31befbc90 code [0x000001d31befbe40, 0x000001d31befc068]

GC Heap History (2 events):
Event: 0.473 GC heap before
{Heap before GC invocations=0 (full 0):
 garbage-first heap   total 260096K, used 22528K [0x0000000703200000, 0x0000000800000000)
  region size 2048K, 11 young (22528K), 0 survivors (0K)
 Metaspace       used 5439K, capacity 8149K, committed 8448K, reserved 1056768K
  class space    used 661K, capacity 922K, committed 1024K, reserved 1048576K
}
Event: 0.475 GC heap after
{Heap after GC invocations=1 (full 0):
 garbage-first heap   total 260096K, used 3045K [0x0000000703200000, 0x0000000800000000)
  region size 2048K, 2 young (4096K), 2 survivors (4096K)
 Metaspace       used 5439K, capacity 8149K, committed 8448K, reserved 1056768K
  class space    used 661K, capacity 922K, committed 1024K, reserved 1048576K
}

Deoptimization events (20 events):
Event: 0.344 Thread 0x000001d313553bb0 Uncommon trap: trap_request=0xffffffde fr.pc=0x000001d323271518 relative=0x0000000000000b98
Event: 0.344 Thread 0x000001d313553bb0 Uncommon trap: reason=class_check action=maybe_recompile pc=0x000001d323271518 method=java.util.HashMap.putVal(ILjava/lang/Object;Ljava/lang/Object;ZZ)Ljava/lang/Object; @ 152 c2
Event: 0.344 Thread 0x000001d313553bb0 DEOPT PACKING pc=0x000001d323271518 sp=0x000000c3828fd360
Event: 0.344 Thread 0x000001d313553bb0 DEOPT UNPACKING pc=0x000001d31b7ce42f sp=0x000000c3828fd288 mode 2
Event: 0.344 Thread 0x000001d313553bb0 Uncommon trap: trap_request=0xffffffde fr.pc=0x000001d323271518 relative=0x0000000000000b98
Event: 0.344 Thread 0x000001d313553bb0 Uncommon trap: reason=class_check action=maybe_recompile pc=0x000001d323271518 method=java.util.HashMap.putVal(ILjava/lang/Object;Ljava/lang/Object;ZZ)Ljava/lang/Object; @ 152 c2
Event: 0.344 Thread 0x000001d313553bb0 DEOPT PACKING pc=0x000001d323271518 sp=0x000000c3828fd360
Event: 0.344 Thread 0x000001d313553bb0 DEOPT UNPACKING pc=0x000001d31b7ce42f sp=0x000000c3828fd288 mode 2
Event: 0.344 Thread 0x000001d313553bb0 Uncommon trap: trap_request=0xffffffde fr.pc=0x000001d323271518 relative=0x0000000000000b98
Event: 0.344 Thread 0x000001d313553bb0 Uncommon trap: reason=class_check action=maybe_recompile pc=0x000001d323271518 method=java.util.HashMap.putVal(ILjava/lang/Object;Ljava/lang/Object;ZZ)Ljava/lang/Object; @ 152 c2
Event: 0.344 Thread 0x000001d313553bb0 DEOPT PACKING pc=0x000001d323271518 sp=0x000000c3828fd360
Event: 0.344 Thread 0x000001d313553bb0 DEOPT UNPACKING pc=0x000001d31b7ce42f sp=0x000000c3828fd288 mode 2
Event: 0.344 Thread 0x000001d313553bb0 Uncommon trap: trap_request=0xffffffde fr.pc=0x000001d32326fdf4 relative=0x0000000000000cf4
Event: 0.344 Thread 0x000001d313553bb0 Uncommon trap: reason=class_check action=maybe_recompile pc=0x000001d32326fdf4 method=java.util.HashMap.putVal(ILjava/lang/Object;Ljava/lang/Object;ZZ)Ljava/lang/Object; @ 152 c2
Event: 0.344 Thread 0x000001d313553bb0 DEOPT PACKING pc=0x000001d32326fdf4 sp=0x000000c3828fd2c0
Event: 0.344 Thread 0x000001d313553bb0 DEOPT UNPACKING pc=0x000001d31b7ce42f sp=0x000000c3828fd280 mode 2
Event: 0.517 Thread 0x000001d338b33b40 Uncommon trap: trap_request=0xffffff45 fr.pc=0x000001d323272734 relative=0x0000000000000034
Event: 0.517 Thread 0x000001d338b33b40 Uncommon trap: reason=unstable_if action=reinterpret pc=0x000001d323272734 method=java.lang.StringLatin1.canEncode(I)Z @ 4 c2
Event: 0.517 Thread 0x000001d338b33b40 DEOPT PACKING pc=0x000001d323272734 sp=0x000000c383ffbb60
Event: 0.517 Thread 0x000001d338b33b40 DEOPT UNPACKING pc=0x000001d31b7ce42f sp=0x000000c383ffbaf0 mode 2

Classes unloaded (0 events):
No events

Classes redefined (0 events):
No events

Internal exceptions (20 events):
Event: 0.160 Thread 0x000001d337bf0980 Exception <a 'java/lang/NoSuchMethodError'{0x00000007129eb640}: 'java.lang.Object java.lang.invoke.DirectMethodHandle$Holder.invokeStaticInit(java.lang.Object)'> (0x00000007129eb640) 
thrown [./open/src/hotspot/share/interpreter/linkResolver.cpp, line 782]
Event: 0.165 Thread 0x000001d337bf0980 Exception <a 'java/lang/NoSuchMethodError'{0x00000007129f8a08}: 'void java.lang.invoke.DirectMethodHandle$Holder.invokeStatic(java.lang.Object, java.lang.Object)'> (0x00000007129f8a08) 
thrown [./open/src/hotspot/share/interpreter/linkResolver.cpp, line 782]
Event: 0.303 Thread 0x000001d313553bb0 Exception <a 'java/lang/NoSuchMethodError'{0x00000007125a0c80}: 'void java.lang.invoke.DirectMethodHandle$Holder.invokeSpecial(java.lang.Object, java.lang.Object, java.lang.Object)'> (0x00000007125a0c80) 
thrown [./open/src/hotspot/share/interpreter/linkResolver.cpp, line 782]
Event: 0.310 Thread 0x000001d313553bb0 Exception <a 'java/lang/NoSuchMethodError'{0x00000007125d8688}: 'void java.lang.invoke.DirectMethodHandle$Holder.invokeStatic(java.lang.Object, java.lang.Object, java.lang.Object)'> (0x00000007125d8688) 
thrown [./open/src/hotspot/share/interpreter/linkResolver.cpp, line 782]
Event: 0.334 Thread 0x000001d313553bb0 Exception <a 'java/lang/NoSuchMethodError'{0x00000007125f4ba0}: 'int java.lang.invoke.DirectMethodHandle$Holder.invokeStaticInit(java.lang.Object, java.lang.Object, java.lang.Object)'> (0x00000007125f4ba0) 
thrown [./open/src/hotspot/share/interpreter/linkResolver.cpp, line 782]
Event: 0.351 Thread 0x000001d313553bb0 Exception <a 'java/lang/NoSuchMethodError'{0x000000071231ae50}: 'java.lang.Object java.lang.invoke.DirectMethodHandle$Holder.newInvokeSpecial(java.lang.Object, java.lang.Object, int, java.lang.Object)'> (0x000000071231ae50) 
thrown [./open/src/hotspot/share/interpreter/linkResolver.cpp, line 782]
Event: 0.351 Thread 0x000001d313553bb0 Exception <a 'java/lang/NoSuchMethodError'{0x000000071231f338}: 'java.lang.Object java.lang.invoke.DirectMethodHandle$Holder.invokeSpecial(java.lang.Object, java.lang.Object, java.lang.Object, int, java.lang.Object)'> (0x000000071231f338) 
thrown [./open/src/hotspot/share/interpreter/linkResolver.cpp, line 782]
Event: 0.397 Thread 0x000001d338b33b40 Exception <a 'java/lang/NoSuchMethodError'{0x0000000711e44458}: 'void java.lang.invoke.DirectMethodHandle$Holder.invokeStaticInit(java.lang.Object)'> (0x0000000711e44458) 
thrown [./open/src/hotspot/share/interpreter/linkResolver.cpp, line 782]
Event: 0.399 Thread 0x000001d313553bb0 Exception <a 'java/lang/NoSuchMethodError'{0x0000000712335640}: 'java.lang.Object java.lang.invoke.DirectMethodHandle$Holder.newInvokeSpecial(java.lang.Object, java.lang.Object, java.lang.Object, java.lang.Object, java.lang.Object, java.lang.Object)'> (0x0000000712335640) 
thrown [./open/src/hotspot/share/interpreter/linkResolver.cpp, line 782]
Event: 0.410 Thread 0x000001d313553bb0 Exception <a 'java/lang/NoSuchMethodError'{0x0000000711efe280}: 'java.lang.Object java.lang.invoke.DirectMethodHandle$Holder.newInvokeSpecial(java.lang.Object, java.lang.Object, java.lang.Object, java.lang.Object, java.lang.Object)'> (0x0000000711efe280) 
thrown [./open/src/hotspot/share/interpreter/linkResolver.cpp, line 782]
Event: 0.411 Thread 0x000001d338666fd0 Exception <a 'java/lang/NoSuchMethodError'{0x0000000711f5f378}: 'void java.lang.invoke.DirectMethodHandle$Holder.invokeStatic(java.lang.Object, java.lang.Object, java.lang.Object, java.lang.Object)'> (0x0000000711f5f378) 
thrown [./open/src/hotspot/share/interpreter/linkResolver.cpp, line 782]
Event: 0.448 Thread 0x000001d338b33b40 Exception <a 'java/lang/NoSuchMethodError'{0x0000000711a4b7c8}: 'java.lang.Object java.lang.invoke.DirectMethodHandle$Holder.invokeStaticInit(java.lang.Object, java.lang.Object, java.lang.Object, java.lang.Object)'> (0x0000000711a4b7c8) 
thrown [./open/src/hotspot/share/interpreter/linkResolver.cpp, line 782]
Event: 0.449 Thread 0x000001d338b33b40 Exception <a 'java/lang/NullPointerException'{0x0000000711a57708}> (0x0000000711a57708) 
thrown [./open/src/hotspot/share/interpreter/linkResolver.cpp, line 1374]
Event: 0.451 Thread 0x000001d338b33b40 Exception <a 'java/lang/NoSuchMethodError'{0x0000000711a739f0}: 'void java.lang.invoke.DirectMethodHandle$Holder.invokeSpecial(java.lang.Object, java.lang.Object, java.lang.Object, java.lang.Object, java.lang.Object)'> (0x0000000711a739f0) 
thrown [./open/src/hotspot/share/interpreter/linkResolver.cpp, line 782]
Event: 0.583 Thread 0x000001d338b33b40 Exception <a 'java/lang/NoSuchMethodError'{0x0000000712841e98}: 'java.lang.Object java.lang.invoke.DirectMethodHandle$Holder.newInvokeSpecial(java.lang.Object, java.lang.Object, int)'> (0x0000000712841e98) 
thrown [./open/src/hotspot/share/interpreter/linkResolver.cpp, line 782]
Event: 0.591 Thread 0x000001d338b33b40 Exception <a 'java/lang/NoSuchMethodError'{0x0000000712866050}: 'long java.lang.invoke.DirectMethodHandle$Holder.invokeStatic(java.lang.Object, java.lang.Object, java.lang.Object)'> (0x0000000712866050) 
thrown [./open/src/hotspot/share/interpreter/linkResolver.cpp, line 782]
Event: 0.592 Thread 0x000001d338b33b40 Exception <a 'java/lang/NoSuchMethodError'{0x0000000712869a00}: 'long java.lang.invoke.DirectMethodHandle$Holder.invokeStaticInit(java.lang.Object, java.lang.Object, java.lang.Object)'> (0x0000000712869a00) 
thrown [./open/src/hotspot/share/interpreter/linkResolver.cpp, line 782]
Event: 0.594 Thread 0x000001d338b33b40 Exception <a 'java/lang/NoSuchMethodError'{0x00000007129305d8}: 'java.lang.Object java.lang.invoke.DirectMethodHandle$Holder.newInvokeSpecial(java.lang.Object, java.lang.Object, long)'> (0x00000007129305d8) 
thrown [./open/src/hotspot/share/interpreter/linkResolver.cpp, line 782]
Event: 0.595 Thread 0x000001d338b33b40 Exception <a 'java/lang/NoSuchMethodError'{0x0000000712934348}: 'java.lang.Object java.lang.invoke.Invokers$Holder.linkToTargetMethod(java.lang.Object, long, java.lang.Object)'> (0x0000000712934348) 
thrown [./open/src/hotspot/share/interpreter/linkResolver.cpp, line 782]
Event: 0.609 Thread 0x000001d337cdafd0 Exception <a 'java/lang/NoSuchMethodError'{0x000000071260efa0}: 'int java.lang.invoke.DirectMethodHandle$Holder.invokeStaticInit(java.lang.Object, java.lang.Object)'> (0x000000071260efa0) 
thrown [./open/src/hotspot/share/interpreter/linkResolver.cpp, line 782]

Events (20 events):
Event: 1.033 loading class sun/util/locale/provider/BaseLocaleDataMetaInfo done
Event: 1.034 loading class sun/util/resources/cldr/TimeZoneNames
Event: 1.034 loading class sun/util/resources/TimeZoneNamesBundle
Event: 1.034 loading class sun/util/resources/OpenListResourceBundle
Event: 1.034 loading class sun/util/resources/OpenListResourceBundle done
Event: 1.034 loading class sun/util/resources/TimeZoneNamesBundle done
Event: 1.034 loading class sun/util/resources/cldr/TimeZoneNames done
Event: 1.035 loading class sun/util/resources/cldr/TimeZoneNames_en
Event: 1.035 loading class sun/util/resources/cldr/TimeZoneNames_en done
Event: 1.035 loading class sun/util/resources/cldr/TimeZoneNames_en_US
Event: 1.035 loading class sun/util/resources/cldr/TimeZoneNames_en_US done
Event: 1.036 loading class java/util/LinkedHashMap$LinkedKeySet
Event: 1.036 loading class java/util/LinkedHashMap$LinkedKeySet done
Event: 1.036 loading class sun/util/resources/TimeZoneNames
Event: 1.037 loading class sun/util/resources/TimeZoneNames done
Event: 1.037 loading class sun/util/resources/TimeZoneNames_en
Event: 1.037 loading class sun/util/resources/TimeZoneNames_en done
Event: 1.475 Executing VM operation: HandshakeAllThreads
Event: 1.475 Executing VM operation: HandshakeAllThreads done
Event: 2.033 Loaded shared library C:\Users\lehun\jdk-15.0.2\bin\java.dll


Dynamic libraries:
0x00007ff650810000 - 0x00007ff65081d000 	C:\Users\lehun\jdk-15.0.2\bin\java.exe
0x00007ffa32c40000 - 0x00007ffa32e30000 	C:\Windows\SYSTEM32\ntdll.dll
0x00007ffa317b0000 - 0x00007ffa31862000 	C:\Windows\System32\KERNEL32.DLL
0x00007ffa309c0000 - 0x00007ffa30c65000 	C:\Windows\System32\KERNELBASE.dll
0x00007ffa2fbc0000 - 0x00007ffa2fcba000 	C:\Windows\System32\ucrtbase.dll
0x00007ffa2c3c0000 - 0x00007ffa2c3d9000 	C:\Users\lehun\jdk-15.0.2\bin\VCRUNTIME140.dll
0x00007ffa2c3a0000 - 0x00007ffa2c3b8000 	C:\Users\lehun\jdk-15.0.2\bin\jli.dll
0x00007ffa32300000 - 0x00007ffa32494000 	C:\Windows\System32\USER32.dll
0x00007ffa1b220000 - 0x00007ffa1b4a4000 	C:\Windows\WinSxS\amd64_microsoft.windows.common-controls_6595b64144ccf1df_6.0.18362.1316_none_9e7a364fe461dbd7\COMCTL32.dll
0x00007ffa30760000 - 0x00007ffa30781000 	C:\Windows\System32\win32u.dll
0x00007ffa31a90000 - 0x00007ffa31b2e000 	C:\Windows\System32\msvcrt.dll
0x00007ffa31890000 - 0x00007ffa318b6000 	C:\Windows\System32\GDI32.dll
0x00007ffa312a0000 - 0x00007ffa315d7000 	C:\Windows\System32\combase.dll
0x00007ffa30790000 - 0x00007ffa30928000 	C:\Windows\System32\gdi32full.dll
0x00007ffa31c40000 - 0x00007ffa31d5f000 	C:\Windows\System32\RPCRT4.dll
0x00007ffa304c0000 - 0x00007ffa3055e000 	C:\Windows\System32\msvcp_win.dll
0x00007ffa30930000 - 0x00007ffa309b1000 	C:\Windows\System32\bcryptPrimitives.dll
0x00007ffa31f90000 - 0x00007ffa31fbe000 	C:\Windows\System32\IMM32.DLL
0x00007ffa2c390000 - 0x00007ffa2c39c000 	C:\Users\lehun\jdk-15.0.2\bin\vcruntime140_1.dll
0x00007ff9f7300000 - 0x00007ff9f7391000 	C:\Users\lehun\jdk-15.0.2\bin\msvcp140.dll
0x00007ff9d4680000 - 0x00007ff9d51de000 	C:\Users\lehun\jdk-15.0.2\bin\server\jvm.dll
0x00007ffa315e0000 - 0x00007ffa31683000 	C:\Windows\System32\ADVAPI32.dll
0x00007ffa31690000 - 0x00007ffa31727000 	C:\Windows\System32\sechost.dll
0x00007ffa30dc0000 - 0x00007ffa30dc8000 	C:\Windows\System32\PSAPI.DLL
0x00007ffa2db90000 - 0x00007ffa2dbb4000 	C:\Windows\SYSTEM32\WINMM.dll
0x00007ffa0d890000 - 0x00007ffa0d899000 	C:\Windows\SYSTEM32\WSOCK32.dll
0x00007ffa28370000 - 0x00007ffa2837a000 	C:\Windows\SYSTEM32\VERSION.dll
0x00007ffa31ea0000 - 0x00007ffa31f0f000 	C:\Windows\System32\WS2_32.dll
0x00007ffa2db60000 - 0x00007ffa2db8d000 	C:\Windows\SYSTEM32\WINMMBASE.dll
0x00007ffa2fcc0000 - 0x00007ffa2fd0a000 	C:\Windows\System32\cfgmgr32.dll
0x00007ffa2fb00000 - 0x00007ffa2fb11000 	C:\Windows\System32\kernel.appcore.dll
0x00007ffa2c340000 - 0x00007ffa2c34a000 	C:\Users\lehun\jdk-15.0.2\bin\jimage.dll
0x00007ffa225d0000 - 0x00007ffa227c4000 	C:\Windows\SYSTEM32\DBGHELP.DLL
0x00007ffa12d30000 - 0x00007ffa12d5a000 	C:\Windows\SYSTEM32\dbgcore.DLL
0x00007ffa2c330000 - 0x00007ffa2c33e000 	C:\Users\lehun\jdk-15.0.2\bin\instrument.dll
0x00007ffa29980000 - 0x00007ffa299a5000 	C:\Users\lehun\jdk-15.0.2\bin\java.dll
0x00007ffa32510000 - 0x00007ffa32bf8000 	C:\Windows\System32\SHELL32.dll
0x00007ffa31b90000 - 0x00007ffa31c37000 	C:\Windows\System32\shcore.dll
0x00007ffa2fd40000 - 0x00007ffa304bb000 	C:\Windows\System32\windows.storage.dll
0x00007ffa2fb70000 - 0x00007ffa2fb93000 	C:\Windows\System32\profapi.dll
0x00007ffa2fb20000 - 0x00007ffa2fb6a000 	C:\Windows\System32\powrprof.dll
0x00007ffa2faf0000 - 0x00007ffa2fb00000 	C:\Windows\System32\UMPDC.dll
0x00007ffa31fc0000 - 0x00007ffa32012000 	C:\Windows\System32\shlwapi.dll
0x00007ffa30c70000 - 0x00007ffa30c87000 	C:\Windows\System32\cryptsp.dll
0x00007ffa29940000 - 0x00007ffa29959000 	C:\Users\lehun\jdk-15.0.2\bin\net.dll
0x00007ffa2abf0000 - 0x00007ffa2ace0000 	C:\Windows\SYSTEM32\WINHTTP.dll
0x00007ffa2f330000 - 0x00007ffa2f397000 	C:\Windows\system32\mswsock.dll
0x00007ffa06230000 - 0x00007ffa06242000 	C:\Users\lehun\jdk-15.0.2\bin\nio.dll
0x00007ffa06160000 - 0x00007ffa06178000 	C:\Users\lehun\jdk-15.0.2\bin\zip.dll
0x00007ffa06060000 - 0x00007ffa0607a000 	C:\Program Files\JetBrains\IntelliJ IDEA Community Edition 2020.3.1\bin\breakgen64.dll
0x000001d339080000 - 0x000001d339083000 	C:\Users\lehun\javafx-sdk-15.0.1\bin\api-ms-win-core-console-l1-1-0.dll
0x000001d339090000 - 0x000001d339093000 	C:\Users\lehun\javafx-sdk-15.0.1\bin\api-ms-win-core-console-l1-2-0.dll
0x000001d3390a0000 - 0x000001d3390a3000 	C:\Users\lehun\javafx-sdk-15.0.1\bin\api-ms-win-core-datetime-l1-1-0.dll
0x000001d3390b0000 - 0x000001d3390b3000 	C:\Users\lehun\javafx-sdk-15.0.1\bin\api-ms-win-core-debug-l1-1-0.dll
0x000001d3390c0000 - 0x000001d3390c3000 	C:\Users\lehun\javafx-sdk-15.0.1\bin\api-ms-win-core-errorhandling-l1-1-0.dll
0x000001d3390d0000 - 0x000001d3390d4000 	C:\Users\lehun\javafx-sdk-15.0.1\bin\api-ms-win-core-file-l1-1-0.dll
0x000001d3390e0000 - 0x000001d3390e3000 	C:\Users\lehun\javafx-sdk-15.0.1\bin\api-ms-win-core-file-l1-2-0.dll
0x000001d3390f0000 - 0x000001d3390f3000 	C:\Users\lehun\javafx-sdk-15.0.1\bin\api-ms-win-core-file-l2-1-0.dll
0x000001d339100000 - 0x000001d339103000 	C:\Users\lehun\javafx-sdk-15.0.1\bin\api-ms-win-core-handle-l1-1-0.dll
0x000001d339110000 - 0x000001d339113000 	C:\Users\lehun\javafx-sdk-15.0.1\bin\api-ms-win-core-heap-l1-1-0.dll
0x000001d339120000 - 0x000001d339123000 	C:\Users\lehun\javafx-sdk-15.0.1\bin\api-ms-win-core-interlocked-l1-1-0.dll
0x000001d339130000 - 0x000001d339133000 	C:\Users\lehun\javafx-sdk-15.0.1\bin\api-ms-win-core-libraryloader-l1-1-0.dll
0x000001d339140000 - 0x000001d339143000 	C:\Users\lehun\javafx-sdk-15.0.1\bin\api-ms-win-core-localization-l1-2-0.dll
0x000001d339150000 - 0x000001d339153000 	C:\Users\lehun\javafx-sdk-15.0.1\bin\api-ms-win-core-memory-l1-1-0.dll
0x000001d339160000 - 0x000001d339163000 	C:\Users\lehun\javafx-sdk-15.0.1\bin\api-ms-win-core-namedpipe-l1-1-0.dll
0x000001d339170000 - 0x000001d339173000 	C:\Users\lehun\javafx-sdk-15.0.1\bin\api-ms-win-core-processenvironment-l1-1-0.dll
0x000001d3394e0000 - 0x000001d3394e3000 	C:\Users\lehun\javafx-sdk-15.0.1\bin\api-ms-win-core-processthreads-l1-1-0.dll
0x000001d3394f0000 - 0x000001d3394f3000 	C:\Users\lehun\javafx-sdk-15.0.1\bin\api-ms-win-core-processthreads-l1-1-1.dll
0x000001d339500000 - 0x000001d339503000 	C:\Users\lehun\javafx-sdk-15.0.1\bin\api-ms-win-core-profile-l1-1-0.dll
0x000001d339510000 - 0x000001d339513000 	C:\Users\lehun\javafx-sdk-15.0.1\bin\api-ms-win-core-rtlsupport-l1-1-0.dll
0x000001d339520000 - 0x000001d339523000 	C:\Users\lehun\javafx-sdk-15.0.1\bin\api-ms-win-core-string-l1-1-0.dll
0x000001d339180000 - 0x000001d339183000 	C:\Users\lehun\javafx-sdk-15.0.1\bin\api-ms-win-core-synch-l1-1-0.dll
0x000001d339190000 - 0x000001d339193000 	C:\Users\lehun\javafx-sdk-15.0.1\bin\api-ms-win-core-synch-l1-2-0.dll
0x000001d3391a0000 - 0x000001d3391a3000 	C:\Users\lehun\javafx-sdk-15.0.1\bin\api-ms-win-core-sysinfo-l1-1-0.dll
0x000001d3391b0000 - 0x000001d3391b3000 	C:\Users\lehun\javafx-sdk-15.0.1\bin\api-ms-win-core-timezone-l1-1-0.dll
0x000001d3391c0000 - 0x000001d3391c3000 	C:\Users\lehun\javafx-sdk-15.0.1\bin\api-ms-win-core-util-l1-1-0.dll
0x000001d3391d0000 - 0x000001d3391d3000 	C:\Users\lehun\javafx-sdk-15.0.1\bin\api-ms-win-crt-conio-l1-1-0.dll
0x000001d3391e0000 - 0x000001d3391e4000 	C:\Users\lehun\javafx-sdk-15.0.1\bin\api-ms-win-crt-convert-l1-1-0.dll
0x000001d3391f0000 - 0x000001d3391f3000 	C:\Users\lehun\javafx-sdk-15.0.1\bin\api-ms-win-crt-environment-l1-1-0.dll
0x000001d339200000 - 0x000001d339203000 	C:\Users\lehun\javafx-sdk-15.0.1\bin\api-ms-win-crt-filesystem-l1-1-0.dll
0x000001d339210000 - 0x000001d339213000 	C:\Users\lehun\javafx-sdk-15.0.1\bin\api-ms-win-crt-heap-l1-1-0.dll
0x000001d339220000 - 0x000001d339223000 	C:\Users\lehun\javafx-sdk-15.0.1\bin\api-ms-win-crt-locale-l1-1-0.dll
0x000001d339230000 - 0x000001d339235000 	C:\Users\lehun\javafx-sdk-15.0.1\bin\api-ms-win-crt-math-l1-1-0.dll
0x000001d339240000 - 0x000001d339245000 	C:\Users\lehun\javafx-sdk-15.0.1\bin\api-ms-win-crt-multibyte-l1-1-0.dll
0x000001d339250000 - 0x000001d339260000 	C:\Users\lehun\javafx-sdk-15.0.1\bin\api-ms-win-crt-private-l1-1-0.dll
0x000001d339260000 - 0x000001d339263000 	C:\Users\lehun\javafx-sdk-15.0.1\bin\api-ms-win-crt-process-l1-1-0.dll
0x000001d339270000 - 0x000001d339274000 	C:\Users\lehun\javafx-sdk-15.0.1\bin\api-ms-win-crt-runtime-l1-1-0.dll
0x000001d339280000 - 0x000001d339284000 	C:\Users\lehun\javafx-sdk-15.0.1\bin\api-ms-win-crt-stdio-l1-1-0.dll
0x000001d339290000 - 0x000001d339294000 	C:\Users\lehun\javafx-sdk-15.0.1\bin\api-ms-win-crt-string-l1-1-0.dll
0x000001d3392a0000 - 0x000001d3392a3000 	C:\Users\lehun\javafx-sdk-15.0.1\bin\api-ms-win-crt-time-l1-1-0.dll
0x000001d3392b0000 - 0x000001d3392b3000 	C:\Users\lehun\javafx-sdk-15.0.1\bin\api-ms-win-crt-utility-l1-1-0.dll
0x00007ff9ee2a0000 - 0x00007ff9ee39c000 	C:\Users\lehun\javafx-sdk-15.0.1\bin\ucrtbase.dll
0x00007ffa036a0000 - 0x00007ffa036b5000 	C:\Users\lehun\javafx-sdk-15.0.1\bin\vcruntime140.dll
0x00007ff9e7f90000 - 0x00007ff9e802b000 	C:\Users\lehun\javafx-sdk-15.0.1\bin\msvcp140.dll
0x00007ffa03670000 - 0x00007ffa03693000 	C:\Users\lehun\javafx-sdk-15.0.1\bin\prism_d3d.dll
0x00007ff9d8f30000 - 0x00007ff9d90f7000 	C:\Windows\system32\d3d9.dll
0x00007ffa2deb0000 - 0x00007ffa2dedd000 	C:\Windows\SYSTEM32\dwmapi.dll
0x00007ffa2e6f0000 - 0x00007ffa2e710000 	C:\Windows\SYSTEM32\dxcore.dll
0x00007ffa2ddc0000 - 0x00007ffa2de59000 	C:\Windows\system32\uxtheme.dll
0x00007ff9d7860000 - 0x00007ff9d79c3000 	C:\Windows\System32\DriverStore\FileRepository\iigd_dch.inf_amd64_a27adb6f3c75ef42\igdumdim64.dll
0x00007ff9b1560000 - 0x00007ff9b571f000 	C:\Windows\System32\DriverStore\FileRepository\iigd_dch.inf_amd64_a27adb6f3c75ef42\igd9dxva64.dll
0x00007ffa320f0000 - 0x00007ffa32247000 	C:\Windows\System32\ole32.dll
0x00007ffa30cf0000 - 0x00007ffa30db5000 	C:\Windows\System32\OLEAUT32.dll
0x00007ffa281c0000 - 0x00007ffa28363000 	C:\Windows\System32\DriverStore\FileRepository\iigd_dch.inf_amd64_a27adb6f3c75ef42\igdgmm64.dll
0x00007ffa012a0000 - 0x00007ffa012e5000 	C:\Users\lehun\javafx-sdk-15.0.1\bin\glass.dll
0x00007ffa32020000 - 0x00007ffa320f0000 	C:\Windows\System32\COMDLG32.dll
0x00007ffa31d60000 - 0x00007ffa31e95000 	C:\Windows\System32\MSCTF.dll
0x00007ffa1aca0000 - 0x00007ffa1acc6000 	C:\Windows\System32\DriverStore\FileRepository\iigd_dch.inf_amd64_a27adb6f3c75ef42\igdinfo64.dll
0x00007ffa23900000 - 0x00007ffa25d3d000 	C:\Windows\System32\DriverStore\FileRepository\iigd_dch.inf_amd64_a27adb6f3c75ef42\igc64.dll
0x00007ffa02880000 - 0x00007ffa02894000 	C:\Users\lehun\javafx-sdk-15.0.1\bin\javafx_font.dll
0x00007ffa1fc10000 - 0x00007ffa1ff0e000 	C:\Windows\SYSTEM32\dwrite.dll
0x00007ffa32250000 - 0x00007ffa322f2000 	C:\Windows\System32\clbcatq.dll
0x00007ffa2aa30000 - 0x00007ffa2abdf000 	C:\Windows\SYSTEM32\WindowsCodecs.dll
0x00007ff9f6660000 - 0x00007ff9f669b000 	C:\Windows\system32\dataexchange.dll
0x00007ffa2ce30000 - 0x00007ffa2d08b000 	C:\Windows\system32\d3d11.dll
0x00007ffa2d0a0000 - 0x00007ffa2d27d000 	C:\Windows\system32\dcomp.dll
0x00007ffa2e780000 - 0x00007ffa2e86b000 	C:\Windows\system32\dxgi.dll
0x00007ffa2dee0000 - 0x00007ffa2e13a000 	C:\Windows\system32\twinapi.appcore.dll
0x00007ffa2e3c0000 - 0x00007ffa2e3e9000 	C:\Windows\system32\RMCLIENT.dll
0x00007ffa01260000 - 0x00007ffa01293000 	C:\Program Files\Common Files\Microsoft Shared\Ink\rtscom.dll
0x00007ffa21740000 - 0x00007ffa217dd000 	C:\Windows\System32\TextInputFramework.dll
0x00007ffa2b1e0000 - 0x00007ffa2b50a000 	C:\Windows\System32\CoreUIComponents.dll
0x00007ffa2d5f0000 - 0x00007ffa2d6c4000 	C:\Windows\System32\CoreMessaging.dll
0x00007ffa2eb00000 - 0x00007ffa2eb31000 	C:\Windows\SYSTEM32\ntmarta.dll
0x00007ffa2baa0000 - 0x00007ffa2bbf2000 	C:\Windows\SYSTEM32\wintypes.dll
0x00007ffa20210000 - 0x00007ffa204b7000 	C:\Windows\System32\iertutil.dll
0x00007ffa04510000 - 0x00007ffa04575000 	C:\Windows\system32\Oleacc.dll

dbghelp: loaded successfully - version: 4.0.5 - missing functions: none
symbol engine: initialized successfully - sym options: 0x614 - pdb path: .;C:\Users\lehun\jdk-15.0.2\bin;C:\Windows\SYSTEM32;C:\Windows\WinSxS\amd64_microsoft.windows.common-controls_6595b64144ccf1df_6.0.18362.1316_none_9e7a364fe461dbd7;C:\Users\lehun\jdk-15.0.2\bin\server;C:\Program Files\JetBrains\IntelliJ IDEA Community Edition 2020.3.1\bin;C:\Users\lehun\javafx-sdk-15.0.1\bin;C:\Windows\System32\DriverStore\FileRepository\iigd_dch.inf_amd64_a27adb6f3c75ef42;C:\Program Files\Common Files\Microsoft Shared\Ink

VM Arguments:
jvm_args: --module-path=C:\Users\lehun\javafx-sdk-15.0.1\lib --add-modules=javafx.base,javafx.controls,javafx.fxml,javafx.graphics,javafx.media -javaagent:C:\Program Files\JetBrains\IntelliJ IDEA Community Edition 2020.3.1\lib\idea_rt.jar=50536:C:\Program Files\JetBrains\IntelliJ IDEA Community Edition 2020.3.1\bin -Dfile.encoding=UTF-8 
java_command: Neighbours
java_class_path (initial): C:\Users\lehun\dat043\neighbours\out\production\neighbours;C:\Users\lehun\javafx-sdk-15.0.1\lib\src.zip;C:\Users\lehun\javafx-sdk-15.0.1\lib\javafx-swt.jar;C:\Users\lehun\javafx-sdk-15.0.1\lib\javafx.web.jar;C:\Users\lehun\javafx-sdk-15.0.1\lib\javafx.base.jar;C:\Users\lehun\javafx-sdk-15.0.1\lib\javafx.fxml.jar;C:\Users\lehun\javafx-sdk-15.0.1\lib\javafx.media.jar;C:\Users\lehun\javafx-sdk-15.0.1\lib\javafx.swing.jar;C:\Users\lehun\javafx-sdk-15.0.1\lib\javafx.controls.jar;C:\Users\lehun\javafx-sdk-15.0.1\lib\javafx.graphics.jar
Launcher Type: SUN_STANDARD

[Global flags]
     intx CICompilerCount                          = 4                                         {product} {ergonomic}
     uint ConcGCThreads                            = 2                                         {product} {ergonomic}
     uint G1ConcRefinementThreads                  = 8                                         {product} {ergonomic}
   size_t G1HeapRegionSize                         = 2097152                                   {product} {ergonomic}
    uintx GCDrainStackTargetSize                   = 64                                        {product} {ergonomic}
   size_t InitialHeapSize                          = 266338304                                 {product} {ergonomic}
   size_t MarkStackSize                            = 4194304                                   {product} {ergonomic}
   size_t MaxHeapSize                              = 4242538496                                {product} {ergonomic}
   size_t MaxNewSize                               = 2543845376                                {product} {ergonomic}
   size_t MinHeapDeltaBytes                        = 2097152                                   {product} {ergonomic}
   size_t MinHeapSize                              = 8388608                                   {product} {ergonomic}
    uintx NonNMethodCodeHeapSize                   = 5839372                                {pd product} {ergonomic}
    uintx NonProfiledCodeHeapSize                  = 122909434                              {pd product} {ergonomic}
    uintx ProfiledCodeHeapSize                     = 122909434                              {pd product} {ergonomic}
    uintx ReservedCodeCacheSize                    = 251658240                              {pd product} {ergonomic}
     bool SegmentedCodeCache                       = true                                      {product} {ergonomic}
   size_t SoftMaxHeapSize                          = 4242538496                             {manageable} {ergonomic}
     bool UseCompressedClassPointers               = true                                 {lp64_product} {ergonomic}
     bool UseCompressedOops                        = true                                 {lp64_product} {ergonomic}
     bool UseG1GC                                  = true                                      {product} {ergonomic}
     bool UseLargePagesIndividualAllocation        = false                                  {pd product} {ergonomic}

Logging:
Log output configuration:
 #0: stdout all=warning uptime,level,tags
 #1: stderr all=off uptime,level,tags

Environment Variables:
PATH=C:\Program Files (x86)\Common Files\Oracle\Java\javapath;C:\Windows\system32;C:\Windows;C:\Windows\System32\Wbem;C:\Windows\System32\WindowsPowerShell\v1.0\;C:\Windows\System32\OpenSSH\;C:\ProgramData\chocolatey\bin;C:\Program Files\MATLAB\R2020b\bin;C:\Program Files\Git\cmd;C:\Users\lehun\AppData\Local\Microsoft\WindowsApps;C:\Users\lehun\AppData\Roaming\cabal\bin;C:\ProgramData\chocolatey\lib\ghc\tools\ghc-8.10.2\bin;C:\tools\msys64;C:\Users\lehun\AppData\Local\Programs\Microsoft VS Code\bin
USERNAME=lehun
OS=Windows_NT
PROCESSOR_IDENTIFIER=Intel64 Family 6 Model 142 Stepping 12, GenuineIntel



---------------  S Y S T E M  ---------------

OS:
 Windows 10 , 64 bit Build 18362 (10.0.18362.1316)
OS uptime: 2 days 3:41 hours
HyperV virtualization detected

CPU: total 8 (initial active 8) (4 cores per cpu, 2 threads per core) family 6 model 142 stepping 12 microcode 0xd6, cmov, cx8, fxsr, mmx, sse, sse2, sse3, ssse3, sse4.1, sse4.2, popcnt, vzeroupper, avx, avx2, aes, clmul, erms, 3dnowpref, lzcnt, ht, tsc, tscinvbit, bmi1, bmi2, adx, fma, clflush, clflushopt

Memory: 4k page, system-wide physical 16180M (8958M free)
TotalPageFile size 18612M (AvailPageFile size 9496M)
current process WorkingSet (physical memory assigned to process): 121M, peak: 121M
current process commit charge ("private bytes"): 404M, peak: 404M

vm_info: OpenJDK 64-Bit Server VM (15.0.2+7-27) for windows-amd64 JRE (15.0.2+7-27), built on Dec  7 2020 20:02:38 by "mach5one" with unknown MS VC++:1925

END.
